<?xml version='1.0' encoding='UTF-8'?>
<result plugin="junit@1.20">
  <suites>
    <suite>
      <file>/var/jenkins_home/workspace/Docker_matrix_job/OS/debian/spec/reports/SPEC-These-are-sample-RSpec-tests.0.xml</file>
      <name>These are sample RSpec tests</name>
      <duration>3.6957E-4</duration>
      <timestamp>2017-02-27T05:34:55+00:00</timestamp>
      <time>0.00036957</time>
      <cases>
        <case>
          <duration>1.28024E-4</duration>
          <className>These are sample RSpec tests</className>
          <testName>These are sample RSpec tests This is test #1</testName>
          <skipped>false</skipped>
          <failedSince>0</failedSince>
        </case>
        <case>
          <duration>1.73805E-4</duration>
          <className>These are sample RSpec tests</className>
          <testName>These are sample RSpec tests This is test #269</testName>
          <skipped>false</skipped>
          <failedSince>0</failedSince>
        </case>
        <case>
          <duration>1.29577E-4</duration>
          <className>These are sample RSpec tests</className>
          <testName>These are sample RSpec tests This is test #270</testName>
          <skipped>false</skipped>
          <failedSince>0</failedSince>
        </case>
        <case>
          <duration>1.34834E-4</duration>
          <className>These are sample RSpec tests</className>
          <testName>These are sample RSpec tests This is test #271</testName>
          <skipped>false</skipped>
          <failedSince>0</failedSince>
        </case>
        <case>
          <duration>1.51452E-4</duration>
          <className>These are sample RSpec tests</className>
          <testName>These are sample RSpec tests This is test #272</testName>
          <skipped>false</skipped>
          <failedSince>0</failedSince>
        </case>
        <case>
          <duration>1.35969E-4</duration>
          <className>These are sample RSpec tests</className>
          <testName>These are sample RSpec tests This is test #273</testName>
          <skipped>false</skipped>
          <failedSince>0</failedSince>
        </case>
        <case>
          <duration>1.25075E-4</duration>
          <className>These are sample RSpec tests</className>
          <testName>These are sample RSpec tests This is test #274</testName>
          <skipped>false</skipped>
          <failedSince>0</failedSince>
        </case>
        <case>
          <duration>1.35554E-4</duration>
          <className>These are sample RSpec tests</className>
          <testName>These are sample RSpec tests This is test #275</testName>
          <skipped>false</skipped>
          <failedSince>0</failedSince>
        </case>
        <case>
          <duration>1.37081E-4</duration>
          <className>These are sample RSpec tests</className>
          <testName>These are sample RSpec tests This is test #276</testName>
          <skipped>false</skipped>
          <failedSince>0</failedSince>
        </case>
        <case>
          <duration>1.27698E-4</duration>
          <className>These are sample RSpec tests</className>
          <testName>These are sample RSpec tests This is test #277</testName>
          <skipped>false</skipped>
          <failedSince>0</failedSince>
        </case>
        <case>
          <duration>1.76187E-4</duration>
          <className>These are sample RSpec tests</className>
          <testName>These are sample RSpec tests This is test #278</testName>
          <skipped>false</skipped>
          <failedSince>0</failedSince>
        </case>
        <case>
          <duration>1.60817E-4</duration>
          <className>These are sample RSpec tests</className>
          <testName>These are sample RSpec tests This is test #279</testName>
          <skipped>false</skipped>
          <failedSince>0</failedSince>
        </case>
        <case>
          <duration>1.62379E-4</duration>
          <className>These are sample RSpec tests</className>
          <testName>These are sample RSpec tests This is test #280</testName>
          <skipped>false</skipped>
          <failedSince>0</failedSince>
        </case>
        <case>
          <duration>1.76415E-4</duration>
          <className>These are sample RSpec tests</className>
          <testName>These are sample RSpec tests This is test #281</testName>
          <skipped>false</skipped>
          <failedSince>0</failedSince>
        </case>
        <case>
          <duration>1.29334E-4</duration>
          <className>These are sample RSpec tests</className>
          <testName>These are sample RSpec tests This is test #282</testName>
          <skipped>false</skipped>
          <failedSince>0</failedSince>
        </case>
        <case>
          <duration>1.47405E-4</duration>
          <className>These are sample RSpec tests</className>
          <testName>These are sample RSpec tests This is test #283</testName>
          <skipped>false</skipped>
          <failedSince>0</failedSince>
        </case>
        <case>
          <duration>1.46054E-4</duration>
          <className>These are sample RSpec tests</className>
          <testName>These are sample RSpec tests This is test #284</testName>
          <skipped>false</skipped>
          <failedSince>0</failedSince>
        </case>
        <case>
          <duration>1.36495E-4</duration>
          <className>These are sample RSpec tests</className>
          <testName>These are sample RSpec tests This is test #285</testName>
          <skipped>false</skipped>
          <failedSince>0</failedSince>
        </case>
        <case>
          <duration>1.27466E-4</duration>
          <className>These are sample RSpec tests</className>
          <testName>These are sample RSpec tests This is test #286</testName>
          <skipped>false</skipped>
          <failedSince>0</failedSince>
        </case>
        <case>
          <duration>1.39636E-4</duration>
          <className>These are sample RSpec tests</className>
          <testName>These are sample RSpec tests This is test #287</testName>
          <skipped>false</skipped>
          <failedSince>0</failedSince>
        </case>
        <case>
          <duration>1.87005E-4</duration>
          <className>These are sample RSpec tests</className>
          <testName>These are sample RSpec tests This is test #288</testName>
          <skipped>false</skipped>
          <failedSince>0</failedSince>
        </case>
        <case>
          <duration>1.38609E-4</duration>
          <className>These are sample RSpec tests</className>
          <testName>These are sample RSpec tests This is test #289</testName>
          <skipped>false</skipped>
          <failedSince>0</failedSince>
        </case>
        <case>
          <duration>1.38509E-4</duration>
          <className>These are sample RSpec tests</className>
          <testName>These are sample RSpec tests This is test #290</testName>
          <skipped>false</skipped>
          <failedSince>0</failedSince>
        </case>
        <case>
          <duration>1.28099E-4</duration>
          <className>These are sample RSpec tests</className>
          <testName>These are sample RSpec tests This is test #291</testName>
          <skipped>false</skipped>
          <failedSince>0</failedSince>
        </case>
        <case>
          <duration>1.3581E-4</duration>
          <className>These are sample RSpec tests</className>
          <testName>These are sample RSpec tests This is test #292</testName>
          <skipped>false</skipped>
          <failedSince>0</failedSince>
        </case>
        <case>
          <duration>1.24817E-4</duration>
          <className>These are sample RSpec tests</className>
          <testName>These are sample RSpec tests This is test #293</testName>
          <skipped>false</skipped>
          <failedSince>0</failedSince>
        </case>
        <case>
          <duration>1.54426E-4</duration>
          <className>These are sample RSpec tests</className>
          <testName>These are sample RSpec tests This is test #294</testName>
          <skipped>false</skipped>
          <failedSince>0</failedSince>
        </case>
        <case>
          <duration>1.34444E-4</duration>
          <className>These are sample RSpec tests</className>
          <testName>These are sample RSpec tests This is test #295</testName>
          <skipped>false</skipped>
          <failedSince>0</failedSince>
        </case>
        <case>
          <duration>1.70548E-4</duration>
          <className>These are sample RSpec tests</className>
          <testName>These are sample RSpec tests This is test #296</testName>
          <skipped>false</skipped>
          <failedSince>0</failedSince>
        </case>
        <case>
          <duration>1.99622E-4</duration>
          <className>These are sample RSpec tests</className>
          <testName>These are sample RSpec tests This is test #297</testName>
          <skipped>false</skipped>
          <failedSince>0</failedSince>
        </case>
        <case>
          <duration>1.92318E-4</duration>
          <className>These are sample RSpec tests</className>
          <testName>These are sample RSpec tests This is test #298</testName>
          <skipped>false</skipped>
          <failedSince>0</failedSince>
        </case>
        <case>
          <duration>1.59178E-4</duration>
          <className>These are sample RSpec tests</className>
          <testName>These are sample RSpec tests This is test #299</testName>
          <skipped>false</skipped>
          <failedSince>0</failedSince>
        </case>
        <case>
          <duration>1.41645E-4</duration>
          <className>These are sample RSpec tests</className>
          <testName>These are sample RSpec tests This is test #300</testName>
          <skipped>false</skipped>
          <failedSince>0</failedSince>
        </case>
        <case>
          <duration>1.51675E-4</duration>
          <className>These are sample RSpec tests</className>
          <testName>These are sample RSpec tests This is test #301</testName>
          <skipped>false</skipped>
          <failedSince>0</failedSince>
        </case>
        <case>
          <duration>1.76707E-4</duration>
          <className>These are sample RSpec tests</className>
          <testName>These are sample RSpec tests This is test #302</testName>
          <skipped>false</skipped>
          <failedSince>0</failedSince>
        </case>
        <case>
          <duration>1.3705E-4</duration>
          <className>These are sample RSpec tests</className>
          <testName>These are sample RSpec tests This is test #303</testName>
          <skipped>false</skipped>
          <failedSince>0</failedSince>
        </case>
        <case>
          <duration>1.45819E-4</duration>
          <className>These are sample RSpec tests</className>
          <testName>These are sample RSpec tests This is test #304</testName>
          <skipped>false</skipped>
          <failedSince>0</failedSince>
        </case>
        <case>
          <duration>1.28099E-4</duration>
          <className>These are sample RSpec tests</className>
          <testName>These are sample RSpec tests This is test #305</testName>
          <skipped>false</skipped>
          <failedSince>0</failedSince>
        </case>
        <case>
          <duration>1.35327E-4</duration>
          <className>These are sample RSpec tests</className>
          <testName>These are sample RSpec tests This is test #306</testName>
          <skipped>false</skipped>
          <failedSince>0</failedSince>
        </case>
        <case>
          <duration>1.32956E-4</duration>
          <className>These are sample RSpec tests</className>
          <testName>These are sample RSpec tests This is test #307</testName>
          <skipped>false</skipped>
          <failedSince>0</failedSince>
        </case>
        <case>
          <duration>1.33045E-4</duration>
          <className>These are sample RSpec tests</className>
          <testName>These are sample RSpec tests This is test #308</testName>
          <skipped>false</skipped>
          <failedSince>0</failedSince>
        </case>
        <case>
          <duration>1.44448E-4</duration>
          <className>These are sample RSpec tests</className>
          <testName>These are sample RSpec tests This is test #309</testName>
          <skipped>false</skipped>
          <failedSince>0</failedSince>
        </case>
        <case>
          <duration>1.52034E-4</duration>
          <className>These are sample RSpec tests</className>
          <testName>These are sample RSpec tests This is test #310</testName>
          <skipped>false</skipped>
          <failedSince>0</failedSince>
        </case>
        <case>
          <duration>1.47986E-4</duration>
          <className>These are sample RSpec tests</className>
          <testName>These are sample RSpec tests This is test #311</testName>
          <skipped>false</skipped>
          <failedSince>0</failedSince>
        </case>
        <case>
          <duration>1.73491E-4</duration>
          <className>These are sample RSpec tests</className>
          <testName>These are sample RSpec tests This is test #312</testName>
          <skipped>false</skipped>
          <failedSince>0</failedSince>
        </case>
        <case>
          <duration>1.32504E-4</duration>
          <className>These are sample RSpec tests</className>
          <testName>These are sample RSpec tests This is test #313</testName>
          <skipped>false</skipped>
          <failedSince>0</failedSince>
        </case>
        <case>
          <duration>1.31443E-4</duration>
          <className>These are sample RSpec tests</className>
          <testName>These are sample RSpec tests This is test #314</testName>
          <skipped>false</skipped>
          <failedSince>0</failedSince>
        </case>
        <case>
          <duration>1.34809E-4</duration>
          <className>These are sample RSpec tests</className>
          <testName>These are sample RSpec tests This is test #315</testName>
          <skipped>false</skipped>
          <failedSince>0</failedSince>
        </case>
        <case>
          <duration>1.26024E-4</duration>
          <className>These are sample RSpec tests</className>
          <testName>These are sample RSpec tests This is test #316</testName>
          <skipped>false</skipped>
          <failedSince>0</failedSince>
        </case>
        <case>
          <duration>1.42022E-4</duration>
          <className>These are sample RSpec tests</className>
          <testName>These are sample RSpec tests This is test #317</testName>
          <skipped>false</skipped>
          <failedSince>0</failedSince>
        </case>
        <case>
          <duration>1.28807E-4</duration>
          <className>These are sample RSpec tests</className>
          <testName>These are sample RSpec tests This is test #318</testName>
          <skipped>false</skipped>
          <failedSince>0</failedSince>
        </case>
        <case>
          <duration>1.41132E-4</duration>
          <className>These are sample RSpec tests</className>
          <testName>These are sample RSpec tests This is test #319</testName>
          <skipped>false</skipped>
          <failedSince>0</failedSince>
        </case>
        <case>
          <duration>1.33872E-4</duration>
          <className>These are sample RSpec tests</className>
          <testName>These are sample RSpec tests This is test #320</testName>
          <skipped>false</skipped>
          <failedSince>0</failedSince>
        </case>
        <case>
          <duration>1.27182E-4</duration>
          <className>These are sample RSpec tests</className>
          <testName>These are sample RSpec tests This is test #321</testName>
          <skipped>false</skipped>
          <failedSince>0</failedSince>
        </case>
        <case>
          <duration>1.27703E-4</duration>
          <className>These are sample RSpec tests</className>
          <testName>These are sample RSpec tests This is test #322</testName>
          <skipped>false</skipped>
          <failedSince>0</failedSince>
        </case>
        <case>
          <duration>1.3745E-4</duration>
          <className>These are sample RSpec tests</className>
          <testName>These are sample RSpec tests This is test #323</testName>
          <skipped>false</skipped>
          <failedSince>0</failedSince>
        </case>
        <case>
          <duration>2.5903E-4</duration>
          <className>These are sample RSpec tests</className>
          <testName>These are sample RSpec tests This is test #324</testName>
          <skipped>false</skipped>
          <failedSince>0</failedSince>
        </case>
        <case>
          <duration>1.51241E-4</duration>
          <className>These are sample RSpec tests</className>
          <testName>These are sample RSpec tests This is test #325</testName>
          <skipped>false</skipped>
          <failedSince>0</failedSince>
        </case>
        <case>
          <duration>1.3165E-4</duration>
          <className>These are sample RSpec tests</className>
          <testName>These are sample RSpec tests This is test #326</testName>
          <skipped>false</skipped>
          <failedSince>0</failedSince>
        </case>
        <case>
          <duration>1.7284E-4</duration>
          <className>These are sample RSpec tests</className>
          <testName>These are sample RSpec tests This is test #327</testName>
          <skipped>false</skipped>
          <failedSince>0</failedSince>
        </case>
        <case>
          <duration>1.38627E-4</duration>
          <className>These are sample RSpec tests</className>
          <testName>These are sample RSpec tests This is test #328</testName>
          <skipped>false</skipped>
          <failedSince>0</failedSince>
        </case>
        <case>
          <duration>1.27955E-4</duration>
          <className>These are sample RSpec tests</className>
          <testName>These are sample RSpec tests This is test #329</testName>
          <skipped>false</skipped>
          <failedSince>0</failedSince>
        </case>
        <case>
          <duration>1.35318E-4</duration>
          <className>These are sample RSpec tests</className>
          <testName>These are sample RSpec tests This is test #330</testName>
          <skipped>false</skipped>
          <failedSince>0</failedSince>
        </case>
        <case>
          <duration>1.47076E-4</duration>
          <className>These are sample RSpec tests</className>
          <testName>These are sample RSpec tests This is test #331</testName>
          <skipped>false</skipped>
          <failedSince>0</failedSince>
        </case>
        <case>
          <duration>1.63971E-4</duration>
          <className>These are sample RSpec tests</className>
          <testName>These are sample RSpec tests This is test #332</testName>
          <skipped>false</skipped>
          <failedSince>0</failedSince>
        </case>
        <case>
          <duration>1.51994E-4</duration>
          <className>These are sample RSpec tests</className>
          <testName>These are sample RSpec tests This is test #333</testName>
          <skipped>false</skipped>
          <failedSince>0</failedSince>
        </case>
        <case>
          <duration>1.54483E-4</duration>
          <className>These are sample RSpec tests</className>
          <testName>These are sample RSpec tests This is test #334</testName>
          <skipped>false</skipped>
          <failedSince>0</failedSince>
        </case>
        <case>
          <duration>2.05834E-4</duration>
          <className>These are sample RSpec tests</className>
          <testName>These are sample RSpec tests This is test #335</testName>
          <skipped>false</skipped>
          <failedSince>0</failedSince>
        </case>
        <case>
          <duration>1.73865E-4</duration>
          <className>These are sample RSpec tests</className>
          <testName>These are sample RSpec tests This is test #336</testName>
          <skipped>false</skipped>
          <failedSince>0</failedSince>
        </case>
        <case>
          <duration>1.2821E-4</duration>
          <className>These are sample RSpec tests</className>
          <testName>These are sample RSpec tests This is test #337</testName>
          <skipped>false</skipped>
          <failedSince>0</failedSince>
        </case>
        <case>
          <duration>1.85124E-4</duration>
          <className>These are sample RSpec tests</className>
          <testName>These are sample RSpec tests This is test #338</testName>
          <skipped>false</skipped>
          <failedSince>0</failedSince>
        </case>
        <case>
          <duration>1.2856E-4</duration>
          <className>These are sample RSpec tests</className>
          <testName>These are sample RSpec tests This is test #339</testName>
          <skipped>false</skipped>
          <failedSince>0</failedSince>
        </case>
        <case>
          <duration>1.46712E-4</duration>
          <className>These are sample RSpec tests</className>
          <testName>These are sample RSpec tests This is test #340</testName>
          <skipped>false</skipped>
          <failedSince>0</failedSince>
        </case>
        <case>
          <duration>1.81422E-4</duration>
          <className>These are sample RSpec tests</className>
          <testName>These are sample RSpec tests This is test #341</testName>
          <skipped>false</skipped>
          <failedSince>0</failedSince>
        </case>
        <case>
          <duration>1.28649E-4</duration>
          <className>These are sample RSpec tests</className>
          <testName>These are sample RSpec tests This is test #342</testName>
          <skipped>false</skipped>
          <failedSince>0</failedSince>
        </case>
        <case>
          <duration>1.39859E-4</duration>
          <className>These are sample RSpec tests</className>
          <testName>These are sample RSpec tests This is test #343</testName>
          <skipped>false</skipped>
          <failedSince>0</failedSince>
        </case>
        <case>
          <duration>1.301E-4</duration>
          <className>These are sample RSpec tests</className>
          <testName>These are sample RSpec tests This is test #344</testName>
          <skipped>false</skipped>
          <failedSince>0</failedSince>
        </case>
        <case>
          <duration>1.28688E-4</duration>
          <className>These are sample RSpec tests</className>
          <testName>These are sample RSpec tests This is test #345</testName>
          <skipped>false</skipped>
          <failedSince>0</failedSince>
        </case>
        <case>
          <duration>1.2926E-4</duration>
          <className>These are sample RSpec tests</className>
          <testName>These are sample RSpec tests This is test #346</testName>
          <skipped>false</skipped>
          <failedSince>0</failedSince>
        </case>
        <case>
          <duration>1.26601E-4</duration>
          <className>These are sample RSpec tests</className>
          <testName>These are sample RSpec tests This is test #347</testName>
          <skipped>false</skipped>
          <failedSince>0</failedSince>
        </case>
        <case>
          <duration>1.31347E-4</duration>
          <className>These are sample RSpec tests</className>
          <testName>These are sample RSpec tests This is test #348</testName>
          <skipped>false</skipped>
          <failedSince>0</failedSince>
        </case>
        <case>
          <duration>2.58051E-4</duration>
          <className>These are sample RSpec tests</className>
          <testName>These are sample RSpec tests This is test #349</testName>
          <skipped>false</skipped>
          <failedSince>0</failedSince>
        </case>
        <case>
          <duration>1.7291E-4</duration>
          <className>These are sample RSpec tests</className>
          <testName>These are sample RSpec tests This is test #350</testName>
          <skipped>false</skipped>
          <failedSince>0</failedSince>
        </case>
        <case>
          <duration>1.53853E-4</duration>
          <className>These are sample RSpec tests</className>
          <testName>These are sample RSpec tests This is test #351</testName>
          <skipped>false</skipped>
          <failedSince>0</failedSince>
        </case>
        <case>
          <duration>1.41503E-4</duration>
          <className>These are sample RSpec tests</className>
          <testName>These are sample RSpec tests This is test #352</testName>
          <skipped>false</skipped>
          <failedSince>0</failedSince>
        </case>
        <case>
          <duration>1.75406E-4</duration>
          <className>These are sample RSpec tests</className>
          <testName>These are sample RSpec tests This is test #353</testName>
          <skipped>false</skipped>
          <failedSince>0</failedSince>
        </case>
        <case>
          <duration>1.52316E-4</duration>
          <className>These are sample RSpec tests</className>
          <testName>These are sample RSpec tests This is test #354</testName>
          <skipped>false</skipped>
          <failedSince>0</failedSince>
        </case>
        <case>
          <duration>1.52466E-4</duration>
          <className>These are sample RSpec tests</className>
          <testName>These are sample RSpec tests This is test #355</testName>
          <skipped>false</skipped>
          <failedSince>0</failedSince>
        </case>
        <case>
          <duration>1.76845E-4</duration>
          <className>These are sample RSpec tests</className>
          <testName>These are sample RSpec tests This is test #356</testName>
          <skipped>false</skipped>
          <failedSince>0</failedSince>
        </case>
        <case>
          <duration>1.34442E-4</duration>
          <className>These are sample RSpec tests</className>
          <testName>These are sample RSpec tests This is test #357</testName>
          <skipped>false</skipped>
          <failedSince>0</failedSince>
        </case>
        <case>
          <duration>1.40161E-4</duration>
          <className>These are sample RSpec tests</className>
          <testName>These are sample RSpec tests This is test #358</testName>
          <skipped>false</skipped>
          <failedSince>0</failedSince>
        </case>
        <case>
          <duration>1.34476E-4</duration>
          <className>These are sample RSpec tests</className>
          <testName>These are sample RSpec tests This is test #359</testName>
          <skipped>false</skipped>
          <failedSince>0</failedSince>
        </case>
        <case>
          <duration>1.35116E-4</duration>
          <className>These are sample RSpec tests</className>
          <testName>These are sample RSpec tests This is test #360</testName>
          <skipped>false</skipped>
          <failedSince>0</failedSince>
        </case>
        <case>
          <duration>1.28714E-4</duration>
          <className>These are sample RSpec tests</className>
          <testName>These are sample RSpec tests This is test #361</testName>
          <skipped>false</skipped>
          <failedSince>0</failedSince>
        </case>
        <case>
          <duration>1.31743E-4</duration>
          <className>These are sample RSpec tests</className>
          <testName>These are sample RSpec tests This is test #362</testName>
          <skipped>false</skipped>
          <failedSince>0</failedSince>
        </case>
        <case>
          <duration>1.32693E-4</duration>
          <className>These are sample RSpec tests</className>
          <testName>These are sample RSpec tests This is test #363</testName>
          <skipped>false</skipped>
          <failedSince>0</failedSince>
        </case>
        <case>
          <duration>1.33732E-4</duration>
          <className>These are sample RSpec tests</className>
          <testName>These are sample RSpec tests This is test #364</testName>
          <skipped>false</skipped>
          <failedSince>0</failedSince>
        </case>
        <case>
          <duration>1.76769E-4</duration>
          <className>These are sample RSpec tests</className>
          <testName>These are sample RSpec tests This is test #365</testName>
          <skipped>false</skipped>
          <failedSince>0</failedSince>
        </case>
        <case>
          <duration>1.30666E-4</duration>
          <className>These are sample RSpec tests</className>
          <testName>These are sample RSpec tests This is test #366</testName>
          <skipped>false</skipped>
          <failedSince>0</failedSince>
        </case>
        <case>
          <duration>1.77367E-4</duration>
          <className>These are sample RSpec tests</className>
          <testName>These are sample RSpec tests This is test #367</testName>
          <skipped>false</skipped>
          <failedSince>0</failedSince>
        </case>
        <case>
          <duration>1.46175E-4</duration>
          <className>These are sample RSpec tests</className>
          <testName>These are sample RSpec tests This is test #368</testName>
          <skipped>false</skipped>
          <failedSince>0</failedSince>
        </case>
        <case>
          <duration>1.32123E-4</duration>
          <className>These are sample RSpec tests</className>
          <testName>These are sample RSpec tests This is test #369</testName>
          <skipped>false</skipped>
          <failedSince>0</failedSince>
        </case>
        <case>
          <duration>1.28705E-4</duration>
          <className>These are sample RSpec tests</className>
          <testName>These are sample RSpec tests This is test #370</testName>
          <skipped>false</skipped>
          <failedSince>0</failedSince>
        </case>
        <case>
          <duration>1.77605E-4</duration>
          <className>These are sample RSpec tests</className>
          <testName>These are sample RSpec tests This is test #371</testName>
          <skipped>false</skipped>
          <failedSince>0</failedSince>
        </case>
        <case>
          <duration>1.3228E-4</duration>
          <className>These are sample RSpec tests</className>
          <testName>These are sample RSpec tests This is test #372</testName>
          <skipped>false</skipped>
          <failedSince>0</failedSince>
        </case>
        <case>
          <duration>2.5513E-4</duration>
          <className>These are sample RSpec tests</className>
          <testName>These are sample RSpec tests This is test #373</testName>
          <skipped>false</skipped>
          <failedSince>0</failedSince>
        </case>
        <case>
          <duration>1.86249E-4</duration>
          <className>These are sample RSpec tests</className>
          <testName>These are sample RSpec tests This is test #374</testName>
          <skipped>false</skipped>
          <failedSince>0</failedSince>
        </case>
        <case>
          <duration>1.63877E-4</duration>
          <className>These are sample RSpec tests</className>
          <testName>These are sample RSpec tests This is test #375</testName>
          <skipped>false</skipped>
          <failedSince>0</failedSince>
        </case>
        <case>
          <duration>1.77563E-4</duration>
          <className>These are sample RSpec tests</className>
          <testName>These are sample RSpec tests This is test #376</testName>
          <skipped>false</skipped>
          <failedSince>0</failedSince>
        </case>
        <case>
          <duration>1.71328E-4</duration>
          <className>These are sample RSpec tests</className>
          <testName>These are sample RSpec tests This is test #377</testName>
          <skipped>false</skipped>
          <failedSince>0</failedSince>
        </case>
        <case>
          <duration>1.46508E-4</duration>
          <className>These are sample RSpec tests</className>
          <testName>These are sample RSpec tests This is test #378</testName>
          <skipped>false</skipped>
          <failedSince>0</failedSince>
        </case>
        <case>
          <duration>2.36969E-4</duration>
          <className>These are sample RSpec tests</className>
          <testName>These are sample RSpec tests This is test #379</testName>
          <skipped>false</skipped>
          <failedSince>0</failedSince>
        </case>
        <case>
          <duration>1.84559E-4</duration>
          <className>These are sample RSpec tests</className>
          <testName>These are sample RSpec tests This is test #380</testName>
          <skipped>false</skipped>
          <failedSince>0</failedSince>
        </case>
        <case>
          <duration>2.12876E-4</duration>
          <className>These are sample RSpec tests</className>
          <testName>These are sample RSpec tests This is test #381</testName>
          <skipped>false</skipped>
          <failedSince>0</failedSince>
        </case>
        <case>
          <duration>1.38567E-4</duration>
          <className>These are sample RSpec tests</className>
          <testName>These are sample RSpec tests This is test #382</testName>
          <skipped>false</skipped>
          <failedSince>0</failedSince>
        </case>
        <case>
          <duration>1.89376E-4</duration>
          <className>These are sample RSpec tests</className>
          <testName>These are sample RSpec tests This is test #383</testName>
          <skipped>false</skipped>
          <failedSince>0</failedSince>
        </case>
        <case>
          <duration>1.86909E-4</duration>
          <className>These are sample RSpec tests</className>
          <testName>These are sample RSpec tests This is test #384</testName>
          <skipped>false</skipped>
          <failedSince>0</failedSince>
        </case>
        <case>
          <duration>1.333E-4</duration>
          <className>These are sample RSpec tests</className>
          <testName>These are sample RSpec tests This is test #385</testName>
          <skipped>false</skipped>
          <failedSince>0</failedSince>
        </case>
        <case>
          <duration>2.56568E-4</duration>
          <className>These are sample RSpec tests</className>
          <testName>These are sample RSpec tests This is test #386</testName>
          <skipped>false</skipped>
          <failedSince>0</failedSince>
        </case>
        <case>
          <duration>2.40466E-4</duration>
          <className>These are sample RSpec tests</className>
          <testName>These are sample RSpec tests This is test #387</testName>
          <skipped>false</skipped>
          <failedSince>0</failedSince>
        </case>
        <case>
          <duration>2.08706E-4</duration>
          <className>These are sample RSpec tests</className>
          <testName>These are sample RSpec tests This is test #388</testName>
          <skipped>false</skipped>
          <failedSince>0</failedSince>
        </case>
        <case>
          <duration>1.45236E-4</duration>
          <className>These are sample RSpec tests</className>
          <testName>These are sample RSpec tests This is test #389</testName>
          <skipped>false</skipped>
          <failedSince>0</failedSince>
        </case>
        <case>
          <duration>1.3313E-4</duration>
          <className>These are sample RSpec tests</className>
          <testName>These are sample RSpec tests This is test #390</testName>
          <skipped>false</skipped>
          <failedSince>0</failedSince>
        </case>
        <case>
          <duration>1.36268E-4</duration>
          <className>These are sample RSpec tests</className>
          <testName>These are sample RSpec tests This is test #391</testName>
          <skipped>false</skipped>
          <failedSince>0</failedSince>
        </case>
        <case>
          <duration>1.57106E-4</duration>
          <className>These are sample RSpec tests</className>
          <testName>These are sample RSpec tests This is test #392</testName>
          <skipped>false</skipped>
          <failedSince>0</failedSince>
        </case>
        <case>
          <duration>1.37294E-4</duration>
          <className>These are sample RSpec tests</className>
          <testName>These are sample RSpec tests This is test #393</testName>
          <skipped>false</skipped>
          <failedSince>0</failedSince>
        </case>
        <case>
          <duration>2.16737E-4</duration>
          <className>These are sample RSpec tests</className>
          <testName>These are sample RSpec tests This is test #394</testName>
          <skipped>false</skipped>
          <failedSince>0</failedSince>
        </case>
        <case>
          <duration>1.93807E-4</duration>
          <className>These are sample RSpec tests</className>
          <testName>These are sample RSpec tests This is test #395</testName>
          <skipped>false</skipped>
          <failedSince>0</failedSince>
        </case>
        <case>
          <duration>1.83655E-4</duration>
          <className>These are sample RSpec tests</className>
          <testName>These are sample RSpec tests This is test #396</testName>
          <skipped>false</skipped>
          <failedSince>0</failedSince>
        </case>
        <case>
          <duration>1.52541E-4</duration>
          <className>These are sample RSpec tests</className>
          <testName>These are sample RSpec tests This is test #397</testName>
          <skipped>false</skipped>
          <failedSince>0</failedSince>
        </case>
        <case>
          <duration>2.12153E-4</duration>
          <className>These are sample RSpec tests</className>
          <testName>These are sample RSpec tests This is test #398</testName>
          <skipped>false</skipped>
          <failedSince>0</failedSince>
        </case>
        <case>
          <duration>1.51639E-4</duration>
          <className>These are sample RSpec tests</className>
          <testName>These are sample RSpec tests This is test #399</testName>
          <skipped>false</skipped>
          <failedSince>0</failedSince>
        </case>
        <case>
          <duration>1.46151E-4</duration>
          <className>These are sample RSpec tests</className>
          <testName>These are sample RSpec tests This is test #400</testName>
          <skipped>false</skipped>
          <failedSince>0</failedSince>
        </case>
        <case>
          <duration>1.93721E-4</duration>
          <className>These are sample RSpec tests</className>
          <testName>These are sample RSpec tests This is test #401</testName>
          <skipped>false</skipped>
          <failedSince>0</failedSince>
        </case>
        <case>
          <duration>1.33657E-4</duration>
          <className>These are sample RSpec tests</className>
          <testName>These are sample RSpec tests This is test #402</testName>
          <skipped>false</skipped>
          <failedSince>0</failedSince>
        </case>
        <case>
          <duration>1.33492E-4</duration>
          <className>These are sample RSpec tests</className>
          <testName>These are sample RSpec tests This is test #403</testName>
          <skipped>false</skipped>
          <failedSince>0</failedSince>
        </case>
        <case>
          <duration>1.37647E-4</duration>
          <className>These are sample RSpec tests</className>
          <testName>These are sample RSpec tests This is test #404</testName>
          <skipped>false</skipped>
          <failedSince>0</failedSince>
        </case>
        <case>
          <duration>1.29185E-4</duration>
          <className>These are sample RSpec tests</className>
          <testName>These are sample RSpec tests This is test #405</testName>
          <skipped>false</skipped>
          <failedSince>0</failedSince>
        </case>
        <case>
          <duration>1.34448E-4</duration>
          <className>These are sample RSpec tests</className>
          <testName>These are sample RSpec tests This is test #406</testName>
          <skipped>false</skipped>
          <failedSince>0</failedSince>
        </case>
        <case>
          <duration>1.31313E-4</duration>
          <className>These are sample RSpec tests</className>
          <testName>These are sample RSpec tests This is test #407</testName>
          <skipped>false</skipped>
          <failedSince>0</failedSince>
        </case>
        <case>
          <duration>1.80923E-4</duration>
          <className>These are sample RSpec tests</className>
          <testName>These are sample RSpec tests This is test #408</testName>
          <skipped>false</skipped>
          <failedSince>0</failedSince>
        </case>
        <case>
          <duration>1.85298E-4</duration>
          <className>These are sample RSpec tests</className>
          <testName>These are sample RSpec tests This is test #409</testName>
          <skipped>false</skipped>
          <failedSince>0</failedSince>
        </case>
        <case>
          <duration>1.31307E-4</duration>
          <className>These are sample RSpec tests</className>
          <testName>These are sample RSpec tests This is test #410</testName>
          <skipped>false</skipped>
          <failedSince>0</failedSince>
        </case>
        <case>
          <duration>1.36454E-4</duration>
          <className>These are sample RSpec tests</className>
          <testName>These are sample RSpec tests This is test #411</testName>
          <skipped>false</skipped>
          <failedSince>0</failedSince>
        </case>
        <case>
          <duration>1.47718E-4</duration>
          <className>These are sample RSpec tests</className>
          <testName>These are sample RSpec tests This is test #412</testName>
          <skipped>false</skipped>
          <failedSince>0</failedSince>
        </case>
        <case>
          <duration>1.37716E-4</duration>
          <className>These are sample RSpec tests</className>
          <testName>These are sample RSpec tests This is test #413</testName>
          <skipped>false</skipped>
          <failedSince>0</failedSince>
        </case>
        <case>
          <duration>1.5942E-4</duration>
          <className>These are sample RSpec tests</className>
          <testName>These are sample RSpec tests This is test #414</testName>
          <skipped>false</skipped>
          <failedSince>0</failedSince>
        </case>
        <case>
          <duration>2.39082E-4</duration>
          <className>These are sample RSpec tests</className>
          <testName>These are sample RSpec tests This is test #415</testName>
          <skipped>false</skipped>
          <failedSince>0</failedSince>
        </case>
        <case>
          <duration>2.20468E-4</duration>
          <className>These are sample RSpec tests</className>
          <testName>These are sample RSpec tests This is test #416</testName>
          <skipped>false</skipped>
          <failedSince>0</failedSince>
        </case>
        <case>
          <duration>1.65838E-4</duration>
          <className>These are sample RSpec tests</className>
          <testName>These are sample RSpec tests This is test #417</testName>
          <skipped>false</skipped>
          <failedSince>0</failedSince>
        </case>
        <case>
          <duration>1.81542E-4</duration>
          <className>These are sample RSpec tests</className>
          <testName>These are sample RSpec tests This is test #418</testName>
          <skipped>false</skipped>
          <failedSince>0</failedSince>
        </case>
        <case>
          <duration>1.48735E-4</duration>
          <className>These are sample RSpec tests</className>
          <testName>These are sample RSpec tests This is test #419</testName>
          <skipped>false</skipped>
          <failedSince>0</failedSince>
        </case>
        <case>
          <duration>1.33522E-4</duration>
          <className>These are sample RSpec tests</className>
          <testName>These are sample RSpec tests This is test #420</testName>
          <skipped>false</skipped>
          <failedSince>0</failedSince>
        </case>
        <case>
          <duration>1.76699E-4</duration>
          <className>These are sample RSpec tests</className>
          <testName>These are sample RSpec tests This is test #421</testName>
          <skipped>false</skipped>
          <failedSince>0</failedSince>
        </case>
        <case>
          <duration>1.43245E-4</duration>
          <className>These are sample RSpec tests</className>
          <testName>These are sample RSpec tests This is test #422</testName>
          <skipped>false</skipped>
          <failedSince>0</failedSince>
        </case>
        <case>
          <duration>1.36553E-4</duration>
          <className>These are sample RSpec tests</className>
          <testName>These are sample RSpec tests This is test #423</testName>
          <skipped>false</skipped>
          <failedSince>0</failedSince>
        </case>
        <case>
          <duration>1.33887E-4</duration>
          <className>These are sample RSpec tests</className>
          <testName>These are sample RSpec tests This is test #424</testName>
          <skipped>false</skipped>
          <failedSince>0</failedSince>
        </case>
        <case>
          <duration>1.31757E-4</duration>
          <className>These are sample RSpec tests</className>
          <testName>These are sample RSpec tests This is test #425</testName>
          <skipped>false</skipped>
          <failedSince>0</failedSince>
        </case>
        <case>
          <duration>1.7204E-4</duration>
          <className>These are sample RSpec tests</className>
          <testName>These are sample RSpec tests This is test #426</testName>
          <skipped>false</skipped>
          <failedSince>0</failedSince>
        </case>
        <case>
          <duration>1.97646E-4</duration>
          <className>These are sample RSpec tests</className>
          <testName>These are sample RSpec tests This is test #427</testName>
          <skipped>false</skipped>
          <failedSince>0</failedSince>
        </case>
        <case>
          <duration>1.85412E-4</duration>
          <className>These are sample RSpec tests</className>
          <testName>These are sample RSpec tests This is test #428</testName>
          <skipped>false</skipped>
          <failedSince>0</failedSince>
        </case>
        <case>
          <duration>1.33646E-4</duration>
          <className>These are sample RSpec tests</className>
          <testName>These are sample RSpec tests This is test #429</testName>
          <skipped>false</skipped>
          <failedSince>0</failedSince>
        </case>
        <case>
          <duration>1.37638E-4</duration>
          <className>These are sample RSpec tests</className>
          <testName>These are sample RSpec tests This is test #430</testName>
          <skipped>false</skipped>
          <failedSince>0</failedSince>
        </case>
        <case>
          <duration>1.86678E-4</duration>
          <className>These are sample RSpec tests</className>
          <testName>These are sample RSpec tests This is test #431</testName>
          <skipped>false</skipped>
          <failedSince>0</failedSince>
        </case>
        <case>
          <duration>1.5163E-4</duration>
          <className>These are sample RSpec tests</className>
          <testName>These are sample RSpec tests This is test #432</testName>
          <skipped>false</skipped>
          <failedSince>0</failedSince>
        </case>
        <case>
          <duration>1.77773E-4</duration>
          <className>These are sample RSpec tests</className>
          <testName>These are sample RSpec tests This is test #433</testName>
          <skipped>false</skipped>
          <failedSince>0</failedSince>
        </case>
        <case>
          <duration>1.96075E-4</duration>
          <className>These are sample RSpec tests</className>
          <testName>These are sample RSpec tests This is test #434</testName>
          <skipped>false</skipped>
          <failedSince>0</failedSince>
        </case>
        <case>
          <duration>1.4126E-4</duration>
          <className>These are sample RSpec tests</className>
          <testName>These are sample RSpec tests This is test #435</testName>
          <skipped>false</skipped>
          <failedSince>0</failedSince>
        </case>
        <case>
          <duration>1.87084E-4</duration>
          <className>These are sample RSpec tests</className>
          <testName>These are sample RSpec tests This is test #436</testName>
          <skipped>false</skipped>
          <failedSince>0</failedSince>
        </case>
        <case>
          <duration>1.50743E-4</duration>
          <className>These are sample RSpec tests</className>
          <testName>These are sample RSpec tests This is test #437</testName>
          <skipped>false</skipped>
          <failedSince>0</failedSince>
        </case>
        <case>
          <duration>1.35529E-4</duration>
          <className>These are sample RSpec tests</className>
          <testName>These are sample RSpec tests This is test #438</testName>
          <skipped>false</skipped>
          <failedSince>0</failedSince>
        </case>
        <case>
          <duration>1.55877E-4</duration>
          <className>These are sample RSpec tests</className>
          <testName>These are sample RSpec tests This is test #439</testName>
          <skipped>false</skipped>
          <failedSince>0</failedSince>
        </case>
        <case>
          <duration>1.33935E-4</duration>
          <className>These are sample RSpec tests</className>
          <testName>These are sample RSpec tests This is test #440</testName>
          <skipped>false</skipped>
          <failedSince>0</failedSince>
        </case>
        <case>
          <duration>1.33415E-4</duration>
          <className>These are sample RSpec tests</className>
          <testName>These are sample RSpec tests This is test #441</testName>
          <skipped>false</skipped>
          <failedSince>0</failedSince>
        </case>
        <case>
          <duration>2.8334E-4</duration>
          <className>These are sample RSpec tests</className>
          <testName>These are sample RSpec tests This is test #442</testName>
          <skipped>false</skipped>
          <failedSince>0</failedSince>
        </case>
        <case>
          <duration>1.43325E-4</duration>
          <className>These are sample RSpec tests</className>
          <testName>These are sample RSpec tests This is test #443</testName>
          <skipped>false</skipped>
          <failedSince>0</failedSince>
        </case>
        <case>
          <duration>1.45428E-4</duration>
          <className>These are sample RSpec tests</className>
          <testName>These are sample RSpec tests This is test #444</testName>
          <skipped>false</skipped>
          <failedSince>0</failedSince>
        </case>
        <case>
          <duration>1.4755E-4</duration>
          <className>These are sample RSpec tests</className>
          <testName>These are sample RSpec tests This is test #445</testName>
          <skipped>false</skipped>
          <failedSince>0</failedSince>
        </case>
        <case>
          <duration>1.45302E-4</duration>
          <className>These are sample RSpec tests</className>
          <testName>These are sample RSpec tests This is test #446</testName>
          <skipped>false</skipped>
          <failedSince>0</failedSince>
        </case>
        <case>
          <duration>1.58946E-4</duration>
          <className>These are sample RSpec tests</className>
          <testName>These are sample RSpec tests This is test #447</testName>
          <skipped>false</skipped>
          <failedSince>0</failedSince>
        </case>
        <case>
          <duration>1.57905E-4</duration>
          <className>These are sample RSpec tests</className>
          <testName>These are sample RSpec tests This is test #448</testName>
          <skipped>false</skipped>
          <failedSince>0</failedSince>
        </case>
        <case>
          <duration>1.37812E-4</duration>
          <className>These are sample RSpec tests</className>
          <testName>These are sample RSpec tests This is test #449</testName>
          <skipped>false</skipped>
          <failedSince>0</failedSince>
        </case>
        <case>
          <duration>1.60062E-4</duration>
          <className>These are sample RSpec tests</className>
          <testName>These are sample RSpec tests This is test #450</testName>
          <skipped>false</skipped>
          <failedSince>0</failedSince>
        </case>
        <case>
          <duration>1.70766E-4</duration>
          <className>These are sample RSpec tests</className>
          <testName>These are sample RSpec tests This is test #451</testName>
          <skipped>false</skipped>
          <failedSince>0</failedSince>
        </case>
        <case>
          <duration>1.53942E-4</duration>
          <className>These are sample RSpec tests</className>
          <testName>These are sample RSpec tests This is test #452</testName>
          <skipped>false</skipped>
          <failedSince>0</failedSince>
        </case>
        <case>
          <duration>1.55959E-4</duration>
          <className>These are sample RSpec tests</className>
          <testName>These are sample RSpec tests This is test #453</testName>
          <skipped>false</skipped>
          <failedSince>0</failedSince>
        </case>
        <case>
          <duration>1.50898E-4</duration>
          <className>These are sample RSpec tests</className>
          <testName>These are sample RSpec tests This is test #454</testName>
          <skipped>false</skipped>
          <failedSince>0</failedSince>
        </case>
        <case>
          <duration>1.60425E-4</duration>
          <className>These are sample RSpec tests</className>
          <testName>These are sample RSpec tests This is test #455</testName>
          <skipped>false</skipped>
          <failedSince>0</failedSince>
        </case>
        <case>
          <duration>3.41726E-4</duration>
          <className>These are sample RSpec tests</className>
          <testName>These are sample RSpec tests This is test #456</testName>
          <skipped>false</skipped>
          <failedSince>0</failedSince>
        </case>
        <case>
          <duration>1.64663E-4</duration>
          <className>These are sample RSpec tests</className>
          <testName>These are sample RSpec tests This is test #457</testName>
          <skipped>false</skipped>
          <failedSince>0</failedSince>
        </case>
        <case>
          <duration>1.64254E-4</duration>
          <className>These are sample RSpec tests</className>
          <testName>These are sample RSpec tests This is test #458</testName>
          <skipped>false</skipped>
          <failedSince>0</failedSince>
        </case>
        <case>
          <duration>1.59735E-4</duration>
          <className>These are sample RSpec tests</className>
          <testName>These are sample RSpec tests This is test #459</testName>
          <skipped>false</skipped>
          <failedSince>0</failedSince>
        </case>
        <case>
          <duration>1.38801E-4</duration>
          <className>These are sample RSpec tests</className>
          <testName>These are sample RSpec tests This is test #460</testName>
          <skipped>false</skipped>
          <failedSince>0</failedSince>
        </case>
        <case>
          <duration>1.74316E-4</duration>
          <className>These are sample RSpec tests</className>
          <testName>These are sample RSpec tests This is test #461</testName>
          <skipped>false</skipped>
          <failedSince>0</failedSince>
        </case>
        <case>
          <duration>1.48887E-4</duration>
          <className>These are sample RSpec tests</className>
          <testName>These are sample RSpec tests This is test #462</testName>
          <skipped>false</skipped>
          <failedSince>0</failedSince>
        </case>
        <case>
          <duration>1.49541E-4</duration>
          <className>These are sample RSpec tests</className>
          <testName>These are sample RSpec tests This is test #463</testName>
          <skipped>false</skipped>
          <failedSince>0</failedSince>
        </case>
        <case>
          <duration>2.35561E-4</duration>
          <className>These are sample RSpec tests</className>
          <testName>These are sample RSpec tests This is test #464</testName>
          <skipped>false</skipped>
          <failedSince>0</failedSince>
        </case>
        <case>
          <duration>1.53439E-4</duration>
          <className>These are sample RSpec tests</className>
          <testName>These are sample RSpec tests This is test #465</testName>
          <skipped>false</skipped>
          <failedSince>0</failedSince>
        </case>
        <case>
          <duration>1.79332E-4</duration>
          <className>These are sample RSpec tests</className>
          <testName>These are sample RSpec tests This is test #466</testName>
          <skipped>false</skipped>
          <failedSince>0</failedSince>
        </case>
        <case>
          <duration>1.40343E-4</duration>
          <className>These are sample RSpec tests</className>
          <testName>These are sample RSpec tests This is test #467</testName>
          <skipped>false</skipped>
          <failedSince>0</failedSince>
        </case>
        <case>
          <duration>1.7229E-4</duration>
          <className>These are sample RSpec tests</className>
          <testName>These are sample RSpec tests This is test #468</testName>
          <skipped>false</skipped>
          <failedSince>0</failedSince>
        </case>
        <case>
          <duration>1.61755E-4</duration>
          <className>These are sample RSpec tests</className>
          <testName>These are sample RSpec tests This is test #469</testName>
          <skipped>false</skipped>
          <failedSince>0</failedSince>
        </case>
        <case>
          <duration>1.9196E-4</duration>
          <className>These are sample RSpec tests</className>
          <testName>These are sample RSpec tests This is test #470</testName>
          <skipped>false</skipped>
          <failedSince>0</failedSince>
        </case>
        <case>
          <duration>1.45099E-4</duration>
          <className>These are sample RSpec tests</className>
          <testName>These are sample RSpec tests This is test #471</testName>
          <skipped>false</skipped>
          <failedSince>0</failedSince>
        </case>
        <case>
          <duration>1.56806E-4</duration>
          <className>These are sample RSpec tests</className>
          <testName>These are sample RSpec tests This is test #472</testName>
          <skipped>false</skipped>
          <failedSince>0</failedSince>
        </case>
        <case>
          <duration>1.34833E-4</duration>
          <className>These are sample RSpec tests</className>
          <testName>These are sample RSpec tests This is test #473</testName>
          <skipped>false</skipped>
          <failedSince>0</failedSince>
        </case>
        <case>
          <duration>1.76265E-4</duration>
          <className>These are sample RSpec tests</className>
          <testName>These are sample RSpec tests This is test #474</testName>
          <skipped>false</skipped>
          <failedSince>0</failedSince>
        </case>
        <case>
          <duration>2.38795E-4</duration>
          <className>These are sample RSpec tests</className>
          <testName>These are sample RSpec tests This is test #475</testName>
          <skipped>false</skipped>
          <failedSince>0</failedSince>
        </case>
        <case>
          <duration>1.76626E-4</duration>
          <className>These are sample RSpec tests</className>
          <testName>These are sample RSpec tests This is test #476</testName>
          <skipped>false</skipped>
          <failedSince>0</failedSince>
        </case>
        <case>
          <duration>1.8011E-4</duration>
          <className>These are sample RSpec tests</className>
          <testName>These are sample RSpec tests This is test #477</testName>
          <skipped>false</skipped>
          <failedSince>0</failedSince>
        </case>
        <case>
          <duration>1.6029E-4</duration>
          <className>These are sample RSpec tests</className>
          <testName>These are sample RSpec tests This is test #478</testName>
          <skipped>false</skipped>
          <failedSince>0</failedSince>
        </case>
        <case>
          <duration>1.39926E-4</duration>
          <className>These are sample RSpec tests</className>
          <testName>These are sample RSpec tests This is test #479</testName>
          <skipped>false</skipped>
          <failedSince>0</failedSince>
        </case>
        <case>
          <duration>1.43428E-4</duration>
          <className>These are sample RSpec tests</className>
          <testName>These are sample RSpec tests This is test #480</testName>
          <skipped>false</skipped>
          <failedSince>0</failedSince>
        </case>
        <case>
          <duration>1.93542E-4</duration>
          <className>These are sample RSpec tests</className>
          <testName>These are sample RSpec tests This is test #481</testName>
          <skipped>false</skipped>
          <failedSince>0</failedSince>
        </case>
        <case>
          <duration>1.6109E-4</duration>
          <className>These are sample RSpec tests</className>
          <testName>These are sample RSpec tests This is test #482</testName>
          <skipped>false</skipped>
          <failedSince>0</failedSince>
        </case>
        <case>
          <duration>1.63907E-4</duration>
          <className>These are sample RSpec tests</className>
          <testName>These are sample RSpec tests This is test #483</testName>
          <skipped>false</skipped>
          <failedSince>0</failedSince>
        </case>
        <case>
          <duration>1.6499E-4</duration>
          <className>These are sample RSpec tests</className>
          <testName>These are sample RSpec tests This is test #484</testName>
          <skipped>false</skipped>
          <failedSince>0</failedSince>
        </case>
        <case>
          <duration>2.12036E-4</duration>
          <className>These are sample RSpec tests</className>
          <testName>These are sample RSpec tests This is test #485</testName>
          <skipped>false</skipped>
          <failedSince>0</failedSince>
        </case>
        <case>
          <duration>1.39798E-4</duration>
          <className>These are sample RSpec tests</className>
          <testName>These are sample RSpec tests This is test #486</testName>
          <skipped>false</skipped>
          <failedSince>0</failedSince>
        </case>
        <case>
          <duration>1.42378E-4</duration>
          <className>These are sample RSpec tests</className>
          <testName>These are sample RSpec tests This is test #487</testName>
          <skipped>false</skipped>
          <failedSince>0</failedSince>
        </case>
        <case>
          <duration>1.3611E-4</duration>
          <className>These are sample RSpec tests</className>
          <testName>These are sample RSpec tests This is test #488</testName>
          <skipped>false</skipped>
          <failedSince>0</failedSince>
        </case>
        <case>
          <duration>1.66108E-4</duration>
          <className>These are sample RSpec tests</className>
          <testName>These are sample RSpec tests This is test #489</testName>
          <skipped>false</skipped>
          <failedSince>0</failedSince>
        </case>
        <case>
          <duration>1.79541E-4</duration>
          <className>These are sample RSpec tests</className>
          <testName>These are sample RSpec tests This is test #490</testName>
          <skipped>false</skipped>
          <failedSince>0</failedSince>
        </case>
        <case>
          <duration>1.48598E-4</duration>
          <className>These are sample RSpec tests</className>
          <testName>These are sample RSpec tests This is test #491</testName>
          <skipped>false</skipped>
          <failedSince>0</failedSince>
        </case>
        <case>
          <duration>1.37185E-4</duration>
          <className>These are sample RSpec tests</className>
          <testName>These are sample RSpec tests This is test #492</testName>
          <skipped>false</skipped>
          <failedSince>0</failedSince>
        </case>
        <case>
          <duration>1.34178E-4</duration>
          <className>These are sample RSpec tests</className>
          <testName>These are sample RSpec tests This is test #493</testName>
          <skipped>false</skipped>
          <failedSince>0</failedSince>
        </case>
        <case>
          <duration>1.86472E-4</duration>
          <className>These are sample RSpec tests</className>
          <testName>These are sample RSpec tests This is test #494</testName>
          <skipped>false</skipped>
          <failedSince>0</failedSince>
        </case>
        <case>
          <duration>2.21566E-4</duration>
          <className>These are sample RSpec tests</className>
          <testName>These are sample RSpec tests This is test #495</testName>
          <skipped>false</skipped>
          <failedSince>0</failedSince>
        </case>
        <case>
          <duration>1.48063E-4</duration>
          <className>These are sample RSpec tests</className>
          <testName>These are sample RSpec tests This is test #496</testName>
          <skipped>false</skipped>
          <failedSince>0</failedSince>
        </case>
        <case>
          <duration>1.67702E-4</duration>
          <className>These are sample RSpec tests</className>
          <testName>These are sample RSpec tests This is test #497</testName>
          <skipped>false</skipped>
          <failedSince>0</failedSince>
        </case>
        <case>
          <duration>1.76977E-4</duration>
          <className>These are sample RSpec tests</className>
          <testName>These are sample RSpec tests This is test #498</testName>
          <skipped>false</skipped>
          <failedSince>0</failedSince>
        </case>
        <case>
          <duration>2.04091E-4</duration>
          <className>These are sample RSpec tests</className>
          <testName>These are sample RSpec tests This is test #499</testName>
          <skipped>false</skipped>
          <failedSince>0</failedSince>
        </case>
        <case>
          <duration>1.52121E-4</duration>
          <className>These are sample RSpec tests</className>
          <testName>These are sample RSpec tests This is test #500</testName>
          <skipped>false</skipped>
          <failedSince>0</failedSince>
        </case>
      </cases>
    </suite>
  </suites>
  <duration>0.10613372</duration>
  <keepLongStdio>false</keepLongStdio>
</result>