<?xml version='1.0' encoding='UTF-8'?>
<result plugin="junit@1.20">
  <suites>
    <suite>
      <file>/var/jenkins_home/workspace/Docker_matrix_job/OS/ubuntu/spec/reports/SPEC-These-are-sample-RSpec-tests.0.xml</file>
      <name>These are sample RSpec tests</name>
      <duration>9.43327E-4</duration>
      <timestamp>2017-02-27T05:36:59+00:00</timestamp>
      <time>0.000943327</time>
      <cases>
        <case>
          <duration>3.58116E-4</duration>
          <className>These are sample RSpec tests</className>
          <testName>These are sample RSpec tests This is test #1</testName>
          <skipped>false</skipped>
          <failedSince>0</failedSince>
        </case>
        <case>
          <duration>3.3986E-4</duration>
          <className>These are sample RSpec tests</className>
          <testName>These are sample RSpec tests This is test #153</testName>
          <skipped>false</skipped>
          <failedSince>0</failedSince>
        </case>
        <case>
          <duration>3.31597E-4</duration>
          <className>These are sample RSpec tests</className>
          <testName>These are sample RSpec tests This is test #154</testName>
          <skipped>false</skipped>
          <failedSince>0</failedSince>
        </case>
        <case>
          <duration>4.13421E-4</duration>
          <className>These are sample RSpec tests</className>
          <testName>These are sample RSpec tests This is test #155</testName>
          <skipped>false</skipped>
          <failedSince>0</failedSince>
        </case>
        <case>
          <duration>3.29823E-4</duration>
          <className>These are sample RSpec tests</className>
          <testName>These are sample RSpec tests This is test #156</testName>
          <skipped>false</skipped>
          <failedSince>0</failedSince>
        </case>
        <case>
          <duration>4.18125E-4</duration>
          <className>These are sample RSpec tests</className>
          <testName>These are sample RSpec tests This is test #157</testName>
          <skipped>false</skipped>
          <failedSince>0</failedSince>
        </case>
        <case>
          <duration>3.30977E-4</duration>
          <className>These are sample RSpec tests</className>
          <testName>These are sample RSpec tests This is test #158</testName>
          <skipped>false</skipped>
          <failedSince>0</failedSince>
        </case>
        <case>
          <duration>2.41008E-4</duration>
          <className>These are sample RSpec tests</className>
          <testName>These are sample RSpec tests This is test #159</testName>
          <skipped>false</skipped>
          <failedSince>0</failedSince>
        </case>
        <case>
          <duration>3.63769E-4</duration>
          <className>These are sample RSpec tests</className>
          <testName>These are sample RSpec tests This is test #160</testName>
          <skipped>false</skipped>
          <failedSince>0</failedSince>
        </case>
        <case>
          <duration>4.27563E-4</duration>
          <className>These are sample RSpec tests</className>
          <testName>These are sample RSpec tests This is test #161</testName>
          <skipped>false</skipped>
          <failedSince>0</failedSince>
        </case>
        <case>
          <duration>3.53684E-4</duration>
          <className>These are sample RSpec tests</className>
          <testName>These are sample RSpec tests This is test #162</testName>
          <skipped>false</skipped>
          <failedSince>0</failedSince>
        </case>
        <case>
          <duration>4.29525E-4</duration>
          <className>These are sample RSpec tests</className>
          <testName>These are sample RSpec tests This is test #163</testName>
          <skipped>false</skipped>
          <failedSince>0</failedSince>
        </case>
        <case>
          <duration>3.75454E-4</duration>
          <className>These are sample RSpec tests</className>
          <testName>These are sample RSpec tests This is test #164</testName>
          <skipped>false</skipped>
          <failedSince>0</failedSince>
        </case>
        <case>
          <duration>3.59059E-4</duration>
          <className>These are sample RSpec tests</className>
          <testName>These are sample RSpec tests This is test #165</testName>
          <skipped>false</skipped>
          <failedSince>0</failedSince>
        </case>
        <case>
          <duration>2.32456E-4</duration>
          <className>These are sample RSpec tests</className>
          <testName>These are sample RSpec tests This is test #166</testName>
          <skipped>false</skipped>
          <failedSince>0</failedSince>
        </case>
        <case>
          <duration>2.36152E-4</duration>
          <className>These are sample RSpec tests</className>
          <testName>These are sample RSpec tests This is test #167</testName>
          <skipped>false</skipped>
          <failedSince>0</failedSince>
        </case>
        <case>
          <duration>3.57376E-4</duration>
          <className>These are sample RSpec tests</className>
          <testName>These are sample RSpec tests This is test #168</testName>
          <skipped>false</skipped>
          <failedSince>0</failedSince>
        </case>
        <case>
          <duration>3.8271E-4</duration>
          <className>These are sample RSpec tests</className>
          <testName>These are sample RSpec tests This is test #169</testName>
          <skipped>false</skipped>
          <failedSince>0</failedSince>
        </case>
        <case>
          <duration>3.46849E-4</duration>
          <className>These are sample RSpec tests</className>
          <testName>These are sample RSpec tests This is test #170</testName>
          <skipped>false</skipped>
          <failedSince>0</failedSince>
        </case>
        <case>
          <duration>3.72825E-4</duration>
          <className>These are sample RSpec tests</className>
          <testName>These are sample RSpec tests This is test #171</testName>
          <skipped>false</skipped>
          <failedSince>0</failedSince>
        </case>
        <case>
          <duration>3.88762E-4</duration>
          <className>These are sample RSpec tests</className>
          <testName>These are sample RSpec tests This is test #172</testName>
          <skipped>false</skipped>
          <failedSince>0</failedSince>
        </case>
        <case>
          <duration>3.57559E-4</duration>
          <className>These are sample RSpec tests</className>
          <testName>These are sample RSpec tests This is test #173</testName>
          <skipped>false</skipped>
          <failedSince>0</failedSince>
        </case>
        <case>
          <duration>4.22019E-4</duration>
          <className>These are sample RSpec tests</className>
          <testName>These are sample RSpec tests This is test #174</testName>
          <skipped>false</skipped>
          <failedSince>0</failedSince>
        </case>
        <case>
          <duration>2.38986E-4</duration>
          <className>These are sample RSpec tests</className>
          <testName>These are sample RSpec tests This is test #175</testName>
          <skipped>false</skipped>
          <failedSince>0</failedSince>
        </case>
        <case>
          <duration>3.56322E-4</duration>
          <className>These are sample RSpec tests</className>
          <testName>These are sample RSpec tests This is test #176</testName>
          <skipped>false</skipped>
          <failedSince>0</failedSince>
        </case>
        <case>
          <duration>3.17132E-4</duration>
          <className>These are sample RSpec tests</className>
          <testName>These are sample RSpec tests This is test #177</testName>
          <skipped>false</skipped>
          <failedSince>0</failedSince>
        </case>
        <case>
          <duration>1.91204E-4</duration>
          <className>These are sample RSpec tests</className>
          <testName>These are sample RSpec tests This is test #178</testName>
          <skipped>false</skipped>
          <failedSince>0</failedSince>
        </case>
        <case>
          <duration>2.11192E-4</duration>
          <className>These are sample RSpec tests</className>
          <testName>These are sample RSpec tests This is test #179</testName>
          <skipped>false</skipped>
          <failedSince>0</failedSince>
        </case>
        <case>
          <duration>3.28545E-4</duration>
          <className>These are sample RSpec tests</className>
          <testName>These are sample RSpec tests This is test #180</testName>
          <skipped>false</skipped>
          <failedSince>0</failedSince>
        </case>
        <case>
          <duration>2.18681E-4</duration>
          <className>These are sample RSpec tests</className>
          <testName>These are sample RSpec tests This is test #181</testName>
          <skipped>false</skipped>
          <failedSince>0</failedSince>
        </case>
        <case>
          <duration>2.71528E-4</duration>
          <className>These are sample RSpec tests</className>
          <testName>These are sample RSpec tests This is test #182</testName>
          <skipped>false</skipped>
          <failedSince>0</failedSince>
        </case>
        <case>
          <duration>1.97278E-4</duration>
          <className>These are sample RSpec tests</className>
          <testName>These are sample RSpec tests This is test #183</testName>
          <skipped>false</skipped>
          <failedSince>0</failedSince>
        </case>
        <case>
          <duration>3.0459E-4</duration>
          <className>These are sample RSpec tests</className>
          <testName>These are sample RSpec tests This is test #184</testName>
          <skipped>false</skipped>
          <failedSince>0</failedSince>
        </case>
        <case>
          <duration>3.66171E-4</duration>
          <className>These are sample RSpec tests</className>
          <testName>These are sample RSpec tests This is test #185</testName>
          <skipped>false</skipped>
          <failedSince>0</failedSince>
        </case>
        <case>
          <duration>4.20068E-4</duration>
          <className>These are sample RSpec tests</className>
          <testName>These are sample RSpec tests This is test #186</testName>
          <skipped>false</skipped>
          <failedSince>0</failedSince>
        </case>
        <case>
          <duration>3.87626E-4</duration>
          <className>These are sample RSpec tests</className>
          <testName>These are sample RSpec tests This is test #187</testName>
          <skipped>false</skipped>
          <failedSince>0</failedSince>
        </case>
        <case>
          <duration>3.54122E-4</duration>
          <className>These are sample RSpec tests</className>
          <testName>These are sample RSpec tests This is test #188</testName>
          <skipped>false</skipped>
          <failedSince>0</failedSince>
        </case>
        <case>
          <duration>3.72698E-4</duration>
          <className>These are sample RSpec tests</className>
          <testName>These are sample RSpec tests This is test #189</testName>
          <skipped>false</skipped>
          <failedSince>0</failedSince>
        </case>
        <case>
          <duration>3.82817E-4</duration>
          <className>These are sample RSpec tests</className>
          <testName>These are sample RSpec tests This is test #190</testName>
          <skipped>false</skipped>
          <failedSince>0</failedSince>
        </case>
        <case>
          <duration>2.43744E-4</duration>
          <className>These are sample RSpec tests</className>
          <testName>These are sample RSpec tests This is test #191</testName>
          <skipped>false</skipped>
          <failedSince>0</failedSince>
        </case>
        <case>
          <duration>2.13079E-4</duration>
          <className>These are sample RSpec tests</className>
          <testName>These are sample RSpec tests This is test #192</testName>
          <skipped>false</skipped>
          <failedSince>0</failedSince>
        </case>
        <case>
          <duration>2.14011E-4</duration>
          <className>These are sample RSpec tests</className>
          <testName>These are sample RSpec tests This is test #193</testName>
          <skipped>false</skipped>
          <failedSince>0</failedSince>
        </case>
        <case>
          <duration>2.14457E-4</duration>
          <className>These are sample RSpec tests</className>
          <testName>These are sample RSpec tests This is test #194</testName>
          <skipped>false</skipped>
          <failedSince>0</failedSince>
        </case>
        <case>
          <duration>2.23939E-4</duration>
          <className>These are sample RSpec tests</className>
          <testName>These are sample RSpec tests This is test #195</testName>
          <skipped>false</skipped>
          <failedSince>0</failedSince>
        </case>
        <case>
          <duration>3.73463E-4</duration>
          <className>These are sample RSpec tests</className>
          <testName>These are sample RSpec tests This is test #196</testName>
          <skipped>false</skipped>
          <failedSince>0</failedSince>
        </case>
        <case>
          <duration>3.36626E-4</duration>
          <className>These are sample RSpec tests</className>
          <testName>These are sample RSpec tests This is test #197</testName>
          <skipped>false</skipped>
          <failedSince>0</failedSince>
        </case>
        <case>
          <duration>2.91457E-4</duration>
          <className>These are sample RSpec tests</className>
          <testName>These are sample RSpec tests This is test #198</testName>
          <skipped>false</skipped>
          <failedSince>0</failedSince>
        </case>
        <case>
          <duration>2.73084E-4</duration>
          <className>These are sample RSpec tests</className>
          <testName>These are sample RSpec tests This is test #199</testName>
          <skipped>false</skipped>
          <failedSince>0</failedSince>
        </case>
        <case>
          <duration>3.91728E-4</duration>
          <className>These are sample RSpec tests</className>
          <testName>These are sample RSpec tests This is test #200</testName>
          <skipped>false</skipped>
          <failedSince>0</failedSince>
        </case>
        <case>
          <duration>3.70433E-4</duration>
          <className>These are sample RSpec tests</className>
          <testName>These are sample RSpec tests This is test #201</testName>
          <skipped>false</skipped>
          <failedSince>0</failedSince>
        </case>
        <case>
          <duration>3.19305E-4</duration>
          <className>These are sample RSpec tests</className>
          <testName>These are sample RSpec tests This is test #202</testName>
          <skipped>false</skipped>
          <failedSince>0</failedSince>
        </case>
        <case>
          <duration>3.23548E-4</duration>
          <className>These are sample RSpec tests</className>
          <testName>These are sample RSpec tests This is test #203</testName>
          <skipped>false</skipped>
          <failedSince>0</failedSince>
        </case>
        <case>
          <duration>3.41574E-4</duration>
          <className>These are sample RSpec tests</className>
          <testName>These are sample RSpec tests This is test #204</testName>
          <skipped>false</skipped>
          <failedSince>0</failedSince>
        </case>
        <case>
          <duration>3.25571E-4</duration>
          <className>These are sample RSpec tests</className>
          <testName>These are sample RSpec tests This is test #205</testName>
          <skipped>false</skipped>
          <failedSince>0</failedSince>
        </case>
        <case>
          <duration>3.80037E-4</duration>
          <className>These are sample RSpec tests</className>
          <testName>These are sample RSpec tests This is test #206</testName>
          <skipped>false</skipped>
          <failedSince>0</failedSince>
        </case>
        <case>
          <duration>3.59793E-4</duration>
          <className>These are sample RSpec tests</className>
          <testName>These are sample RSpec tests This is test #207</testName>
          <skipped>false</skipped>
          <failedSince>0</failedSince>
        </case>
        <case>
          <duration>3.51595E-4</duration>
          <className>These are sample RSpec tests</className>
          <testName>These are sample RSpec tests This is test #208</testName>
          <skipped>false</skipped>
          <failedSince>0</failedSince>
        </case>
        <case>
          <duration>3.72716E-4</duration>
          <className>These are sample RSpec tests</className>
          <testName>These are sample RSpec tests This is test #209</testName>
          <skipped>false</skipped>
          <failedSince>0</failedSince>
        </case>
        <case>
          <duration>4.14972E-4</duration>
          <className>These are sample RSpec tests</className>
          <testName>These are sample RSpec tests This is test #210</testName>
          <skipped>false</skipped>
          <failedSince>0</failedSince>
        </case>
        <case>
          <duration>3.87097E-4</duration>
          <className>These are sample RSpec tests</className>
          <testName>These are sample RSpec tests This is test #211</testName>
          <skipped>false</skipped>
          <failedSince>0</failedSince>
        </case>
        <case>
          <duration>3.90852E-4</duration>
          <className>These are sample RSpec tests</className>
          <testName>These are sample RSpec tests This is test #212</testName>
          <skipped>false</skipped>
          <failedSince>0</failedSince>
        </case>
        <case>
          <duration>3.63621E-4</duration>
          <className>These are sample RSpec tests</className>
          <testName>These are sample RSpec tests This is test #213</testName>
          <skipped>false</skipped>
          <failedSince>0</failedSince>
        </case>
        <case>
          <duration>4.5782E-4</duration>
          <className>These are sample RSpec tests</className>
          <testName>These are sample RSpec tests This is test #214</testName>
          <skipped>false</skipped>
          <failedSince>0</failedSince>
        </case>
        <case>
          <duration>3.3841E-4</duration>
          <className>These are sample RSpec tests</className>
          <testName>These are sample RSpec tests This is test #215</testName>
          <skipped>false</skipped>
          <failedSince>0</failedSince>
        </case>
        <case>
          <duration>3.88963E-4</duration>
          <className>These are sample RSpec tests</className>
          <testName>These are sample RSpec tests This is test #216</testName>
          <skipped>false</skipped>
          <failedSince>0</failedSince>
        </case>
        <case>
          <duration>3.27531E-4</duration>
          <className>These are sample RSpec tests</className>
          <testName>These are sample RSpec tests This is test #217</testName>
          <skipped>false</skipped>
          <failedSince>0</failedSince>
        </case>
        <case>
          <duration>3.75296E-4</duration>
          <className>These are sample RSpec tests</className>
          <testName>These are sample RSpec tests This is test #218</testName>
          <skipped>false</skipped>
          <failedSince>0</failedSince>
        </case>
        <case>
          <duration>3.30229E-4</duration>
          <className>These are sample RSpec tests</className>
          <testName>These are sample RSpec tests This is test #219</testName>
          <skipped>false</skipped>
          <failedSince>0</failedSince>
        </case>
        <case>
          <duration>3.16002E-4</duration>
          <className>These are sample RSpec tests</className>
          <testName>These are sample RSpec tests This is test #220</testName>
          <skipped>false</skipped>
          <failedSince>0</failedSince>
        </case>
        <case>
          <duration>3.20595E-4</duration>
          <className>These are sample RSpec tests</className>
          <testName>These are sample RSpec tests This is test #221</testName>
          <skipped>false</skipped>
          <failedSince>0</failedSince>
        </case>
        <case>
          <duration>3.04703E-4</duration>
          <className>These are sample RSpec tests</className>
          <testName>These are sample RSpec tests This is test #222</testName>
          <skipped>false</skipped>
          <failedSince>0</failedSince>
        </case>
        <case>
          <duration>3.33519E-4</duration>
          <className>These are sample RSpec tests</className>
          <testName>These are sample RSpec tests This is test #223</testName>
          <skipped>false</skipped>
          <failedSince>0</failedSince>
        </case>
        <case>
          <duration>3.59888E-4</duration>
          <className>These are sample RSpec tests</className>
          <testName>These are sample RSpec tests This is test #224</testName>
          <skipped>false</skipped>
          <failedSince>0</failedSince>
        </case>
        <case>
          <duration>3.72525E-4</duration>
          <className>These are sample RSpec tests</className>
          <testName>These are sample RSpec tests This is test #225</testName>
          <skipped>false</skipped>
          <failedSince>0</failedSince>
        </case>
        <case>
          <duration>3.30911E-4</duration>
          <className>These are sample RSpec tests</className>
          <testName>These are sample RSpec tests This is test #226</testName>
          <skipped>false</skipped>
          <failedSince>0</failedSince>
        </case>
        <case>
          <duration>3.66912E-4</duration>
          <className>These are sample RSpec tests</className>
          <testName>These are sample RSpec tests This is test #227</testName>
          <skipped>false</skipped>
          <failedSince>0</failedSince>
        </case>
        <case>
          <duration>3.26546E-4</duration>
          <className>These are sample RSpec tests</className>
          <testName>These are sample RSpec tests This is test #228</testName>
          <skipped>false</skipped>
          <failedSince>0</failedSince>
        </case>
        <case>
          <duration>3.41677E-4</duration>
          <className>These are sample RSpec tests</className>
          <testName>These are sample RSpec tests This is test #229</testName>
          <skipped>false</skipped>
          <failedSince>0</failedSince>
        </case>
        <case>
          <duration>4.08383E-4</duration>
          <className>These are sample RSpec tests</className>
          <testName>These are sample RSpec tests This is test #230</testName>
          <skipped>false</skipped>
          <failedSince>0</failedSince>
        </case>
        <case>
          <duration>3.60055E-4</duration>
          <className>These are sample RSpec tests</className>
          <testName>These are sample RSpec tests This is test #231</testName>
          <skipped>false</skipped>
          <failedSince>0</failedSince>
        </case>
        <case>
          <duration>3.81386E-4</duration>
          <className>These are sample RSpec tests</className>
          <testName>These are sample RSpec tests This is test #232</testName>
          <skipped>false</skipped>
          <failedSince>0</failedSince>
        </case>
        <case>
          <duration>2.92325E-4</duration>
          <className>These are sample RSpec tests</className>
          <testName>These are sample RSpec tests This is test #233</testName>
          <skipped>false</skipped>
          <failedSince>0</failedSince>
        </case>
        <case>
          <duration>3.86826E-4</duration>
          <className>These are sample RSpec tests</className>
          <testName>These are sample RSpec tests This is test #234</testName>
          <skipped>false</skipped>
          <failedSince>0</failedSince>
        </case>
        <case>
          <duration>2.85993E-4</duration>
          <className>These are sample RSpec tests</className>
          <testName>These are sample RSpec tests This is test #235</testName>
          <skipped>false</skipped>
          <failedSince>0</failedSince>
        </case>
        <case>
          <duration>3.76228E-4</duration>
          <className>These are sample RSpec tests</className>
          <testName>These are sample RSpec tests This is test #236</testName>
          <skipped>false</skipped>
          <failedSince>0</failedSince>
        </case>
        <case>
          <duration>3.66801E-4</duration>
          <className>These are sample RSpec tests</className>
          <testName>These are sample RSpec tests This is test #237</testName>
          <skipped>false</skipped>
          <failedSince>0</failedSince>
        </case>
        <case>
          <duration>3.82817E-4</duration>
          <className>These are sample RSpec tests</className>
          <testName>These are sample RSpec tests This is test #238</testName>
          <skipped>false</skipped>
          <failedSince>0</failedSince>
        </case>
        <case>
          <duration>3.61264E-4</duration>
          <className>These are sample RSpec tests</className>
          <testName>These are sample RSpec tests This is test #239</testName>
          <skipped>false</skipped>
          <failedSince>0</failedSince>
        </case>
        <case>
          <duration>3.7259E-4</duration>
          <className>These are sample RSpec tests</className>
          <testName>These are sample RSpec tests This is test #240</testName>
          <skipped>false</skipped>
          <failedSince>0</failedSince>
        </case>
        <case>
          <duration>3.75021E-4</duration>
          <className>These are sample RSpec tests</className>
          <testName>These are sample RSpec tests This is test #241</testName>
          <skipped>false</skipped>
          <failedSince>0</failedSince>
        </case>
        <case>
          <duration>3.40535E-4</duration>
          <className>These are sample RSpec tests</className>
          <testName>These are sample RSpec tests This is test #242</testName>
          <skipped>false</skipped>
          <failedSince>0</failedSince>
        </case>
        <case>
          <duration>3.53525E-4</duration>
          <className>These are sample RSpec tests</className>
          <testName>These are sample RSpec tests This is test #243</testName>
          <skipped>false</skipped>
          <failedSince>0</failedSince>
        </case>
        <case>
          <duration>3.79084E-4</duration>
          <className>These are sample RSpec tests</className>
          <testName>These are sample RSpec tests This is test #244</testName>
          <skipped>false</skipped>
          <failedSince>0</failedSince>
        </case>
        <case>
          <duration>3.49126E-4</duration>
          <className>These are sample RSpec tests</className>
          <testName>These are sample RSpec tests This is test #245</testName>
          <skipped>false</skipped>
          <failedSince>0</failedSince>
        </case>
        <case>
          <duration>6.61749E-4</duration>
          <className>These are sample RSpec tests</className>
          <testName>These are sample RSpec tests This is test #246</testName>
          <skipped>false</skipped>
          <failedSince>0</failedSince>
        </case>
        <case>
          <duration>3.60507E-4</duration>
          <className>These are sample RSpec tests</className>
          <testName>These are sample RSpec tests This is test #247</testName>
          <skipped>false</skipped>
          <failedSince>0</failedSince>
        </case>
        <case>
          <duration>3.54874E-4</duration>
          <className>These are sample RSpec tests</className>
          <testName>These are sample RSpec tests This is test #248</testName>
          <skipped>false</skipped>
          <failedSince>0</failedSince>
        </case>
        <case>
          <duration>3.71468E-4</duration>
          <className>These are sample RSpec tests</className>
          <testName>These are sample RSpec tests This is test #249</testName>
          <skipped>false</skipped>
          <failedSince>0</failedSince>
        </case>
        <case>
          <duration>3.52502E-4</duration>
          <className>These are sample RSpec tests</className>
          <testName>These are sample RSpec tests This is test #250</testName>
          <skipped>false</skipped>
          <failedSince>0</failedSince>
        </case>
        <case>
          <duration>3.34625E-4</duration>
          <className>These are sample RSpec tests</className>
          <testName>These are sample RSpec tests This is test #251</testName>
          <skipped>false</skipped>
          <failedSince>0</failedSince>
        </case>
        <case>
          <duration>3.59865E-4</duration>
          <className>These are sample RSpec tests</className>
          <testName>These are sample RSpec tests This is test #252</testName>
          <skipped>false</skipped>
          <failedSince>0</failedSince>
        </case>
        <case>
          <duration>3.33684E-4</duration>
          <className>These are sample RSpec tests</className>
          <testName>These are sample RSpec tests This is test #253</testName>
          <skipped>false</skipped>
          <failedSince>0</failedSince>
        </case>
        <case>
          <duration>3.42051E-4</duration>
          <className>These are sample RSpec tests</className>
          <testName>These are sample RSpec tests This is test #254</testName>
          <skipped>false</skipped>
          <failedSince>0</failedSince>
        </case>
        <case>
          <duration>3.46225E-4</duration>
          <className>These are sample RSpec tests</className>
          <testName>These are sample RSpec tests This is test #255</testName>
          <skipped>false</skipped>
          <failedSince>0</failedSince>
        </case>
        <case>
          <duration>3.82127E-4</duration>
          <className>These are sample RSpec tests</className>
          <testName>These are sample RSpec tests This is test #256</testName>
          <skipped>false</skipped>
          <failedSince>0</failedSince>
        </case>
        <case>
          <duration>3.488E-4</duration>
          <className>These are sample RSpec tests</className>
          <testName>These are sample RSpec tests This is test #257</testName>
          <skipped>false</skipped>
          <failedSince>0</failedSince>
        </case>
        <case>
          <duration>3.45241E-4</duration>
          <className>These are sample RSpec tests</className>
          <testName>These are sample RSpec tests This is test #258</testName>
          <skipped>false</skipped>
          <failedSince>0</failedSince>
        </case>
        <case>
          <duration>3.80975E-4</duration>
          <className>These are sample RSpec tests</className>
          <testName>These are sample RSpec tests This is test #259</testName>
          <skipped>false</skipped>
          <failedSince>0</failedSince>
        </case>
        <case>
          <duration>3.46068E-4</duration>
          <className>These are sample RSpec tests</className>
          <testName>These are sample RSpec tests This is test #260</testName>
          <skipped>false</skipped>
          <failedSince>0</failedSince>
        </case>
        <case>
          <duration>3.30393E-4</duration>
          <className>These are sample RSpec tests</className>
          <testName>These are sample RSpec tests This is test #261</testName>
          <skipped>false</skipped>
          <failedSince>0</failedSince>
        </case>
        <case>
          <duration>3.33373E-4</duration>
          <className>These are sample RSpec tests</className>
          <testName>These are sample RSpec tests This is test #262</testName>
          <skipped>false</skipped>
          <failedSince>0</failedSince>
        </case>
        <case>
          <duration>3.36871E-4</duration>
          <className>These are sample RSpec tests</className>
          <testName>These are sample RSpec tests This is test #263</testName>
          <skipped>false</skipped>
          <failedSince>0</failedSince>
        </case>
        <case>
          <duration>3.47838E-4</duration>
          <className>These are sample RSpec tests</className>
          <testName>These are sample RSpec tests This is test #264</testName>
          <skipped>false</skipped>
          <failedSince>0</failedSince>
        </case>
        <case>
          <duration>3.42611E-4</duration>
          <className>These are sample RSpec tests</className>
          <testName>These are sample RSpec tests This is test #265</testName>
          <skipped>false</skipped>
          <failedSince>0</failedSince>
        </case>
        <case>
          <duration>3.68042E-4</duration>
          <className>These are sample RSpec tests</className>
          <testName>These are sample RSpec tests This is test #266</testName>
          <skipped>false</skipped>
          <failedSince>0</failedSince>
        </case>
        <case>
          <duration>3.26733E-4</duration>
          <className>These are sample RSpec tests</className>
          <testName>These are sample RSpec tests This is test #267</testName>
          <skipped>false</skipped>
          <failedSince>0</failedSince>
        </case>
        <case>
          <duration>2.98883E-4</duration>
          <className>These are sample RSpec tests</className>
          <testName>These are sample RSpec tests This is test #268</testName>
          <skipped>false</skipped>
          <failedSince>0</failedSince>
        </case>
        <case>
          <duration>2.41885E-4</duration>
          <className>These are sample RSpec tests</className>
          <testName>These are sample RSpec tests This is test #269</testName>
          <skipped>false</skipped>
          <failedSince>0</failedSince>
        </case>
        <case>
          <duration>3.60769E-4</duration>
          <className>These are sample RSpec tests</className>
          <testName>These are sample RSpec tests This is test #270</testName>
          <skipped>false</skipped>
          <failedSince>0</failedSince>
        </case>
        <case>
          <duration>3.73654E-4</duration>
          <className>These are sample RSpec tests</className>
          <testName>These are sample RSpec tests This is test #271</testName>
          <skipped>false</skipped>
          <failedSince>0</failedSince>
        </case>
        <case>
          <duration>4.07442E-4</duration>
          <className>These are sample RSpec tests</className>
          <testName>These are sample RSpec tests This is test #272</testName>
          <skipped>false</skipped>
          <failedSince>0</failedSince>
        </case>
        <case>
          <duration>3.92083E-4</duration>
          <className>These are sample RSpec tests</className>
          <testName>These are sample RSpec tests This is test #273</testName>
          <skipped>false</skipped>
          <failedSince>0</failedSince>
        </case>
        <case>
          <duration>3.71571E-4</duration>
          <className>These are sample RSpec tests</className>
          <testName>These are sample RSpec tests This is test #274</testName>
          <skipped>false</skipped>
          <failedSince>0</failedSince>
        </case>
        <case>
          <duration>3.96946E-4</duration>
          <className>These are sample RSpec tests</className>
          <testName>These are sample RSpec tests This is test #275</testName>
          <skipped>false</skipped>
          <failedSince>0</failedSince>
        </case>
        <case>
          <duration>4.28001E-4</duration>
          <className>These are sample RSpec tests</className>
          <testName>These are sample RSpec tests This is test #276</testName>
          <skipped>false</skipped>
          <failedSince>0</failedSince>
        </case>
        <case>
          <duration>3.59436E-4</duration>
          <className>These are sample RSpec tests</className>
          <testName>These are sample RSpec tests This is test #277</testName>
          <skipped>false</skipped>
          <failedSince>0</failedSince>
        </case>
        <case>
          <duration>2.35325E-4</duration>
          <className>These are sample RSpec tests</className>
          <testName>These are sample RSpec tests This is test #278</testName>
          <skipped>false</skipped>
          <failedSince>0</failedSince>
        </case>
        <case>
          <duration>2.84641E-4</duration>
          <className>These are sample RSpec tests</className>
          <testName>These are sample RSpec tests This is test #279</testName>
          <skipped>false</skipped>
          <failedSince>0</failedSince>
        </case>
        <case>
          <duration>3.19502E-4</duration>
          <className>These are sample RSpec tests</className>
          <testName>These are sample RSpec tests This is test #280</testName>
          <skipped>false</skipped>
          <failedSince>0</failedSince>
        </case>
        <case>
          <duration>3.5782E-4</duration>
          <className>These are sample RSpec tests</className>
          <testName>These are sample RSpec tests This is test #281</testName>
          <skipped>false</skipped>
          <failedSince>0</failedSince>
        </case>
        <case>
          <duration>3.45064E-4</duration>
          <className>These are sample RSpec tests</className>
          <testName>These are sample RSpec tests This is test #282</testName>
          <skipped>false</skipped>
          <failedSince>0</failedSince>
        </case>
        <case>
          <duration>3.41716E-4</duration>
          <className>These are sample RSpec tests</className>
          <testName>These are sample RSpec tests This is test #283</testName>
          <skipped>false</skipped>
          <failedSince>0</failedSince>
        </case>
        <case>
          <duration>3.17777E-4</duration>
          <className>These are sample RSpec tests</className>
          <testName>These are sample RSpec tests This is test #284</testName>
          <skipped>false</skipped>
          <failedSince>0</failedSince>
        </case>
        <case>
          <duration>3.69801E-4</duration>
          <className>These are sample RSpec tests</className>
          <testName>These are sample RSpec tests This is test #285</testName>
          <skipped>false</skipped>
          <failedSince>0</failedSince>
        </case>
        <case>
          <duration>4.13744E-4</duration>
          <className>These are sample RSpec tests</className>
          <testName>These are sample RSpec tests This is test #286</testName>
          <skipped>false</skipped>
          <failedSince>0</failedSince>
        </case>
        <case>
          <duration>3.51106E-4</duration>
          <className>These are sample RSpec tests</className>
          <testName>These are sample RSpec tests This is test #287</testName>
          <skipped>false</skipped>
          <failedSince>0</failedSince>
        </case>
        <case>
          <duration>5.42653E-4</duration>
          <className>These are sample RSpec tests</className>
          <testName>These are sample RSpec tests This is test #288</testName>
          <skipped>false</skipped>
          <failedSince>0</failedSince>
        </case>
        <case>
          <duration>3.56795E-4</duration>
          <className>These are sample RSpec tests</className>
          <testName>These are sample RSpec tests This is test #289</testName>
          <skipped>false</skipped>
          <failedSince>0</failedSince>
        </case>
        <case>
          <duration>3.69671E-4</duration>
          <className>These are sample RSpec tests</className>
          <testName>These are sample RSpec tests This is test #290</testName>
          <skipped>false</skipped>
          <failedSince>0</failedSince>
        </case>
        <case>
          <duration>3.53375E-4</duration>
          <className>These are sample RSpec tests</className>
          <testName>These are sample RSpec tests This is test #291</testName>
          <skipped>false</skipped>
          <failedSince>0</failedSince>
        </case>
        <case>
          <duration>3.33455E-4</duration>
          <className>These are sample RSpec tests</className>
          <testName>These are sample RSpec tests This is test #292</testName>
          <skipped>false</skipped>
          <failedSince>0</failedSince>
        </case>
        <case>
          <duration>2.37489E-4</duration>
          <className>These are sample RSpec tests</className>
          <testName>These are sample RSpec tests This is test #293</testName>
          <skipped>false</skipped>
          <failedSince>0</failedSince>
        </case>
        <case>
          <duration>3.59418E-4</duration>
          <className>These are sample RSpec tests</className>
          <testName>These are sample RSpec tests This is test #294</testName>
          <skipped>false</skipped>
          <failedSince>0</failedSince>
        </case>
        <case>
          <duration>3.51899E-4</duration>
          <className>These are sample RSpec tests</className>
          <testName>These are sample RSpec tests This is test #295</testName>
          <skipped>false</skipped>
          <failedSince>0</failedSince>
        </case>
        <case>
          <duration>2.44616E-4</duration>
          <className>These are sample RSpec tests</className>
          <testName>These are sample RSpec tests This is test #296</testName>
          <skipped>false</skipped>
          <failedSince>0</failedSince>
        </case>
        <case>
          <duration>2.3967E-4</duration>
          <className>These are sample RSpec tests</className>
          <testName>These are sample RSpec tests This is test #297</testName>
          <skipped>false</skipped>
          <failedSince>0</failedSince>
        </case>
        <case>
          <duration>3.2303E-4</duration>
          <className>These are sample RSpec tests</className>
          <testName>These are sample RSpec tests This is test #298</testName>
          <skipped>false</skipped>
          <failedSince>0</failedSince>
        </case>
        <case>
          <duration>3.35647E-4</duration>
          <className>These are sample RSpec tests</className>
          <testName>These are sample RSpec tests This is test #299</testName>
          <skipped>false</skipped>
          <failedSince>0</failedSince>
        </case>
        <case>
          <duration>3.99155E-4</duration>
          <className>These are sample RSpec tests</className>
          <testName>These are sample RSpec tests This is test #300</testName>
          <skipped>false</skipped>
          <failedSince>0</failedSince>
        </case>
        <case>
          <duration>3.36055E-4</duration>
          <className>These are sample RSpec tests</className>
          <testName>These are sample RSpec tests This is test #301</testName>
          <skipped>false</skipped>
          <failedSince>0</failedSince>
        </case>
        <case>
          <duration>3.39468E-4</duration>
          <className>These are sample RSpec tests</className>
          <testName>These are sample RSpec tests This is test #302</testName>
          <skipped>false</skipped>
          <failedSince>0</failedSince>
        </case>
        <case>
          <duration>3.77879E-4</duration>
          <className>These are sample RSpec tests</className>
          <testName>These are sample RSpec tests This is test #303</testName>
          <skipped>false</skipped>
          <failedSince>0</failedSince>
        </case>
        <case>
          <duration>3.4571E-4</duration>
          <className>These are sample RSpec tests</className>
          <testName>These are sample RSpec tests This is test #304</testName>
          <skipped>false</skipped>
          <failedSince>0</failedSince>
        </case>
        <case>
          <duration>4.0663E-4</duration>
          <className>These are sample RSpec tests</className>
          <testName>These are sample RSpec tests This is test #305</testName>
          <skipped>false</skipped>
          <failedSince>0</failedSince>
        </case>
        <case>
          <duration>3.87558E-4</duration>
          <className>These are sample RSpec tests</className>
          <testName>These are sample RSpec tests This is test #306</testName>
          <skipped>false</skipped>
          <failedSince>0</failedSince>
        </case>
        <case>
          <duration>3.57912E-4</duration>
          <className>These are sample RSpec tests</className>
          <testName>These are sample RSpec tests This is test #307</testName>
          <skipped>false</skipped>
          <failedSince>0</failedSince>
        </case>
        <case>
          <duration>3.86409E-4</duration>
          <className>These are sample RSpec tests</className>
          <testName>These are sample RSpec tests This is test #308</testName>
          <skipped>false</skipped>
          <failedSince>0</failedSince>
        </case>
        <case>
          <duration>4.11261E-4</duration>
          <className>These are sample RSpec tests</className>
          <testName>These are sample RSpec tests This is test #309</testName>
          <skipped>false</skipped>
          <failedSince>0</failedSince>
        </case>
        <case>
          <duration>3.59614E-4</duration>
          <className>These are sample RSpec tests</className>
          <testName>These are sample RSpec tests This is test #310</testName>
          <skipped>false</skipped>
          <failedSince>0</failedSince>
        </case>
        <case>
          <duration>3.81907E-4</duration>
          <className>These are sample RSpec tests</className>
          <testName>These are sample RSpec tests This is test #311</testName>
          <skipped>false</skipped>
          <failedSince>0</failedSince>
        </case>
        <case>
          <duration>3.67736E-4</duration>
          <className>These are sample RSpec tests</className>
          <testName>These are sample RSpec tests This is test #312</testName>
          <skipped>false</skipped>
          <failedSince>0</failedSince>
        </case>
        <case>
          <duration>4.29855E-4</duration>
          <className>These are sample RSpec tests</className>
          <testName>These are sample RSpec tests This is test #313</testName>
          <skipped>false</skipped>
          <failedSince>0</failedSince>
        </case>
        <case>
          <duration>3.80292E-4</duration>
          <className>These are sample RSpec tests</className>
          <testName>These are sample RSpec tests This is test #314</testName>
          <skipped>false</skipped>
          <failedSince>0</failedSince>
        </case>
        <case>
          <duration>3.45511E-4</duration>
          <className>These are sample RSpec tests</className>
          <testName>These are sample RSpec tests This is test #315</testName>
          <skipped>false</skipped>
          <failedSince>0</failedSince>
        </case>
        <case>
          <duration>0.002095329</duration>
          <className>These are sample RSpec tests</className>
          <testName>These are sample RSpec tests This is test #316</testName>
          <skipped>false</skipped>
          <failedSince>0</failedSince>
        </case>
        <case>
          <duration>3.63124E-4</duration>
          <className>These are sample RSpec tests</className>
          <testName>These are sample RSpec tests This is test #317</testName>
          <skipped>false</skipped>
          <failedSince>0</failedSince>
        </case>
        <case>
          <duration>3.42828E-4</duration>
          <className>These are sample RSpec tests</className>
          <testName>These are sample RSpec tests This is test #318</testName>
          <skipped>false</skipped>
          <failedSince>0</failedSince>
        </case>
        <case>
          <duration>3.60199E-4</duration>
          <className>These are sample RSpec tests</className>
          <testName>These are sample RSpec tests This is test #319</testName>
          <skipped>false</skipped>
          <failedSince>0</failedSince>
        </case>
        <case>
          <duration>4.25051E-4</duration>
          <className>These are sample RSpec tests</className>
          <testName>These are sample RSpec tests This is test #320</testName>
          <skipped>false</skipped>
          <failedSince>0</failedSince>
        </case>
        <case>
          <duration>3.56648E-4</duration>
          <className>These are sample RSpec tests</className>
          <testName>These are sample RSpec tests This is test #321</testName>
          <skipped>false</skipped>
          <failedSince>0</failedSince>
        </case>
        <case>
          <duration>3.43912E-4</duration>
          <className>These are sample RSpec tests</className>
          <testName>These are sample RSpec tests This is test #322</testName>
          <skipped>false</skipped>
          <failedSince>0</failedSince>
        </case>
        <case>
          <duration>4.66257E-4</duration>
          <className>These are sample RSpec tests</className>
          <testName>These are sample RSpec tests This is test #323</testName>
          <skipped>false</skipped>
          <failedSince>0</failedSince>
        </case>
        <case>
          <duration>4.27573E-4</duration>
          <className>These are sample RSpec tests</className>
          <testName>These are sample RSpec tests This is test #324</testName>
          <skipped>false</skipped>
          <failedSince>0</failedSince>
        </case>
        <case>
          <duration>3.33982E-4</duration>
          <className>These are sample RSpec tests</className>
          <testName>These are sample RSpec tests This is test #325</testName>
          <skipped>false</skipped>
          <failedSince>0</failedSince>
        </case>
        <case>
          <duration>3.5261E-4</duration>
          <className>These are sample RSpec tests</className>
          <testName>These are sample RSpec tests This is test #326</testName>
          <skipped>false</skipped>
          <failedSince>0</failedSince>
        </case>
        <case>
          <duration>3.48456E-4</duration>
          <className>These are sample RSpec tests</className>
          <testName>These are sample RSpec tests This is test #327</testName>
          <skipped>false</skipped>
          <failedSince>0</failedSince>
        </case>
        <case>
          <duration>0.001851228</duration>
          <className>These are sample RSpec tests</className>
          <testName>These are sample RSpec tests This is test #328</testName>
          <skipped>false</skipped>
          <failedSince>0</failedSince>
        </case>
        <case>
          <duration>3.43124E-4</duration>
          <className>These are sample RSpec tests</className>
          <testName>These are sample RSpec tests This is test #329</testName>
          <skipped>false</skipped>
          <failedSince>0</failedSince>
        </case>
        <case>
          <duration>3.40213E-4</duration>
          <className>These are sample RSpec tests</className>
          <testName>These are sample RSpec tests This is test #330</testName>
          <skipped>false</skipped>
          <failedSince>0</failedSince>
        </case>
        <case>
          <duration>3.92064E-4</duration>
          <className>These are sample RSpec tests</className>
          <testName>These are sample RSpec tests This is test #331</testName>
          <skipped>false</skipped>
          <failedSince>0</failedSince>
        </case>
        <case>
          <duration>3.36369E-4</duration>
          <className>These are sample RSpec tests</className>
          <testName>These are sample RSpec tests This is test #332</testName>
          <skipped>false</skipped>
          <failedSince>0</failedSince>
        </case>
        <case>
          <duration>3.47318E-4</duration>
          <className>These are sample RSpec tests</className>
          <testName>These are sample RSpec tests This is test #333</testName>
          <skipped>false</skipped>
          <failedSince>0</failedSince>
        </case>
        <case>
          <duration>3.86782E-4</duration>
          <className>These are sample RSpec tests</className>
          <testName>These are sample RSpec tests This is test #334</testName>
          <skipped>false</skipped>
          <failedSince>0</failedSince>
        </case>
        <case>
          <duration>3.83599E-4</duration>
          <className>These are sample RSpec tests</className>
          <testName>These are sample RSpec tests This is test #335</testName>
          <skipped>false</skipped>
          <failedSince>0</failedSince>
        </case>
        <case>
          <duration>3.91065E-4</duration>
          <className>These are sample RSpec tests</className>
          <testName>These are sample RSpec tests This is test #336</testName>
          <skipped>false</skipped>
          <failedSince>0</failedSince>
        </case>
        <case>
          <duration>4.15823E-4</duration>
          <className>These are sample RSpec tests</className>
          <testName>These are sample RSpec tests This is test #337</testName>
          <skipped>false</skipped>
          <failedSince>0</failedSince>
        </case>
        <case>
          <duration>3.89707E-4</duration>
          <className>These are sample RSpec tests</className>
          <testName>These are sample RSpec tests This is test #338</testName>
          <skipped>false</skipped>
          <failedSince>0</failedSince>
        </case>
        <case>
          <duration>3.36327E-4</duration>
          <className>These are sample RSpec tests</className>
          <testName>These are sample RSpec tests This is test #339</testName>
          <skipped>false</skipped>
          <failedSince>0</failedSince>
        </case>
        <case>
          <duration>4.17385E-4</duration>
          <className>These are sample RSpec tests</className>
          <testName>These are sample RSpec tests This is test #340</testName>
          <skipped>false</skipped>
          <failedSince>0</failedSince>
        </case>
        <case>
          <duration>4.54912E-4</duration>
          <className>These are sample RSpec tests</className>
          <testName>These are sample RSpec tests This is test #341</testName>
          <skipped>false</skipped>
          <failedSince>0</failedSince>
        </case>
        <case>
          <duration>3.79577E-4</duration>
          <className>These are sample RSpec tests</className>
          <testName>These are sample RSpec tests This is test #342</testName>
          <skipped>false</skipped>
          <failedSince>0</failedSince>
        </case>
        <case>
          <duration>3.51344E-4</duration>
          <className>These are sample RSpec tests</className>
          <testName>These are sample RSpec tests This is test #343</testName>
          <skipped>false</skipped>
          <failedSince>0</failedSince>
        </case>
        <case>
          <duration>3.5886E-4</duration>
          <className>These are sample RSpec tests</className>
          <testName>These are sample RSpec tests This is test #344</testName>
          <skipped>false</skipped>
          <failedSince>0</failedSince>
        </case>
        <case>
          <duration>3.64799E-4</duration>
          <className>These are sample RSpec tests</className>
          <testName>These are sample RSpec tests This is test #345</testName>
          <skipped>false</skipped>
          <failedSince>0</failedSince>
        </case>
        <case>
          <duration>3.67774E-4</duration>
          <className>These are sample RSpec tests</className>
          <testName>These are sample RSpec tests This is test #346</testName>
          <skipped>false</skipped>
          <failedSince>0</failedSince>
        </case>
        <case>
          <duration>3.60246E-4</duration>
          <className>These are sample RSpec tests</className>
          <testName>These are sample RSpec tests This is test #347</testName>
          <skipped>false</skipped>
          <failedSince>0</failedSince>
        </case>
        <case>
          <duration>3.39631E-4</duration>
          <className>These are sample RSpec tests</className>
          <testName>These are sample RSpec tests This is test #348</testName>
          <skipped>false</skipped>
          <failedSince>0</failedSince>
        </case>
        <case>
          <duration>3.58187E-4</duration>
          <className>These are sample RSpec tests</className>
          <testName>These are sample RSpec tests This is test #349</testName>
          <skipped>false</skipped>
          <failedSince>0</failedSince>
        </case>
        <case>
          <duration>3.72988E-4</duration>
          <className>These are sample RSpec tests</className>
          <testName>These are sample RSpec tests This is test #350</testName>
          <skipped>false</skipped>
          <failedSince>0</failedSince>
        </case>
        <case>
          <duration>3.72711E-4</duration>
          <className>These are sample RSpec tests</className>
          <testName>These are sample RSpec tests This is test #351</testName>
          <skipped>false</skipped>
          <failedSince>0</failedSince>
        </case>
        <case>
          <duration>3.5359E-4</duration>
          <className>These are sample RSpec tests</className>
          <testName>These are sample RSpec tests This is test #352</testName>
          <skipped>false</skipped>
          <failedSince>0</failedSince>
        </case>
        <case>
          <duration>3.6367E-4</duration>
          <className>These are sample RSpec tests</className>
          <testName>These are sample RSpec tests This is test #353</testName>
          <skipped>false</skipped>
          <failedSince>0</failedSince>
        </case>
        <case>
          <duration>3.35497E-4</duration>
          <className>These are sample RSpec tests</className>
          <testName>These are sample RSpec tests This is test #354</testName>
          <skipped>false</skipped>
          <failedSince>0</failedSince>
        </case>
        <case>
          <duration>3.93015E-4</duration>
          <className>These are sample RSpec tests</className>
          <testName>These are sample RSpec tests This is test #355</testName>
          <skipped>false</skipped>
          <failedSince>0</failedSince>
        </case>
        <case>
          <duration>4.52073E-4</duration>
          <className>These are sample RSpec tests</className>
          <testName>These are sample RSpec tests This is test #356</testName>
          <skipped>false</skipped>
          <failedSince>0</failedSince>
        </case>
        <case>
          <duration>5.23742E-4</duration>
          <className>These are sample RSpec tests</className>
          <testName>These are sample RSpec tests This is test #357</testName>
          <skipped>false</skipped>
          <failedSince>0</failedSince>
        </case>
        <case>
          <duration>3.45954E-4</duration>
          <className>These are sample RSpec tests</className>
          <testName>These are sample RSpec tests This is test #358</testName>
          <skipped>false</skipped>
          <failedSince>0</failedSince>
        </case>
        <case>
          <duration>4.57486E-4</duration>
          <className>These are sample RSpec tests</className>
          <testName>These are sample RSpec tests This is test #359</testName>
          <skipped>false</skipped>
          <failedSince>0</failedSince>
        </case>
        <case>
          <duration>3.45768E-4</duration>
          <className>These are sample RSpec tests</className>
          <testName>These are sample RSpec tests This is test #360</testName>
          <skipped>false</skipped>
          <failedSince>0</failedSince>
        </case>
        <case>
          <duration>4.07223E-4</duration>
          <className>These are sample RSpec tests</className>
          <testName>These are sample RSpec tests This is test #361</testName>
          <skipped>false</skipped>
          <failedSince>0</failedSince>
        </case>
        <case>
          <duration>4.04821E-4</duration>
          <className>These are sample RSpec tests</className>
          <testName>These are sample RSpec tests This is test #362</testName>
          <skipped>false</skipped>
          <failedSince>0</failedSince>
        </case>
        <case>
          <duration>3.97194E-4</duration>
          <className>These are sample RSpec tests</className>
          <testName>These are sample RSpec tests This is test #363</testName>
          <skipped>false</skipped>
          <failedSince>0</failedSince>
        </case>
        <case>
          <duration>3.2302E-4</duration>
          <className>These are sample RSpec tests</className>
          <testName>These are sample RSpec tests This is test #364</testName>
          <skipped>false</skipped>
          <failedSince>0</failedSince>
        </case>
        <case>
          <duration>4.13714E-4</duration>
          <className>These are sample RSpec tests</className>
          <testName>These are sample RSpec tests This is test #365</testName>
          <skipped>false</skipped>
          <failedSince>0</failedSince>
        </case>
        <case>
          <duration>3.09818E-4</duration>
          <className>These are sample RSpec tests</className>
          <testName>These are sample RSpec tests This is test #366</testName>
          <skipped>false</skipped>
          <failedSince>0</failedSince>
        </case>
        <case>
          <duration>3.46922E-4</duration>
          <className>These are sample RSpec tests</className>
          <testName>These are sample RSpec tests This is test #367</testName>
          <skipped>false</skipped>
          <failedSince>0</failedSince>
        </case>
        <case>
          <duration>4.74541E-4</duration>
          <className>These are sample RSpec tests</className>
          <testName>These are sample RSpec tests This is test #368</testName>
          <skipped>false</skipped>
          <failedSince>0</failedSince>
        </case>
        <case>
          <duration>3.46356E-4</duration>
          <className>These are sample RSpec tests</className>
          <testName>These are sample RSpec tests This is test #369</testName>
          <skipped>false</skipped>
          <failedSince>0</failedSince>
        </case>
        <case>
          <duration>3.56453E-4</duration>
          <className>These are sample RSpec tests</className>
          <testName>These are sample RSpec tests This is test #370</testName>
          <skipped>false</skipped>
          <failedSince>0</failedSince>
        </case>
        <case>
          <duration>2.39032E-4</duration>
          <className>These are sample RSpec tests</className>
          <testName>These are sample RSpec tests This is test #371</testName>
          <skipped>false</skipped>
          <failedSince>0</failedSince>
        </case>
        <case>
          <duration>3.36583E-4</duration>
          <className>These are sample RSpec tests</className>
          <testName>These are sample RSpec tests This is test #372</testName>
          <skipped>false</skipped>
          <failedSince>0</failedSince>
        </case>
        <case>
          <duration>2.46158E-4</duration>
          <className>These are sample RSpec tests</className>
          <testName>These are sample RSpec tests This is test #373</testName>
          <skipped>false</skipped>
          <failedSince>0</failedSince>
        </case>
        <case>
          <duration>3.01887E-4</duration>
          <className>These are sample RSpec tests</className>
          <testName>These are sample RSpec tests This is test #374</testName>
          <skipped>false</skipped>
          <failedSince>0</failedSince>
        </case>
        <case>
          <duration>2.75432E-4</duration>
          <className>These are sample RSpec tests</className>
          <testName>These are sample RSpec tests This is test #375</testName>
          <skipped>false</skipped>
          <failedSince>0</failedSince>
        </case>
        <case>
          <duration>2.28092E-4</duration>
          <className>These are sample RSpec tests</className>
          <testName>These are sample RSpec tests This is test #376</testName>
          <skipped>false</skipped>
          <failedSince>0</failedSince>
        </case>
        <case>
          <duration>3.44545E-4</duration>
          <className>These are sample RSpec tests</className>
          <testName>These are sample RSpec tests This is test #377</testName>
          <skipped>false</skipped>
          <failedSince>0</failedSince>
        </case>
        <case>
          <duration>3.4846E-4</duration>
          <className>These are sample RSpec tests</className>
          <testName>These are sample RSpec tests This is test #378</testName>
          <skipped>false</skipped>
          <failedSince>0</failedSince>
        </case>
        <case>
          <duration>3.28511E-4</duration>
          <className>These are sample RSpec tests</className>
          <testName>These are sample RSpec tests This is test #379</testName>
          <skipped>false</skipped>
          <failedSince>0</failedSince>
        </case>
        <case>
          <duration>3.50992E-4</duration>
          <className>These are sample RSpec tests</className>
          <testName>These are sample RSpec tests This is test #380</testName>
          <skipped>false</skipped>
          <failedSince>0</failedSince>
        </case>
        <case>
          <duration>3.85145E-4</duration>
          <className>These are sample RSpec tests</className>
          <testName>These are sample RSpec tests This is test #381</testName>
          <skipped>false</skipped>
          <failedSince>0</failedSince>
        </case>
        <case>
          <duration>4.38419E-4</duration>
          <className>These are sample RSpec tests</className>
          <testName>These are sample RSpec tests This is test #382</testName>
          <skipped>false</skipped>
          <failedSince>0</failedSince>
        </case>
        <case>
          <duration>3.85222E-4</duration>
          <className>These are sample RSpec tests</className>
          <testName>These are sample RSpec tests This is test #383</testName>
          <skipped>false</skipped>
          <failedSince>0</failedSince>
        </case>
        <case>
          <duration>3.95671E-4</duration>
          <className>These are sample RSpec tests</className>
          <testName>These are sample RSpec tests This is test #384</testName>
          <skipped>false</skipped>
          <failedSince>0</failedSince>
        </case>
        <case>
          <duration>3.84671E-4</duration>
          <className>These are sample RSpec tests</className>
          <testName>These are sample RSpec tests This is test #385</testName>
          <skipped>false</skipped>
          <failedSince>0</failedSince>
        </case>
        <case>
          <duration>3.87791E-4</duration>
          <className>These are sample RSpec tests</className>
          <testName>These are sample RSpec tests This is test #386</testName>
          <skipped>false</skipped>
          <failedSince>0</failedSince>
        </case>
        <case>
          <duration>3.3959E-4</duration>
          <className>These are sample RSpec tests</className>
          <testName>These are sample RSpec tests This is test #387</testName>
          <skipped>false</skipped>
          <failedSince>0</failedSince>
        </case>
        <case>
          <duration>3.63862E-4</duration>
          <className>These are sample RSpec tests</className>
          <testName>These are sample RSpec tests This is test #388</testName>
          <skipped>false</skipped>
          <failedSince>0</failedSince>
        </case>
        <case>
          <duration>3.65095E-4</duration>
          <className>These are sample RSpec tests</className>
          <testName>These are sample RSpec tests This is test #389</testName>
          <skipped>false</skipped>
          <failedSince>0</failedSince>
        </case>
        <case>
          <duration>3.64147E-4</duration>
          <className>These are sample RSpec tests</className>
          <testName>These are sample RSpec tests This is test #390</testName>
          <skipped>false</skipped>
          <failedSince>0</failedSince>
        </case>
        <case>
          <duration>3.42946E-4</duration>
          <className>These are sample RSpec tests</className>
          <testName>These are sample RSpec tests This is test #391</testName>
          <skipped>false</skipped>
          <failedSince>0</failedSince>
        </case>
        <case>
          <duration>3.97013E-4</duration>
          <className>These are sample RSpec tests</className>
          <testName>These are sample RSpec tests This is test #392</testName>
          <skipped>false</skipped>
          <failedSince>0</failedSince>
        </case>
        <case>
          <duration>4.20673E-4</duration>
          <className>These are sample RSpec tests</className>
          <testName>These are sample RSpec tests This is test #393</testName>
          <skipped>false</skipped>
          <failedSince>0</failedSince>
        </case>
        <case>
          <duration>3.8475E-4</duration>
          <className>These are sample RSpec tests</className>
          <testName>These are sample RSpec tests This is test #394</testName>
          <skipped>false</skipped>
          <failedSince>0</failedSince>
        </case>
        <case>
          <duration>3.90573E-4</duration>
          <className>These are sample RSpec tests</className>
          <testName>These are sample RSpec tests This is test #395</testName>
          <skipped>false</skipped>
          <failedSince>0</failedSince>
        </case>
        <case>
          <duration>3.85732E-4</duration>
          <className>These are sample RSpec tests</className>
          <testName>These are sample RSpec tests This is test #396</testName>
          <skipped>false</skipped>
          <failedSince>0</failedSince>
        </case>
        <case>
          <duration>3.91854E-4</duration>
          <className>These are sample RSpec tests</className>
          <testName>These are sample RSpec tests This is test #397</testName>
          <skipped>false</skipped>
          <failedSince>0</failedSince>
        </case>
        <case>
          <duration>4.07613E-4</duration>
          <className>These are sample RSpec tests</className>
          <testName>These are sample RSpec tests This is test #398</testName>
          <skipped>false</skipped>
          <failedSince>0</failedSince>
        </case>
        <case>
          <duration>4.23761E-4</duration>
          <className>These are sample RSpec tests</className>
          <testName>These are sample RSpec tests This is test #399</testName>
          <skipped>false</skipped>
          <failedSince>0</failedSince>
        </case>
        <case>
          <duration>3.95324E-4</duration>
          <className>These are sample RSpec tests</className>
          <testName>These are sample RSpec tests This is test #400</testName>
          <skipped>false</skipped>
          <failedSince>0</failedSince>
        </case>
        <case>
          <duration>4.06484E-4</duration>
          <className>These are sample RSpec tests</className>
          <testName>These are sample RSpec tests This is test #401</testName>
          <skipped>false</skipped>
          <failedSince>0</failedSince>
        </case>
        <case>
          <duration>8.6768E-4</duration>
          <className>These are sample RSpec tests</className>
          <testName>These are sample RSpec tests This is test #402</testName>
          <skipped>false</skipped>
          <failedSince>0</failedSince>
        </case>
        <case>
          <duration>3.59226E-4</duration>
          <className>These are sample RSpec tests</className>
          <testName>These are sample RSpec tests This is test #403</testName>
          <skipped>false</skipped>
          <failedSince>0</failedSince>
        </case>
        <case>
          <duration>3.63135E-4</duration>
          <className>These are sample RSpec tests</className>
          <testName>These are sample RSpec tests This is test #404</testName>
          <skipped>false</skipped>
          <failedSince>0</failedSince>
        </case>
        <case>
          <duration>3.66508E-4</duration>
          <className>These are sample RSpec tests</className>
          <testName>These are sample RSpec tests This is test #405</testName>
          <skipped>false</skipped>
          <failedSince>0</failedSince>
        </case>
        <case>
          <duration>3.15868E-4</duration>
          <className>These are sample RSpec tests</className>
          <testName>These are sample RSpec tests This is test #406</testName>
          <skipped>false</skipped>
          <failedSince>0</failedSince>
        </case>
        <case>
          <duration>3.68723E-4</duration>
          <className>These are sample RSpec tests</className>
          <testName>These are sample RSpec tests This is test #407</testName>
          <skipped>false</skipped>
          <failedSince>0</failedSince>
        </case>
        <case>
          <duration>4.62655E-4</duration>
          <className>These are sample RSpec tests</className>
          <testName>These are sample RSpec tests This is test #408</testName>
          <skipped>false</skipped>
          <failedSince>0</failedSince>
        </case>
        <case>
          <duration>4.4001E-4</duration>
          <className>These are sample RSpec tests</className>
          <testName>These are sample RSpec tests This is test #409</testName>
          <skipped>false</skipped>
          <failedSince>0</failedSince>
        </case>
        <case>
          <duration>3.93129E-4</duration>
          <className>These are sample RSpec tests</className>
          <testName>These are sample RSpec tests This is test #410</testName>
          <skipped>false</skipped>
          <failedSince>0</failedSince>
        </case>
        <case>
          <duration>4.63923E-4</duration>
          <className>These are sample RSpec tests</className>
          <testName>These are sample RSpec tests This is test #411</testName>
          <skipped>false</skipped>
          <failedSince>0</failedSince>
        </case>
        <case>
          <duration>3.16547E-4</duration>
          <className>These are sample RSpec tests</className>
          <testName>These are sample RSpec tests This is test #412</testName>
          <skipped>false</skipped>
          <failedSince>0</failedSince>
        </case>
        <case>
          <duration>4.24482E-4</duration>
          <className>These are sample RSpec tests</className>
          <testName>These are sample RSpec tests This is test #413</testName>
          <skipped>false</skipped>
          <failedSince>0</failedSince>
        </case>
        <case>
          <duration>4.42149E-4</duration>
          <className>These are sample RSpec tests</className>
          <testName>These are sample RSpec tests This is test #414</testName>
          <skipped>false</skipped>
          <failedSince>0</failedSince>
        </case>
        <case>
          <duration>3.61328E-4</duration>
          <className>These are sample RSpec tests</className>
          <testName>These are sample RSpec tests This is test #415</testName>
          <skipped>false</skipped>
          <failedSince>0</failedSince>
        </case>
        <case>
          <duration>2.36787E-4</duration>
          <className>These are sample RSpec tests</className>
          <testName>These are sample RSpec tests This is test #416</testName>
          <skipped>false</skipped>
          <failedSince>0</failedSince>
        </case>
        <case>
          <duration>3.94074E-4</duration>
          <className>These are sample RSpec tests</className>
          <testName>These are sample RSpec tests This is test #417</testName>
          <skipped>false</skipped>
          <failedSince>0</failedSince>
        </case>
        <case>
          <duration>3.57653E-4</duration>
          <className>These are sample RSpec tests</className>
          <testName>These are sample RSpec tests This is test #418</testName>
          <skipped>false</skipped>
          <failedSince>0</failedSince>
        </case>
        <case>
          <duration>3.68119E-4</duration>
          <className>These are sample RSpec tests</className>
          <testName>These are sample RSpec tests This is test #419</testName>
          <skipped>false</skipped>
          <failedSince>0</failedSince>
        </case>
        <case>
          <duration>4.30682E-4</duration>
          <className>These are sample RSpec tests</className>
          <testName>These are sample RSpec tests This is test #420</testName>
          <skipped>false</skipped>
          <failedSince>0</failedSince>
        </case>
        <case>
          <duration>3.80308E-4</duration>
          <className>These are sample RSpec tests</className>
          <testName>These are sample RSpec tests This is test #421</testName>
          <skipped>false</skipped>
          <failedSince>0</failedSince>
        </case>
        <case>
          <duration>3.60213E-4</duration>
          <className>These are sample RSpec tests</className>
          <testName>These are sample RSpec tests This is test #422</testName>
          <skipped>false</skipped>
          <failedSince>0</failedSince>
        </case>
        <case>
          <duration>0.002018534</duration>
          <className>These are sample RSpec tests</className>
          <testName>These are sample RSpec tests This is test #423</testName>
          <skipped>false</skipped>
          <failedSince>0</failedSince>
        </case>
        <case>
          <duration>3.33535E-4</duration>
          <className>These are sample RSpec tests</className>
          <testName>These are sample RSpec tests This is test #424</testName>
          <skipped>false</skipped>
          <failedSince>0</failedSince>
        </case>
        <case>
          <duration>3.35801E-4</duration>
          <className>These are sample RSpec tests</className>
          <testName>These are sample RSpec tests This is test #425</testName>
          <skipped>false</skipped>
          <failedSince>0</failedSince>
        </case>
        <case>
          <duration>3.362E-4</duration>
          <className>These are sample RSpec tests</className>
          <testName>These are sample RSpec tests This is test #426</testName>
          <skipped>false</skipped>
          <failedSince>0</failedSince>
        </case>
        <case>
          <duration>2.48757E-4</duration>
          <className>These are sample RSpec tests</className>
          <testName>These are sample RSpec tests This is test #427</testName>
          <skipped>false</skipped>
          <failedSince>0</failedSince>
        </case>
        <case>
          <duration>2.58152E-4</duration>
          <className>These are sample RSpec tests</className>
          <testName>These are sample RSpec tests This is test #428</testName>
          <skipped>false</skipped>
          <failedSince>0</failedSince>
        </case>
        <case>
          <duration>2.44141E-4</duration>
          <className>These are sample RSpec tests</className>
          <testName>These are sample RSpec tests This is test #429</testName>
          <skipped>false</skipped>
          <failedSince>0</failedSince>
        </case>
        <case>
          <duration>2.47802E-4</duration>
          <className>These are sample RSpec tests</className>
          <testName>These are sample RSpec tests This is test #430</testName>
          <skipped>false</skipped>
          <failedSince>0</failedSince>
        </case>
        <case>
          <duration>2.45499E-4</duration>
          <className>These are sample RSpec tests</className>
          <testName>These are sample RSpec tests This is test #431</testName>
          <skipped>false</skipped>
          <failedSince>0</failedSince>
        </case>
        <case>
          <duration>2.79725E-4</duration>
          <className>These are sample RSpec tests</className>
          <testName>These are sample RSpec tests This is test #432</testName>
          <skipped>false</skipped>
          <failedSince>0</failedSince>
        </case>
        <case>
          <duration>3.58896E-4</duration>
          <className>These are sample RSpec tests</className>
          <testName>These are sample RSpec tests This is test #433</testName>
          <skipped>false</skipped>
          <failedSince>0</failedSince>
        </case>
        <case>
          <duration>2.57552E-4</duration>
          <className>These are sample RSpec tests</className>
          <testName>These are sample RSpec tests This is test #434</testName>
          <skipped>false</skipped>
          <failedSince>0</failedSince>
        </case>
        <case>
          <duration>2.42707E-4</duration>
          <className>These are sample RSpec tests</className>
          <testName>These are sample RSpec tests This is test #435</testName>
          <skipped>false</skipped>
          <failedSince>0</failedSince>
        </case>
        <case>
          <duration>2.78709E-4</duration>
          <className>These are sample RSpec tests</className>
          <testName>These are sample RSpec tests This is test #436</testName>
          <skipped>false</skipped>
          <failedSince>0</failedSince>
        </case>
        <case>
          <duration>2.34169E-4</duration>
          <className>These are sample RSpec tests</className>
          <testName>These are sample RSpec tests This is test #437</testName>
          <skipped>false</skipped>
          <failedSince>0</failedSince>
        </case>
        <case>
          <duration>2.32638E-4</duration>
          <className>These are sample RSpec tests</className>
          <testName>These are sample RSpec tests This is test #438</testName>
          <skipped>false</skipped>
          <failedSince>0</failedSince>
        </case>
        <case>
          <duration>3.60912E-4</duration>
          <className>These are sample RSpec tests</className>
          <testName>These are sample RSpec tests This is test #439</testName>
          <skipped>false</skipped>
          <failedSince>0</failedSince>
        </case>
        <case>
          <duration>3.48166E-4</duration>
          <className>These are sample RSpec tests</className>
          <testName>These are sample RSpec tests This is test #440</testName>
          <skipped>false</skipped>
          <failedSince>0</failedSince>
        </case>
        <case>
          <duration>3.4217E-4</duration>
          <className>These are sample RSpec tests</className>
          <testName>These are sample RSpec tests This is test #441</testName>
          <skipped>false</skipped>
          <failedSince>0</failedSince>
        </case>
        <case>
          <duration>3.31781E-4</duration>
          <className>These are sample RSpec tests</className>
          <testName>These are sample RSpec tests This is test #442</testName>
          <skipped>false</skipped>
          <failedSince>0</failedSince>
        </case>
        <case>
          <duration>2.56206E-4</duration>
          <className>These are sample RSpec tests</className>
          <testName>These are sample RSpec tests This is test #443</testName>
          <skipped>false</skipped>
          <failedSince>0</failedSince>
        </case>
        <case>
          <duration>6.14361E-4</duration>
          <className>These are sample RSpec tests</className>
          <testName>These are sample RSpec tests This is test #444</testName>
          <skipped>false</skipped>
          <failedSince>0</failedSince>
        </case>
        <case>
          <duration>2.54145E-4</duration>
          <className>These are sample RSpec tests</className>
          <testName>These are sample RSpec tests This is test #445</testName>
          <skipped>false</skipped>
          <failedSince>0</failedSince>
        </case>
        <case>
          <duration>3.84967E-4</duration>
          <className>These are sample RSpec tests</className>
          <testName>These are sample RSpec tests This is test #446</testName>
          <skipped>false</skipped>
          <failedSince>0</failedSince>
        </case>
        <case>
          <duration>2.65314E-4</duration>
          <className>These are sample RSpec tests</className>
          <testName>These are sample RSpec tests This is test #447</testName>
          <skipped>false</skipped>
          <failedSince>0</failedSince>
        </case>
        <case>
          <duration>2.49793E-4</duration>
          <className>These are sample RSpec tests</className>
          <testName>These are sample RSpec tests This is test #448</testName>
          <skipped>false</skipped>
          <failedSince>0</failedSince>
        </case>
        <case>
          <duration>3.45843E-4</duration>
          <className>These are sample RSpec tests</className>
          <testName>These are sample RSpec tests This is test #449</testName>
          <skipped>false</skipped>
          <failedSince>0</failedSince>
        </case>
        <case>
          <duration>3.56693E-4</duration>
          <className>These are sample RSpec tests</className>
          <testName>These are sample RSpec tests This is test #450</testName>
          <skipped>false</skipped>
          <failedSince>0</failedSince>
        </case>
        <case>
          <duration>3.53967E-4</duration>
          <className>These are sample RSpec tests</className>
          <testName>These are sample RSpec tests This is test #451</testName>
          <skipped>false</skipped>
          <failedSince>0</failedSince>
        </case>
        <case>
          <duration>3.78685E-4</duration>
          <className>These are sample RSpec tests</className>
          <testName>These are sample RSpec tests This is test #452</testName>
          <skipped>false</skipped>
          <failedSince>0</failedSince>
        </case>
        <case>
          <duration>3.79495E-4</duration>
          <className>These are sample RSpec tests</className>
          <testName>These are sample RSpec tests This is test #453</testName>
          <skipped>false</skipped>
          <failedSince>0</failedSince>
        </case>
        <case>
          <duration>3.89619E-4</duration>
          <className>These are sample RSpec tests</className>
          <testName>These are sample RSpec tests This is test #454</testName>
          <skipped>false</skipped>
          <failedSince>0</failedSince>
        </case>
        <case>
          <duration>3.9959E-4</duration>
          <className>These are sample RSpec tests</className>
          <testName>These are sample RSpec tests This is test #455</testName>
          <skipped>false</skipped>
          <failedSince>0</failedSince>
        </case>
        <case>
          <duration>3.52042E-4</duration>
          <className>These are sample RSpec tests</className>
          <testName>These are sample RSpec tests This is test #456</testName>
          <skipped>false</skipped>
          <failedSince>0</failedSince>
        </case>
        <case>
          <duration>3.27675E-4</duration>
          <className>These are sample RSpec tests</className>
          <testName>These are sample RSpec tests This is test #457</testName>
          <skipped>false</skipped>
          <failedSince>0</failedSince>
        </case>
        <case>
          <duration>3.51231E-4</duration>
          <className>These are sample RSpec tests</className>
          <testName>These are sample RSpec tests This is test #458</testName>
          <skipped>false</skipped>
          <failedSince>0</failedSince>
        </case>
        <case>
          <duration>3.28326E-4</duration>
          <className>These are sample RSpec tests</className>
          <testName>These are sample RSpec tests This is test #459</testName>
          <skipped>false</skipped>
          <failedSince>0</failedSince>
        </case>
        <case>
          <duration>3.56774E-4</duration>
          <className>These are sample RSpec tests</className>
          <testName>These are sample RSpec tests This is test #460</testName>
          <skipped>false</skipped>
          <failedSince>0</failedSince>
        </case>
        <case>
          <duration>3.2118E-4</duration>
          <className>These are sample RSpec tests</className>
          <testName>These are sample RSpec tests This is test #461</testName>
          <skipped>false</skipped>
          <failedSince>0</failedSince>
        </case>
        <case>
          <duration>3.77057E-4</duration>
          <className>These are sample RSpec tests</className>
          <testName>These are sample RSpec tests This is test #462</testName>
          <skipped>false</skipped>
          <failedSince>0</failedSince>
        </case>
        <case>
          <duration>4.2617E-4</duration>
          <className>These are sample RSpec tests</className>
          <testName>These are sample RSpec tests This is test #463</testName>
          <skipped>false</skipped>
          <failedSince>0</failedSince>
        </case>
        <case>
          <duration>3.76114E-4</duration>
          <className>These are sample RSpec tests</className>
          <testName>These are sample RSpec tests This is test #464</testName>
          <skipped>false</skipped>
          <failedSince>0</failedSince>
        </case>
        <case>
          <duration>3.32435E-4</duration>
          <className>These are sample RSpec tests</className>
          <testName>These are sample RSpec tests This is test #465</testName>
          <skipped>false</skipped>
          <failedSince>0</failedSince>
        </case>
        <case>
          <duration>3.8285E-4</duration>
          <className>These are sample RSpec tests</className>
          <testName>These are sample RSpec tests This is test #466</testName>
          <skipped>false</skipped>
          <failedSince>0</failedSince>
        </case>
        <case>
          <duration>3.95157E-4</duration>
          <className>These are sample RSpec tests</className>
          <testName>These are sample RSpec tests This is test #467</testName>
          <skipped>false</skipped>
          <failedSince>0</failedSince>
        </case>
        <case>
          <duration>3.67069E-4</duration>
          <className>These are sample RSpec tests</className>
          <testName>These are sample RSpec tests This is test #468</testName>
          <skipped>false</skipped>
          <failedSince>0</failedSince>
        </case>
        <case>
          <duration>3.45769E-4</duration>
          <className>These are sample RSpec tests</className>
          <testName>These are sample RSpec tests This is test #469</testName>
          <skipped>false</skipped>
          <failedSince>0</failedSince>
        </case>
        <case>
          <duration>3.23561E-4</duration>
          <className>These are sample RSpec tests</className>
          <testName>These are sample RSpec tests This is test #470</testName>
          <skipped>false</skipped>
          <failedSince>0</failedSince>
        </case>
        <case>
          <duration>3.57269E-4</duration>
          <className>These are sample RSpec tests</className>
          <testName>These are sample RSpec tests This is test #471</testName>
          <skipped>false</skipped>
          <failedSince>0</failedSince>
        </case>
        <case>
          <duration>3.55769E-4</duration>
          <className>These are sample RSpec tests</className>
          <testName>These are sample RSpec tests This is test #472</testName>
          <skipped>false</skipped>
          <failedSince>0</failedSince>
        </case>
        <case>
          <duration>2.50172E-4</duration>
          <className>These are sample RSpec tests</className>
          <testName>These are sample RSpec tests This is test #473</testName>
          <skipped>false</skipped>
          <failedSince>0</failedSince>
        </case>
        <case>
          <duration>3.33682E-4</duration>
          <className>These are sample RSpec tests</className>
          <testName>These are sample RSpec tests This is test #474</testName>
          <skipped>false</skipped>
          <failedSince>0</failedSince>
        </case>
        <case>
          <duration>3.06402E-4</duration>
          <className>These are sample RSpec tests</className>
          <testName>These are sample RSpec tests This is test #475</testName>
          <skipped>false</skipped>
          <failedSince>0</failedSince>
        </case>
        <case>
          <duration>3.01396E-4</duration>
          <className>These are sample RSpec tests</className>
          <testName>These are sample RSpec tests This is test #476</testName>
          <skipped>false</skipped>
          <failedSince>0</failedSince>
        </case>
        <case>
          <duration>3.3206E-4</duration>
          <className>These are sample RSpec tests</className>
          <testName>These are sample RSpec tests This is test #477</testName>
          <skipped>false</skipped>
          <failedSince>0</failedSince>
        </case>
        <case>
          <duration>3.12751E-4</duration>
          <className>These are sample RSpec tests</className>
          <testName>These are sample RSpec tests This is test #478</testName>
          <skipped>false</skipped>
          <failedSince>0</failedSince>
        </case>
        <case>
          <duration>3.38486E-4</duration>
          <className>These are sample RSpec tests</className>
          <testName>These are sample RSpec tests This is test #479</testName>
          <skipped>false</skipped>
          <failedSince>0</failedSince>
        </case>
        <case>
          <duration>4.37126E-4</duration>
          <className>These are sample RSpec tests</className>
          <testName>These are sample RSpec tests This is test #480</testName>
          <skipped>false</skipped>
          <failedSince>0</failedSince>
        </case>
        <case>
          <duration>3.48742E-4</duration>
          <className>These are sample RSpec tests</className>
          <testName>These are sample RSpec tests This is test #481</testName>
          <skipped>false</skipped>
          <failedSince>0</failedSince>
        </case>
        <case>
          <duration>4.65861E-4</duration>
          <className>These are sample RSpec tests</className>
          <testName>These are sample RSpec tests This is test #482</testName>
          <skipped>false</skipped>
          <failedSince>0</failedSince>
        </case>
        <case>
          <duration>2.57057E-4</duration>
          <className>These are sample RSpec tests</className>
          <testName>These are sample RSpec tests This is test #483</testName>
          <skipped>false</skipped>
          <failedSince>0</failedSince>
        </case>
        <case>
          <duration>2.98637E-4</duration>
          <className>These are sample RSpec tests</className>
          <testName>These are sample RSpec tests This is test #484</testName>
          <skipped>false</skipped>
          <failedSince>0</failedSince>
        </case>
        <case>
          <duration>3.83478E-4</duration>
          <className>These are sample RSpec tests</className>
          <testName>These are sample RSpec tests This is test #485</testName>
          <skipped>false</skipped>
          <failedSince>0</failedSince>
        </case>
        <case>
          <duration>3.26464E-4</duration>
          <className>These are sample RSpec tests</className>
          <testName>These are sample RSpec tests This is test #486</testName>
          <skipped>false</skipped>
          <failedSince>0</failedSince>
        </case>
        <case>
          <duration>2.2795E-4</duration>
          <className>These are sample RSpec tests</className>
          <testName>These are sample RSpec tests This is test #487</testName>
          <skipped>false</skipped>
          <failedSince>0</failedSince>
        </case>
        <case>
          <duration>4.38361E-4</duration>
          <className>These are sample RSpec tests</className>
          <testName>These are sample RSpec tests This is test #488</testName>
          <skipped>false</skipped>
          <failedSince>0</failedSince>
        </case>
        <case>
          <duration>4.18741E-4</duration>
          <className>These are sample RSpec tests</className>
          <testName>These are sample RSpec tests This is test #489</testName>
          <skipped>false</skipped>
          <failedSince>0</failedSince>
        </case>
        <case>
          <duration>3.46651E-4</duration>
          <className>These are sample RSpec tests</className>
          <testName>These are sample RSpec tests This is test #490</testName>
          <skipped>false</skipped>
          <failedSince>0</failedSince>
        </case>
        <case>
          <duration>3.62395E-4</duration>
          <className>These are sample RSpec tests</className>
          <testName>These are sample RSpec tests This is test #491</testName>
          <skipped>false</skipped>
          <failedSince>0</failedSince>
        </case>
        <case>
          <duration>3.44349E-4</duration>
          <className>These are sample RSpec tests</className>
          <testName>These are sample RSpec tests This is test #492</testName>
          <skipped>false</skipped>
          <failedSince>0</failedSince>
        </case>
        <case>
          <duration>2.71782E-4</duration>
          <className>These are sample RSpec tests</className>
          <testName>These are sample RSpec tests This is test #493</testName>
          <skipped>false</skipped>
          <failedSince>0</failedSince>
        </case>
        <case>
          <duration>4.14066E-4</duration>
          <className>These are sample RSpec tests</className>
          <testName>These are sample RSpec tests This is test #494</testName>
          <skipped>false</skipped>
          <failedSince>0</failedSince>
        </case>
        <case>
          <duration>4.45743E-4</duration>
          <className>These are sample RSpec tests</className>
          <testName>These are sample RSpec tests This is test #495</testName>
          <skipped>false</skipped>
          <failedSince>0</failedSince>
        </case>
        <case>
          <duration>3.89368E-4</duration>
          <className>These are sample RSpec tests</className>
          <testName>These are sample RSpec tests This is test #496</testName>
          <skipped>false</skipped>
          <failedSince>0</failedSince>
        </case>
        <case>
          <duration>4.26898E-4</duration>
          <className>These are sample RSpec tests</className>
          <testName>These are sample RSpec tests This is test #497</testName>
          <skipped>false</skipped>
          <failedSince>0</failedSince>
        </case>
        <case>
          <duration>3.60563E-4</duration>
          <className>These are sample RSpec tests</className>
          <testName>These are sample RSpec tests This is test #498</testName>
          <skipped>false</skipped>
          <failedSince>0</failedSince>
        </case>
        <case>
          <duration>3.46231E-4</duration>
          <className>These are sample RSpec tests</className>
          <testName>These are sample RSpec tests This is test #499</testName>
          <skipped>false</skipped>
          <failedSince>0</failedSince>
        </case>
        <case>
          <duration>3.35969E-4</duration>
          <className>These are sample RSpec tests</className>
          <testName>These are sample RSpec tests This is test #500</testName>
          <skipped>false</skipped>
          <failedSince>0</failedSince>
        </case>
      </cases>
    </suite>
  </suites>
  <duration>0.3844544</duration>
  <keepLongStdio>false</keepLongStdio>
</result>