<?xml version='1.0' encoding='UTF-8'?>
<result plugin="junit@1.20">
  <suites>
    <suite>
      <file>/var/jenkins_home/workspace/Docker_matrix_job/OS/ubuntu/spec/reports/SPEC-These-are-sample-RSpec-tests.0.xml</file>
      <name>These are sample RSpec tests</name>
      <duration>5.17154E-4</duration>
      <timestamp>2017-02-27T05:34:34+00:00</timestamp>
      <time>0.000517154</time>
      <cases>
        <case>
          <duration>2.05011E-4</duration>
          <className>These are sample RSpec tests</className>
          <testName>These are sample RSpec tests This is test #1</testName>
          <skipped>false</skipped>
          <failedSince>0</failedSince>
        </case>
        <case>
          <duration>1.55065E-4</duration>
          <className>These are sample RSpec tests</className>
          <testName>These are sample RSpec tests This is test #101</testName>
          <skipped>false</skipped>
          <failedSince>0</failedSince>
        </case>
        <case>
          <duration>1.63483E-4</duration>
          <className>These are sample RSpec tests</className>
          <testName>These are sample RSpec tests This is test #102</testName>
          <skipped>false</skipped>
          <failedSince>0</failedSince>
        </case>
        <case>
          <duration>1.5885E-4</duration>
          <className>These are sample RSpec tests</className>
          <testName>These are sample RSpec tests This is test #103</testName>
          <skipped>false</skipped>
          <failedSince>0</failedSince>
        </case>
        <case>
          <duration>2.30379E-4</duration>
          <className>These are sample RSpec tests</className>
          <testName>These are sample RSpec tests This is test #104</testName>
          <skipped>false</skipped>
          <failedSince>0</failedSince>
        </case>
        <case>
          <duration>1.78717E-4</duration>
          <className>These are sample RSpec tests</className>
          <testName>These are sample RSpec tests This is test #105</testName>
          <skipped>false</skipped>
          <failedSince>0</failedSince>
        </case>
        <case>
          <duration>1.65713E-4</duration>
          <className>These are sample RSpec tests</className>
          <testName>These are sample RSpec tests This is test #106</testName>
          <skipped>false</skipped>
          <failedSince>0</failedSince>
        </case>
        <case>
          <duration>1.68928E-4</duration>
          <className>These are sample RSpec tests</className>
          <testName>These are sample RSpec tests This is test #107</testName>
          <skipped>false</skipped>
          <failedSince>0</failedSince>
        </case>
        <case>
          <duration>1.66773E-4</duration>
          <className>These are sample RSpec tests</className>
          <testName>These are sample RSpec tests This is test #108</testName>
          <skipped>false</skipped>
          <failedSince>0</failedSince>
        </case>
        <case>
          <duration>1.70006E-4</duration>
          <className>These are sample RSpec tests</className>
          <testName>These are sample RSpec tests This is test #109</testName>
          <skipped>false</skipped>
          <failedSince>0</failedSince>
        </case>
        <case>
          <duration>1.61976E-4</duration>
          <className>These are sample RSpec tests</className>
          <testName>These are sample RSpec tests This is test #110</testName>
          <skipped>false</skipped>
          <failedSince>0</failedSince>
        </case>
        <case>
          <duration>1.63372E-4</duration>
          <className>These are sample RSpec tests</className>
          <testName>These are sample RSpec tests This is test #111</testName>
          <skipped>false</skipped>
          <failedSince>0</failedSince>
        </case>
        <case>
          <duration>1.61694E-4</duration>
          <className>These are sample RSpec tests</className>
          <testName>These are sample RSpec tests This is test #112</testName>
          <skipped>false</skipped>
          <failedSince>0</failedSince>
        </case>
        <case>
          <duration>1.62639E-4</duration>
          <className>These are sample RSpec tests</className>
          <testName>These are sample RSpec tests This is test #113</testName>
          <skipped>false</skipped>
          <failedSince>0</failedSince>
        </case>
        <case>
          <duration>1.56864E-4</duration>
          <className>These are sample RSpec tests</className>
          <testName>These are sample RSpec tests This is test #114</testName>
          <skipped>false</skipped>
          <failedSince>0</failedSince>
        </case>
        <case>
          <duration>1.60586E-4</duration>
          <className>These are sample RSpec tests</className>
          <testName>These are sample RSpec tests This is test #115</testName>
          <skipped>false</skipped>
          <failedSince>0</failedSince>
        </case>
        <case>
          <duration>1.60097E-4</duration>
          <className>These are sample RSpec tests</className>
          <testName>These are sample RSpec tests This is test #116</testName>
          <skipped>false</skipped>
          <failedSince>0</failedSince>
        </case>
        <case>
          <duration>1.81109E-4</duration>
          <className>These are sample RSpec tests</className>
          <testName>These are sample RSpec tests This is test #117</testName>
          <skipped>false</skipped>
          <failedSince>0</failedSince>
        </case>
        <case>
          <duration>1.67042E-4</duration>
          <className>These are sample RSpec tests</className>
          <testName>These are sample RSpec tests This is test #118</testName>
          <skipped>false</skipped>
          <failedSince>0</failedSince>
        </case>
        <case>
          <duration>1.63446E-4</duration>
          <className>These are sample RSpec tests</className>
          <testName>These are sample RSpec tests This is test #119</testName>
          <skipped>false</skipped>
          <failedSince>0</failedSince>
        </case>
        <case>
          <duration>1.79271E-4</duration>
          <className>These are sample RSpec tests</className>
          <testName>These are sample RSpec tests This is test #120</testName>
          <skipped>false</skipped>
          <failedSince>0</failedSince>
        </case>
        <case>
          <duration>1.74307E-4</duration>
          <className>These are sample RSpec tests</className>
          <testName>These are sample RSpec tests This is test #121</testName>
          <skipped>false</skipped>
          <failedSince>0</failedSince>
        </case>
        <case>
          <duration>1.63942E-4</duration>
          <className>These are sample RSpec tests</className>
          <testName>These are sample RSpec tests This is test #122</testName>
          <skipped>false</skipped>
          <failedSince>0</failedSince>
        </case>
        <case>
          <duration>1.58932E-4</duration>
          <className>These are sample RSpec tests</className>
          <testName>These are sample RSpec tests This is test #123</testName>
          <skipped>false</skipped>
          <failedSince>0</failedSince>
        </case>
        <case>
          <duration>1.59484E-4</duration>
          <className>These are sample RSpec tests</className>
          <testName>These are sample RSpec tests This is test #124</testName>
          <skipped>false</skipped>
          <failedSince>0</failedSince>
        </case>
        <case>
          <duration>1.59518E-4</duration>
          <className>These are sample RSpec tests</className>
          <testName>These are sample RSpec tests This is test #125</testName>
          <skipped>false</skipped>
          <failedSince>0</failedSince>
        </case>
        <case>
          <duration>1.6349E-4</duration>
          <className>These are sample RSpec tests</className>
          <testName>These are sample RSpec tests This is test #126</testName>
          <skipped>false</skipped>
          <failedSince>0</failedSince>
        </case>
        <case>
          <duration>1.80914E-4</duration>
          <className>These are sample RSpec tests</className>
          <testName>These are sample RSpec tests This is test #127</testName>
          <skipped>false</skipped>
          <failedSince>0</failedSince>
        </case>
        <case>
          <duration>1.64833E-4</duration>
          <className>These are sample RSpec tests</className>
          <testName>These are sample RSpec tests This is test #128</testName>
          <skipped>false</skipped>
          <failedSince>0</failedSince>
        </case>
        <case>
          <duration>1.58091E-4</duration>
          <className>These are sample RSpec tests</className>
          <testName>These are sample RSpec tests This is test #129</testName>
          <skipped>false</skipped>
          <failedSince>0</failedSince>
        </case>
        <case>
          <duration>1.6152E-4</duration>
          <className>These are sample RSpec tests</className>
          <testName>These are sample RSpec tests This is test #130</testName>
          <skipped>false</skipped>
          <failedSince>0</failedSince>
        </case>
        <case>
          <duration>1.61724E-4</duration>
          <className>These are sample RSpec tests</className>
          <testName>These are sample RSpec tests This is test #131</testName>
          <skipped>false</skipped>
          <failedSince>0</failedSince>
        </case>
        <case>
          <duration>1.63069E-4</duration>
          <className>These are sample RSpec tests</className>
          <testName>These are sample RSpec tests This is test #132</testName>
          <skipped>false</skipped>
          <failedSince>0</failedSince>
        </case>
        <case>
          <duration>1.58715E-4</duration>
          <className>These are sample RSpec tests</className>
          <testName>These are sample RSpec tests This is test #133</testName>
          <skipped>false</skipped>
          <failedSince>0</failedSince>
        </case>
        <case>
          <duration>1.62208E-4</duration>
          <className>These are sample RSpec tests</className>
          <testName>These are sample RSpec tests This is test #134</testName>
          <skipped>false</skipped>
          <failedSince>0</failedSince>
        </case>
        <case>
          <duration>1.59345E-4</duration>
          <className>These are sample RSpec tests</className>
          <testName>These are sample RSpec tests This is test #135</testName>
          <skipped>false</skipped>
          <failedSince>0</failedSince>
        </case>
        <case>
          <duration>1.61222E-4</duration>
          <className>These are sample RSpec tests</className>
          <testName>These are sample RSpec tests This is test #136</testName>
          <skipped>false</skipped>
          <failedSince>0</failedSince>
        </case>
        <case>
          <duration>2.16593E-4</duration>
          <className>These are sample RSpec tests</className>
          <testName>These are sample RSpec tests This is test #137</testName>
          <skipped>false</skipped>
          <failedSince>0</failedSince>
        </case>
        <case>
          <duration>1.65773E-4</duration>
          <className>These are sample RSpec tests</className>
          <testName>These are sample RSpec tests This is test #138</testName>
          <skipped>false</skipped>
          <failedSince>0</failedSince>
        </case>
        <case>
          <duration>1.61357E-4</duration>
          <className>These are sample RSpec tests</className>
          <testName>These are sample RSpec tests This is test #139</testName>
          <skipped>false</skipped>
          <failedSince>0</failedSince>
        </case>
        <case>
          <duration>1.6877E-4</duration>
          <className>These are sample RSpec tests</className>
          <testName>These are sample RSpec tests This is test #140</testName>
          <skipped>false</skipped>
          <failedSince>0</failedSince>
        </case>
        <case>
          <duration>1.59471E-4</duration>
          <className>These are sample RSpec tests</className>
          <testName>These are sample RSpec tests This is test #141</testName>
          <skipped>false</skipped>
          <failedSince>0</failedSince>
        </case>
        <case>
          <duration>1.68913E-4</duration>
          <className>These are sample RSpec tests</className>
          <testName>These are sample RSpec tests This is test #142</testName>
          <skipped>false</skipped>
          <failedSince>0</failedSince>
        </case>
        <case>
          <duration>1.79208E-4</duration>
          <className>These are sample RSpec tests</className>
          <testName>These are sample RSpec tests This is test #143</testName>
          <skipped>false</skipped>
          <failedSince>0</failedSince>
        </case>
        <case>
          <duration>1.62868E-4</duration>
          <className>These are sample RSpec tests</className>
          <testName>These are sample RSpec tests This is test #144</testName>
          <skipped>false</skipped>
          <failedSince>0</failedSince>
        </case>
        <case>
          <duration>1.62773E-4</duration>
          <className>These are sample RSpec tests</className>
          <testName>These are sample RSpec tests This is test #145</testName>
          <skipped>false</skipped>
          <failedSince>0</failedSince>
        </case>
        <case>
          <duration>2.07104E-4</duration>
          <className>These are sample RSpec tests</className>
          <testName>These are sample RSpec tests This is test #146</testName>
          <skipped>false</skipped>
          <failedSince>0</failedSince>
        </case>
        <case>
          <duration>1.605E-4</duration>
          <className>These are sample RSpec tests</className>
          <testName>These are sample RSpec tests This is test #147</testName>
          <skipped>false</skipped>
          <failedSince>0</failedSince>
        </case>
        <case>
          <duration>1.83944E-4</duration>
          <className>These are sample RSpec tests</className>
          <testName>These are sample RSpec tests This is test #148</testName>
          <skipped>false</skipped>
          <failedSince>0</failedSince>
        </case>
        <case>
          <duration>2.10019E-4</duration>
          <className>These are sample RSpec tests</className>
          <testName>These are sample RSpec tests This is test #149</testName>
          <skipped>false</skipped>
          <failedSince>0</failedSince>
        </case>
        <case>
          <duration>2.53236E-4</duration>
          <className>These are sample RSpec tests</className>
          <testName>These are sample RSpec tests This is test #150</testName>
          <skipped>false</skipped>
          <failedSince>0</failedSince>
        </case>
        <case>
          <duration>1.60189E-4</duration>
          <className>These are sample RSpec tests</className>
          <testName>These are sample RSpec tests This is test #151</testName>
          <skipped>false</skipped>
          <failedSince>0</failedSince>
        </case>
        <case>
          <duration>1.58644E-4</duration>
          <className>These are sample RSpec tests</className>
          <testName>These are sample RSpec tests This is test #152</testName>
          <skipped>false</skipped>
          <failedSince>0</failedSince>
        </case>
        <case>
          <duration>1.63123E-4</duration>
          <className>These are sample RSpec tests</className>
          <testName>These are sample RSpec tests This is test #153</testName>
          <skipped>false</skipped>
          <failedSince>0</failedSince>
        </case>
        <case>
          <duration>1.60805E-4</duration>
          <className>These are sample RSpec tests</className>
          <testName>These are sample RSpec tests This is test #154</testName>
          <skipped>false</skipped>
          <failedSince>0</failedSince>
        </case>
        <case>
          <duration>1.93819E-4</duration>
          <className>These are sample RSpec tests</className>
          <testName>These are sample RSpec tests This is test #155</testName>
          <skipped>false</skipped>
          <failedSince>0</failedSince>
        </case>
        <case>
          <duration>1.97946E-4</duration>
          <className>These are sample RSpec tests</className>
          <testName>These are sample RSpec tests This is test #156</testName>
          <skipped>false</skipped>
          <failedSince>0</failedSince>
        </case>
        <case>
          <duration>2.03879E-4</duration>
          <className>These are sample RSpec tests</className>
          <testName>These are sample RSpec tests This is test #157</testName>
          <skipped>false</skipped>
          <failedSince>0</failedSince>
        </case>
        <case>
          <duration>1.6336E-4</duration>
          <className>These are sample RSpec tests</className>
          <testName>These are sample RSpec tests This is test #158</testName>
          <skipped>false</skipped>
          <failedSince>0</failedSince>
        </case>
        <case>
          <duration>1.74678E-4</duration>
          <className>These are sample RSpec tests</className>
          <testName>These are sample RSpec tests This is test #159</testName>
          <skipped>false</skipped>
          <failedSince>0</failedSince>
        </case>
        <case>
          <duration>1.61319E-4</duration>
          <className>These are sample RSpec tests</className>
          <testName>These are sample RSpec tests This is test #160</testName>
          <skipped>false</skipped>
          <failedSince>0</failedSince>
        </case>
        <case>
          <duration>1.90985E-4</duration>
          <className>These are sample RSpec tests</className>
          <testName>These are sample RSpec tests This is test #161</testName>
          <skipped>false</skipped>
          <failedSince>0</failedSince>
        </case>
        <case>
          <duration>1.85511E-4</duration>
          <className>These are sample RSpec tests</className>
          <testName>These are sample RSpec tests This is test #162</testName>
          <skipped>false</skipped>
          <failedSince>0</failedSince>
        </case>
        <case>
          <duration>1.93238E-4</duration>
          <className>These are sample RSpec tests</className>
          <testName>These are sample RSpec tests This is test #163</testName>
          <skipped>false</skipped>
          <failedSince>0</failedSince>
        </case>
        <case>
          <duration>1.942E-4</duration>
          <className>These are sample RSpec tests</className>
          <testName>These are sample RSpec tests This is test #164</testName>
          <skipped>false</skipped>
          <failedSince>0</failedSince>
        </case>
        <case>
          <duration>2.4242E-4</duration>
          <className>These are sample RSpec tests</className>
          <testName>These are sample RSpec tests This is test #165</testName>
          <skipped>false</skipped>
          <failedSince>0</failedSince>
        </case>
        <case>
          <duration>1.88416E-4</duration>
          <className>These are sample RSpec tests</className>
          <testName>These are sample RSpec tests This is test #166</testName>
          <skipped>false</skipped>
          <failedSince>0</failedSince>
        </case>
        <case>
          <duration>1.84001E-4</duration>
          <className>These are sample RSpec tests</className>
          <testName>These are sample RSpec tests This is test #167</testName>
          <skipped>false</skipped>
          <failedSince>0</failedSince>
        </case>
        <case>
          <duration>1.64164E-4</duration>
          <className>These are sample RSpec tests</className>
          <testName>These are sample RSpec tests This is test #168</testName>
          <skipped>false</skipped>
          <failedSince>0</failedSince>
        </case>
        <case>
          <duration>1.86616E-4</duration>
          <className>These are sample RSpec tests</className>
          <testName>These are sample RSpec tests This is test #169</testName>
          <skipped>false</skipped>
          <failedSince>0</failedSince>
        </case>
        <case>
          <duration>1.93955E-4</duration>
          <className>These are sample RSpec tests</className>
          <testName>These are sample RSpec tests This is test #170</testName>
          <skipped>false</skipped>
          <failedSince>0</failedSince>
        </case>
        <case>
          <duration>1.62694E-4</duration>
          <className>These are sample RSpec tests</className>
          <testName>These are sample RSpec tests This is test #171</testName>
          <skipped>false</skipped>
          <failedSince>0</failedSince>
        </case>
        <case>
          <duration>1.60552E-4</duration>
          <className>These are sample RSpec tests</className>
          <testName>These are sample RSpec tests This is test #172</testName>
          <skipped>false</skipped>
          <failedSince>0</failedSince>
        </case>
        <case>
          <duration>1.58194E-4</duration>
          <className>These are sample RSpec tests</className>
          <testName>These are sample RSpec tests This is test #173</testName>
          <skipped>false</skipped>
          <failedSince>0</failedSince>
        </case>
        <case>
          <duration>2.12189E-4</duration>
          <className>These are sample RSpec tests</className>
          <testName>These are sample RSpec tests This is test #174</testName>
          <skipped>false</skipped>
          <failedSince>0</failedSince>
        </case>
        <case>
          <duration>1.58852E-4</duration>
          <className>These are sample RSpec tests</className>
          <testName>These are sample RSpec tests This is test #175</testName>
          <skipped>false</skipped>
          <failedSince>0</failedSince>
        </case>
        <case>
          <duration>1.73124E-4</duration>
          <className>These are sample RSpec tests</className>
          <testName>These are sample RSpec tests This is test #176</testName>
          <skipped>false</skipped>
          <failedSince>0</failedSince>
        </case>
        <case>
          <duration>1.65146E-4</duration>
          <className>These are sample RSpec tests</className>
          <testName>These are sample RSpec tests This is test #177</testName>
          <skipped>false</skipped>
          <failedSince>0</failedSince>
        </case>
        <case>
          <duration>1.63742E-4</duration>
          <className>These are sample RSpec tests</className>
          <testName>These are sample RSpec tests This is test #178</testName>
          <skipped>false</skipped>
          <failedSince>0</failedSince>
        </case>
        <case>
          <duration>1.80941E-4</duration>
          <className>These are sample RSpec tests</className>
          <testName>These are sample RSpec tests This is test #179</testName>
          <skipped>false</skipped>
          <failedSince>0</failedSince>
        </case>
        <case>
          <duration>1.67216E-4</duration>
          <className>These are sample RSpec tests</className>
          <testName>These are sample RSpec tests This is test #180</testName>
          <skipped>false</skipped>
          <failedSince>0</failedSince>
        </case>
        <case>
          <duration>1.88116E-4</duration>
          <className>These are sample RSpec tests</className>
          <testName>These are sample RSpec tests This is test #181</testName>
          <skipped>false</skipped>
          <failedSince>0</failedSince>
        </case>
        <case>
          <duration>1.69638E-4</duration>
          <className>These are sample RSpec tests</className>
          <testName>These are sample RSpec tests This is test #182</testName>
          <skipped>false</skipped>
          <failedSince>0</failedSince>
        </case>
        <case>
          <duration>2.01077E-4</duration>
          <className>These are sample RSpec tests</className>
          <testName>These are sample RSpec tests This is test #183</testName>
          <skipped>false</skipped>
          <failedSince>0</failedSince>
        </case>
        <case>
          <duration>1.61338E-4</duration>
          <className>These are sample RSpec tests</className>
          <testName>These are sample RSpec tests This is test #184</testName>
          <skipped>false</skipped>
          <failedSince>0</failedSince>
        </case>
        <case>
          <duration>2.50467E-4</duration>
          <className>These are sample RSpec tests</className>
          <testName>These are sample RSpec tests This is test #185</testName>
          <skipped>false</skipped>
          <failedSince>0</failedSince>
        </case>
        <case>
          <duration>1.68538E-4</duration>
          <className>These are sample RSpec tests</className>
          <testName>These are sample RSpec tests This is test #186</testName>
          <skipped>false</skipped>
          <failedSince>0</failedSince>
        </case>
        <case>
          <duration>1.9258E-4</duration>
          <className>These are sample RSpec tests</className>
          <testName>These are sample RSpec tests This is test #187</testName>
          <skipped>false</skipped>
          <failedSince>0</failedSince>
        </case>
        <case>
          <duration>2.34655E-4</duration>
          <className>These are sample RSpec tests</className>
          <testName>These are sample RSpec tests This is test #188</testName>
          <skipped>false</skipped>
          <failedSince>0</failedSince>
        </case>
        <case>
          <duration>1.8329E-4</duration>
          <className>These are sample RSpec tests</className>
          <testName>These are sample RSpec tests This is test #189</testName>
          <skipped>false</skipped>
          <failedSince>0</failedSince>
        </case>
        <case>
          <duration>2.34157E-4</duration>
          <className>These are sample RSpec tests</className>
          <testName>These are sample RSpec tests This is test #190</testName>
          <skipped>false</skipped>
          <failedSince>0</failedSince>
        </case>
        <case>
          <duration>2.45751E-4</duration>
          <className>These are sample RSpec tests</className>
          <testName>These are sample RSpec tests This is test #191</testName>
          <skipped>false</skipped>
          <failedSince>0</failedSince>
        </case>
        <case>
          <duration>1.64479E-4</duration>
          <className>These are sample RSpec tests</className>
          <testName>These are sample RSpec tests This is test #192</testName>
          <skipped>false</skipped>
          <failedSince>0</failedSince>
        </case>
        <case>
          <duration>1.67002E-4</duration>
          <className>These are sample RSpec tests</className>
          <testName>These are sample RSpec tests This is test #193</testName>
          <skipped>false</skipped>
          <failedSince>0</failedSince>
        </case>
        <case>
          <duration>1.68905E-4</duration>
          <className>These are sample RSpec tests</className>
          <testName>These are sample RSpec tests This is test #194</testName>
          <skipped>false</skipped>
          <failedSince>0</failedSince>
        </case>
        <case>
          <duration>1.60946E-4</duration>
          <className>These are sample RSpec tests</className>
          <testName>These are sample RSpec tests This is test #195</testName>
          <skipped>false</skipped>
          <failedSince>0</failedSince>
        </case>
        <case>
          <duration>1.66794E-4</duration>
          <className>These are sample RSpec tests</className>
          <testName>These are sample RSpec tests This is test #196</testName>
          <skipped>false</skipped>
          <failedSince>0</failedSince>
        </case>
        <case>
          <duration>2.6647E-4</duration>
          <className>These are sample RSpec tests</className>
          <testName>These are sample RSpec tests This is test #197</testName>
          <skipped>false</skipped>
          <failedSince>0</failedSince>
        </case>
        <case>
          <duration>1.7262E-4</duration>
          <className>These are sample RSpec tests</className>
          <testName>These are sample RSpec tests This is test #198</testName>
          <skipped>false</skipped>
          <failedSince>0</failedSince>
        </case>
        <case>
          <duration>1.67651E-4</duration>
          <className>These are sample RSpec tests</className>
          <testName>These are sample RSpec tests This is test #199</testName>
          <skipped>false</skipped>
          <failedSince>0</failedSince>
        </case>
        <case>
          <duration>2.38628E-4</duration>
          <className>These are sample RSpec tests</className>
          <testName>These are sample RSpec tests This is test #200</testName>
          <skipped>false</skipped>
          <failedSince>0</failedSince>
        </case>
        <case>
          <duration>2.13073E-4</duration>
          <className>These are sample RSpec tests</className>
          <testName>These are sample RSpec tests This is test #201</testName>
          <skipped>false</skipped>
          <failedSince>0</failedSince>
        </case>
        <case>
          <duration>1.64707E-4</duration>
          <className>These are sample RSpec tests</className>
          <testName>These are sample RSpec tests This is test #202</testName>
          <skipped>false</skipped>
          <failedSince>0</failedSince>
        </case>
        <case>
          <duration>1.59666E-4</duration>
          <className>These are sample RSpec tests</className>
          <testName>These are sample RSpec tests This is test #203</testName>
          <skipped>false</skipped>
          <failedSince>0</failedSince>
        </case>
        <case>
          <duration>1.6082E-4</duration>
          <className>These are sample RSpec tests</className>
          <testName>These are sample RSpec tests This is test #204</testName>
          <skipped>false</skipped>
          <failedSince>0</failedSince>
        </case>
        <case>
          <duration>1.67589E-4</duration>
          <className>These are sample RSpec tests</className>
          <testName>These are sample RSpec tests This is test #205</testName>
          <skipped>false</skipped>
          <failedSince>0</failedSince>
        </case>
        <case>
          <duration>1.78106E-4</duration>
          <className>These are sample RSpec tests</className>
          <testName>These are sample RSpec tests This is test #206</testName>
          <skipped>false</skipped>
          <failedSince>0</failedSince>
        </case>
        <case>
          <duration>1.88534E-4</duration>
          <className>These are sample RSpec tests</className>
          <testName>These are sample RSpec tests This is test #207</testName>
          <skipped>false</skipped>
          <failedSince>0</failedSince>
        </case>
        <case>
          <duration>2.10962E-4</duration>
          <className>These are sample RSpec tests</className>
          <testName>These are sample RSpec tests This is test #208</testName>
          <skipped>false</skipped>
          <failedSince>0</failedSince>
        </case>
        <case>
          <duration>2.20911E-4</duration>
          <className>These are sample RSpec tests</className>
          <testName>These are sample RSpec tests This is test #209</testName>
          <skipped>false</skipped>
          <failedSince>0</failedSince>
        </case>
        <case>
          <duration>1.74957E-4</duration>
          <className>These are sample RSpec tests</className>
          <testName>These are sample RSpec tests This is test #210</testName>
          <skipped>false</skipped>
          <failedSince>0</failedSince>
        </case>
        <case>
          <duration>1.93936E-4</duration>
          <className>These are sample RSpec tests</className>
          <testName>These are sample RSpec tests This is test #211</testName>
          <skipped>false</skipped>
          <failedSince>0</failedSince>
        </case>
        <case>
          <duration>1.82928E-4</duration>
          <className>These are sample RSpec tests</className>
          <testName>These are sample RSpec tests This is test #212</testName>
          <skipped>false</skipped>
          <failedSince>0</failedSince>
        </case>
        <case>
          <duration>1.75815E-4</duration>
          <className>These are sample RSpec tests</className>
          <testName>These are sample RSpec tests This is test #213</testName>
          <skipped>false</skipped>
          <failedSince>0</failedSince>
        </case>
        <case>
          <duration>2.4985E-4</duration>
          <className>These are sample RSpec tests</className>
          <testName>These are sample RSpec tests This is test #214</testName>
          <skipped>false</skipped>
          <failedSince>0</failedSince>
        </case>
        <case>
          <duration>2.21553E-4</duration>
          <className>These are sample RSpec tests</className>
          <testName>These are sample RSpec tests This is test #215</testName>
          <skipped>false</skipped>
          <failedSince>0</failedSince>
        </case>
        <case>
          <duration>1.91386E-4</duration>
          <className>These are sample RSpec tests</className>
          <testName>These are sample RSpec tests This is test #216</testName>
          <skipped>false</skipped>
          <failedSince>0</failedSince>
        </case>
        <case>
          <duration>1.62118E-4</duration>
          <className>These are sample RSpec tests</className>
          <testName>These are sample RSpec tests This is test #217</testName>
          <skipped>false</skipped>
          <failedSince>0</failedSince>
        </case>
        <case>
          <duration>1.6413E-4</duration>
          <className>These are sample RSpec tests</className>
          <testName>These are sample RSpec tests This is test #218</testName>
          <skipped>false</skipped>
          <failedSince>0</failedSince>
        </case>
        <case>
          <duration>1.68092E-4</duration>
          <className>These are sample RSpec tests</className>
          <testName>These are sample RSpec tests This is test #219</testName>
          <skipped>false</skipped>
          <failedSince>0</failedSince>
        </case>
        <case>
          <duration>1.64294E-4</duration>
          <className>These are sample RSpec tests</className>
          <testName>These are sample RSpec tests This is test #220</testName>
          <skipped>false</skipped>
          <failedSince>0</failedSince>
        </case>
        <case>
          <duration>1.62602E-4</duration>
          <className>These are sample RSpec tests</className>
          <testName>These are sample RSpec tests This is test #221</testName>
          <skipped>false</skipped>
          <failedSince>0</failedSince>
        </case>
        <case>
          <duration>1.59386E-4</duration>
          <className>These are sample RSpec tests</className>
          <testName>These are sample RSpec tests This is test #222</testName>
          <skipped>false</skipped>
          <failedSince>0</failedSince>
        </case>
        <case>
          <duration>1.6653E-4</duration>
          <className>These are sample RSpec tests</className>
          <testName>These are sample RSpec tests This is test #223</testName>
          <skipped>false</skipped>
          <failedSince>0</failedSince>
        </case>
        <case>
          <duration>1.63502E-4</duration>
          <className>These are sample RSpec tests</className>
          <testName>These are sample RSpec tests This is test #224</testName>
          <skipped>false</skipped>
          <failedSince>0</failedSince>
        </case>
        <case>
          <duration>1.87883E-4</duration>
          <className>These are sample RSpec tests</className>
          <testName>These are sample RSpec tests This is test #225</testName>
          <skipped>false</skipped>
          <failedSince>0</failedSince>
        </case>
        <case>
          <duration>1.63845E-4</duration>
          <className>These are sample RSpec tests</className>
          <testName>These are sample RSpec tests This is test #226</testName>
          <skipped>false</skipped>
          <failedSince>0</failedSince>
        </case>
        <case>
          <duration>1.58655E-4</duration>
          <className>These are sample RSpec tests</className>
          <testName>These are sample RSpec tests This is test #227</testName>
          <skipped>false</skipped>
          <failedSince>0</failedSince>
        </case>
        <case>
          <duration>1.80852E-4</duration>
          <className>These are sample RSpec tests</className>
          <testName>These are sample RSpec tests This is test #228</testName>
          <skipped>false</skipped>
          <failedSince>0</failedSince>
        </case>
        <case>
          <duration>1.99808E-4</duration>
          <className>These are sample RSpec tests</className>
          <testName>These are sample RSpec tests This is test #229</testName>
          <skipped>false</skipped>
          <failedSince>0</failedSince>
        </case>
        <case>
          <duration>1.66218E-4</duration>
          <className>These are sample RSpec tests</className>
          <testName>These are sample RSpec tests This is test #230</testName>
          <skipped>false</skipped>
          <failedSince>0</failedSince>
        </case>
        <case>
          <duration>1.61319E-4</duration>
          <className>These are sample RSpec tests</className>
          <testName>These are sample RSpec tests This is test #231</testName>
          <skipped>false</skipped>
          <failedSince>0</failedSince>
        </case>
        <case>
          <duration>1.86228E-4</duration>
          <className>These are sample RSpec tests</className>
          <testName>These are sample RSpec tests This is test #232</testName>
          <skipped>false</skipped>
          <failedSince>0</failedSince>
        </case>
        <case>
          <duration>1.77781E-4</duration>
          <className>These are sample RSpec tests</className>
          <testName>These are sample RSpec tests This is test #233</testName>
          <skipped>false</skipped>
          <failedSince>0</failedSince>
        </case>
        <case>
          <duration>2.30829E-4</duration>
          <className>These are sample RSpec tests</className>
          <testName>These are sample RSpec tests This is test #234</testName>
          <skipped>false</skipped>
          <failedSince>0</failedSince>
        </case>
        <case>
          <duration>1.92179E-4</duration>
          <className>These are sample RSpec tests</className>
          <testName>These are sample RSpec tests This is test #235</testName>
          <skipped>false</skipped>
          <failedSince>0</failedSince>
        </case>
        <case>
          <duration>1.77768E-4</duration>
          <className>These are sample RSpec tests</className>
          <testName>These are sample RSpec tests This is test #236</testName>
          <skipped>false</skipped>
          <failedSince>0</failedSince>
        </case>
        <case>
          <duration>1.72329E-4</duration>
          <className>These are sample RSpec tests</className>
          <testName>These are sample RSpec tests This is test #237</testName>
          <skipped>false</skipped>
          <failedSince>0</failedSince>
        </case>
        <case>
          <duration>1.83178E-4</duration>
          <className>These are sample RSpec tests</className>
          <testName>These are sample RSpec tests This is test #238</testName>
          <skipped>false</skipped>
          <failedSince>0</failedSince>
        </case>
        <case>
          <duration>1.70336E-4</duration>
          <className>These are sample RSpec tests</className>
          <testName>These are sample RSpec tests This is test #239</testName>
          <skipped>false</skipped>
          <failedSince>0</failedSince>
        </case>
        <case>
          <duration>1.63997E-4</duration>
          <className>These are sample RSpec tests</className>
          <testName>These are sample RSpec tests This is test #240</testName>
          <skipped>false</skipped>
          <failedSince>0</failedSince>
        </case>
        <case>
          <duration>1.69535E-4</duration>
          <className>These are sample RSpec tests</className>
          <testName>These are sample RSpec tests This is test #241</testName>
          <skipped>false</skipped>
          <failedSince>0</failedSince>
        </case>
        <case>
          <duration>1.69655E-4</duration>
          <className>These are sample RSpec tests</className>
          <testName>These are sample RSpec tests This is test #242</testName>
          <skipped>false</skipped>
          <failedSince>0</failedSince>
        </case>
        <case>
          <duration>1.62083E-4</duration>
          <className>These are sample RSpec tests</className>
          <testName>These are sample RSpec tests This is test #243</testName>
          <skipped>false</skipped>
          <failedSince>0</failedSince>
        </case>
        <case>
          <duration>1.62605E-4</duration>
          <className>These are sample RSpec tests</className>
          <testName>These are sample RSpec tests This is test #244</testName>
          <skipped>false</skipped>
          <failedSince>0</failedSince>
        </case>
        <case>
          <duration>1.61394E-4</duration>
          <className>These are sample RSpec tests</className>
          <testName>These are sample RSpec tests This is test #245</testName>
          <skipped>false</skipped>
          <failedSince>0</failedSince>
        </case>
        <case>
          <duration>1.65218E-4</duration>
          <className>These are sample RSpec tests</className>
          <testName>These are sample RSpec tests This is test #246</testName>
          <skipped>false</skipped>
          <failedSince>0</failedSince>
        </case>
        <case>
          <duration>1.75111E-4</duration>
          <className>These are sample RSpec tests</className>
          <testName>These are sample RSpec tests This is test #247</testName>
          <skipped>false</skipped>
          <failedSince>0</failedSince>
        </case>
        <case>
          <duration>1.66134E-4</duration>
          <className>These are sample RSpec tests</className>
          <testName>These are sample RSpec tests This is test #248</testName>
          <skipped>false</skipped>
          <failedSince>0</failedSince>
        </case>
        <case>
          <duration>1.87188E-4</duration>
          <className>These are sample RSpec tests</className>
          <testName>These are sample RSpec tests This is test #249</testName>
          <skipped>false</skipped>
          <failedSince>0</failedSince>
        </case>
        <case>
          <duration>1.64595E-4</duration>
          <className>These are sample RSpec tests</className>
          <testName>These are sample RSpec tests This is test #250</testName>
          <skipped>false</skipped>
          <failedSince>0</failedSince>
        </case>
        <case>
          <duration>1.6422E-4</duration>
          <className>These are sample RSpec tests</className>
          <testName>These are sample RSpec tests This is test #251</testName>
          <skipped>false</skipped>
          <failedSince>0</failedSince>
        </case>
        <case>
          <duration>1.85212E-4</duration>
          <className>These are sample RSpec tests</className>
          <testName>These are sample RSpec tests This is test #252</testName>
          <skipped>false</skipped>
          <failedSince>0</failedSince>
        </case>
        <case>
          <duration>1.66723E-4</duration>
          <className>These are sample RSpec tests</className>
          <testName>These are sample RSpec tests This is test #253</testName>
          <skipped>false</skipped>
          <failedSince>0</failedSince>
        </case>
        <case>
          <duration>1.61534E-4</duration>
          <className>These are sample RSpec tests</className>
          <testName>These are sample RSpec tests This is test #254</testName>
          <skipped>false</skipped>
          <failedSince>0</failedSince>
        </case>
        <case>
          <duration>1.60573E-4</duration>
          <className>These are sample RSpec tests</className>
          <testName>These are sample RSpec tests This is test #255</testName>
          <skipped>false</skipped>
          <failedSince>0</failedSince>
        </case>
        <case>
          <duration>2.24052E-4</duration>
          <className>These are sample RSpec tests</className>
          <testName>These are sample RSpec tests This is test #256</testName>
          <skipped>false</skipped>
          <failedSince>0</failedSince>
        </case>
        <case>
          <duration>1.64666E-4</duration>
          <className>These are sample RSpec tests</className>
          <testName>These are sample RSpec tests This is test #257</testName>
          <skipped>false</skipped>
          <failedSince>0</failedSince>
        </case>
        <case>
          <duration>1.80055E-4</duration>
          <className>These are sample RSpec tests</className>
          <testName>These are sample RSpec tests This is test #258</testName>
          <skipped>false</skipped>
          <failedSince>0</failedSince>
        </case>
        <case>
          <duration>1.82575E-4</duration>
          <className>These are sample RSpec tests</className>
          <testName>These are sample RSpec tests This is test #259</testName>
          <skipped>false</skipped>
          <failedSince>0</failedSince>
        </case>
        <case>
          <duration>1.72407E-4</duration>
          <className>These are sample RSpec tests</className>
          <testName>These are sample RSpec tests This is test #260</testName>
          <skipped>false</skipped>
          <failedSince>0</failedSince>
        </case>
        <case>
          <duration>1.78587E-4</duration>
          <className>These are sample RSpec tests</className>
          <testName>These are sample RSpec tests This is test #261</testName>
          <skipped>false</skipped>
          <failedSince>0</failedSince>
        </case>
        <case>
          <duration>1.66108E-4</duration>
          <className>These are sample RSpec tests</className>
          <testName>These are sample RSpec tests This is test #262</testName>
          <skipped>false</skipped>
          <failedSince>0</failedSince>
        </case>
        <case>
          <duration>1.66024E-4</duration>
          <className>These are sample RSpec tests</className>
          <testName>These are sample RSpec tests This is test #263</testName>
          <skipped>false</skipped>
          <failedSince>0</failedSince>
        </case>
        <case>
          <duration>1.82397E-4</duration>
          <className>These are sample RSpec tests</className>
          <testName>These are sample RSpec tests This is test #264</testName>
          <skipped>false</skipped>
          <failedSince>0</failedSince>
        </case>
        <case>
          <duration>1.60901E-4</duration>
          <className>These are sample RSpec tests</className>
          <testName>These are sample RSpec tests This is test #265</testName>
          <skipped>false</skipped>
          <failedSince>0</failedSince>
        </case>
        <case>
          <duration>2.0352E-4</duration>
          <className>These are sample RSpec tests</className>
          <testName>These are sample RSpec tests This is test #266</testName>
          <skipped>false</skipped>
          <failedSince>0</failedSince>
        </case>
        <case>
          <duration>1.69462E-4</duration>
          <className>These are sample RSpec tests</className>
          <testName>These are sample RSpec tests This is test #267</testName>
          <skipped>false</skipped>
          <failedSince>0</failedSince>
        </case>
        <case>
          <duration>1.60482E-4</duration>
          <className>These are sample RSpec tests</className>
          <testName>These are sample RSpec tests This is test #268</testName>
          <skipped>false</skipped>
          <failedSince>0</failedSince>
        </case>
        <case>
          <duration>1.65686E-4</duration>
          <className>These are sample RSpec tests</className>
          <testName>These are sample RSpec tests This is test #269</testName>
          <skipped>false</skipped>
          <failedSince>0</failedSince>
        </case>
        <case>
          <duration>1.70379E-4</duration>
          <className>These are sample RSpec tests</className>
          <testName>These are sample RSpec tests This is test #270</testName>
          <skipped>false</skipped>
          <failedSince>0</failedSince>
        </case>
        <case>
          <duration>1.61556E-4</duration>
          <className>These are sample RSpec tests</className>
          <testName>These are sample RSpec tests This is test #271</testName>
          <skipped>false</skipped>
          <failedSince>0</failedSince>
        </case>
        <case>
          <duration>1.78616E-4</duration>
          <className>These are sample RSpec tests</className>
          <testName>These are sample RSpec tests This is test #272</testName>
          <skipped>false</skipped>
          <failedSince>0</failedSince>
        </case>
        <case>
          <duration>2.00095E-4</duration>
          <className>These are sample RSpec tests</className>
          <testName>These are sample RSpec tests This is test #273</testName>
          <skipped>false</skipped>
          <failedSince>0</failedSince>
        </case>
        <case>
          <duration>1.98402E-4</duration>
          <className>These are sample RSpec tests</className>
          <testName>These are sample RSpec tests This is test #274</testName>
          <skipped>false</skipped>
          <failedSince>0</failedSince>
        </case>
        <case>
          <duration>2.05648E-4</duration>
          <className>These are sample RSpec tests</className>
          <testName>These are sample RSpec tests This is test #275</testName>
          <skipped>false</skipped>
          <failedSince>0</failedSince>
        </case>
        <case>
          <duration>2.82963E-4</duration>
          <className>These are sample RSpec tests</className>
          <testName>These are sample RSpec tests This is test #276</testName>
          <skipped>false</skipped>
          <failedSince>0</failedSince>
        </case>
        <case>
          <duration>2.33857E-4</duration>
          <className>These are sample RSpec tests</className>
          <testName>These are sample RSpec tests This is test #277</testName>
          <skipped>false</skipped>
          <failedSince>0</failedSince>
        </case>
        <case>
          <duration>2.54115E-4</duration>
          <className>These are sample RSpec tests</className>
          <testName>These are sample RSpec tests This is test #278</testName>
          <skipped>false</skipped>
          <failedSince>0</failedSince>
        </case>
        <case>
          <duration>2.56053E-4</duration>
          <className>These are sample RSpec tests</className>
          <testName>These are sample RSpec tests This is test #279</testName>
          <skipped>false</skipped>
          <failedSince>0</failedSince>
        </case>
        <case>
          <duration>1.89146E-4</duration>
          <className>These are sample RSpec tests</className>
          <testName>These are sample RSpec tests This is test #280</testName>
          <skipped>false</skipped>
          <failedSince>0</failedSince>
        </case>
        <case>
          <duration>2.02224E-4</duration>
          <className>These are sample RSpec tests</className>
          <testName>These are sample RSpec tests This is test #281</testName>
          <skipped>false</skipped>
          <failedSince>0</failedSince>
        </case>
        <case>
          <duration>1.67719E-4</duration>
          <className>These are sample RSpec tests</className>
          <testName>These are sample RSpec tests This is test #282</testName>
          <skipped>false</skipped>
          <failedSince>0</failedSince>
        </case>
        <case>
          <duration>1.64103E-4</duration>
          <className>These are sample RSpec tests</className>
          <testName>These are sample RSpec tests This is test #283</testName>
          <skipped>false</skipped>
          <failedSince>0</failedSince>
        </case>
        <case>
          <duration>1.72771E-4</duration>
          <className>These are sample RSpec tests</className>
          <testName>These are sample RSpec tests This is test #284</testName>
          <skipped>false</skipped>
          <failedSince>0</failedSince>
        </case>
        <case>
          <duration>2.09901E-4</duration>
          <className>These are sample RSpec tests</className>
          <testName>These are sample RSpec tests This is test #285</testName>
          <skipped>false</skipped>
          <failedSince>0</failedSince>
        </case>
        <case>
          <duration>2.13572E-4</duration>
          <className>These are sample RSpec tests</className>
          <testName>These are sample RSpec tests This is test #286</testName>
          <skipped>false</skipped>
          <failedSince>0</failedSince>
        </case>
        <case>
          <duration>1.73433E-4</duration>
          <className>These are sample RSpec tests</className>
          <testName>These are sample RSpec tests This is test #287</testName>
          <skipped>false</skipped>
          <failedSince>0</failedSince>
        </case>
        <case>
          <duration>1.68656E-4</duration>
          <className>These are sample RSpec tests</className>
          <testName>These are sample RSpec tests This is test #288</testName>
          <skipped>false</skipped>
          <failedSince>0</failedSince>
        </case>
        <case>
          <duration>1.88044E-4</duration>
          <className>These are sample RSpec tests</className>
          <testName>These are sample RSpec tests This is test #289</testName>
          <skipped>false</skipped>
          <failedSince>0</failedSince>
        </case>
        <case>
          <duration>1.71941E-4</duration>
          <className>These are sample RSpec tests</className>
          <testName>These are sample RSpec tests This is test #290</testName>
          <skipped>false</skipped>
          <failedSince>0</failedSince>
        </case>
        <case>
          <duration>1.81715E-4</duration>
          <className>These are sample RSpec tests</className>
          <testName>These are sample RSpec tests This is test #291</testName>
          <skipped>false</skipped>
          <failedSince>0</failedSince>
        </case>
        <case>
          <duration>1.99243E-4</duration>
          <className>These are sample RSpec tests</className>
          <testName>These are sample RSpec tests This is test #292</testName>
          <skipped>false</skipped>
          <failedSince>0</failedSince>
        </case>
        <case>
          <duration>2.17179E-4</duration>
          <className>These are sample RSpec tests</className>
          <testName>These are sample RSpec tests This is test #293</testName>
          <skipped>false</skipped>
          <failedSince>0</failedSince>
        </case>
        <case>
          <duration>2.1015E-4</duration>
          <className>These are sample RSpec tests</className>
          <testName>These are sample RSpec tests This is test #294</testName>
          <skipped>false</skipped>
          <failedSince>0</failedSince>
        </case>
        <case>
          <duration>2.51288E-4</duration>
          <className>These are sample RSpec tests</className>
          <testName>These are sample RSpec tests This is test #295</testName>
          <skipped>false</skipped>
          <failedSince>0</failedSince>
        </case>
        <case>
          <duration>2.13508E-4</duration>
          <className>These are sample RSpec tests</className>
          <testName>These are sample RSpec tests This is test #296</testName>
          <skipped>false</skipped>
          <failedSince>0</failedSince>
        </case>
        <case>
          <duration>2.04621E-4</duration>
          <className>These are sample RSpec tests</className>
          <testName>These are sample RSpec tests This is test #297</testName>
          <skipped>false</skipped>
          <failedSince>0</failedSince>
        </case>
        <case>
          <duration>2.35374E-4</duration>
          <className>These are sample RSpec tests</className>
          <testName>These are sample RSpec tests This is test #298</testName>
          <skipped>false</skipped>
          <failedSince>0</failedSince>
        </case>
        <case>
          <duration>2.03365E-4</duration>
          <className>These are sample RSpec tests</className>
          <testName>These are sample RSpec tests This is test #299</testName>
          <skipped>false</skipped>
          <failedSince>0</failedSince>
        </case>
        <case>
          <duration>2.36002E-4</duration>
          <className>These are sample RSpec tests</className>
          <testName>These are sample RSpec tests This is test #300</testName>
          <skipped>false</skipped>
          <failedSince>0</failedSince>
        </case>
        <case>
          <duration>2.08838E-4</duration>
          <className>These are sample RSpec tests</className>
          <testName>These are sample RSpec tests This is test #301</testName>
          <skipped>false</skipped>
          <failedSince>0</failedSince>
        </case>
        <case>
          <duration>2.45114E-4</duration>
          <className>These are sample RSpec tests</className>
          <testName>These are sample RSpec tests This is test #302</testName>
          <skipped>false</skipped>
          <failedSince>0</failedSince>
        </case>
        <case>
          <duration>2.00224E-4</duration>
          <className>These are sample RSpec tests</className>
          <testName>These are sample RSpec tests This is test #303</testName>
          <skipped>false</skipped>
          <failedSince>0</failedSince>
        </case>
        <case>
          <duration>1.97837E-4</duration>
          <className>These are sample RSpec tests</className>
          <testName>These are sample RSpec tests This is test #304</testName>
          <skipped>false</skipped>
          <failedSince>0</failedSince>
        </case>
        <case>
          <duration>2.04012E-4</duration>
          <className>These are sample RSpec tests</className>
          <testName>These are sample RSpec tests This is test #305</testName>
          <skipped>false</skipped>
          <failedSince>0</failedSince>
        </case>
        <case>
          <duration>2.01274E-4</duration>
          <className>These are sample RSpec tests</className>
          <testName>These are sample RSpec tests This is test #306</testName>
          <skipped>false</skipped>
          <failedSince>0</failedSince>
        </case>
        <case>
          <duration>2.4031E-4</duration>
          <className>These are sample RSpec tests</className>
          <testName>These are sample RSpec tests This is test #307</testName>
          <skipped>false</skipped>
          <failedSince>0</failedSince>
        </case>
        <case>
          <duration>2.37181E-4</duration>
          <className>These are sample RSpec tests</className>
          <testName>These are sample RSpec tests This is test #308</testName>
          <skipped>false</skipped>
          <failedSince>0</failedSince>
        </case>
        <case>
          <duration>2.74532E-4</duration>
          <className>These are sample RSpec tests</className>
          <testName>These are sample RSpec tests This is test #309</testName>
          <skipped>false</skipped>
          <failedSince>0</failedSince>
        </case>
        <case>
          <duration>2.23869E-4</duration>
          <className>These are sample RSpec tests</className>
          <testName>These are sample RSpec tests This is test #310</testName>
          <skipped>false</skipped>
          <failedSince>0</failedSince>
        </case>
        <case>
          <duration>2.27308E-4</duration>
          <className>These are sample RSpec tests</className>
          <testName>These are sample RSpec tests This is test #311</testName>
          <skipped>false</skipped>
          <failedSince>0</failedSince>
        </case>
        <case>
          <duration>2.31022E-4</duration>
          <className>These are sample RSpec tests</className>
          <testName>These are sample RSpec tests This is test #312</testName>
          <skipped>false</skipped>
          <failedSince>0</failedSince>
        </case>
        <case>
          <duration>2.27782E-4</duration>
          <className>These are sample RSpec tests</className>
          <testName>These are sample RSpec tests This is test #313</testName>
          <skipped>false</skipped>
          <failedSince>0</failedSince>
        </case>
        <case>
          <duration>2.26389E-4</duration>
          <className>These are sample RSpec tests</className>
          <testName>These are sample RSpec tests This is test #314</testName>
          <skipped>false</skipped>
          <failedSince>0</failedSince>
        </case>
        <case>
          <duration>2.45716E-4</duration>
          <className>These are sample RSpec tests</className>
          <testName>These are sample RSpec tests This is test #315</testName>
          <skipped>false</skipped>
          <failedSince>0</failedSince>
        </case>
        <case>
          <duration>2.26166E-4</duration>
          <className>These are sample RSpec tests</className>
          <testName>These are sample RSpec tests This is test #316</testName>
          <skipped>false</skipped>
          <failedSince>0</failedSince>
        </case>
        <case>
          <duration>2.5801E-4</duration>
          <className>These are sample RSpec tests</className>
          <testName>These are sample RSpec tests This is test #317</testName>
          <skipped>false</skipped>
          <failedSince>0</failedSince>
        </case>
        <case>
          <duration>4.27444E-4</duration>
          <className>These are sample RSpec tests</className>
          <testName>These are sample RSpec tests This is test #318</testName>
          <skipped>false</skipped>
          <failedSince>0</failedSince>
        </case>
        <case>
          <duration>2.41579E-4</duration>
          <className>These are sample RSpec tests</className>
          <testName>These are sample RSpec tests This is test #319</testName>
          <skipped>false</skipped>
          <failedSince>0</failedSince>
        </case>
        <case>
          <duration>2.60579E-4</duration>
          <className>These are sample RSpec tests</className>
          <testName>These are sample RSpec tests This is test #320</testName>
          <skipped>false</skipped>
          <failedSince>0</failedSince>
        </case>
        <case>
          <duration>2.30531E-4</duration>
          <className>These are sample RSpec tests</className>
          <testName>These are sample RSpec tests This is test #321</testName>
          <skipped>false</skipped>
          <failedSince>0</failedSince>
        </case>
        <case>
          <duration>2.46881E-4</duration>
          <className>These are sample RSpec tests</className>
          <testName>These are sample RSpec tests This is test #322</testName>
          <skipped>false</skipped>
          <failedSince>0</failedSince>
        </case>
        <case>
          <duration>2.06703E-4</duration>
          <className>These are sample RSpec tests</className>
          <testName>These are sample RSpec tests This is test #323</testName>
          <skipped>false</skipped>
          <failedSince>0</failedSince>
        </case>
        <case>
          <duration>2.11959E-4</duration>
          <className>These are sample RSpec tests</className>
          <testName>These are sample RSpec tests This is test #324</testName>
          <skipped>false</skipped>
          <failedSince>0</failedSince>
        </case>
        <case>
          <duration>2.49041E-4</duration>
          <className>These are sample RSpec tests</className>
          <testName>These are sample RSpec tests This is test #325</testName>
          <skipped>false</skipped>
          <failedSince>0</failedSince>
        </case>
        <case>
          <duration>2.71142E-4</duration>
          <className>These are sample RSpec tests</className>
          <testName>These are sample RSpec tests This is test #326</testName>
          <skipped>false</skipped>
          <failedSince>0</failedSince>
        </case>
        <case>
          <duration>2.1483E-4</duration>
          <className>These are sample RSpec tests</className>
          <testName>These are sample RSpec tests This is test #327</testName>
          <skipped>false</skipped>
          <failedSince>0</failedSince>
        </case>
        <case>
          <duration>2.44797E-4</duration>
          <className>These are sample RSpec tests</className>
          <testName>These are sample RSpec tests This is test #328</testName>
          <skipped>false</skipped>
          <failedSince>0</failedSince>
        </case>
        <case>
          <duration>2.39754E-4</duration>
          <className>These are sample RSpec tests</className>
          <testName>These are sample RSpec tests This is test #329</testName>
          <skipped>false</skipped>
          <failedSince>0</failedSince>
        </case>
        <case>
          <duration>2.37992E-4</duration>
          <className>These are sample RSpec tests</className>
          <testName>These are sample RSpec tests This is test #330</testName>
          <skipped>false</skipped>
          <failedSince>0</failedSince>
        </case>
        <case>
          <duration>2.75821E-4</duration>
          <className>These are sample RSpec tests</className>
          <testName>These are sample RSpec tests This is test #331</testName>
          <skipped>false</skipped>
          <failedSince>0</failedSince>
        </case>
        <case>
          <duration>2.23964E-4</duration>
          <className>These are sample RSpec tests</className>
          <testName>These are sample RSpec tests This is test #332</testName>
          <skipped>false</skipped>
          <failedSince>0</failedSince>
        </case>
        <case>
          <duration>2.38315E-4</duration>
          <className>These are sample RSpec tests</className>
          <testName>These are sample RSpec tests This is test #333</testName>
          <skipped>false</skipped>
          <failedSince>0</failedSince>
        </case>
        <case>
          <duration>2.48018E-4</duration>
          <className>These are sample RSpec tests</className>
          <testName>These are sample RSpec tests This is test #334</testName>
          <skipped>false</skipped>
          <failedSince>0</failedSince>
        </case>
        <case>
          <duration>2.28852E-4</duration>
          <className>These are sample RSpec tests</className>
          <testName>These are sample RSpec tests This is test #335</testName>
          <skipped>false</skipped>
          <failedSince>0</failedSince>
        </case>
        <case>
          <duration>2.29529E-4</duration>
          <className>These are sample RSpec tests</className>
          <testName>These are sample RSpec tests This is test #336</testName>
          <skipped>false</skipped>
          <failedSince>0</failedSince>
        </case>
        <case>
          <duration>2.30547E-4</duration>
          <className>These are sample RSpec tests</className>
          <testName>These are sample RSpec tests This is test #337</testName>
          <skipped>false</skipped>
          <failedSince>0</failedSince>
        </case>
        <case>
          <duration>2.40419E-4</duration>
          <className>These are sample RSpec tests</className>
          <testName>These are sample RSpec tests This is test #338</testName>
          <skipped>false</skipped>
          <failedSince>0</failedSince>
        </case>
        <case>
          <duration>2.42021E-4</duration>
          <className>These are sample RSpec tests</className>
          <testName>These are sample RSpec tests This is test #339</testName>
          <skipped>false</skipped>
          <failedSince>0</failedSince>
        </case>
        <case>
          <duration>2.39199E-4</duration>
          <className>These are sample RSpec tests</className>
          <testName>These are sample RSpec tests This is test #340</testName>
          <skipped>false</skipped>
          <failedSince>0</failedSince>
        </case>
        <case>
          <duration>2.35852E-4</duration>
          <className>These are sample RSpec tests</className>
          <testName>These are sample RSpec tests This is test #341</testName>
          <skipped>false</skipped>
          <failedSince>0</failedSince>
        </case>
        <case>
          <duration>2.2548E-4</duration>
          <className>These are sample RSpec tests</className>
          <testName>These are sample RSpec tests This is test #342</testName>
          <skipped>false</skipped>
          <failedSince>0</failedSince>
        </case>
        <case>
          <duration>2.16881E-4</duration>
          <className>These are sample RSpec tests</className>
          <testName>These are sample RSpec tests This is test #343</testName>
          <skipped>false</skipped>
          <failedSince>0</failedSince>
        </case>
        <case>
          <duration>2.28307E-4</duration>
          <className>These are sample RSpec tests</className>
          <testName>These are sample RSpec tests This is test #344</testName>
          <skipped>false</skipped>
          <failedSince>0</failedSince>
        </case>
        <case>
          <duration>2.27935E-4</duration>
          <className>These are sample RSpec tests</className>
          <testName>These are sample RSpec tests This is test #345</testName>
          <skipped>false</skipped>
          <failedSince>0</failedSince>
        </case>
        <case>
          <duration>2.11597E-4</duration>
          <className>These are sample RSpec tests</className>
          <testName>These are sample RSpec tests This is test #346</testName>
          <skipped>false</skipped>
          <failedSince>0</failedSince>
        </case>
        <case>
          <duration>2.32265E-4</duration>
          <className>These are sample RSpec tests</className>
          <testName>These are sample RSpec tests This is test #347</testName>
          <skipped>false</skipped>
          <failedSince>0</failedSince>
        </case>
        <case>
          <duration>2.37786E-4</duration>
          <className>These are sample RSpec tests</className>
          <testName>These are sample RSpec tests This is test #348</testName>
          <skipped>false</skipped>
          <failedSince>0</failedSince>
        </case>
        <case>
          <duration>2.35303E-4</duration>
          <className>These are sample RSpec tests</className>
          <testName>These are sample RSpec tests This is test #349</testName>
          <skipped>false</skipped>
          <failedSince>0</failedSince>
        </case>
        <case>
          <duration>2.30902E-4</duration>
          <className>These are sample RSpec tests</className>
          <testName>These are sample RSpec tests This is test #350</testName>
          <skipped>false</skipped>
          <failedSince>0</failedSince>
        </case>
        <case>
          <duration>2.19274E-4</duration>
          <className>These are sample RSpec tests</className>
          <testName>These are sample RSpec tests This is test #351</testName>
          <skipped>false</skipped>
          <failedSince>0</failedSince>
        </case>
        <case>
          <duration>2.18731E-4</duration>
          <className>These are sample RSpec tests</className>
          <testName>These are sample RSpec tests This is test #352</testName>
          <skipped>false</skipped>
          <failedSince>0</failedSince>
        </case>
        <case>
          <duration>2.16641E-4</duration>
          <className>These are sample RSpec tests</className>
          <testName>These are sample RSpec tests This is test #353</testName>
          <skipped>false</skipped>
          <failedSince>0</failedSince>
        </case>
        <case>
          <duration>2.28927E-4</duration>
          <className>These are sample RSpec tests</className>
          <testName>These are sample RSpec tests This is test #354</testName>
          <skipped>false</skipped>
          <failedSince>0</failedSince>
        </case>
        <case>
          <duration>2.30073E-4</duration>
          <className>These are sample RSpec tests</className>
          <testName>These are sample RSpec tests This is test #355</testName>
          <skipped>false</skipped>
          <failedSince>0</failedSince>
        </case>
        <case>
          <duration>2.48352E-4</duration>
          <className>These are sample RSpec tests</className>
          <testName>These are sample RSpec tests This is test #356</testName>
          <skipped>false</skipped>
          <failedSince>0</failedSince>
        </case>
        <case>
          <duration>2.60246E-4</duration>
          <className>These are sample RSpec tests</className>
          <testName>These are sample RSpec tests This is test #357</testName>
          <skipped>false</skipped>
          <failedSince>0</failedSince>
        </case>
        <case>
          <duration>2.57096E-4</duration>
          <className>These are sample RSpec tests</className>
          <testName>These are sample RSpec tests This is test #358</testName>
          <skipped>false</skipped>
          <failedSince>0</failedSince>
        </case>
        <case>
          <duration>2.89308E-4</duration>
          <className>These are sample RSpec tests</className>
          <testName>These are sample RSpec tests This is test #359</testName>
          <skipped>false</skipped>
          <failedSince>0</failedSince>
        </case>
        <case>
          <duration>2.25665E-4</duration>
          <className>These are sample RSpec tests</className>
          <testName>These are sample RSpec tests This is test #360</testName>
          <skipped>false</skipped>
          <failedSince>0</failedSince>
        </case>
        <case>
          <duration>2.65221E-4</duration>
          <className>These are sample RSpec tests</className>
          <testName>These are sample RSpec tests This is test #361</testName>
          <skipped>false</skipped>
          <failedSince>0</failedSince>
        </case>
        <case>
          <duration>2.43423E-4</duration>
          <className>These are sample RSpec tests</className>
          <testName>These are sample RSpec tests This is test #362</testName>
          <skipped>false</skipped>
          <failedSince>0</failedSince>
        </case>
        <case>
          <duration>2.37612E-4</duration>
          <className>These are sample RSpec tests</className>
          <testName>These are sample RSpec tests This is test #363</testName>
          <skipped>false</skipped>
          <failedSince>0</failedSince>
        </case>
        <case>
          <duration>2.02671E-4</duration>
          <className>These are sample RSpec tests</className>
          <testName>These are sample RSpec tests This is test #364</testName>
          <skipped>false</skipped>
          <failedSince>0</failedSince>
        </case>
        <case>
          <duration>2.34224E-4</duration>
          <className>These are sample RSpec tests</className>
          <testName>These are sample RSpec tests This is test #365</testName>
          <skipped>false</skipped>
          <failedSince>0</failedSince>
        </case>
        <case>
          <duration>2.05369E-4</duration>
          <className>These are sample RSpec tests</className>
          <testName>These are sample RSpec tests This is test #366</testName>
          <skipped>false</skipped>
          <failedSince>0</failedSince>
        </case>
        <case>
          <duration>2.12266E-4</duration>
          <className>These are sample RSpec tests</className>
          <testName>These are sample RSpec tests This is test #367</testName>
          <skipped>false</skipped>
          <failedSince>0</failedSince>
        </case>
        <case>
          <duration>2.28725E-4</duration>
          <className>These are sample RSpec tests</className>
          <testName>These are sample RSpec tests This is test #368</testName>
          <skipped>false</skipped>
          <failedSince>0</failedSince>
        </case>
        <case>
          <duration>2.57063E-4</duration>
          <className>These are sample RSpec tests</className>
          <testName>These are sample RSpec tests This is test #369</testName>
          <skipped>false</skipped>
          <failedSince>0</failedSince>
        </case>
        <case>
          <duration>2.43284E-4</duration>
          <className>These are sample RSpec tests</className>
          <testName>These are sample RSpec tests This is test #370</testName>
          <skipped>false</skipped>
          <failedSince>0</failedSince>
        </case>
        <case>
          <duration>2.39354E-4</duration>
          <className>These are sample RSpec tests</className>
          <testName>These are sample RSpec tests This is test #371</testName>
          <skipped>false</skipped>
          <failedSince>0</failedSince>
        </case>
        <case>
          <duration>2.06305E-4</duration>
          <className>These are sample RSpec tests</className>
          <testName>These are sample RSpec tests This is test #372</testName>
          <skipped>false</skipped>
          <failedSince>0</failedSince>
        </case>
        <case>
          <duration>2.04891E-4</duration>
          <className>These are sample RSpec tests</className>
          <testName>These are sample RSpec tests This is test #373</testName>
          <skipped>false</skipped>
          <failedSince>0</failedSince>
        </case>
        <case>
          <duration>2.65668E-4</duration>
          <className>These are sample RSpec tests</className>
          <testName>These are sample RSpec tests This is test #374</testName>
          <skipped>false</skipped>
          <failedSince>0</failedSince>
        </case>
        <case>
          <duration>2.52203E-4</duration>
          <className>These are sample RSpec tests</className>
          <testName>These are sample RSpec tests This is test #375</testName>
          <skipped>false</skipped>
          <failedSince>0</failedSince>
        </case>
        <case>
          <duration>2.32246E-4</duration>
          <className>These are sample RSpec tests</className>
          <testName>These are sample RSpec tests This is test #376</testName>
          <skipped>false</skipped>
          <failedSince>0</failedSince>
        </case>
        <case>
          <duration>2.48605E-4</duration>
          <className>These are sample RSpec tests</className>
          <testName>These are sample RSpec tests This is test #377</testName>
          <skipped>false</skipped>
          <failedSince>0</failedSince>
        </case>
        <case>
          <duration>2.27327E-4</duration>
          <className>These are sample RSpec tests</className>
          <testName>These are sample RSpec tests This is test #378</testName>
          <skipped>false</skipped>
          <failedSince>0</failedSince>
        </case>
        <case>
          <duration>2.1015E-4</duration>
          <className>These are sample RSpec tests</className>
          <testName>These are sample RSpec tests This is test #379</testName>
          <skipped>false</skipped>
          <failedSince>0</failedSince>
        </case>
        <case>
          <duration>2.07272E-4</duration>
          <className>These are sample RSpec tests</className>
          <testName>These are sample RSpec tests This is test #380</testName>
          <skipped>false</skipped>
          <failedSince>0</failedSince>
        </case>
        <case>
          <duration>2.12841E-4</duration>
          <className>These are sample RSpec tests</className>
          <testName>These are sample RSpec tests This is test #381</testName>
          <skipped>false</skipped>
          <failedSince>0</failedSince>
        </case>
        <case>
          <duration>2.13364E-4</duration>
          <className>These are sample RSpec tests</className>
          <testName>These are sample RSpec tests This is test #382</testName>
          <skipped>false</skipped>
          <failedSince>0</failedSince>
        </case>
        <case>
          <duration>2.15629E-4</duration>
          <className>These are sample RSpec tests</className>
          <testName>These are sample RSpec tests This is test #383</testName>
          <skipped>false</skipped>
          <failedSince>0</failedSince>
        </case>
        <case>
          <duration>2.23768E-4</duration>
          <className>These are sample RSpec tests</className>
          <testName>These are sample RSpec tests This is test #384</testName>
          <skipped>false</skipped>
          <failedSince>0</failedSince>
        </case>
        <case>
          <duration>2.18906E-4</duration>
          <className>These are sample RSpec tests</className>
          <testName>These are sample RSpec tests This is test #385</testName>
          <skipped>false</skipped>
          <failedSince>0</failedSince>
        </case>
        <case>
          <duration>2.47818E-4</duration>
          <className>These are sample RSpec tests</className>
          <testName>These are sample RSpec tests This is test #386</testName>
          <skipped>false</skipped>
          <failedSince>0</failedSince>
        </case>
        <case>
          <duration>2.30694E-4</duration>
          <className>These are sample RSpec tests</className>
          <testName>These are sample RSpec tests This is test #387</testName>
          <skipped>false</skipped>
          <failedSince>0</failedSince>
        </case>
        <case>
          <duration>2.73165E-4</duration>
          <className>These are sample RSpec tests</className>
          <testName>These are sample RSpec tests This is test #388</testName>
          <skipped>false</skipped>
          <failedSince>0</failedSince>
        </case>
        <case>
          <duration>3.27703E-4</duration>
          <className>These are sample RSpec tests</className>
          <testName>These are sample RSpec tests This is test #389</testName>
          <skipped>false</skipped>
          <failedSince>0</failedSince>
        </case>
        <case>
          <duration>2.18589E-4</duration>
          <className>These are sample RSpec tests</className>
          <testName>These are sample RSpec tests This is test #390</testName>
          <skipped>false</skipped>
          <failedSince>0</failedSince>
        </case>
        <case>
          <duration>2.09684E-4</duration>
          <className>These are sample RSpec tests</className>
          <testName>These are sample RSpec tests This is test #391</testName>
          <skipped>false</skipped>
          <failedSince>0</failedSince>
        </case>
        <case>
          <duration>2.39726E-4</duration>
          <className>These are sample RSpec tests</className>
          <testName>These are sample RSpec tests This is test #392</testName>
          <skipped>false</skipped>
          <failedSince>0</failedSince>
        </case>
        <case>
          <duration>2.31502E-4</duration>
          <className>These are sample RSpec tests</className>
          <testName>These are sample RSpec tests This is test #393</testName>
          <skipped>false</skipped>
          <failedSince>0</failedSince>
        </case>
        <case>
          <duration>2.40318E-4</duration>
          <className>These are sample RSpec tests</className>
          <testName>These are sample RSpec tests This is test #394</testName>
          <skipped>false</skipped>
          <failedSince>0</failedSince>
        </case>
        <case>
          <duration>2.18531E-4</duration>
          <className>These are sample RSpec tests</className>
          <testName>These are sample RSpec tests This is test #395</testName>
          <skipped>false</skipped>
          <failedSince>0</failedSince>
        </case>
        <case>
          <duration>2.20526E-4</duration>
          <className>These are sample RSpec tests</className>
          <testName>These are sample RSpec tests This is test #396</testName>
          <skipped>false</skipped>
          <failedSince>0</failedSince>
        </case>
        <case>
          <duration>2.61804E-4</duration>
          <className>These are sample RSpec tests</className>
          <testName>These are sample RSpec tests This is test #397</testName>
          <skipped>false</skipped>
          <failedSince>0</failedSince>
        </case>
        <case>
          <duration>2.22928E-4</duration>
          <className>These are sample RSpec tests</className>
          <testName>These are sample RSpec tests This is test #398</testName>
          <skipped>false</skipped>
          <failedSince>0</failedSince>
        </case>
        <case>
          <duration>2.15781E-4</duration>
          <className>These are sample RSpec tests</className>
          <testName>These are sample RSpec tests This is test #399</testName>
          <skipped>false</skipped>
          <failedSince>0</failedSince>
        </case>
        <case>
          <duration>2.35006E-4</duration>
          <className>These are sample RSpec tests</className>
          <testName>These are sample RSpec tests This is test #400</testName>
          <skipped>false</skipped>
          <failedSince>0</failedSince>
        </case>
        <case>
          <duration>2.79113E-4</duration>
          <className>These are sample RSpec tests</className>
          <testName>These are sample RSpec tests This is test #401</testName>
          <skipped>false</skipped>
          <failedSince>0</failedSince>
        </case>
        <case>
          <duration>2.5432E-4</duration>
          <className>These are sample RSpec tests</className>
          <testName>These are sample RSpec tests This is test #402</testName>
          <skipped>false</skipped>
          <failedSince>0</failedSince>
        </case>
        <case>
          <duration>2.28961E-4</duration>
          <className>These are sample RSpec tests</className>
          <testName>These are sample RSpec tests This is test #403</testName>
          <skipped>false</skipped>
          <failedSince>0</failedSince>
        </case>
        <case>
          <duration>2.28843E-4</duration>
          <className>These are sample RSpec tests</className>
          <testName>These are sample RSpec tests This is test #404</testName>
          <skipped>false</skipped>
          <failedSince>0</failedSince>
        </case>
        <case>
          <duration>2.67741E-4</duration>
          <className>These are sample RSpec tests</className>
          <testName>These are sample RSpec tests This is test #405</testName>
          <skipped>false</skipped>
          <failedSince>0</failedSince>
        </case>
        <case>
          <duration>2.2188E-4</duration>
          <className>These are sample RSpec tests</className>
          <testName>These are sample RSpec tests This is test #406</testName>
          <skipped>false</skipped>
          <failedSince>0</failedSince>
        </case>
        <case>
          <duration>2.96343E-4</duration>
          <className>These are sample RSpec tests</className>
          <testName>These are sample RSpec tests This is test #407</testName>
          <skipped>false</skipped>
          <failedSince>0</failedSince>
        </case>
        <case>
          <duration>3.31299E-4</duration>
          <className>These are sample RSpec tests</className>
          <testName>These are sample RSpec tests This is test #408</testName>
          <skipped>false</skipped>
          <failedSince>0</failedSince>
        </case>
        <case>
          <duration>2.92416E-4</duration>
          <className>These are sample RSpec tests</className>
          <testName>These are sample RSpec tests This is test #409</testName>
          <skipped>false</skipped>
          <failedSince>0</failedSince>
        </case>
        <case>
          <duration>2.80059E-4</duration>
          <className>These are sample RSpec tests</className>
          <testName>These are sample RSpec tests This is test #410</testName>
          <skipped>false</skipped>
          <failedSince>0</failedSince>
        </case>
        <case>
          <duration>2.42711E-4</duration>
          <className>These are sample RSpec tests</className>
          <testName>These are sample RSpec tests This is test #411</testName>
          <skipped>false</skipped>
          <failedSince>0</failedSince>
        </case>
        <case>
          <duration>2.32279E-4</duration>
          <className>These are sample RSpec tests</className>
          <testName>These are sample RSpec tests This is test #412</testName>
          <skipped>false</skipped>
          <failedSince>0</failedSince>
        </case>
        <case>
          <duration>2.89295E-4</duration>
          <className>These are sample RSpec tests</className>
          <testName>These are sample RSpec tests This is test #413</testName>
          <skipped>false</skipped>
          <failedSince>0</failedSince>
        </case>
        <case>
          <duration>2.37376E-4</duration>
          <className>These are sample RSpec tests</className>
          <testName>These are sample RSpec tests This is test #414</testName>
          <skipped>false</skipped>
          <failedSince>0</failedSince>
        </case>
        <case>
          <duration>2.84911E-4</duration>
          <className>These are sample RSpec tests</className>
          <testName>These are sample RSpec tests This is test #415</testName>
          <skipped>false</skipped>
          <failedSince>0</failedSince>
        </case>
        <case>
          <duration>2.38119E-4</duration>
          <className>These are sample RSpec tests</className>
          <testName>These are sample RSpec tests This is test #416</testName>
          <skipped>false</skipped>
          <failedSince>0</failedSince>
        </case>
        <case>
          <duration>2.55081E-4</duration>
          <className>These are sample RSpec tests</className>
          <testName>These are sample RSpec tests This is test #417</testName>
          <skipped>false</skipped>
          <failedSince>0</failedSince>
        </case>
        <case>
          <duration>2.32179E-4</duration>
          <className>These are sample RSpec tests</className>
          <testName>These are sample RSpec tests This is test #418</testName>
          <skipped>false</skipped>
          <failedSince>0</failedSince>
        </case>
        <case>
          <duration>2.41355E-4</duration>
          <className>These are sample RSpec tests</className>
          <testName>These are sample RSpec tests This is test #419</testName>
          <skipped>false</skipped>
          <failedSince>0</failedSince>
        </case>
        <case>
          <duration>2.68372E-4</duration>
          <className>These are sample RSpec tests</className>
          <testName>These are sample RSpec tests This is test #420</testName>
          <skipped>false</skipped>
          <failedSince>0</failedSince>
        </case>
        <case>
          <duration>2.27561E-4</duration>
          <className>These are sample RSpec tests</className>
          <testName>These are sample RSpec tests This is test #421</testName>
          <skipped>false</skipped>
          <failedSince>0</failedSince>
        </case>
        <case>
          <duration>2.17847E-4</duration>
          <className>These are sample RSpec tests</className>
          <testName>These are sample RSpec tests This is test #422</testName>
          <skipped>false</skipped>
          <failedSince>0</failedSince>
        </case>
        <case>
          <duration>2.22375E-4</duration>
          <className>These are sample RSpec tests</className>
          <testName>These are sample RSpec tests This is test #423</testName>
          <skipped>false</skipped>
          <failedSince>0</failedSince>
        </case>
        <case>
          <duration>2.20113E-4</duration>
          <className>These are sample RSpec tests</className>
          <testName>These are sample RSpec tests This is test #424</testName>
          <skipped>false</skipped>
          <failedSince>0</failedSince>
        </case>
        <case>
          <duration>2.32085E-4</duration>
          <className>These are sample RSpec tests</className>
          <testName>These are sample RSpec tests This is test #425</testName>
          <skipped>false</skipped>
          <failedSince>0</failedSince>
        </case>
        <case>
          <duration>2.46189E-4</duration>
          <className>These are sample RSpec tests</className>
          <testName>These are sample RSpec tests This is test #426</testName>
          <skipped>false</skipped>
          <failedSince>0</failedSince>
        </case>
        <case>
          <duration>2.35642E-4</duration>
          <className>These are sample RSpec tests</className>
          <testName>These are sample RSpec tests This is test #427</testName>
          <skipped>false</skipped>
          <failedSince>0</failedSince>
        </case>
        <case>
          <duration>2.34522E-4</duration>
          <className>These are sample RSpec tests</className>
          <testName>These are sample RSpec tests This is test #428</testName>
          <skipped>false</skipped>
          <failedSince>0</failedSince>
        </case>
        <case>
          <duration>2.39469E-4</duration>
          <className>These are sample RSpec tests</className>
          <testName>These are sample RSpec tests This is test #429</testName>
          <skipped>false</skipped>
          <failedSince>0</failedSince>
        </case>
        <case>
          <duration>3.09473E-4</duration>
          <className>These are sample RSpec tests</className>
          <testName>These are sample RSpec tests This is test #430</testName>
          <skipped>false</skipped>
          <failedSince>0</failedSince>
        </case>
        <case>
          <duration>2.23166E-4</duration>
          <className>These are sample RSpec tests</className>
          <testName>These are sample RSpec tests This is test #431</testName>
          <skipped>false</skipped>
          <failedSince>0</failedSince>
        </case>
        <case>
          <duration>2.23828E-4</duration>
          <className>These are sample RSpec tests</className>
          <testName>These are sample RSpec tests This is test #432</testName>
          <skipped>false</skipped>
          <failedSince>0</failedSince>
        </case>
        <case>
          <duration>2.18973E-4</duration>
          <className>These are sample RSpec tests</className>
          <testName>These are sample RSpec tests This is test #433</testName>
          <skipped>false</skipped>
          <failedSince>0</failedSince>
        </case>
        <case>
          <duration>2.21492E-4</duration>
          <className>These are sample RSpec tests</className>
          <testName>These are sample RSpec tests This is test #434</testName>
          <skipped>false</skipped>
          <failedSince>0</failedSince>
        </case>
        <case>
          <duration>2.22895E-4</duration>
          <className>These are sample RSpec tests</className>
          <testName>These are sample RSpec tests This is test #435</testName>
          <skipped>false</skipped>
          <failedSince>0</failedSince>
        </case>
        <case>
          <duration>2.19103E-4</duration>
          <className>These are sample RSpec tests</className>
          <testName>These are sample RSpec tests This is test #436</testName>
          <skipped>false</skipped>
          <failedSince>0</failedSince>
        </case>
        <case>
          <duration>2.21542E-4</duration>
          <className>These are sample RSpec tests</className>
          <testName>These are sample RSpec tests This is test #437</testName>
          <skipped>false</skipped>
          <failedSince>0</failedSince>
        </case>
        <case>
          <duration>2.22326E-4</duration>
          <className>These are sample RSpec tests</className>
          <testName>These are sample RSpec tests This is test #438</testName>
          <skipped>false</skipped>
          <failedSince>0</failedSince>
        </case>
        <case>
          <duration>2.22081E-4</duration>
          <className>These are sample RSpec tests</className>
          <testName>These are sample RSpec tests This is test #439</testName>
          <skipped>false</skipped>
          <failedSince>0</failedSince>
        </case>
        <case>
          <duration>2.20391E-4</duration>
          <className>These are sample RSpec tests</className>
          <testName>These are sample RSpec tests This is test #440</testName>
          <skipped>false</skipped>
          <failedSince>0</failedSince>
        </case>
        <case>
          <duration>2.31155E-4</duration>
          <className>These are sample RSpec tests</className>
          <testName>These are sample RSpec tests This is test #441</testName>
          <skipped>false</skipped>
          <failedSince>0</failedSince>
        </case>
        <case>
          <duration>2.37843E-4</duration>
          <className>These are sample RSpec tests</className>
          <testName>These are sample RSpec tests This is test #442</testName>
          <skipped>false</skipped>
          <failedSince>0</failedSince>
        </case>
        <case>
          <duration>2.4516E-4</duration>
          <className>These are sample RSpec tests</className>
          <testName>These are sample RSpec tests This is test #443</testName>
          <skipped>false</skipped>
          <failedSince>0</failedSince>
        </case>
        <case>
          <duration>2.25986E-4</duration>
          <className>These are sample RSpec tests</className>
          <testName>These are sample RSpec tests This is test #444</testName>
          <skipped>false</skipped>
          <failedSince>0</failedSince>
        </case>
        <case>
          <duration>2.22118E-4</duration>
          <className>These are sample RSpec tests</className>
          <testName>These are sample RSpec tests This is test #445</testName>
          <skipped>false</skipped>
          <failedSince>0</failedSince>
        </case>
        <case>
          <duration>2.21956E-4</duration>
          <className>These are sample RSpec tests</className>
          <testName>These are sample RSpec tests This is test #446</testName>
          <skipped>false</skipped>
          <failedSince>0</failedSince>
        </case>
        <case>
          <duration>2.24814E-4</duration>
          <className>These are sample RSpec tests</className>
          <testName>These are sample RSpec tests This is test #447</testName>
          <skipped>false</skipped>
          <failedSince>0</failedSince>
        </case>
        <case>
          <duration>2.41345E-4</duration>
          <className>These are sample RSpec tests</className>
          <testName>These are sample RSpec tests This is test #448</testName>
          <skipped>false</skipped>
          <failedSince>0</failedSince>
        </case>
        <case>
          <duration>2.20396E-4</duration>
          <className>These are sample RSpec tests</className>
          <testName>These are sample RSpec tests This is test #449</testName>
          <skipped>false</skipped>
          <failedSince>0</failedSince>
        </case>
        <case>
          <duration>2.32982E-4</duration>
          <className>These are sample RSpec tests</className>
          <testName>These are sample RSpec tests This is test #450</testName>
          <skipped>false</skipped>
          <failedSince>0</failedSince>
        </case>
        <case>
          <duration>2.30521E-4</duration>
          <className>These are sample RSpec tests</className>
          <testName>These are sample RSpec tests This is test #451</testName>
          <skipped>false</skipped>
          <failedSince>0</failedSince>
        </case>
        <case>
          <duration>2.99367E-4</duration>
          <className>These are sample RSpec tests</className>
          <testName>These are sample RSpec tests This is test #452</testName>
          <skipped>false</skipped>
          <failedSince>0</failedSince>
        </case>
        <case>
          <duration>3.29428E-4</duration>
          <className>These are sample RSpec tests</className>
          <testName>These are sample RSpec tests This is test #453</testName>
          <skipped>false</skipped>
          <failedSince>0</failedSince>
        </case>
        <case>
          <duration>2.57067E-4</duration>
          <className>These are sample RSpec tests</className>
          <testName>These are sample RSpec tests This is test #454</testName>
          <skipped>false</skipped>
          <failedSince>0</failedSince>
        </case>
        <case>
          <duration>2.92267E-4</duration>
          <className>These are sample RSpec tests</className>
          <testName>These are sample RSpec tests This is test #455</testName>
          <skipped>false</skipped>
          <failedSince>0</failedSince>
        </case>
        <case>
          <duration>2.3004E-4</duration>
          <className>These are sample RSpec tests</className>
          <testName>These are sample RSpec tests This is test #456</testName>
          <skipped>false</skipped>
          <failedSince>0</failedSince>
        </case>
        <case>
          <duration>2.24825E-4</duration>
          <className>These are sample RSpec tests</className>
          <testName>These are sample RSpec tests This is test #457</testName>
          <skipped>false</skipped>
          <failedSince>0</failedSince>
        </case>
        <case>
          <duration>2.57207E-4</duration>
          <className>These are sample RSpec tests</className>
          <testName>These are sample RSpec tests This is test #458</testName>
          <skipped>false</skipped>
          <failedSince>0</failedSince>
        </case>
        <case>
          <duration>2.24531E-4</duration>
          <className>These are sample RSpec tests</className>
          <testName>These are sample RSpec tests This is test #459</testName>
          <skipped>false</skipped>
          <failedSince>0</failedSince>
        </case>
        <case>
          <duration>2.21738E-4</duration>
          <className>These are sample RSpec tests</className>
          <testName>These are sample RSpec tests This is test #460</testName>
          <skipped>false</skipped>
          <failedSince>0</failedSince>
        </case>
        <case>
          <duration>2.60041E-4</duration>
          <className>These are sample RSpec tests</className>
          <testName>These are sample RSpec tests This is test #461</testName>
          <skipped>false</skipped>
          <failedSince>0</failedSince>
        </case>
        <case>
          <duration>3.45753E-4</duration>
          <className>These are sample RSpec tests</className>
          <testName>These are sample RSpec tests This is test #462</testName>
          <skipped>false</skipped>
          <failedSince>0</failedSince>
        </case>
        <case>
          <duration>2.4341E-4</duration>
          <className>These are sample RSpec tests</className>
          <testName>These are sample RSpec tests This is test #463</testName>
          <skipped>false</skipped>
          <failedSince>0</failedSince>
        </case>
        <case>
          <duration>2.18868E-4</duration>
          <className>These are sample RSpec tests</className>
          <testName>These are sample RSpec tests This is test #464</testName>
          <skipped>false</skipped>
          <failedSince>0</failedSince>
        </case>
        <case>
          <duration>2.22963E-4</duration>
          <className>These are sample RSpec tests</className>
          <testName>These are sample RSpec tests This is test #465</testName>
          <skipped>false</skipped>
          <failedSince>0</failedSince>
        </case>
        <case>
          <duration>2.26623E-4</duration>
          <className>These are sample RSpec tests</className>
          <testName>These are sample RSpec tests This is test #466</testName>
          <skipped>false</skipped>
          <failedSince>0</failedSince>
        </case>
        <case>
          <duration>2.37033E-4</duration>
          <className>These are sample RSpec tests</className>
          <testName>These are sample RSpec tests This is test #467</testName>
          <skipped>false</skipped>
          <failedSince>0</failedSince>
        </case>
        <case>
          <duration>2.30672E-4</duration>
          <className>These are sample RSpec tests</className>
          <testName>These are sample RSpec tests This is test #468</testName>
          <skipped>false</skipped>
          <failedSince>0</failedSince>
        </case>
        <case>
          <duration>2.8832E-4</duration>
          <className>These are sample RSpec tests</className>
          <testName>These are sample RSpec tests This is test #469</testName>
          <skipped>false</skipped>
          <failedSince>0</failedSince>
        </case>
        <case>
          <duration>2.27651E-4</duration>
          <className>These are sample RSpec tests</className>
          <testName>These are sample RSpec tests This is test #470</testName>
          <skipped>false</skipped>
          <failedSince>0</failedSince>
        </case>
        <case>
          <duration>2.21744E-4</duration>
          <className>These are sample RSpec tests</className>
          <testName>These are sample RSpec tests This is test #471</testName>
          <skipped>false</skipped>
          <failedSince>0</failedSince>
        </case>
        <case>
          <duration>2.22292E-4</duration>
          <className>These are sample RSpec tests</className>
          <testName>These are sample RSpec tests This is test #472</testName>
          <skipped>false</skipped>
          <failedSince>0</failedSince>
        </case>
        <case>
          <duration>2.44851E-4</duration>
          <className>These are sample RSpec tests</className>
          <testName>These are sample RSpec tests This is test #473</testName>
          <skipped>false</skipped>
          <failedSince>0</failedSince>
        </case>
        <case>
          <duration>2.29342E-4</duration>
          <className>These are sample RSpec tests</className>
          <testName>These are sample RSpec tests This is test #474</testName>
          <skipped>false</skipped>
          <failedSince>0</failedSince>
        </case>
        <case>
          <duration>1.93161E-4</duration>
          <className>These are sample RSpec tests</className>
          <testName>These are sample RSpec tests This is test #475</testName>
          <skipped>false</skipped>
          <failedSince>0</failedSince>
        </case>
        <case>
          <duration>2.24741E-4</duration>
          <className>These are sample RSpec tests</className>
          <testName>These are sample RSpec tests This is test #476</testName>
          <skipped>false</skipped>
          <failedSince>0</failedSince>
        </case>
        <case>
          <duration>2.41977E-4</duration>
          <className>These are sample RSpec tests</className>
          <testName>These are sample RSpec tests This is test #477</testName>
          <skipped>false</skipped>
          <failedSince>0</failedSince>
        </case>
        <case>
          <duration>2.22054E-4</duration>
          <className>These are sample RSpec tests</className>
          <testName>These are sample RSpec tests This is test #478</testName>
          <skipped>false</skipped>
          <failedSince>0</failedSince>
        </case>
        <case>
          <duration>2.24295E-4</duration>
          <className>These are sample RSpec tests</className>
          <testName>These are sample RSpec tests This is test #479</testName>
          <skipped>false</skipped>
          <failedSince>0</failedSince>
        </case>
        <case>
          <duration>2.30829E-4</duration>
          <className>These are sample RSpec tests</className>
          <testName>These are sample RSpec tests This is test #480</testName>
          <skipped>false</skipped>
          <failedSince>0</failedSince>
        </case>
        <case>
          <duration>1.62994E-4</duration>
          <className>These are sample RSpec tests</className>
          <testName>These are sample RSpec tests This is test #49</testName>
          <skipped>false</skipped>
          <failedSince>0</failedSince>
        </case>
        <case>
          <duration>2.37459E-4</duration>
          <className>These are sample RSpec tests</className>
          <testName>These are sample RSpec tests This is test #481</testName>
          <skipped>false</skipped>
          <failedSince>0</failedSince>
        </case>
        <case>
          <duration>2.38286E-4</duration>
          <className>These are sample RSpec tests</className>
          <testName>These are sample RSpec tests This is test #482</testName>
          <skipped>false</skipped>
          <failedSince>0</failedSince>
        </case>
        <case>
          <duration>2.66602E-4</duration>
          <className>These are sample RSpec tests</className>
          <testName>These are sample RSpec tests This is test #483</testName>
          <skipped>false</skipped>
          <failedSince>0</failedSince>
        </case>
        <case>
          <duration>2.8816E-4</duration>
          <className>These are sample RSpec tests</className>
          <testName>These are sample RSpec tests This is test #484</testName>
          <skipped>false</skipped>
          <failedSince>0</failedSince>
        </case>
        <case>
          <duration>2.60385E-4</duration>
          <className>These are sample RSpec tests</className>
          <testName>These are sample RSpec tests This is test #485</testName>
          <skipped>false</skipped>
          <failedSince>0</failedSince>
        </case>
        <case>
          <duration>2.75994E-4</duration>
          <className>These are sample RSpec tests</className>
          <testName>These are sample RSpec tests This is test #486</testName>
          <skipped>false</skipped>
          <failedSince>0</failedSince>
        </case>
        <case>
          <duration>2.76127E-4</duration>
          <className>These are sample RSpec tests</className>
          <testName>These are sample RSpec tests This is test #487</testName>
          <skipped>false</skipped>
          <failedSince>0</failedSince>
        </case>
        <case>
          <duration>2.995E-4</duration>
          <className>These are sample RSpec tests</className>
          <testName>These are sample RSpec tests This is test #488</testName>
          <skipped>false</skipped>
          <failedSince>0</failedSince>
        </case>
        <case>
          <duration>3.55733E-4</duration>
          <className>These are sample RSpec tests</className>
          <testName>These are sample RSpec tests This is test #489</testName>
          <skipped>false</skipped>
          <failedSince>0</failedSince>
        </case>
        <case>
          <duration>2.2785E-4</duration>
          <className>These are sample RSpec tests</className>
          <testName>These are sample RSpec tests This is test #490</testName>
          <skipped>false</skipped>
          <failedSince>0</failedSince>
        </case>
        <case>
          <duration>1.54813E-4</duration>
          <className>These are sample RSpec tests</className>
          <testName>These are sample RSpec tests This is test #50</testName>
          <skipped>false</skipped>
          <failedSince>0</failedSince>
        </case>
        <case>
          <duration>2.25485E-4</duration>
          <className>These are sample RSpec tests</className>
          <testName>These are sample RSpec tests This is test #491</testName>
          <skipped>false</skipped>
          <failedSince>0</failedSince>
        </case>
        <case>
          <duration>2.22999E-4</duration>
          <className>These are sample RSpec tests</className>
          <testName>These are sample RSpec tests This is test #492</testName>
          <skipped>false</skipped>
          <failedSince>0</failedSince>
        </case>
        <case>
          <duration>2.97705E-4</duration>
          <className>These are sample RSpec tests</className>
          <testName>These are sample RSpec tests This is test #493</testName>
          <skipped>false</skipped>
          <failedSince>0</failedSince>
        </case>
        <case>
          <duration>2.77586E-4</duration>
          <className>These are sample RSpec tests</className>
          <testName>These are sample RSpec tests This is test #494</testName>
          <skipped>false</skipped>
          <failedSince>0</failedSince>
        </case>
        <case>
          <duration>2.91784E-4</duration>
          <className>These are sample RSpec tests</className>
          <testName>These are sample RSpec tests This is test #495</testName>
          <skipped>false</skipped>
          <failedSince>0</failedSince>
        </case>
        <case>
          <duration>3.20953E-4</duration>
          <className>These are sample RSpec tests</className>
          <testName>These are sample RSpec tests This is test #496</testName>
          <skipped>false</skipped>
          <failedSince>0</failedSince>
        </case>
        <case>
          <duration>2.28783E-4</duration>
          <className>These are sample RSpec tests</className>
          <testName>These are sample RSpec tests This is test #497</testName>
          <skipped>false</skipped>
          <failedSince>0</failedSince>
        </case>
        <case>
          <duration>2.4722E-4</duration>
          <className>These are sample RSpec tests</className>
          <testName>These are sample RSpec tests This is test #498</testName>
          <skipped>false</skipped>
          <failedSince>0</failedSince>
        </case>
        <case>
          <duration>2.44584E-4</duration>
          <className>These are sample RSpec tests</className>
          <testName>These are sample RSpec tests This is test #499</testName>
          <skipped>false</skipped>
          <failedSince>0</failedSince>
        </case>
        <case>
          <duration>2.23742E-4</duration>
          <className>These are sample RSpec tests</className>
          <testName>These are sample RSpec tests This is test #500</testName>
          <skipped>false</skipped>
          <failedSince>0</failedSince>
        </case>
        <case>
          <duration>1.89623E-4</duration>
          <className>These are sample RSpec tests</className>
          <testName>These are sample RSpec tests This is test #51</testName>
          <skipped>false</skipped>
          <failedSince>0</failedSince>
        </case>
        <case>
          <duration>1.90866E-4</duration>
          <className>These are sample RSpec tests</className>
          <testName>These are sample RSpec tests This is test #52</testName>
          <skipped>false</skipped>
          <failedSince>0</failedSince>
        </case>
        <case>
          <duration>1.74679E-4</duration>
          <className>These are sample RSpec tests</className>
          <testName>These are sample RSpec tests This is test #53</testName>
          <skipped>false</skipped>
          <failedSince>0</failedSince>
        </case>
        <case>
          <duration>1.56607E-4</duration>
          <className>These are sample RSpec tests</className>
          <testName>These are sample RSpec tests This is test #54</testName>
          <skipped>false</skipped>
          <failedSince>0</failedSince>
        </case>
        <case>
          <duration>1.56094E-4</duration>
          <className>These are sample RSpec tests</className>
          <testName>These are sample RSpec tests This is test #55</testName>
          <skipped>false</skipped>
          <failedSince>0</failedSince>
        </case>
        <case>
          <duration>1.85866E-4</duration>
          <className>These are sample RSpec tests</className>
          <testName>These are sample RSpec tests This is test #56</testName>
          <skipped>false</skipped>
          <failedSince>0</failedSince>
        </case>
        <case>
          <duration>1.59056E-4</duration>
          <className>These are sample RSpec tests</className>
          <testName>These are sample RSpec tests This is test #57</testName>
          <skipped>false</skipped>
          <failedSince>0</failedSince>
        </case>
        <case>
          <duration>1.58226E-4</duration>
          <className>These are sample RSpec tests</className>
          <testName>These are sample RSpec tests This is test #58</testName>
          <skipped>false</skipped>
          <failedSince>0</failedSince>
        </case>
        <case>
          <duration>1.5666E-4</duration>
          <className>These are sample RSpec tests</className>
          <testName>These are sample RSpec tests This is test #59</testName>
          <skipped>false</skipped>
          <failedSince>0</failedSince>
        </case>
        <case>
          <duration>1.53955E-4</duration>
          <className>These are sample RSpec tests</className>
          <testName>These are sample RSpec tests This is test #60</testName>
          <skipped>false</skipped>
          <failedSince>0</failedSince>
        </case>
        <case>
          <duration>1.55449E-4</duration>
          <className>These are sample RSpec tests</className>
          <testName>These are sample RSpec tests This is test #61</testName>
          <skipped>false</skipped>
          <failedSince>0</failedSince>
        </case>
        <case>
          <duration>1.55966E-4</duration>
          <className>These are sample RSpec tests</className>
          <testName>These are sample RSpec tests This is test #62</testName>
          <skipped>false</skipped>
          <failedSince>0</failedSince>
        </case>
        <case>
          <duration>1.66461E-4</duration>
          <className>These are sample RSpec tests</className>
          <testName>These are sample RSpec tests This is test #63</testName>
          <skipped>false</skipped>
          <failedSince>0</failedSince>
        </case>
        <case>
          <duration>2.22926E-4</duration>
          <className>These are sample RSpec tests</className>
          <testName>These are sample RSpec tests This is test #64</testName>
          <skipped>false</skipped>
          <failedSince>0</failedSince>
        </case>
        <case>
          <duration>1.56191E-4</duration>
          <className>These are sample RSpec tests</className>
          <testName>These are sample RSpec tests This is test #65</testName>
          <skipped>false</skipped>
          <failedSince>0</failedSince>
        </case>
        <case>
          <duration>2.17416E-4</duration>
          <className>These are sample RSpec tests</className>
          <testName>These are sample RSpec tests This is test #66</testName>
          <skipped>false</skipped>
          <failedSince>0</failedSince>
        </case>
        <case>
          <duration>1.56092E-4</duration>
          <className>These are sample RSpec tests</className>
          <testName>These are sample RSpec tests This is test #67</testName>
          <skipped>false</skipped>
          <failedSince>0</failedSince>
        </case>
        <case>
          <duration>1.54937E-4</duration>
          <className>These are sample RSpec tests</className>
          <testName>These are sample RSpec tests This is test #68</testName>
          <skipped>false</skipped>
          <failedSince>0</failedSince>
        </case>
        <case>
          <duration>1.56424E-4</duration>
          <className>These are sample RSpec tests</className>
          <testName>These are sample RSpec tests This is test #69</testName>
          <skipped>false</skipped>
          <failedSince>0</failedSince>
        </case>
        <case>
          <duration>1.57505E-4</duration>
          <className>These are sample RSpec tests</className>
          <testName>These are sample RSpec tests This is test #70</testName>
          <skipped>false</skipped>
          <failedSince>0</failedSince>
        </case>
        <case>
          <duration>1.58561E-4</duration>
          <className>These are sample RSpec tests</className>
          <testName>These are sample RSpec tests This is test #71</testName>
          <skipped>false</skipped>
          <failedSince>0</failedSince>
        </case>
        <case>
          <duration>1.56172E-4</duration>
          <className>These are sample RSpec tests</className>
          <testName>These are sample RSpec tests This is test #72</testName>
          <skipped>false</skipped>
          <failedSince>0</failedSince>
        </case>
        <case>
          <duration>1.66799E-4</duration>
          <className>These are sample RSpec tests</className>
          <testName>These are sample RSpec tests This is test #73</testName>
          <skipped>false</skipped>
          <failedSince>0</failedSince>
        </case>
        <case>
          <duration>2.1803E-4</duration>
          <className>These are sample RSpec tests</className>
          <testName>These are sample RSpec tests This is test #74</testName>
          <skipped>false</skipped>
          <failedSince>0</failedSince>
        </case>
        <case>
          <duration>1.56359E-4</duration>
          <className>These are sample RSpec tests</className>
          <testName>These are sample RSpec tests This is test #75</testName>
          <skipped>false</skipped>
          <failedSince>0</failedSince>
        </case>
        <case>
          <duration>1.60742E-4</duration>
          <className>These are sample RSpec tests</className>
          <testName>These are sample RSpec tests This is test #76</testName>
          <skipped>false</skipped>
          <failedSince>0</failedSince>
        </case>
        <case>
          <duration>1.57929E-4</duration>
          <className>These are sample RSpec tests</className>
          <testName>These are sample RSpec tests This is test #77</testName>
          <skipped>false</skipped>
          <failedSince>0</failedSince>
        </case>
        <case>
          <duration>1.57567E-4</duration>
          <className>These are sample RSpec tests</className>
          <testName>These are sample RSpec tests This is test #78</testName>
          <skipped>false</skipped>
          <failedSince>0</failedSince>
        </case>
        <case>
          <duration>1.68133E-4</duration>
          <className>These are sample RSpec tests</className>
          <testName>These are sample RSpec tests This is test #79</testName>
          <skipped>false</skipped>
          <failedSince>0</failedSince>
        </case>
        <case>
          <duration>1.665E-4</duration>
          <className>These are sample RSpec tests</className>
          <testName>These are sample RSpec tests This is test #80</testName>
          <skipped>false</skipped>
          <failedSince>0</failedSince>
        </case>
        <case>
          <duration>1.70419E-4</duration>
          <className>These are sample RSpec tests</className>
          <testName>These are sample RSpec tests This is test #81</testName>
          <skipped>false</skipped>
          <failedSince>0</failedSince>
        </case>
        <case>
          <duration>1.94267E-4</duration>
          <className>These are sample RSpec tests</className>
          <testName>These are sample RSpec tests This is test #82</testName>
          <skipped>false</skipped>
          <failedSince>0</failedSince>
        </case>
        <case>
          <duration>1.81526E-4</duration>
          <className>These are sample RSpec tests</className>
          <testName>These are sample RSpec tests This is test #83</testName>
          <skipped>false</skipped>
          <failedSince>0</failedSince>
        </case>
        <case>
          <duration>1.98029E-4</duration>
          <className>These are sample RSpec tests</className>
          <testName>These are sample RSpec tests This is test #84</testName>
          <skipped>false</skipped>
          <failedSince>0</failedSince>
        </case>
        <case>
          <duration>1.7528E-4</duration>
          <className>These are sample RSpec tests</className>
          <testName>These are sample RSpec tests This is test #85</testName>
          <skipped>false</skipped>
          <failedSince>0</failedSince>
        </case>
        <case>
          <duration>1.89738E-4</duration>
          <className>These are sample RSpec tests</className>
          <testName>These are sample RSpec tests This is test #86</testName>
          <skipped>false</skipped>
          <failedSince>0</failedSince>
        </case>
        <case>
          <duration>2.29447E-4</duration>
          <className>These are sample RSpec tests</className>
          <testName>These are sample RSpec tests This is test #87</testName>
          <skipped>false</skipped>
          <failedSince>0</failedSince>
        </case>
        <case>
          <duration>1.88284E-4</duration>
          <className>These are sample RSpec tests</className>
          <testName>These are sample RSpec tests This is test #88</testName>
          <skipped>false</skipped>
          <failedSince>0</failedSince>
        </case>
        <case>
          <duration>1.89958E-4</duration>
          <className>These are sample RSpec tests</className>
          <testName>These are sample RSpec tests This is test #89</testName>
          <skipped>false</skipped>
          <failedSince>0</failedSince>
        </case>
        <case>
          <duration>1.82373E-4</duration>
          <className>These are sample RSpec tests</className>
          <testName>These are sample RSpec tests This is test #90</testName>
          <skipped>false</skipped>
          <failedSince>0</failedSince>
        </case>
        <case>
          <duration>1.99719E-4</duration>
          <className>These are sample RSpec tests</className>
          <testName>These are sample RSpec tests This is test #91</testName>
          <skipped>false</skipped>
          <failedSince>0</failedSince>
        </case>
        <case>
          <duration>2.07763E-4</duration>
          <className>These are sample RSpec tests</className>
          <testName>These are sample RSpec tests This is test #92</testName>
          <skipped>false</skipped>
          <failedSince>0</failedSince>
        </case>
        <case>
          <duration>2.00341E-4</duration>
          <className>These are sample RSpec tests</className>
          <testName>These are sample RSpec tests This is test #93</testName>
          <skipped>false</skipped>
          <failedSince>0</failedSince>
        </case>
        <case>
          <duration>1.6128E-4</duration>
          <className>These are sample RSpec tests</className>
          <testName>These are sample RSpec tests This is test #94</testName>
          <skipped>false</skipped>
          <failedSince>0</failedSince>
        </case>
        <case>
          <duration>1.60224E-4</duration>
          <className>These are sample RSpec tests</className>
          <testName>These are sample RSpec tests This is test #95</testName>
          <skipped>false</skipped>
          <failedSince>0</failedSince>
        </case>
        <case>
          <duration>1.56272E-4</duration>
          <className>These are sample RSpec tests</className>
          <testName>These are sample RSpec tests This is test #96</testName>
          <skipped>false</skipped>
          <failedSince>0</failedSince>
        </case>
        <case>
          <duration>1.62952E-4</duration>
          <className>These are sample RSpec tests</className>
          <testName>These are sample RSpec tests This is test #97</testName>
          <skipped>false</skipped>
          <failedSince>0</failedSince>
        </case>
        <case>
          <duration>1.58205E-4</duration>
          <className>These are sample RSpec tests</className>
          <testName>These are sample RSpec tests This is test #98</testName>
          <skipped>false</skipped>
          <failedSince>0</failedSince>
        </case>
        <case>
          <duration>1.70966E-4</duration>
          <className>These are sample RSpec tests</className>
          <testName>These are sample RSpec tests This is test #99</testName>
          <skipped>false</skipped>
          <failedSince>0</failedSince>
        </case>
        <case>
          <duration>1.56801E-4</duration>
          <className>These are sample RSpec tests</className>
          <testName>These are sample RSpec tests This is test #100</testName>
          <skipped>false</skipped>
          <failedSince>0</failedSince>
        </case>
      </cases>
    </suite>
  </suites>
  <duration>0.25715533</duration>
  <keepLongStdio>false</keepLongStdio>
</result>