<?xml version='1.0' encoding='UTF-8'?>
<result plugin="junit@1.20">
  <suites>
    <suite>
      <file>/var/jenkins_home/workspace/Docker_matrix_job/OS/debian/spec/reports/SPEC-These-are-sample-RSpec-tests.0.xml</file>
      <name>These are sample RSpec tests</name>
      <duration>3.82614E-4</duration>
      <timestamp>2017-02-27T05:37:11+00:00</timestamp>
      <time>0.000382614</time>
      <cases>
        <case>
          <duration>1.74854E-4</duration>
          <className>These are sample RSpec tests</className>
          <testName>These are sample RSpec tests This is test #1</testName>
          <skipped>false</skipped>
          <failedSince>0</failedSince>
        </case>
        <case>
          <duration>1.58158E-4</duration>
          <className>These are sample RSpec tests</className>
          <testName>These are sample RSpec tests This is test #101</testName>
          <skipped>false</skipped>
          <failedSince>0</failedSince>
        </case>
        <case>
          <duration>1.64632E-4</duration>
          <className>These are sample RSpec tests</className>
          <testName>These are sample RSpec tests This is test #102</testName>
          <skipped>false</skipped>
          <failedSince>0</failedSince>
        </case>
        <case>
          <duration>1.99356E-4</duration>
          <className>These are sample RSpec tests</className>
          <testName>These are sample RSpec tests This is test #103</testName>
          <skipped>false</skipped>
          <failedSince>0</failedSince>
        </case>
        <case>
          <duration>1.38029E-4</duration>
          <className>These are sample RSpec tests</className>
          <testName>These are sample RSpec tests This is test #104</testName>
          <skipped>false</skipped>
          <failedSince>0</failedSince>
        </case>
        <case>
          <duration>1.19685E-4</duration>
          <className>These are sample RSpec tests</className>
          <testName>These are sample RSpec tests This is test #105</testName>
          <skipped>false</skipped>
          <failedSince>0</failedSince>
        </case>
        <case>
          <duration>1.28821E-4</duration>
          <className>These are sample RSpec tests</className>
          <testName>These are sample RSpec tests This is test #106</testName>
          <skipped>false</skipped>
          <failedSince>0</failedSince>
        </case>
        <case>
          <duration>1.19326E-4</duration>
          <className>These are sample RSpec tests</className>
          <testName>These are sample RSpec tests This is test #107</testName>
          <skipped>false</skipped>
          <failedSince>0</failedSince>
        </case>
        <case>
          <duration>1.21779E-4</duration>
          <className>These are sample RSpec tests</className>
          <testName>These are sample RSpec tests This is test #108</testName>
          <skipped>false</skipped>
          <failedSince>0</failedSince>
        </case>
        <case>
          <duration>1.2548E-4</duration>
          <className>These are sample RSpec tests</className>
          <testName>These are sample RSpec tests This is test #109</testName>
          <skipped>false</skipped>
          <failedSince>0</failedSince>
        </case>
        <case>
          <duration>1.20967E-4</duration>
          <className>These are sample RSpec tests</className>
          <testName>These are sample RSpec tests This is test #110</testName>
          <skipped>false</skipped>
          <failedSince>0</failedSince>
        </case>
        <case>
          <duration>1.60284E-4</duration>
          <className>These are sample RSpec tests</className>
          <testName>These are sample RSpec tests This is test #111</testName>
          <skipped>false</skipped>
          <failedSince>0</failedSince>
        </case>
        <case>
          <duration>1.16563E-4</duration>
          <className>These are sample RSpec tests</className>
          <testName>These are sample RSpec tests This is test #112</testName>
          <skipped>false</skipped>
          <failedSince>0</failedSince>
        </case>
        <case>
          <duration>1.18766E-4</duration>
          <className>These are sample RSpec tests</className>
          <testName>These are sample RSpec tests This is test #113</testName>
          <skipped>false</skipped>
          <failedSince>0</failedSince>
        </case>
        <case>
          <duration>1.22137E-4</duration>
          <className>These are sample RSpec tests</className>
          <testName>These are sample RSpec tests This is test #114</testName>
          <skipped>false</skipped>
          <failedSince>0</failedSince>
        </case>
        <case>
          <duration>1.24333E-4</duration>
          <className>These are sample RSpec tests</className>
          <testName>These are sample RSpec tests This is test #115</testName>
          <skipped>false</skipped>
          <failedSince>0</failedSince>
        </case>
        <case>
          <duration>1.79713E-4</duration>
          <className>These are sample RSpec tests</className>
          <testName>These are sample RSpec tests This is test #116</testName>
          <skipped>false</skipped>
          <failedSince>0</failedSince>
        </case>
        <case>
          <duration>1.17238E-4</duration>
          <className>These are sample RSpec tests</className>
          <testName>These are sample RSpec tests This is test #117</testName>
          <skipped>false</skipped>
          <failedSince>0</failedSince>
        </case>
        <case>
          <duration>1.24365E-4</duration>
          <className>These are sample RSpec tests</className>
          <testName>These are sample RSpec tests This is test #118</testName>
          <skipped>false</skipped>
          <failedSince>0</failedSince>
        </case>
        <case>
          <duration>1.23647E-4</duration>
          <className>These are sample RSpec tests</className>
          <testName>These are sample RSpec tests This is test #119</testName>
          <skipped>false</skipped>
          <failedSince>0</failedSince>
        </case>
        <case>
          <duration>1.21355E-4</duration>
          <className>These are sample RSpec tests</className>
          <testName>These are sample RSpec tests This is test #120</testName>
          <skipped>false</skipped>
          <failedSince>0</failedSince>
        </case>
        <case>
          <duration>1.20344E-4</duration>
          <className>These are sample RSpec tests</className>
          <testName>These are sample RSpec tests This is test #121</testName>
          <skipped>false</skipped>
          <failedSince>0</failedSince>
        </case>
        <case>
          <duration>1.19396E-4</duration>
          <className>These are sample RSpec tests</className>
          <testName>These are sample RSpec tests This is test #122</testName>
          <skipped>false</skipped>
          <failedSince>0</failedSince>
        </case>
        <case>
          <duration>1.19434E-4</duration>
          <className>These are sample RSpec tests</className>
          <testName>These are sample RSpec tests This is test #123</testName>
          <skipped>false</skipped>
          <failedSince>0</failedSince>
        </case>
        <case>
          <duration>1.21046E-4</duration>
          <className>These are sample RSpec tests</className>
          <testName>These are sample RSpec tests This is test #124</testName>
          <skipped>false</skipped>
          <failedSince>0</failedSince>
        </case>
        <case>
          <duration>1.2431E-4</duration>
          <className>These are sample RSpec tests</className>
          <testName>These are sample RSpec tests This is test #125</testName>
          <skipped>false</skipped>
          <failedSince>0</failedSince>
        </case>
        <case>
          <duration>1.33516E-4</duration>
          <className>These are sample RSpec tests</className>
          <testName>These are sample RSpec tests This is test #126</testName>
          <skipped>false</skipped>
          <failedSince>0</failedSince>
        </case>
        <case>
          <duration>1.32128E-4</duration>
          <className>These are sample RSpec tests</className>
          <testName>These are sample RSpec tests This is test #127</testName>
          <skipped>false</skipped>
          <failedSince>0</failedSince>
        </case>
        <case>
          <duration>1.36137E-4</duration>
          <className>These are sample RSpec tests</className>
          <testName>These are sample RSpec tests This is test #128</testName>
          <skipped>false</skipped>
          <failedSince>0</failedSince>
        </case>
        <case>
          <duration>1.31343E-4</duration>
          <className>These are sample RSpec tests</className>
          <testName>These are sample RSpec tests This is test #129</testName>
          <skipped>false</skipped>
          <failedSince>0</failedSince>
        </case>
        <case>
          <duration>1.71067E-4</duration>
          <className>These are sample RSpec tests</className>
          <testName>These are sample RSpec tests This is test #130</testName>
          <skipped>false</skipped>
          <failedSince>0</failedSince>
        </case>
        <case>
          <duration>1.22568E-4</duration>
          <className>These are sample RSpec tests</className>
          <testName>These are sample RSpec tests This is test #131</testName>
          <skipped>false</skipped>
          <failedSince>0</failedSince>
        </case>
        <case>
          <duration>1.23545E-4</duration>
          <className>These are sample RSpec tests</className>
          <testName>These are sample RSpec tests This is test #132</testName>
          <skipped>false</skipped>
          <failedSince>0</failedSince>
        </case>
        <case>
          <duration>1.18339E-4</duration>
          <className>These are sample RSpec tests</className>
          <testName>These are sample RSpec tests This is test #133</testName>
          <skipped>false</skipped>
          <failedSince>0</failedSince>
        </case>
        <case>
          <duration>1.19874E-4</duration>
          <className>These are sample RSpec tests</className>
          <testName>These are sample RSpec tests This is test #134</testName>
          <skipped>false</skipped>
          <failedSince>0</failedSince>
        </case>
        <case>
          <duration>1.6529E-4</duration>
          <className>These are sample RSpec tests</className>
          <testName>These are sample RSpec tests This is test #135</testName>
          <skipped>false</skipped>
          <failedSince>0</failedSince>
        </case>
        <case>
          <duration>1.21149E-4</duration>
          <className>These are sample RSpec tests</className>
          <testName>These are sample RSpec tests This is test #136</testName>
          <skipped>false</skipped>
          <failedSince>0</failedSince>
        </case>
        <case>
          <duration>1.33659E-4</duration>
          <className>These are sample RSpec tests</className>
          <testName>These are sample RSpec tests This is test #137</testName>
          <skipped>false</skipped>
          <failedSince>0</failedSince>
        </case>
        <case>
          <duration>1.19555E-4</duration>
          <className>These are sample RSpec tests</className>
          <testName>These are sample RSpec tests This is test #138</testName>
          <skipped>false</skipped>
          <failedSince>0</failedSince>
        </case>
        <case>
          <duration>1.96733E-4</duration>
          <className>These are sample RSpec tests</className>
          <testName>These are sample RSpec tests This is test #139</testName>
          <skipped>false</skipped>
          <failedSince>0</failedSince>
        </case>
        <case>
          <duration>1.20842E-4</duration>
          <className>These are sample RSpec tests</className>
          <testName>These are sample RSpec tests This is test #140</testName>
          <skipped>false</skipped>
          <failedSince>0</failedSince>
        </case>
        <case>
          <duration>1.34609E-4</duration>
          <className>These are sample RSpec tests</className>
          <testName>These are sample RSpec tests This is test #141</testName>
          <skipped>false</skipped>
          <failedSince>0</failedSince>
        </case>
        <case>
          <duration>1.61817E-4</duration>
          <className>These are sample RSpec tests</className>
          <testName>These are sample RSpec tests This is test #142</testName>
          <skipped>false</skipped>
          <failedSince>0</failedSince>
        </case>
        <case>
          <duration>1.1867E-4</duration>
          <className>These are sample RSpec tests</className>
          <testName>These are sample RSpec tests This is test #143</testName>
          <skipped>false</skipped>
          <failedSince>0</failedSince>
        </case>
        <case>
          <duration>1.17735E-4</duration>
          <className>These are sample RSpec tests</className>
          <testName>These are sample RSpec tests This is test #144</testName>
          <skipped>false</skipped>
          <failedSince>0</failedSince>
        </case>
        <case>
          <duration>1.25662E-4</duration>
          <className>These are sample RSpec tests</className>
          <testName>These are sample RSpec tests This is test #145</testName>
          <skipped>false</skipped>
          <failedSince>0</failedSince>
        </case>
        <case>
          <duration>1.22327E-4</duration>
          <className>These are sample RSpec tests</className>
          <testName>These are sample RSpec tests This is test #146</testName>
          <skipped>false</skipped>
          <failedSince>0</failedSince>
        </case>
        <case>
          <duration>1.38233E-4</duration>
          <className>These are sample RSpec tests</className>
          <testName>These are sample RSpec tests This is test #147</testName>
          <skipped>false</skipped>
          <failedSince>0</failedSince>
        </case>
        <case>
          <duration>2.13257E-4</duration>
          <className>These are sample RSpec tests</className>
          <testName>These are sample RSpec tests This is test #148</testName>
          <skipped>false</skipped>
          <failedSince>0</failedSince>
        </case>
        <case>
          <duration>1.6675E-4</duration>
          <className>These are sample RSpec tests</className>
          <testName>These are sample RSpec tests This is test #149</testName>
          <skipped>false</skipped>
          <failedSince>0</failedSince>
        </case>
        <case>
          <duration>1.63367E-4</duration>
          <className>These are sample RSpec tests</className>
          <testName>These are sample RSpec tests This is test #150</testName>
          <skipped>false</skipped>
          <failedSince>0</failedSince>
        </case>
        <case>
          <duration>1.65721E-4</duration>
          <className>These are sample RSpec tests</className>
          <testName>These are sample RSpec tests This is test #151</testName>
          <skipped>false</skipped>
          <failedSince>0</failedSince>
        </case>
        <case>
          <duration>1.82831E-4</duration>
          <className>These are sample RSpec tests</className>
          <testName>These are sample RSpec tests This is test #152</testName>
          <skipped>false</skipped>
          <failedSince>0</failedSince>
        </case>
        <case>
          <duration>1.69307E-4</duration>
          <className>These are sample RSpec tests</className>
          <testName>These are sample RSpec tests This is test #153</testName>
          <skipped>false</skipped>
          <failedSince>0</failedSince>
        </case>
        <case>
          <duration>1.32177E-4</duration>
          <className>These are sample RSpec tests</className>
          <testName>These are sample RSpec tests This is test #154</testName>
          <skipped>false</skipped>
          <failedSince>0</failedSince>
        </case>
        <case>
          <duration>1.24154E-4</duration>
          <className>These are sample RSpec tests</className>
          <testName>These are sample RSpec tests This is test #155</testName>
          <skipped>false</skipped>
          <failedSince>0</failedSince>
        </case>
        <case>
          <duration>1.15865E-4</duration>
          <className>These are sample RSpec tests</className>
          <testName>These are sample RSpec tests This is test #156</testName>
          <skipped>false</skipped>
          <failedSince>0</failedSince>
        </case>
        <case>
          <duration>1.41593E-4</duration>
          <className>These are sample RSpec tests</className>
          <testName>These are sample RSpec tests This is test #157</testName>
          <skipped>false</skipped>
          <failedSince>0</failedSince>
        </case>
        <case>
          <duration>1.20457E-4</duration>
          <className>These are sample RSpec tests</className>
          <testName>These are sample RSpec tests This is test #158</testName>
          <skipped>false</skipped>
          <failedSince>0</failedSince>
        </case>
        <case>
          <duration>1.37519E-4</duration>
          <className>These are sample RSpec tests</className>
          <testName>These are sample RSpec tests This is test #159</testName>
          <skipped>false</skipped>
          <failedSince>0</failedSince>
        </case>
        <case>
          <duration>1.23932E-4</duration>
          <className>These are sample RSpec tests</className>
          <testName>These are sample RSpec tests This is test #160</testName>
          <skipped>false</skipped>
          <failedSince>0</failedSince>
        </case>
        <case>
          <duration>1.50001E-4</duration>
          <className>These are sample RSpec tests</className>
          <testName>These are sample RSpec tests This is test #161</testName>
          <skipped>false</skipped>
          <failedSince>0</failedSince>
        </case>
        <case>
          <duration>1.5483E-4</duration>
          <className>These are sample RSpec tests</className>
          <testName>These are sample RSpec tests This is test #162</testName>
          <skipped>false</skipped>
          <failedSince>0</failedSince>
        </case>
        <case>
          <duration>1.33724E-4</duration>
          <className>These are sample RSpec tests</className>
          <testName>These are sample RSpec tests This is test #163</testName>
          <skipped>false</skipped>
          <failedSince>0</failedSince>
        </case>
        <case>
          <duration>1.3126E-4</duration>
          <className>These are sample RSpec tests</className>
          <testName>These are sample RSpec tests This is test #164</testName>
          <skipped>false</skipped>
          <failedSince>0</failedSince>
        </case>
        <case>
          <duration>1.44143E-4</duration>
          <className>These are sample RSpec tests</className>
          <testName>These are sample RSpec tests This is test #165</testName>
          <skipped>false</skipped>
          <failedSince>0</failedSince>
        </case>
        <case>
          <duration>1.69051E-4</duration>
          <className>These are sample RSpec tests</className>
          <testName>These are sample RSpec tests This is test #166</testName>
          <skipped>false</skipped>
          <failedSince>0</failedSince>
        </case>
        <case>
          <duration>1.20802E-4</duration>
          <className>These are sample RSpec tests</className>
          <testName>These are sample RSpec tests This is test #167</testName>
          <skipped>false</skipped>
          <failedSince>0</failedSince>
        </case>
        <case>
          <duration>1.23821E-4</duration>
          <className>These are sample RSpec tests</className>
          <testName>These are sample RSpec tests This is test #168</testName>
          <skipped>false</skipped>
          <failedSince>0</failedSince>
        </case>
        <case>
          <duration>1.30177E-4</duration>
          <className>These are sample RSpec tests</className>
          <testName>These are sample RSpec tests This is test #169</testName>
          <skipped>false</skipped>
          <failedSince>0</failedSince>
        </case>
        <case>
          <duration>1.21572E-4</duration>
          <className>These are sample RSpec tests</className>
          <testName>These are sample RSpec tests This is test #170</testName>
          <skipped>false</skipped>
          <failedSince>0</failedSince>
        </case>
        <case>
          <duration>1.51146E-4</duration>
          <className>These are sample RSpec tests</className>
          <testName>These are sample RSpec tests This is test #171</testName>
          <skipped>false</skipped>
          <failedSince>0</failedSince>
        </case>
        <case>
          <duration>1.23897E-4</duration>
          <className>These are sample RSpec tests</className>
          <testName>These are sample RSpec tests This is test #172</testName>
          <skipped>false</skipped>
          <failedSince>0</failedSince>
        </case>
        <case>
          <duration>1.26241E-4</duration>
          <className>These are sample RSpec tests</className>
          <testName>These are sample RSpec tests This is test #173</testName>
          <skipped>false</skipped>
          <failedSince>0</failedSince>
        </case>
        <case>
          <duration>1.19919E-4</duration>
          <className>These are sample RSpec tests</className>
          <testName>These are sample RSpec tests This is test #174</testName>
          <skipped>false</skipped>
          <failedSince>0</failedSince>
        </case>
        <case>
          <duration>1.19303E-4</duration>
          <className>These are sample RSpec tests</className>
          <testName>These are sample RSpec tests This is test #175</testName>
          <skipped>false</skipped>
          <failedSince>0</failedSince>
        </case>
        <case>
          <duration>1.63924E-4</duration>
          <className>These are sample RSpec tests</className>
          <testName>These are sample RSpec tests This is test #176</testName>
          <skipped>false</skipped>
          <failedSince>0</failedSince>
        </case>
        <case>
          <duration>1.61634E-4</duration>
          <className>These are sample RSpec tests</className>
          <testName>These are sample RSpec tests This is test #177</testName>
          <skipped>false</skipped>
          <failedSince>0</failedSince>
        </case>
        <case>
          <duration>1.447E-4</duration>
          <className>These are sample RSpec tests</className>
          <testName>These are sample RSpec tests This is test #178</testName>
          <skipped>false</skipped>
          <failedSince>0</failedSince>
        </case>
        <case>
          <duration>1.35451E-4</duration>
          <className>These are sample RSpec tests</className>
          <testName>These are sample RSpec tests This is test #179</testName>
          <skipped>false</skipped>
          <failedSince>0</failedSince>
        </case>
        <case>
          <duration>1.27509E-4</duration>
          <className>These are sample RSpec tests</className>
          <testName>These are sample RSpec tests This is test #180</testName>
          <skipped>false</skipped>
          <failedSince>0</failedSince>
        </case>
        <case>
          <duration>1.20811E-4</duration>
          <className>These are sample RSpec tests</className>
          <testName>These are sample RSpec tests This is test #181</testName>
          <skipped>false</skipped>
          <failedSince>0</failedSince>
        </case>
        <case>
          <duration>1.37392E-4</duration>
          <className>These are sample RSpec tests</className>
          <testName>These are sample RSpec tests This is test #182</testName>
          <skipped>false</skipped>
          <failedSince>0</failedSince>
        </case>
        <case>
          <duration>1.24629E-4</duration>
          <className>These are sample RSpec tests</className>
          <testName>These are sample RSpec tests This is test #183</testName>
          <skipped>false</skipped>
          <failedSince>0</failedSince>
        </case>
        <case>
          <duration>1.22525E-4</duration>
          <className>These are sample RSpec tests</className>
          <testName>These are sample RSpec tests This is test #184</testName>
          <skipped>false</skipped>
          <failedSince>0</failedSince>
        </case>
        <case>
          <duration>1.29659E-4</duration>
          <className>These are sample RSpec tests</className>
          <testName>These are sample RSpec tests This is test #185</testName>
          <skipped>false</skipped>
          <failedSince>0</failedSince>
        </case>
        <case>
          <duration>1.57834E-4</duration>
          <className>These are sample RSpec tests</className>
          <testName>These are sample RSpec tests This is test #186</testName>
          <skipped>false</skipped>
          <failedSince>0</failedSince>
        </case>
        <case>
          <duration>2.09798E-4</duration>
          <className>These are sample RSpec tests</className>
          <testName>These are sample RSpec tests This is test #187</testName>
          <skipped>false</skipped>
          <failedSince>0</failedSince>
        </case>
        <case>
          <duration>1.5721E-4</duration>
          <className>These are sample RSpec tests</className>
          <testName>These are sample RSpec tests This is test #188</testName>
          <skipped>false</skipped>
          <failedSince>0</failedSince>
        </case>
        <case>
          <duration>1.26857E-4</duration>
          <className>These are sample RSpec tests</className>
          <testName>These are sample RSpec tests This is test #189</testName>
          <skipped>false</skipped>
          <failedSince>0</failedSince>
        </case>
        <case>
          <duration>1.83128E-4</duration>
          <className>These are sample RSpec tests</className>
          <testName>These are sample RSpec tests This is test #190</testName>
          <skipped>false</skipped>
          <failedSince>0</failedSince>
        </case>
        <case>
          <duration>1.57746E-4</duration>
          <className>These are sample RSpec tests</className>
          <testName>These are sample RSpec tests This is test #191</testName>
          <skipped>false</skipped>
          <failedSince>0</failedSince>
        </case>
        <case>
          <duration>1.30911E-4</duration>
          <className>These are sample RSpec tests</className>
          <testName>These are sample RSpec tests This is test #192</testName>
          <skipped>false</skipped>
          <failedSince>0</failedSince>
        </case>
        <case>
          <duration>1.32662E-4</duration>
          <className>These are sample RSpec tests</className>
          <testName>These are sample RSpec tests This is test #193</testName>
          <skipped>false</skipped>
          <failedSince>0</failedSince>
        </case>
        <case>
          <duration>1.25103E-4</duration>
          <className>These are sample RSpec tests</className>
          <testName>These are sample RSpec tests This is test #194</testName>
          <skipped>false</skipped>
          <failedSince>0</failedSince>
        </case>
        <case>
          <duration>1.23877E-4</duration>
          <className>These are sample RSpec tests</className>
          <testName>These are sample RSpec tests This is test #195</testName>
          <skipped>false</skipped>
          <failedSince>0</failedSince>
        </case>
        <case>
          <duration>1.94826E-4</duration>
          <className>These are sample RSpec tests</className>
          <testName>These are sample RSpec tests This is test #196</testName>
          <skipped>false</skipped>
          <failedSince>0</failedSince>
        </case>
        <case>
          <duration>1.48849E-4</duration>
          <className>These are sample RSpec tests</className>
          <testName>These are sample RSpec tests This is test #197</testName>
          <skipped>false</skipped>
          <failedSince>0</failedSince>
        </case>
        <case>
          <duration>1.40724E-4</duration>
          <className>These are sample RSpec tests</className>
          <testName>These are sample RSpec tests This is test #198</testName>
          <skipped>false</skipped>
          <failedSince>0</failedSince>
        </case>
        <case>
          <duration>1.6915E-4</duration>
          <className>These are sample RSpec tests</className>
          <testName>These are sample RSpec tests This is test #199</testName>
          <skipped>false</skipped>
          <failedSince>0</failedSince>
        </case>
        <case>
          <duration>1.83215E-4</duration>
          <className>These are sample RSpec tests</className>
          <testName>These are sample RSpec tests This is test #200</testName>
          <skipped>false</skipped>
          <failedSince>0</failedSince>
        </case>
        <case>
          <duration>1.26929E-4</duration>
          <className>These are sample RSpec tests</className>
          <testName>These are sample RSpec tests This is test #201</testName>
          <skipped>false</skipped>
          <failedSince>0</failedSince>
        </case>
        <case>
          <duration>2.07117E-4</duration>
          <className>These are sample RSpec tests</className>
          <testName>These are sample RSpec tests This is test #202</testName>
          <skipped>false</skipped>
          <failedSince>0</failedSince>
        </case>
        <case>
          <duration>1.68397E-4</duration>
          <className>These are sample RSpec tests</className>
          <testName>These are sample RSpec tests This is test #203</testName>
          <skipped>false</skipped>
          <failedSince>0</failedSince>
        </case>
        <case>
          <duration>1.23845E-4</duration>
          <className>These are sample RSpec tests</className>
          <testName>These are sample RSpec tests This is test #204</testName>
          <skipped>false</skipped>
          <failedSince>0</failedSince>
        </case>
        <case>
          <duration>1.28326E-4</duration>
          <className>These are sample RSpec tests</className>
          <testName>These are sample RSpec tests This is test #205</testName>
          <skipped>false</skipped>
          <failedSince>0</failedSince>
        </case>
        <case>
          <duration>1.49166E-4</duration>
          <className>These are sample RSpec tests</className>
          <testName>These are sample RSpec tests This is test #206</testName>
          <skipped>false</skipped>
          <failedSince>0</failedSince>
        </case>
        <case>
          <duration>1.73084E-4</duration>
          <className>These are sample RSpec tests</className>
          <testName>These are sample RSpec tests This is test #207</testName>
          <skipped>false</skipped>
          <failedSince>0</failedSince>
        </case>
        <case>
          <duration>1.76877E-4</duration>
          <className>These are sample RSpec tests</className>
          <testName>These are sample RSpec tests This is test #208</testName>
          <skipped>false</skipped>
          <failedSince>0</failedSince>
        </case>
        <case>
          <duration>1.2934E-4</duration>
          <className>These are sample RSpec tests</className>
          <testName>These are sample RSpec tests This is test #209</testName>
          <skipped>false</skipped>
          <failedSince>0</failedSince>
        </case>
        <case>
          <duration>1.40667E-4</duration>
          <className>These are sample RSpec tests</className>
          <testName>These are sample RSpec tests This is test #210</testName>
          <skipped>false</skipped>
          <failedSince>0</failedSince>
        </case>
        <case>
          <duration>1.59159E-4</duration>
          <className>These are sample RSpec tests</className>
          <testName>These are sample RSpec tests This is test #211</testName>
          <skipped>false</skipped>
          <failedSince>0</failedSince>
        </case>
        <case>
          <duration>1.40733E-4</duration>
          <className>These are sample RSpec tests</className>
          <testName>These are sample RSpec tests This is test #212</testName>
          <skipped>false</skipped>
          <failedSince>0</failedSince>
        </case>
        <case>
          <duration>1.276E-4</duration>
          <className>These are sample RSpec tests</className>
          <testName>These are sample RSpec tests This is test #213</testName>
          <skipped>false</skipped>
          <failedSince>0</failedSince>
        </case>
        <case>
          <duration>1.52209E-4</duration>
          <className>These are sample RSpec tests</className>
          <testName>These are sample RSpec tests This is test #214</testName>
          <skipped>false</skipped>
          <failedSince>0</failedSince>
        </case>
        <case>
          <duration>1.22338E-4</duration>
          <className>These are sample RSpec tests</className>
          <testName>These are sample RSpec tests This is test #215</testName>
          <skipped>false</skipped>
          <failedSince>0</failedSince>
        </case>
        <case>
          <duration>1.32059E-4</duration>
          <className>These are sample RSpec tests</className>
          <testName>These are sample RSpec tests This is test #216</testName>
          <skipped>false</skipped>
          <failedSince>0</failedSince>
        </case>
        <case>
          <duration>1.30297E-4</duration>
          <className>These are sample RSpec tests</className>
          <testName>These are sample RSpec tests This is test #217</testName>
          <skipped>false</skipped>
          <failedSince>0</failedSince>
        </case>
        <case>
          <duration>1.23193E-4</duration>
          <className>These are sample RSpec tests</className>
          <testName>These are sample RSpec tests This is test #218</testName>
          <skipped>false</skipped>
          <failedSince>0</failedSince>
        </case>
        <case>
          <duration>1.22315E-4</duration>
          <className>These are sample RSpec tests</className>
          <testName>These are sample RSpec tests This is test #219</testName>
          <skipped>false</skipped>
          <failedSince>0</failedSince>
        </case>
        <case>
          <duration>1.32447E-4</duration>
          <className>These are sample RSpec tests</className>
          <testName>These are sample RSpec tests This is test #220</testName>
          <skipped>false</skipped>
          <failedSince>0</failedSince>
        </case>
        <case>
          <duration>1.40474E-4</duration>
          <className>These are sample RSpec tests</className>
          <testName>These are sample RSpec tests This is test #221</testName>
          <skipped>false</skipped>
          <failedSince>0</failedSince>
        </case>
        <case>
          <duration>1.41942E-4</duration>
          <className>These are sample RSpec tests</className>
          <testName>These are sample RSpec tests This is test #222</testName>
          <skipped>false</skipped>
          <failedSince>0</failedSince>
        </case>
        <case>
          <duration>1.26511E-4</duration>
          <className>These are sample RSpec tests</className>
          <testName>These are sample RSpec tests This is test #223</testName>
          <skipped>false</skipped>
          <failedSince>0</failedSince>
        </case>
        <case>
          <duration>1.47133E-4</duration>
          <className>These are sample RSpec tests</className>
          <testName>These are sample RSpec tests This is test #224</testName>
          <skipped>false</skipped>
          <failedSince>0</failedSince>
        </case>
        <case>
          <duration>1.44322E-4</duration>
          <className>These are sample RSpec tests</className>
          <testName>These are sample RSpec tests This is test #225</testName>
          <skipped>false</skipped>
          <failedSince>0</failedSince>
        </case>
        <case>
          <duration>1.44953E-4</duration>
          <className>These are sample RSpec tests</className>
          <testName>These are sample RSpec tests This is test #226</testName>
          <skipped>false</skipped>
          <failedSince>0</failedSince>
        </case>
        <case>
          <duration>1.48099E-4</duration>
          <className>These are sample RSpec tests</className>
          <testName>These are sample RSpec tests This is test #227</testName>
          <skipped>false</skipped>
          <failedSince>0</failedSince>
        </case>
        <case>
          <duration>1.73287E-4</duration>
          <className>These are sample RSpec tests</className>
          <testName>These are sample RSpec tests This is test #228</testName>
          <skipped>false</skipped>
          <failedSince>0</failedSince>
        </case>
        <case>
          <duration>1.26054E-4</duration>
          <className>These are sample RSpec tests</className>
          <testName>These are sample RSpec tests This is test #229</testName>
          <skipped>false</skipped>
          <failedSince>0</failedSince>
        </case>
        <case>
          <duration>1.90584E-4</duration>
          <className>These are sample RSpec tests</className>
          <testName>These are sample RSpec tests This is test #230</testName>
          <skipped>false</skipped>
          <failedSince>0</failedSince>
        </case>
        <case>
          <duration>1.30276E-4</duration>
          <className>These are sample RSpec tests</className>
          <testName>These are sample RSpec tests This is test #231</testName>
          <skipped>false</skipped>
          <failedSince>0</failedSince>
        </case>
        <case>
          <duration>1.2949E-4</duration>
          <className>These are sample RSpec tests</className>
          <testName>These are sample RSpec tests This is test #232</testName>
          <skipped>false</skipped>
          <failedSince>0</failedSince>
        </case>
        <case>
          <duration>1.89649E-4</duration>
          <className>These are sample RSpec tests</className>
          <testName>These are sample RSpec tests This is test #233</testName>
          <skipped>false</skipped>
          <failedSince>0</failedSince>
        </case>
        <case>
          <duration>2.13698E-4</duration>
          <className>These are sample RSpec tests</className>
          <testName>These are sample RSpec tests This is test #234</testName>
          <skipped>false</skipped>
          <failedSince>0</failedSince>
        </case>
        <case>
          <duration>1.61768E-4</duration>
          <className>These are sample RSpec tests</className>
          <testName>These are sample RSpec tests This is test #235</testName>
          <skipped>false</skipped>
          <failedSince>0</failedSince>
        </case>
        <case>
          <duration>1.54618E-4</duration>
          <className>These are sample RSpec tests</className>
          <testName>These are sample RSpec tests This is test #236</testName>
          <skipped>false</skipped>
          <failedSince>0</failedSince>
        </case>
        <case>
          <duration>1.66599E-4</duration>
          <className>These are sample RSpec tests</className>
          <testName>These are sample RSpec tests This is test #237</testName>
          <skipped>false</skipped>
          <failedSince>0</failedSince>
        </case>
        <case>
          <duration>1.59137E-4</duration>
          <className>These are sample RSpec tests</className>
          <testName>These are sample RSpec tests This is test #238</testName>
          <skipped>false</skipped>
          <failedSince>0</failedSince>
        </case>
        <case>
          <duration>1.28156E-4</duration>
          <className>These are sample RSpec tests</className>
          <testName>These are sample RSpec tests This is test #239</testName>
          <skipped>false</skipped>
          <failedSince>0</failedSince>
        </case>
        <case>
          <duration>1.34684E-4</duration>
          <className>These are sample RSpec tests</className>
          <testName>These are sample RSpec tests This is test #240</testName>
          <skipped>false</skipped>
          <failedSince>0</failedSince>
        </case>
        <case>
          <duration>1.39117E-4</duration>
          <className>These are sample RSpec tests</className>
          <testName>These are sample RSpec tests This is test #241</testName>
          <skipped>false</skipped>
          <failedSince>0</failedSince>
        </case>
        <case>
          <duration>1.38979E-4</duration>
          <className>These are sample RSpec tests</className>
          <testName>These are sample RSpec tests This is test #242</testName>
          <skipped>false</skipped>
          <failedSince>0</failedSince>
        </case>
        <case>
          <duration>1.60937E-4</duration>
          <className>These are sample RSpec tests</className>
          <testName>These are sample RSpec tests This is test #243</testName>
          <skipped>false</skipped>
          <failedSince>0</failedSince>
        </case>
        <case>
          <duration>1.26332E-4</duration>
          <className>These are sample RSpec tests</className>
          <testName>These are sample RSpec tests This is test #244</testName>
          <skipped>false</skipped>
          <failedSince>0</failedSince>
        </case>
        <case>
          <duration>1.72831E-4</duration>
          <className>These are sample RSpec tests</className>
          <testName>These are sample RSpec tests This is test #245</testName>
          <skipped>false</skipped>
          <failedSince>0</failedSince>
        </case>
        <case>
          <duration>1.35571E-4</duration>
          <className>These are sample RSpec tests</className>
          <testName>These are sample RSpec tests This is test #246</testName>
          <skipped>false</skipped>
          <failedSince>0</failedSince>
        </case>
        <case>
          <duration>1.32558E-4</duration>
          <className>These are sample RSpec tests</className>
          <testName>These are sample RSpec tests This is test #247</testName>
          <skipped>false</skipped>
          <failedSince>0</failedSince>
        </case>
        <case>
          <duration>1.20989E-4</duration>
          <className>These are sample RSpec tests</className>
          <testName>These are sample RSpec tests This is test #248</testName>
          <skipped>false</skipped>
          <failedSince>0</failedSince>
        </case>
        <case>
          <duration>1.24533E-4</duration>
          <className>These are sample RSpec tests</className>
          <testName>These are sample RSpec tests This is test #249</testName>
          <skipped>false</skipped>
          <failedSince>0</failedSince>
        </case>
        <case>
          <duration>1.32158E-4</duration>
          <className>These are sample RSpec tests</className>
          <testName>These are sample RSpec tests This is test #250</testName>
          <skipped>false</skipped>
          <failedSince>0</failedSince>
        </case>
        <case>
          <duration>1.52762E-4</duration>
          <className>These are sample RSpec tests</className>
          <testName>These are sample RSpec tests This is test #251</testName>
          <skipped>false</skipped>
          <failedSince>0</failedSince>
        </case>
        <case>
          <duration>1.23783E-4</duration>
          <className>These are sample RSpec tests</className>
          <testName>These are sample RSpec tests This is test #252</testName>
          <skipped>false</skipped>
          <failedSince>0</failedSince>
        </case>
        <case>
          <duration>1.41751E-4</duration>
          <className>These are sample RSpec tests</className>
          <testName>These are sample RSpec tests This is test #253</testName>
          <skipped>false</skipped>
          <failedSince>0</failedSince>
        </case>
        <case>
          <duration>1.44121E-4</duration>
          <className>These are sample RSpec tests</className>
          <testName>These are sample RSpec tests This is test #254</testName>
          <skipped>false</skipped>
          <failedSince>0</failedSince>
        </case>
        <case>
          <duration>1.27941E-4</duration>
          <className>These are sample RSpec tests</className>
          <testName>These are sample RSpec tests This is test #255</testName>
          <skipped>false</skipped>
          <failedSince>0</failedSince>
        </case>
        <case>
          <duration>1.69982E-4</duration>
          <className>These are sample RSpec tests</className>
          <testName>These are sample RSpec tests This is test #256</testName>
          <skipped>false</skipped>
          <failedSince>0</failedSince>
        </case>
        <case>
          <duration>1.2282E-4</duration>
          <className>These are sample RSpec tests</className>
          <testName>These are sample RSpec tests This is test #257</testName>
          <skipped>false</skipped>
          <failedSince>0</failedSince>
        </case>
        <case>
          <duration>1.22452E-4</duration>
          <className>These are sample RSpec tests</className>
          <testName>These are sample RSpec tests This is test #258</testName>
          <skipped>false</skipped>
          <failedSince>0</failedSince>
        </case>
        <case>
          <duration>1.37482E-4</duration>
          <className>These are sample RSpec tests</className>
          <testName>These are sample RSpec tests This is test #259</testName>
          <skipped>false</skipped>
          <failedSince>0</failedSince>
        </case>
        <case>
          <duration>1.24541E-4</duration>
          <className>These are sample RSpec tests</className>
          <testName>These are sample RSpec tests This is test #260</testName>
          <skipped>false</skipped>
          <failedSince>0</failedSince>
        </case>
        <case>
          <duration>1.36872E-4</duration>
          <className>These are sample RSpec tests</className>
          <testName>These are sample RSpec tests This is test #261</testName>
          <skipped>false</skipped>
          <failedSince>0</failedSince>
        </case>
        <case>
          <duration>1.31722E-4</duration>
          <className>These are sample RSpec tests</className>
          <testName>These are sample RSpec tests This is test #262</testName>
          <skipped>false</skipped>
          <failedSince>0</failedSince>
        </case>
        <case>
          <duration>1.48894E-4</duration>
          <className>These are sample RSpec tests</className>
          <testName>These are sample RSpec tests This is test #263</testName>
          <skipped>false</skipped>
          <failedSince>0</failedSince>
        </case>
        <case>
          <duration>2.02759E-4</duration>
          <className>These are sample RSpec tests</className>
          <testName>These are sample RSpec tests This is test #264</testName>
          <skipped>false</skipped>
          <failedSince>0</failedSince>
        </case>
        <case>
          <duration>1.76156E-4</duration>
          <className>These are sample RSpec tests</className>
          <testName>These are sample RSpec tests This is test #265</testName>
          <skipped>false</skipped>
          <failedSince>0</failedSince>
        </case>
        <case>
          <duration>1.54684E-4</duration>
          <className>These are sample RSpec tests</className>
          <testName>These are sample RSpec tests This is test #266</testName>
          <skipped>false</skipped>
          <failedSince>0</failedSince>
        </case>
        <case>
          <duration>1.86389E-4</duration>
          <className>These are sample RSpec tests</className>
          <testName>These are sample RSpec tests This is test #267</testName>
          <skipped>false</skipped>
          <failedSince>0</failedSince>
        </case>
        <case>
          <duration>1.66185E-4</duration>
          <className>These are sample RSpec tests</className>
          <testName>These are sample RSpec tests This is test #268</testName>
          <skipped>false</skipped>
          <failedSince>0</failedSince>
        </case>
        <case>
          <duration>1.34181E-4</duration>
          <className>These are sample RSpec tests</className>
          <testName>These are sample RSpec tests This is test #269</testName>
          <skipped>false</skipped>
          <failedSince>0</failedSince>
        </case>
        <case>
          <duration>1.40787E-4</duration>
          <className>These are sample RSpec tests</className>
          <testName>These are sample RSpec tests This is test #270</testName>
          <skipped>false</skipped>
          <failedSince>0</failedSince>
        </case>
        <case>
          <duration>1.3819E-4</duration>
          <className>These are sample RSpec tests</className>
          <testName>These are sample RSpec tests This is test #271</testName>
          <skipped>false</skipped>
          <failedSince>0</failedSince>
        </case>
        <case>
          <duration>1.38871E-4</duration>
          <className>These are sample RSpec tests</className>
          <testName>These are sample RSpec tests This is test #272</testName>
          <skipped>false</skipped>
          <failedSince>0</failedSince>
        </case>
        <case>
          <duration>2.2539E-4</duration>
          <className>These are sample RSpec tests</className>
          <testName>These are sample RSpec tests This is test #273</testName>
          <skipped>false</skipped>
          <failedSince>0</failedSince>
        </case>
        <case>
          <duration>1.55973E-4</duration>
          <className>These are sample RSpec tests</className>
          <testName>These are sample RSpec tests This is test #274</testName>
          <skipped>false</skipped>
          <failedSince>0</failedSince>
        </case>
        <case>
          <duration>1.5258E-4</duration>
          <className>These are sample RSpec tests</className>
          <testName>These are sample RSpec tests This is test #275</testName>
          <skipped>false</skipped>
          <failedSince>0</failedSince>
        </case>
        <case>
          <duration>1.44514E-4</duration>
          <className>These are sample RSpec tests</className>
          <testName>These are sample RSpec tests This is test #276</testName>
          <skipped>false</skipped>
          <failedSince>0</failedSince>
        </case>
        <case>
          <duration>1.38618E-4</duration>
          <className>These are sample RSpec tests</className>
          <testName>These are sample RSpec tests This is test #277</testName>
          <skipped>false</skipped>
          <failedSince>0</failedSince>
        </case>
        <case>
          <duration>1.26277E-4</duration>
          <className>These are sample RSpec tests</className>
          <testName>These are sample RSpec tests This is test #278</testName>
          <skipped>false</skipped>
          <failedSince>0</failedSince>
        </case>
        <case>
          <duration>1.35357E-4</duration>
          <className>These are sample RSpec tests</className>
          <testName>These are sample RSpec tests This is test #279</testName>
          <skipped>false</skipped>
          <failedSince>0</failedSince>
        </case>
        <case>
          <duration>1.32282E-4</duration>
          <className>These are sample RSpec tests</className>
          <testName>These are sample RSpec tests This is test #280</testName>
          <skipped>false</skipped>
          <failedSince>0</failedSince>
        </case>
        <case>
          <duration>2.70956E-4</duration>
          <className>These are sample RSpec tests</className>
          <testName>These are sample RSpec tests This is test #281</testName>
          <skipped>false</skipped>
          <failedSince>0</failedSince>
        </case>
        <case>
          <duration>1.27919E-4</duration>
          <className>These are sample RSpec tests</className>
          <testName>These are sample RSpec tests This is test #282</testName>
          <skipped>false</skipped>
          <failedSince>0</failedSince>
        </case>
        <case>
          <duration>1.25034E-4</duration>
          <className>These are sample RSpec tests</className>
          <testName>These are sample RSpec tests This is test #283</testName>
          <skipped>false</skipped>
          <failedSince>0</failedSince>
        </case>
        <case>
          <duration>1.77504E-4</duration>
          <className>These are sample RSpec tests</className>
          <testName>These are sample RSpec tests This is test #284</testName>
          <skipped>false</skipped>
          <failedSince>0</failedSince>
        </case>
        <case>
          <duration>1.30651E-4</duration>
          <className>These are sample RSpec tests</className>
          <testName>These are sample RSpec tests This is test #285</testName>
          <skipped>false</skipped>
          <failedSince>0</failedSince>
        </case>
        <case>
          <duration>1.31547E-4</duration>
          <className>These are sample RSpec tests</className>
          <testName>These are sample RSpec tests This is test #286</testName>
          <skipped>false</skipped>
          <failedSince>0</failedSince>
        </case>
        <case>
          <duration>1.24242E-4</duration>
          <className>These are sample RSpec tests</className>
          <testName>These are sample RSpec tests This is test #287</testName>
          <skipped>false</skipped>
          <failedSince>0</failedSince>
        </case>
        <case>
          <duration>1.34881E-4</duration>
          <className>These are sample RSpec tests</className>
          <testName>These are sample RSpec tests This is test #288</testName>
          <skipped>false</skipped>
          <failedSince>0</failedSince>
        </case>
        <case>
          <duration>1.61964E-4</duration>
          <className>These are sample RSpec tests</className>
          <testName>These are sample RSpec tests This is test #289</testName>
          <skipped>false</skipped>
          <failedSince>0</failedSince>
        </case>
        <case>
          <duration>1.43762E-4</duration>
          <className>These are sample RSpec tests</className>
          <testName>These are sample RSpec tests This is test #290</testName>
          <skipped>false</skipped>
          <failedSince>0</failedSince>
        </case>
        <case>
          <duration>1.7018E-4</duration>
          <className>These are sample RSpec tests</className>
          <testName>These are sample RSpec tests This is test #291</testName>
          <skipped>false</skipped>
          <failedSince>0</failedSince>
        </case>
        <case>
          <duration>1.7719E-4</duration>
          <className>These are sample RSpec tests</className>
          <testName>These are sample RSpec tests This is test #292</testName>
          <skipped>false</skipped>
          <failedSince>0</failedSince>
        </case>
        <case>
          <duration>1.62761E-4</duration>
          <className>These are sample RSpec tests</className>
          <testName>These are sample RSpec tests This is test #293</testName>
          <skipped>false</skipped>
          <failedSince>0</failedSince>
        </case>
        <case>
          <duration>2.24091E-4</duration>
          <className>These are sample RSpec tests</className>
          <testName>These are sample RSpec tests This is test #294</testName>
          <skipped>false</skipped>
          <failedSince>0</failedSince>
        </case>
        <case>
          <duration>1.67372E-4</duration>
          <className>These are sample RSpec tests</className>
          <testName>These are sample RSpec tests This is test #295</testName>
          <skipped>false</skipped>
          <failedSince>0</failedSince>
        </case>
        <case>
          <duration>1.24758E-4</duration>
          <className>These are sample RSpec tests</className>
          <testName>These are sample RSpec tests This is test #296</testName>
          <skipped>false</skipped>
          <failedSince>0</failedSince>
        </case>
        <case>
          <duration>1.26143E-4</duration>
          <className>These are sample RSpec tests</className>
          <testName>These are sample RSpec tests This is test #297</testName>
          <skipped>false</skipped>
          <failedSince>0</failedSince>
        </case>
        <case>
          <duration>1.48493E-4</duration>
          <className>These are sample RSpec tests</className>
          <testName>These are sample RSpec tests This is test #298</testName>
          <skipped>false</skipped>
          <failedSince>0</failedSince>
        </case>
        <case>
          <duration>1.28501E-4</duration>
          <className>These are sample RSpec tests</className>
          <testName>These are sample RSpec tests This is test #299</testName>
          <skipped>false</skipped>
          <failedSince>0</failedSince>
        </case>
        <case>
          <duration>1.93619E-4</duration>
          <className>These are sample RSpec tests</className>
          <testName>These are sample RSpec tests This is test #300</testName>
          <skipped>false</skipped>
          <failedSince>0</failedSince>
        </case>
        <case>
          <duration>1.45431E-4</duration>
          <className>These are sample RSpec tests</className>
          <testName>These are sample RSpec tests This is test #301</testName>
          <skipped>false</skipped>
          <failedSince>0</failedSince>
        </case>
        <case>
          <duration>1.61755E-4</duration>
          <className>These are sample RSpec tests</className>
          <testName>These are sample RSpec tests This is test #302</testName>
          <skipped>false</skipped>
          <failedSince>0</failedSince>
        </case>
        <case>
          <duration>1.56188E-4</duration>
          <className>These are sample RSpec tests</className>
          <testName>These are sample RSpec tests This is test #303</testName>
          <skipped>false</skipped>
          <failedSince>0</failedSince>
        </case>
        <case>
          <duration>1.4798E-4</duration>
          <className>These are sample RSpec tests</className>
          <testName>These are sample RSpec tests This is test #304</testName>
          <skipped>false</skipped>
          <failedSince>0</failedSince>
        </case>
        <case>
          <duration>1.67477E-4</duration>
          <className>These are sample RSpec tests</className>
          <testName>These are sample RSpec tests This is test #305</testName>
          <skipped>false</skipped>
          <failedSince>0</failedSince>
        </case>
        <case>
          <duration>1.29961E-4</duration>
          <className>These are sample RSpec tests</className>
          <testName>These are sample RSpec tests This is test #306</testName>
          <skipped>false</skipped>
          <failedSince>0</failedSince>
        </case>
        <case>
          <duration>1.90531E-4</duration>
          <className>These are sample RSpec tests</className>
          <testName>These are sample RSpec tests This is test #307</testName>
          <skipped>false</skipped>
          <failedSince>0</failedSince>
        </case>
        <case>
          <duration>1.27422E-4</duration>
          <className>These are sample RSpec tests</className>
          <testName>These are sample RSpec tests This is test #308</testName>
          <skipped>false</skipped>
          <failedSince>0</failedSince>
        </case>
        <case>
          <duration>1.24818E-4</duration>
          <className>These are sample RSpec tests</className>
          <testName>These are sample RSpec tests This is test #309</testName>
          <skipped>false</skipped>
          <failedSince>0</failedSince>
        </case>
        <case>
          <duration>1.34656E-4</duration>
          <className>These are sample RSpec tests</className>
          <testName>These are sample RSpec tests This is test #310</testName>
          <skipped>false</skipped>
          <failedSince>0</failedSince>
        </case>
        <case>
          <duration>1.23486E-4</duration>
          <className>These are sample RSpec tests</className>
          <testName>These are sample RSpec tests This is test #311</testName>
          <skipped>false</skipped>
          <failedSince>0</failedSince>
        </case>
        <case>
          <duration>1.24824E-4</duration>
          <className>These are sample RSpec tests</className>
          <testName>These are sample RSpec tests This is test #312</testName>
          <skipped>false</skipped>
          <failedSince>0</failedSince>
        </case>
        <case>
          <duration>1.28309E-4</duration>
          <className>These are sample RSpec tests</className>
          <testName>These are sample RSpec tests This is test #313</testName>
          <skipped>false</skipped>
          <failedSince>0</failedSince>
        </case>
        <case>
          <duration>1.3517E-4</duration>
          <className>These are sample RSpec tests</className>
          <testName>These are sample RSpec tests This is test #314</testName>
          <skipped>false</skipped>
          <failedSince>0</failedSince>
        </case>
        <case>
          <duration>1.30472E-4</duration>
          <className>These are sample RSpec tests</className>
          <testName>These are sample RSpec tests This is test #315</testName>
          <skipped>false</skipped>
          <failedSince>0</failedSince>
        </case>
        <case>
          <duration>1.49532E-4</duration>
          <className>These are sample RSpec tests</className>
          <testName>These are sample RSpec tests This is test #316</testName>
          <skipped>false</skipped>
          <failedSince>0</failedSince>
        </case>
        <case>
          <duration>2.35385E-4</duration>
          <className>These are sample RSpec tests</className>
          <testName>These are sample RSpec tests This is test #317</testName>
          <skipped>false</skipped>
          <failedSince>0</failedSince>
        </case>
        <case>
          <duration>1.65208E-4</duration>
          <className>These are sample RSpec tests</className>
          <testName>These are sample RSpec tests This is test #318</testName>
          <skipped>false</skipped>
          <failedSince>0</failedSince>
        </case>
        <case>
          <duration>1.44025E-4</duration>
          <className>These are sample RSpec tests</className>
          <testName>These are sample RSpec tests This is test #319</testName>
          <skipped>false</skipped>
          <failedSince>0</failedSince>
        </case>
        <case>
          <duration>1.58289E-4</duration>
          <className>These are sample RSpec tests</className>
          <testName>These are sample RSpec tests This is test #320</testName>
          <skipped>false</skipped>
          <failedSince>0</failedSince>
        </case>
        <case>
          <duration>1.41634E-4</duration>
          <className>These are sample RSpec tests</className>
          <testName>These are sample RSpec tests This is test #321</testName>
          <skipped>false</skipped>
          <failedSince>0</failedSince>
        </case>
        <case>
          <duration>1.40639E-4</duration>
          <className>These are sample RSpec tests</className>
          <testName>These are sample RSpec tests This is test #322</testName>
          <skipped>false</skipped>
          <failedSince>0</failedSince>
        </case>
        <case>
          <duration>1.40329E-4</duration>
          <className>These are sample RSpec tests</className>
          <testName>These are sample RSpec tests This is test #323</testName>
          <skipped>false</skipped>
          <failedSince>0</failedSince>
        </case>
        <case>
          <duration>1.40701E-4</duration>
          <className>These are sample RSpec tests</className>
          <testName>These are sample RSpec tests This is test #324</testName>
          <skipped>false</skipped>
          <failedSince>0</failedSince>
        </case>
        <case>
          <duration>1.37608E-4</duration>
          <className>These are sample RSpec tests</className>
          <testName>These are sample RSpec tests This is test #325</testName>
          <skipped>false</skipped>
          <failedSince>0</failedSince>
        </case>
        <case>
          <duration>1.55085E-4</duration>
          <className>These are sample RSpec tests</className>
          <testName>These are sample RSpec tests This is test #326</testName>
          <skipped>false</skipped>
          <failedSince>0</failedSince>
        </case>
        <case>
          <duration>1.5918E-4</duration>
          <className>These are sample RSpec tests</className>
          <testName>These are sample RSpec tests This is test #327</testName>
          <skipped>false</skipped>
          <failedSince>0</failedSince>
        </case>
        <case>
          <duration>1.69787E-4</duration>
          <className>These are sample RSpec tests</className>
          <testName>These are sample RSpec tests This is test #328</testName>
          <skipped>false</skipped>
          <failedSince>0</failedSince>
        </case>
        <case>
          <duration>1.6184E-4</duration>
          <className>These are sample RSpec tests</className>
          <testName>These are sample RSpec tests This is test #329</testName>
          <skipped>false</skipped>
          <failedSince>0</failedSince>
        </case>
        <case>
          <duration>1.40509E-4</duration>
          <className>These are sample RSpec tests</className>
          <testName>These are sample RSpec tests This is test #330</testName>
          <skipped>false</skipped>
          <failedSince>0</failedSince>
        </case>
        <case>
          <duration>1.39277E-4</duration>
          <className>These are sample RSpec tests</className>
          <testName>These are sample RSpec tests This is test #331</testName>
          <skipped>false</skipped>
          <failedSince>0</failedSince>
        </case>
        <case>
          <duration>1.24799E-4</duration>
          <className>These are sample RSpec tests</className>
          <testName>These are sample RSpec tests This is test #332</testName>
          <skipped>false</skipped>
          <failedSince>0</failedSince>
        </case>
        <case>
          <duration>1.80573E-4</duration>
          <className>These are sample RSpec tests</className>
          <testName>These are sample RSpec tests This is test #333</testName>
          <skipped>false</skipped>
          <failedSince>0</failedSince>
        </case>
        <case>
          <duration>1.22354E-4</duration>
          <className>These are sample RSpec tests</className>
          <testName>These are sample RSpec tests This is test #334</testName>
          <skipped>false</skipped>
          <failedSince>0</failedSince>
        </case>
        <case>
          <duration>1.24228E-4</duration>
          <className>These are sample RSpec tests</className>
          <testName>These are sample RSpec tests This is test #335</testName>
          <skipped>false</skipped>
          <failedSince>0</failedSince>
        </case>
        <case>
          <duration>1.76756E-4</duration>
          <className>These are sample RSpec tests</className>
          <testName>These are sample RSpec tests This is test #336</testName>
          <skipped>false</skipped>
          <failedSince>0</failedSince>
        </case>
        <case>
          <duration>1.28487E-4</duration>
          <className>These are sample RSpec tests</className>
          <testName>These are sample RSpec tests This is test #337</testName>
          <skipped>false</skipped>
          <failedSince>0</failedSince>
        </case>
        <case>
          <duration>1.23596E-4</duration>
          <className>These are sample RSpec tests</className>
          <testName>These are sample RSpec tests This is test #338</testName>
          <skipped>false</skipped>
          <failedSince>0</failedSince>
        </case>
        <case>
          <duration>1.91489E-4</duration>
          <className>These are sample RSpec tests</className>
          <testName>These are sample RSpec tests This is test #339</testName>
          <skipped>false</skipped>
          <failedSince>0</failedSince>
        </case>
        <case>
          <duration>1.72098E-4</duration>
          <className>These are sample RSpec tests</className>
          <testName>These are sample RSpec tests This is test #340</testName>
          <skipped>false</skipped>
          <failedSince>0</failedSince>
        </case>
        <case>
          <duration>1.4557E-4</duration>
          <className>These are sample RSpec tests</className>
          <testName>These are sample RSpec tests This is test #341</testName>
          <skipped>false</skipped>
          <failedSince>0</failedSince>
        </case>
        <case>
          <duration>2.19353E-4</duration>
          <className>These are sample RSpec tests</className>
          <testName>These are sample RSpec tests This is test #342</testName>
          <skipped>false</skipped>
          <failedSince>0</failedSince>
        </case>
        <case>
          <duration>1.6137E-4</duration>
          <className>These are sample RSpec tests</className>
          <testName>These are sample RSpec tests This is test #343</testName>
          <skipped>false</skipped>
          <failedSince>0</failedSince>
        </case>
        <case>
          <duration>1.4814E-4</duration>
          <className>These are sample RSpec tests</className>
          <testName>These are sample RSpec tests This is test #344</testName>
          <skipped>false</skipped>
          <failedSince>0</failedSince>
        </case>
        <case>
          <duration>1.59356E-4</duration>
          <className>These are sample RSpec tests</className>
          <testName>These are sample RSpec tests This is test #345</testName>
          <skipped>false</skipped>
          <failedSince>0</failedSince>
        </case>
        <case>
          <duration>1.30691E-4</duration>
          <className>These are sample RSpec tests</className>
          <testName>These are sample RSpec tests This is test #346</testName>
          <skipped>false</skipped>
          <failedSince>0</failedSince>
        </case>
        <case>
          <duration>1.4848E-4</duration>
          <className>These are sample RSpec tests</className>
          <testName>These are sample RSpec tests This is test #347</testName>
          <skipped>false</skipped>
          <failedSince>0</failedSince>
        </case>
        <case>
          <duration>1.68375E-4</duration>
          <className>These are sample RSpec tests</className>
          <testName>These are sample RSpec tests This is test #348</testName>
          <skipped>false</skipped>
          <failedSince>0</failedSince>
        </case>
        <case>
          <duration>2.04634E-4</duration>
          <className>These are sample RSpec tests</className>
          <testName>These are sample RSpec tests This is test #349</testName>
          <skipped>false</skipped>
          <failedSince>0</failedSince>
        </case>
        <case>
          <duration>1.64284E-4</duration>
          <className>These are sample RSpec tests</className>
          <testName>These are sample RSpec tests This is test #350</testName>
          <skipped>false</skipped>
          <failedSince>0</failedSince>
        </case>
        <case>
          <duration>1.27128E-4</duration>
          <className>These are sample RSpec tests</className>
          <testName>These are sample RSpec tests This is test #351</testName>
          <skipped>false</skipped>
          <failedSince>0</failedSince>
        </case>
        <case>
          <duration>1.29419E-4</duration>
          <className>These are sample RSpec tests</className>
          <testName>These are sample RSpec tests This is test #352</testName>
          <skipped>false</skipped>
          <failedSince>0</failedSince>
        </case>
        <case>
          <duration>1.65643E-4</duration>
          <className>These are sample RSpec tests</className>
          <testName>These are sample RSpec tests This is test #353</testName>
          <skipped>false</skipped>
          <failedSince>0</failedSince>
        </case>
        <case>
          <duration>1.26344E-4</duration>
          <className>These are sample RSpec tests</className>
          <testName>These are sample RSpec tests This is test #354</testName>
          <skipped>false</skipped>
          <failedSince>0</failedSince>
        </case>
        <case>
          <duration>1.26599E-4</duration>
          <className>These are sample RSpec tests</className>
          <testName>These are sample RSpec tests This is test #355</testName>
          <skipped>false</skipped>
          <failedSince>0</failedSince>
        </case>
        <case>
          <duration>1.78042E-4</duration>
          <className>These are sample RSpec tests</className>
          <testName>These are sample RSpec tests This is test #356</testName>
          <skipped>false</skipped>
          <failedSince>0</failedSince>
        </case>
        <case>
          <duration>1.23464E-4</duration>
          <className>These are sample RSpec tests</className>
          <testName>These are sample RSpec tests This is test #357</testName>
          <skipped>false</skipped>
          <failedSince>0</failedSince>
        </case>
        <case>
          <duration>1.28563E-4</duration>
          <className>These are sample RSpec tests</className>
          <testName>These are sample RSpec tests This is test #358</testName>
          <skipped>false</skipped>
          <failedSince>0</failedSince>
        </case>
        <case>
          <duration>1.38013E-4</duration>
          <className>These are sample RSpec tests</className>
          <testName>These are sample RSpec tests This is test #359</testName>
          <skipped>false</skipped>
          <failedSince>0</failedSince>
        </case>
        <case>
          <duration>1.26428E-4</duration>
          <className>These are sample RSpec tests</className>
          <testName>These are sample RSpec tests This is test #360</testName>
          <skipped>false</skipped>
          <failedSince>0</failedSince>
        </case>
        <case>
          <duration>1.31714E-4</duration>
          <className>These are sample RSpec tests</className>
          <testName>These are sample RSpec tests This is test #361</testName>
          <skipped>false</skipped>
          <failedSince>0</failedSince>
        </case>
        <case>
          <duration>1.28609E-4</duration>
          <className>These are sample RSpec tests</className>
          <testName>These are sample RSpec tests This is test #362</testName>
          <skipped>false</skipped>
          <failedSince>0</failedSince>
        </case>
        <case>
          <duration>1.38997E-4</duration>
          <className>These are sample RSpec tests</className>
          <testName>These are sample RSpec tests This is test #363</testName>
          <skipped>false</skipped>
          <failedSince>0</failedSince>
        </case>
        <case>
          <duration>1.35284E-4</duration>
          <className>These are sample RSpec tests</className>
          <testName>These are sample RSpec tests This is test #364</testName>
          <skipped>false</skipped>
          <failedSince>0</failedSince>
        </case>
        <case>
          <duration>1.82523E-4</duration>
          <className>These are sample RSpec tests</className>
          <testName>These are sample RSpec tests This is test #365</testName>
          <skipped>false</skipped>
          <failedSince>0</failedSince>
        </case>
        <case>
          <duration>1.79922E-4</duration>
          <className>These are sample RSpec tests</className>
          <testName>These are sample RSpec tests This is test #366</testName>
          <skipped>false</skipped>
          <failedSince>0</failedSince>
        </case>
        <case>
          <duration>1.42634E-4</duration>
          <className>These are sample RSpec tests</className>
          <testName>These are sample RSpec tests This is test #367</testName>
          <skipped>false</skipped>
          <failedSince>0</failedSince>
        </case>
        <case>
          <duration>1.79834E-4</duration>
          <className>These are sample RSpec tests</className>
          <testName>These are sample RSpec tests This is test #368</testName>
          <skipped>false</skipped>
          <failedSince>0</failedSince>
        </case>
        <case>
          <duration>1.78542E-4</duration>
          <className>These are sample RSpec tests</className>
          <testName>These are sample RSpec tests This is test #369</testName>
          <skipped>false</skipped>
          <failedSince>0</failedSince>
        </case>
        <case>
          <duration>2.07211E-4</duration>
          <className>These are sample RSpec tests</className>
          <testName>These are sample RSpec tests This is test #370</testName>
          <skipped>false</skipped>
          <failedSince>0</failedSince>
        </case>
        <case>
          <duration>1.64344E-4</duration>
          <className>These are sample RSpec tests</className>
          <testName>These are sample RSpec tests This is test #371</testName>
          <skipped>false</skipped>
          <failedSince>0</failedSince>
        </case>
        <case>
          <duration>1.32809E-4</duration>
          <className>These are sample RSpec tests</className>
          <testName>These are sample RSpec tests This is test #372</testName>
          <skipped>false</skipped>
          <failedSince>0</failedSince>
        </case>
        <case>
          <duration>1.29136E-4</duration>
          <className>These are sample RSpec tests</className>
          <testName>These are sample RSpec tests This is test #373</testName>
          <skipped>false</skipped>
          <failedSince>0</failedSince>
        </case>
        <case>
          <duration>1.49893E-4</duration>
          <className>These are sample RSpec tests</className>
          <testName>These are sample RSpec tests This is test #374</testName>
          <skipped>false</skipped>
          <failedSince>0</failedSince>
        </case>
        <case>
          <duration>1.2792E-4</duration>
          <className>These are sample RSpec tests</className>
          <testName>These are sample RSpec tests This is test #375</testName>
          <skipped>false</skipped>
          <failedSince>0</failedSince>
        </case>
        <case>
          <duration>1.25425E-4</duration>
          <className>These are sample RSpec tests</className>
          <testName>These are sample RSpec tests This is test #376</testName>
          <skipped>false</skipped>
          <failedSince>0</failedSince>
        </case>
        <case>
          <duration>1.32215E-4</duration>
          <className>These are sample RSpec tests</className>
          <testName>These are sample RSpec tests This is test #377</testName>
          <skipped>false</skipped>
          <failedSince>0</failedSince>
        </case>
        <case>
          <duration>1.30604E-4</duration>
          <className>These are sample RSpec tests</className>
          <testName>These are sample RSpec tests This is test #378</testName>
          <skipped>false</skipped>
          <failedSince>0</failedSince>
        </case>
        <case>
          <duration>1.30828E-4</duration>
          <className>These are sample RSpec tests</className>
          <testName>These are sample RSpec tests This is test #379</testName>
          <skipped>false</skipped>
          <failedSince>0</failedSince>
        </case>
        <case>
          <duration>1.29576E-4</duration>
          <className>These are sample RSpec tests</className>
          <testName>These are sample RSpec tests This is test #380</testName>
          <skipped>false</skipped>
          <failedSince>0</failedSince>
        </case>
        <case>
          <duration>1.27031E-4</duration>
          <className>These are sample RSpec tests</className>
          <testName>These are sample RSpec tests This is test #381</testName>
          <skipped>false</skipped>
          <failedSince>0</failedSince>
        </case>
        <case>
          <duration>1.30083E-4</duration>
          <className>These are sample RSpec tests</className>
          <testName>These are sample RSpec tests This is test #382</testName>
          <skipped>false</skipped>
          <failedSince>0</failedSince>
        </case>
        <case>
          <duration>1.28637E-4</duration>
          <className>These are sample RSpec tests</className>
          <testName>These are sample RSpec tests This is test #383</testName>
          <skipped>false</skipped>
          <failedSince>0</failedSince>
        </case>
        <case>
          <duration>1.32316E-4</duration>
          <className>These are sample RSpec tests</className>
          <testName>These are sample RSpec tests This is test #384</testName>
          <skipped>false</skipped>
          <failedSince>0</failedSince>
        </case>
        <case>
          <duration>1.44175E-4</duration>
          <className>These are sample RSpec tests</className>
          <testName>These are sample RSpec tests This is test #385</testName>
          <skipped>false</skipped>
          <failedSince>0</failedSince>
        </case>
        <case>
          <duration>1.52428E-4</duration>
          <className>These are sample RSpec tests</className>
          <testName>These are sample RSpec tests This is test #386</testName>
          <skipped>false</skipped>
          <failedSince>0</failedSince>
        </case>
        <case>
          <duration>1.38968E-4</duration>
          <className>These are sample RSpec tests</className>
          <testName>These are sample RSpec tests This is test #387</testName>
          <skipped>false</skipped>
          <failedSince>0</failedSince>
        </case>
        <case>
          <duration>2.44435E-4</duration>
          <className>These are sample RSpec tests</className>
          <testName>These are sample RSpec tests This is test #388</testName>
          <skipped>false</skipped>
          <failedSince>0</failedSince>
        </case>
        <case>
          <duration>1.93793E-4</duration>
          <className>These are sample RSpec tests</className>
          <testName>These are sample RSpec tests This is test #389</testName>
          <skipped>false</skipped>
          <failedSince>0</failedSince>
        </case>
        <case>
          <duration>2.08393E-4</duration>
          <className>These are sample RSpec tests</className>
          <testName>These are sample RSpec tests This is test #390</testName>
          <skipped>false</skipped>
          <failedSince>0</failedSince>
        </case>
        <case>
          <duration>1.34722E-4</duration>
          <className>These are sample RSpec tests</className>
          <testName>These are sample RSpec tests This is test #391</testName>
          <skipped>false</skipped>
          <failedSince>0</failedSince>
        </case>
        <case>
          <duration>1.40643E-4</duration>
          <className>These are sample RSpec tests</className>
          <testName>These are sample RSpec tests This is test #392</testName>
          <skipped>false</skipped>
          <failedSince>0</failedSince>
        </case>
        <case>
          <duration>2.05278E-4</duration>
          <className>These are sample RSpec tests</className>
          <testName>These are sample RSpec tests This is test #393</testName>
          <skipped>false</skipped>
          <failedSince>0</failedSince>
        </case>
        <case>
          <duration>1.4166E-4</duration>
          <className>These are sample RSpec tests</className>
          <testName>These are sample RSpec tests This is test #394</testName>
          <skipped>false</skipped>
          <failedSince>0</failedSince>
        </case>
        <case>
          <duration>1.36412E-4</duration>
          <className>These are sample RSpec tests</className>
          <testName>These are sample RSpec tests This is test #395</testName>
          <skipped>false</skipped>
          <failedSince>0</failedSince>
        </case>
        <case>
          <duration>1.61917E-4</duration>
          <className>These are sample RSpec tests</className>
          <testName>These are sample RSpec tests This is test #396</testName>
          <skipped>false</skipped>
          <failedSince>0</failedSince>
        </case>
        <case>
          <duration>1.3808E-4</duration>
          <className>These are sample RSpec tests</className>
          <testName>These are sample RSpec tests This is test #397</testName>
          <skipped>false</skipped>
          <failedSince>0</failedSince>
        </case>
        <case>
          <duration>1.27336E-4</duration>
          <className>These are sample RSpec tests</className>
          <testName>These are sample RSpec tests This is test #398</testName>
          <skipped>false</skipped>
          <failedSince>0</failedSince>
        </case>
        <case>
          <duration>1.28051E-4</duration>
          <className>These are sample RSpec tests</className>
          <testName>These are sample RSpec tests This is test #399</testName>
          <skipped>false</skipped>
          <failedSince>0</failedSince>
        </case>
        <case>
          <duration>1.80987E-4</duration>
          <className>These are sample RSpec tests</className>
          <testName>These are sample RSpec tests This is test #400</testName>
          <skipped>false</skipped>
          <failedSince>0</failedSince>
        </case>
        <case>
          <duration>1.24003E-4</duration>
          <className>These are sample RSpec tests</className>
          <testName>These are sample RSpec tests This is test #401</testName>
          <skipped>false</skipped>
          <failedSince>0</failedSince>
        </case>
        <case>
          <duration>1.28604E-4</duration>
          <className>These are sample RSpec tests</className>
          <testName>These are sample RSpec tests This is test #402</testName>
          <skipped>false</skipped>
          <failedSince>0</failedSince>
        </case>
        <case>
          <duration>1.25949E-4</duration>
          <className>These are sample RSpec tests</className>
          <testName>These are sample RSpec tests This is test #403</testName>
          <skipped>false</skipped>
          <failedSince>0</failedSince>
        </case>
        <case>
          <duration>1.61133E-4</duration>
          <className>These are sample RSpec tests</className>
          <testName>These are sample RSpec tests This is test #404</testName>
          <skipped>false</skipped>
          <failedSince>0</failedSince>
        </case>
        <case>
          <duration>1.53296E-4</duration>
          <className>These are sample RSpec tests</className>
          <testName>These are sample RSpec tests This is test #405</testName>
          <skipped>false</skipped>
          <failedSince>0</failedSince>
        </case>
        <case>
          <duration>1.64857E-4</duration>
          <className>These are sample RSpec tests</className>
          <testName>These are sample RSpec tests This is test #406</testName>
          <skipped>false</skipped>
          <failedSince>0</failedSince>
        </case>
        <case>
          <duration>1.56416E-4</duration>
          <className>These are sample RSpec tests</className>
          <testName>These are sample RSpec tests This is test #407</testName>
          <skipped>false</skipped>
          <failedSince>0</failedSince>
        </case>
        <case>
          <duration>1.64544E-4</duration>
          <className>These are sample RSpec tests</className>
          <testName>These are sample RSpec tests This is test #408</testName>
          <skipped>false</skipped>
          <failedSince>0</failedSince>
        </case>
        <case>
          <duration>1.77721E-4</duration>
          <className>These are sample RSpec tests</className>
          <testName>These are sample RSpec tests This is test #409</testName>
          <skipped>false</skipped>
          <failedSince>0</failedSince>
        </case>
        <case>
          <duration>2.00823E-4</duration>
          <className>These are sample RSpec tests</className>
          <testName>These are sample RSpec tests This is test #410</testName>
          <skipped>false</skipped>
          <failedSince>0</failedSince>
        </case>
        <case>
          <duration>1.46202E-4</duration>
          <className>These are sample RSpec tests</className>
          <testName>These are sample RSpec tests This is test #411</testName>
          <skipped>false</skipped>
          <failedSince>0</failedSince>
        </case>
        <case>
          <duration>1.96793E-4</duration>
          <className>These are sample RSpec tests</className>
          <testName>These are sample RSpec tests This is test #412</testName>
          <skipped>false</skipped>
          <failedSince>0</failedSince>
        </case>
        <case>
          <duration>1.3037E-4</duration>
          <className>These are sample RSpec tests</className>
          <testName>These are sample RSpec tests This is test #413</testName>
          <skipped>false</skipped>
          <failedSince>0</failedSince>
        </case>
        <case>
          <duration>1.61117E-4</duration>
          <className>These are sample RSpec tests</className>
          <testName>These are sample RSpec tests This is test #414</testName>
          <skipped>false</skipped>
          <failedSince>0</failedSince>
        </case>
        <case>
          <duration>1.69327E-4</duration>
          <className>These are sample RSpec tests</className>
          <testName>These are sample RSpec tests This is test #415</testName>
          <skipped>false</skipped>
          <failedSince>0</failedSince>
        </case>
        <case>
          <duration>1.58249E-4</duration>
          <className>These are sample RSpec tests</className>
          <testName>These are sample RSpec tests This is test #416</testName>
          <skipped>false</skipped>
          <failedSince>0</failedSince>
        </case>
        <case>
          <duration>1.35037E-4</duration>
          <className>These are sample RSpec tests</className>
          <testName>These are sample RSpec tests This is test #417</testName>
          <skipped>false</skipped>
          <failedSince>0</failedSince>
        </case>
        <case>
          <duration>1.41254E-4</duration>
          <className>These are sample RSpec tests</className>
          <testName>These are sample RSpec tests This is test #418</testName>
          <skipped>false</skipped>
          <failedSince>0</failedSince>
        </case>
        <case>
          <duration>2.11372E-4</duration>
          <className>These are sample RSpec tests</className>
          <testName>These are sample RSpec tests This is test #419</testName>
          <skipped>false</skipped>
          <failedSince>0</failedSince>
        </case>
        <case>
          <duration>3.10416E-4</duration>
          <className>These are sample RSpec tests</className>
          <testName>These are sample RSpec tests This is test #420</testName>
          <skipped>false</skipped>
          <failedSince>0</failedSince>
        </case>
        <case>
          <duration>1.64829E-4</duration>
          <className>These are sample RSpec tests</className>
          <testName>These are sample RSpec tests This is test #421</testName>
          <skipped>false</skipped>
          <failedSince>0</failedSince>
        </case>
        <case>
          <duration>1.77869E-4</duration>
          <className>These are sample RSpec tests</className>
          <testName>These are sample RSpec tests This is test #422</testName>
          <skipped>false</skipped>
          <failedSince>0</failedSince>
        </case>
        <case>
          <duration>1.45452E-4</duration>
          <className>These are sample RSpec tests</className>
          <testName>These are sample RSpec tests This is test #423</testName>
          <skipped>false</skipped>
          <failedSince>0</failedSince>
        </case>
        <case>
          <duration>1.66288E-4</duration>
          <className>These are sample RSpec tests</className>
          <testName>These are sample RSpec tests This is test #424</testName>
          <skipped>false</skipped>
          <failedSince>0</failedSince>
        </case>
        <case>
          <duration>1.47544E-4</duration>
          <className>These are sample RSpec tests</className>
          <testName>These are sample RSpec tests This is test #425</testName>
          <skipped>false</skipped>
          <failedSince>0</failedSince>
        </case>
        <case>
          <duration>2.04364E-4</duration>
          <className>These are sample RSpec tests</className>
          <testName>These are sample RSpec tests This is test #426</testName>
          <skipped>false</skipped>
          <failedSince>0</failedSince>
        </case>
        <case>
          <duration>3.3398E-4</duration>
          <className>These are sample RSpec tests</className>
          <testName>These are sample RSpec tests This is test #427</testName>
          <skipped>false</skipped>
          <failedSince>0</failedSince>
        </case>
        <case>
          <duration>1.73637E-4</duration>
          <className>These are sample RSpec tests</className>
          <testName>These are sample RSpec tests This is test #428</testName>
          <skipped>false</skipped>
          <failedSince>0</failedSince>
        </case>
        <case>
          <duration>1.49357E-4</duration>
          <className>These are sample RSpec tests</className>
          <testName>These are sample RSpec tests This is test #429</testName>
          <skipped>false</skipped>
          <failedSince>0</failedSince>
        </case>
        <case>
          <duration>1.45778E-4</duration>
          <className>These are sample RSpec tests</className>
          <testName>These are sample RSpec tests This is test #430</testName>
          <skipped>false</skipped>
          <failedSince>0</failedSince>
        </case>
        <case>
          <duration>1.3939E-4</duration>
          <className>These are sample RSpec tests</className>
          <testName>These are sample RSpec tests This is test #431</testName>
          <skipped>false</skipped>
          <failedSince>0</failedSince>
        </case>
        <case>
          <duration>1.40779E-4</duration>
          <className>These are sample RSpec tests</className>
          <testName>These are sample RSpec tests This is test #432</testName>
          <skipped>false</skipped>
          <failedSince>0</failedSince>
        </case>
        <case>
          <duration>1.46082E-4</duration>
          <className>These are sample RSpec tests</className>
          <testName>These are sample RSpec tests This is test #433</testName>
          <skipped>false</skipped>
          <failedSince>0</failedSince>
        </case>
        <case>
          <duration>1.32244E-4</duration>
          <className>These are sample RSpec tests</className>
          <testName>These are sample RSpec tests This is test #434</testName>
          <skipped>false</skipped>
          <failedSince>0</failedSince>
        </case>
        <case>
          <duration>1.81825E-4</duration>
          <className>These are sample RSpec tests</className>
          <testName>These are sample RSpec tests This is test #435</testName>
          <skipped>false</skipped>
          <failedSince>0</failedSince>
        </case>
        <case>
          <duration>1.39454E-4</duration>
          <className>These are sample RSpec tests</className>
          <testName>These are sample RSpec tests This is test #436</testName>
          <skipped>false</skipped>
          <failedSince>0</failedSince>
        </case>
        <case>
          <duration>1.33138E-4</duration>
          <className>These are sample RSpec tests</className>
          <testName>These are sample RSpec tests This is test #437</testName>
          <skipped>false</skipped>
          <failedSince>0</failedSince>
        </case>
        <case>
          <duration>1.31709E-4</duration>
          <className>These are sample RSpec tests</className>
          <testName>These are sample RSpec tests This is test #438</testName>
          <skipped>false</skipped>
          <failedSince>0</failedSince>
        </case>
        <case>
          <duration>1.76768E-4</duration>
          <className>These are sample RSpec tests</className>
          <testName>These are sample RSpec tests This is test #439</testName>
          <skipped>false</skipped>
          <failedSince>0</failedSince>
        </case>
        <case>
          <duration>1.67972E-4</duration>
          <className>These are sample RSpec tests</className>
          <testName>These are sample RSpec tests This is test #440</testName>
          <skipped>false</skipped>
          <failedSince>0</failedSince>
        </case>
        <case>
          <duration>1.46942E-4</duration>
          <className>These are sample RSpec tests</className>
          <testName>These are sample RSpec tests This is test #441</testName>
          <skipped>false</skipped>
          <failedSince>0</failedSince>
        </case>
        <case>
          <duration>1.63912E-4</duration>
          <className>These are sample RSpec tests</className>
          <testName>These are sample RSpec tests This is test #442</testName>
          <skipped>false</skipped>
          <failedSince>0</failedSince>
        </case>
        <case>
          <duration>1.33996E-4</duration>
          <className>These are sample RSpec tests</className>
          <testName>These are sample RSpec tests This is test #443</testName>
          <skipped>false</skipped>
          <failedSince>0</failedSince>
        </case>
        <case>
          <duration>1.65515E-4</duration>
          <className>These are sample RSpec tests</className>
          <testName>These are sample RSpec tests This is test #444</testName>
          <skipped>false</skipped>
          <failedSince>0</failedSince>
        </case>
        <case>
          <duration>1.73061E-4</duration>
          <className>These are sample RSpec tests</className>
          <testName>These are sample RSpec tests This is test #445</testName>
          <skipped>false</skipped>
          <failedSince>0</failedSince>
        </case>
        <case>
          <duration>1.48894E-4</duration>
          <className>These are sample RSpec tests</className>
          <testName>These are sample RSpec tests This is test #446</testName>
          <skipped>false</skipped>
          <failedSince>0</failedSince>
        </case>
        <case>
          <duration>2.4748E-4</duration>
          <className>These are sample RSpec tests</className>
          <testName>These are sample RSpec tests This is test #447</testName>
          <skipped>false</skipped>
          <failedSince>0</failedSince>
        </case>
        <case>
          <duration>1.78375E-4</duration>
          <className>These are sample RSpec tests</className>
          <testName>These are sample RSpec tests This is test #448</testName>
          <skipped>false</skipped>
          <failedSince>0</failedSince>
        </case>
        <case>
          <duration>1.78402E-4</duration>
          <className>These are sample RSpec tests</className>
          <testName>These are sample RSpec tests This is test #449</testName>
          <skipped>false</skipped>
          <failedSince>0</failedSince>
        </case>
        <case>
          <duration>1.88598E-4</duration>
          <className>These are sample RSpec tests</className>
          <testName>These are sample RSpec tests This is test #450</testName>
          <skipped>false</skipped>
          <failedSince>0</failedSince>
        </case>
        <case>
          <duration>1.68997E-4</duration>
          <className>These are sample RSpec tests</className>
          <testName>These are sample RSpec tests This is test #451</testName>
          <skipped>false</skipped>
          <failedSince>0</failedSince>
        </case>
        <case>
          <duration>1.60777E-4</duration>
          <className>These are sample RSpec tests</className>
          <testName>These are sample RSpec tests This is test #452</testName>
          <skipped>false</skipped>
          <failedSince>0</failedSince>
        </case>
        <case>
          <duration>1.78577E-4</duration>
          <className>These are sample RSpec tests</className>
          <testName>These are sample RSpec tests This is test #453</testName>
          <skipped>false</skipped>
          <failedSince>0</failedSince>
        </case>
        <case>
          <duration>1.36244E-4</duration>
          <className>These are sample RSpec tests</className>
          <testName>These are sample RSpec tests This is test #454</testName>
          <skipped>false</skipped>
          <failedSince>0</failedSince>
        </case>
        <case>
          <duration>1.32436E-4</duration>
          <className>These are sample RSpec tests</className>
          <testName>These are sample RSpec tests This is test #455</testName>
          <skipped>false</skipped>
          <failedSince>0</failedSince>
        </case>
        <case>
          <duration>1.46039E-4</duration>
          <className>These are sample RSpec tests</className>
          <testName>These are sample RSpec tests This is test #456</testName>
          <skipped>false</skipped>
          <failedSince>0</failedSince>
        </case>
        <case>
          <duration>1.31555E-4</duration>
          <className>These are sample RSpec tests</className>
          <testName>These are sample RSpec tests This is test #457</testName>
          <skipped>false</skipped>
          <failedSince>0</failedSince>
        </case>
        <case>
          <duration>1.55818E-4</duration>
          <className>These are sample RSpec tests</className>
          <testName>These are sample RSpec tests This is test #458</testName>
          <skipped>false</skipped>
          <failedSince>0</failedSince>
        </case>
        <case>
          <duration>1.41826E-4</duration>
          <className>These are sample RSpec tests</className>
          <testName>These are sample RSpec tests This is test #459</testName>
          <skipped>false</skipped>
          <failedSince>0</failedSince>
        </case>
        <case>
          <duration>2.43661E-4</duration>
          <className>These are sample RSpec tests</className>
          <testName>These are sample RSpec tests This is test #460</testName>
          <skipped>false</skipped>
          <failedSince>0</failedSince>
        </case>
        <case>
          <duration>1.76651E-4</duration>
          <className>These are sample RSpec tests</className>
          <testName>These are sample RSpec tests This is test #461</testName>
          <skipped>false</skipped>
          <failedSince>0</failedSince>
        </case>
        <case>
          <duration>1.70975E-4</duration>
          <className>These are sample RSpec tests</className>
          <testName>These are sample RSpec tests This is test #462</testName>
          <skipped>false</skipped>
          <failedSince>0</failedSince>
        </case>
        <case>
          <duration>1.98244E-4</duration>
          <className>These are sample RSpec tests</className>
          <testName>These are sample RSpec tests This is test #463</testName>
          <skipped>false</skipped>
          <failedSince>0</failedSince>
        </case>
        <case>
          <duration>1.32554E-4</duration>
          <className>These are sample RSpec tests</className>
          <testName>These are sample RSpec tests This is test #464</testName>
          <skipped>false</skipped>
          <failedSince>0</failedSince>
        </case>
        <case>
          <duration>1.62514E-4</duration>
          <className>These are sample RSpec tests</className>
          <testName>These are sample RSpec tests This is test #465</testName>
          <skipped>false</skipped>
          <failedSince>0</failedSince>
        </case>
        <case>
          <duration>2.61864E-4</duration>
          <className>These are sample RSpec tests</className>
          <testName>These are sample RSpec tests This is test #466</testName>
          <skipped>false</skipped>
          <failedSince>0</failedSince>
        </case>
        <case>
          <duration>2.11476E-4</duration>
          <className>These are sample RSpec tests</className>
          <testName>These are sample RSpec tests This is test #467</testName>
          <skipped>false</skipped>
          <failedSince>0</failedSince>
        </case>
        <case>
          <duration>1.77792E-4</duration>
          <className>These are sample RSpec tests</className>
          <testName>These are sample RSpec tests This is test #468</testName>
          <skipped>false</skipped>
          <failedSince>0</failedSince>
        </case>
        <case>
          <duration>1.40658E-4</duration>
          <className>These are sample RSpec tests</className>
          <testName>These are sample RSpec tests This is test #469</testName>
          <skipped>false</skipped>
          <failedSince>0</failedSince>
        </case>
        <case>
          <duration>1.45523E-4</duration>
          <className>These are sample RSpec tests</className>
          <testName>These are sample RSpec tests This is test #470</testName>
          <skipped>false</skipped>
          <failedSince>0</failedSince>
        </case>
        <case>
          <duration>1.37912E-4</duration>
          <className>These are sample RSpec tests</className>
          <testName>These are sample RSpec tests This is test #471</testName>
          <skipped>false</skipped>
          <failedSince>0</failedSince>
        </case>
        <case>
          <duration>1.51701E-4</duration>
          <className>These are sample RSpec tests</className>
          <testName>These are sample RSpec tests This is test #472</testName>
          <skipped>false</skipped>
          <failedSince>0</failedSince>
        </case>
        <case>
          <duration>1.80477E-4</duration>
          <className>These are sample RSpec tests</className>
          <testName>These are sample RSpec tests This is test #473</testName>
          <skipped>false</skipped>
          <failedSince>0</failedSince>
        </case>
        <case>
          <duration>1.46278E-4</duration>
          <className>These are sample RSpec tests</className>
          <testName>These are sample RSpec tests This is test #474</testName>
          <skipped>false</skipped>
          <failedSince>0</failedSince>
        </case>
        <case>
          <duration>1.65043E-4</duration>
          <className>These are sample RSpec tests</className>
          <testName>These are sample RSpec tests This is test #475</testName>
          <skipped>false</skipped>
          <failedSince>0</failedSince>
        </case>
        <case>
          <duration>1.61223E-4</duration>
          <className>These are sample RSpec tests</className>
          <testName>These are sample RSpec tests This is test #476</testName>
          <skipped>false</skipped>
          <failedSince>0</failedSince>
        </case>
        <case>
          <duration>1.5717E-4</duration>
          <className>These are sample RSpec tests</className>
          <testName>These are sample RSpec tests This is test #477</testName>
          <skipped>false</skipped>
          <failedSince>0</failedSince>
        </case>
        <case>
          <duration>1.7187E-4</duration>
          <className>These are sample RSpec tests</className>
          <testName>These are sample RSpec tests This is test #478</testName>
          <skipped>false</skipped>
          <failedSince>0</failedSince>
        </case>
        <case>
          <duration>1.31745E-4</duration>
          <className>These are sample RSpec tests</className>
          <testName>These are sample RSpec tests This is test #479</testName>
          <skipped>false</skipped>
          <failedSince>0</failedSince>
        </case>
        <case>
          <duration>1.6739E-4</duration>
          <className>These are sample RSpec tests</className>
          <testName>These are sample RSpec tests This is test #480</testName>
          <skipped>false</skipped>
          <failedSince>0</failedSince>
        </case>
        <case>
          <duration>1.33341E-4</duration>
          <className>These are sample RSpec tests</className>
          <testName>These are sample RSpec tests This is test #481</testName>
          <skipped>false</skipped>
          <failedSince>0</failedSince>
        </case>
        <case>
          <duration>1.31308E-4</duration>
          <className>These are sample RSpec tests</className>
          <testName>These are sample RSpec tests This is test #482</testName>
          <skipped>false</skipped>
          <failedSince>0</failedSince>
        </case>
        <case>
          <duration>1.70487E-4</duration>
          <className>These are sample RSpec tests</className>
          <testName>These are sample RSpec tests This is test #483</testName>
          <skipped>false</skipped>
          <failedSince>0</failedSince>
        </case>
        <case>
          <duration>1.40663E-4</duration>
          <className>These are sample RSpec tests</className>
          <testName>These are sample RSpec tests This is test #484</testName>
          <skipped>false</skipped>
          <failedSince>0</failedSince>
        </case>
        <case>
          <duration>1.60104E-4</duration>
          <className>These are sample RSpec tests</className>
          <testName>These are sample RSpec tests This is test #485</testName>
          <skipped>false</skipped>
          <failedSince>0</failedSince>
        </case>
        <case>
          <duration>1.74665E-4</duration>
          <className>These are sample RSpec tests</className>
          <testName>These are sample RSpec tests This is test #486</testName>
          <skipped>false</skipped>
          <failedSince>0</failedSince>
        </case>
        <case>
          <duration>1.53237E-4</duration>
          <className>These are sample RSpec tests</className>
          <testName>These are sample RSpec tests This is test #487</testName>
          <skipped>false</skipped>
          <failedSince>0</failedSince>
        </case>
        <case>
          <duration>2.25142E-4</duration>
          <className>These are sample RSpec tests</className>
          <testName>These are sample RSpec tests This is test #488</testName>
          <skipped>false</skipped>
          <failedSince>0</failedSince>
        </case>
        <case>
          <duration>1.73583E-4</duration>
          <className>These are sample RSpec tests</className>
          <testName>These are sample RSpec tests This is test #489</testName>
          <skipped>false</skipped>
          <failedSince>0</failedSince>
        </case>
        <case>
          <duration>1.7323E-4</duration>
          <className>These are sample RSpec tests</className>
          <testName>These are sample RSpec tests This is test #490</testName>
          <skipped>false</skipped>
          <failedSince>0</failedSince>
        </case>
        <case>
          <duration>1.70859E-4</duration>
          <className>These are sample RSpec tests</className>
          <testName>These are sample RSpec tests This is test #491</testName>
          <skipped>false</skipped>
          <failedSince>0</failedSince>
        </case>
        <case>
          <duration>1.50208E-4</duration>
          <className>These are sample RSpec tests</className>
          <testName>These are sample RSpec tests This is test #492</testName>
          <skipped>false</skipped>
          <failedSince>0</failedSince>
        </case>
        <case>
          <duration>1.93341E-4</duration>
          <className>These are sample RSpec tests</className>
          <testName>These are sample RSpec tests This is test #493</testName>
          <skipped>false</skipped>
          <failedSince>0</failedSince>
        </case>
        <case>
          <duration>1.90302E-4</duration>
          <className>These are sample RSpec tests</className>
          <testName>These are sample RSpec tests This is test #494</testName>
          <skipped>false</skipped>
          <failedSince>0</failedSince>
        </case>
        <case>
          <duration>1.75699E-4</duration>
          <className>These are sample RSpec tests</className>
          <testName>These are sample RSpec tests This is test #495</testName>
          <skipped>false</skipped>
          <failedSince>0</failedSince>
        </case>
        <case>
          <duration>1.68536E-4</duration>
          <className>These are sample RSpec tests</className>
          <testName>These are sample RSpec tests This is test #496</testName>
          <skipped>false</skipped>
          <failedSince>0</failedSince>
        </case>
        <case>
          <duration>1.62542E-4</duration>
          <className>These are sample RSpec tests</className>
          <testName>These are sample RSpec tests This is test #497</testName>
          <skipped>false</skipped>
          <failedSince>0</failedSince>
        </case>
        <case>
          <duration>1.63914E-4</duration>
          <className>These are sample RSpec tests</className>
          <testName>These are sample RSpec tests This is test #498</testName>
          <skipped>false</skipped>
          <failedSince>0</failedSince>
        </case>
        <case>
          <duration>1.66413E-4</duration>
          <className>These are sample RSpec tests</className>
          <testName>These are sample RSpec tests This is test #499</testName>
          <skipped>false</skipped>
          <failedSince>0</failedSince>
        </case>
        <case>
          <duration>1.64898E-4</duration>
          <className>These are sample RSpec tests</className>
          <testName>These are sample RSpec tests This is test #500</testName>
          <skipped>false</skipped>
          <failedSince>0</failedSince>
        </case>
        <case>
          <duration>1.30304E-4</duration>
          <className>These are sample RSpec tests</className>
          <testName>These are sample RSpec tests This is test #53</testName>
          <skipped>false</skipped>
          <failedSince>0</failedSince>
        </case>
        <case>
          <duration>1.39242E-4</duration>
          <className>These are sample RSpec tests</className>
          <testName>These are sample RSpec tests This is test #54</testName>
          <skipped>false</skipped>
          <failedSince>0</failedSince>
        </case>
        <case>
          <duration>1.28371E-4</duration>
          <className>These are sample RSpec tests</className>
          <testName>These are sample RSpec tests This is test #55</testName>
          <skipped>false</skipped>
          <failedSince>0</failedSince>
        </case>
        <case>
          <duration>1.35595E-4</duration>
          <className>These are sample RSpec tests</className>
          <testName>These are sample RSpec tests This is test #56</testName>
          <skipped>false</skipped>
          <failedSince>0</failedSince>
        </case>
        <case>
          <duration>1.45934E-4</duration>
          <className>These are sample RSpec tests</className>
          <testName>These are sample RSpec tests This is test #57</testName>
          <skipped>false</skipped>
          <failedSince>0</failedSince>
        </case>
        <case>
          <duration>1.25171E-4</duration>
          <className>These are sample RSpec tests</className>
          <testName>These are sample RSpec tests This is test #58</testName>
          <skipped>false</skipped>
          <failedSince>0</failedSince>
        </case>
        <case>
          <duration>1.50625E-4</duration>
          <className>These are sample RSpec tests</className>
          <testName>These are sample RSpec tests This is test #59</testName>
          <skipped>false</skipped>
          <failedSince>0</failedSince>
        </case>
        <case>
          <duration>1.4617E-4</duration>
          <className>These are sample RSpec tests</className>
          <testName>These are sample RSpec tests This is test #60</testName>
          <skipped>false</skipped>
          <failedSince>0</failedSince>
        </case>
        <case>
          <duration>1.54551E-4</duration>
          <className>These are sample RSpec tests</className>
          <testName>These are sample RSpec tests This is test #61</testName>
          <skipped>false</skipped>
          <failedSince>0</failedSince>
        </case>
        <case>
          <duration>1.17019E-4</duration>
          <className>These are sample RSpec tests</className>
          <testName>These are sample RSpec tests This is test #62</testName>
          <skipped>false</skipped>
          <failedSince>0</failedSince>
        </case>
        <case>
          <duration>1.16504E-4</duration>
          <className>These are sample RSpec tests</className>
          <testName>These are sample RSpec tests This is test #63</testName>
          <skipped>false</skipped>
          <failedSince>0</failedSince>
        </case>
        <case>
          <duration>1.18481E-4</duration>
          <className>These are sample RSpec tests</className>
          <testName>These are sample RSpec tests This is test #64</testName>
          <skipped>false</skipped>
          <failedSince>0</failedSince>
        </case>
        <case>
          <duration>1.19122E-4</duration>
          <className>These are sample RSpec tests</className>
          <testName>These are sample RSpec tests This is test #65</testName>
          <skipped>false</skipped>
          <failedSince>0</failedSince>
        </case>
        <case>
          <duration>1.22203E-4</duration>
          <className>These are sample RSpec tests</className>
          <testName>These are sample RSpec tests This is test #66</testName>
          <skipped>false</skipped>
          <failedSince>0</failedSince>
        </case>
        <case>
          <duration>1.13946E-4</duration>
          <className>These are sample RSpec tests</className>
          <testName>These are sample RSpec tests This is test #67</testName>
          <skipped>false</skipped>
          <failedSince>0</failedSince>
        </case>
        <case>
          <duration>1.15761E-4</duration>
          <className>These are sample RSpec tests</className>
          <testName>These are sample RSpec tests This is test #68</testName>
          <skipped>false</skipped>
          <failedSince>0</failedSince>
        </case>
        <case>
          <duration>1.56265E-4</duration>
          <className>These are sample RSpec tests</className>
          <testName>These are sample RSpec tests This is test #69</testName>
          <skipped>false</skipped>
          <failedSince>0</failedSince>
        </case>
        <case>
          <duration>1.1615E-4</duration>
          <className>These are sample RSpec tests</className>
          <testName>These are sample RSpec tests This is test #70</testName>
          <skipped>false</skipped>
          <failedSince>0</failedSince>
        </case>
        <case>
          <duration>1.57249E-4</duration>
          <className>These are sample RSpec tests</className>
          <testName>These are sample RSpec tests This is test #71</testName>
          <skipped>false</skipped>
          <failedSince>0</failedSince>
        </case>
        <case>
          <duration>1.54944E-4</duration>
          <className>These are sample RSpec tests</className>
          <testName>These are sample RSpec tests This is test #72</testName>
          <skipped>false</skipped>
          <failedSince>0</failedSince>
        </case>
        <case>
          <duration>1.57101E-4</duration>
          <className>These are sample RSpec tests</className>
          <testName>These are sample RSpec tests This is test #73</testName>
          <skipped>false</skipped>
          <failedSince>0</failedSince>
        </case>
        <case>
          <duration>1.75214E-4</duration>
          <className>These are sample RSpec tests</className>
          <testName>These are sample RSpec tests This is test #74</testName>
          <skipped>false</skipped>
          <failedSince>0</failedSince>
        </case>
        <case>
          <duration>1.29288E-4</duration>
          <className>These are sample RSpec tests</className>
          <testName>These are sample RSpec tests This is test #75</testName>
          <skipped>false</skipped>
          <failedSince>0</failedSince>
        </case>
        <case>
          <duration>1.17154E-4</duration>
          <className>These are sample RSpec tests</className>
          <testName>These are sample RSpec tests This is test #76</testName>
          <skipped>false</skipped>
          <failedSince>0</failedSince>
        </case>
        <case>
          <duration>1.41357E-4</duration>
          <className>These are sample RSpec tests</className>
          <testName>These are sample RSpec tests This is test #77</testName>
          <skipped>false</skipped>
          <failedSince>0</failedSince>
        </case>
        <case>
          <duration>1.19077E-4</duration>
          <className>These are sample RSpec tests</className>
          <testName>These are sample RSpec tests This is test #78</testName>
          <skipped>false</skipped>
          <failedSince>0</failedSince>
        </case>
        <case>
          <duration>1.37964E-4</duration>
          <className>These are sample RSpec tests</className>
          <testName>These are sample RSpec tests This is test #79</testName>
          <skipped>false</skipped>
          <failedSince>0</failedSince>
        </case>
        <case>
          <duration>1.22056E-4</duration>
          <className>These are sample RSpec tests</className>
          <testName>These are sample RSpec tests This is test #80</testName>
          <skipped>false</skipped>
          <failedSince>0</failedSince>
        </case>
        <case>
          <duration>1.16953E-4</duration>
          <className>These are sample RSpec tests</className>
          <testName>These are sample RSpec tests This is test #81</testName>
          <skipped>false</skipped>
          <failedSince>0</failedSince>
        </case>
        <case>
          <duration>1.14476E-4</duration>
          <className>These are sample RSpec tests</className>
          <testName>These are sample RSpec tests This is test #82</testName>
          <skipped>false</skipped>
          <failedSince>0</failedSince>
        </case>
        <case>
          <duration>1.37541E-4</duration>
          <className>These are sample RSpec tests</className>
          <testName>These are sample RSpec tests This is test #83</testName>
          <skipped>false</skipped>
          <failedSince>0</failedSince>
        </case>
        <case>
          <duration>1.46985E-4</duration>
          <className>These are sample RSpec tests</className>
          <testName>These are sample RSpec tests This is test #84</testName>
          <skipped>false</skipped>
          <failedSince>0</failedSince>
        </case>
        <case>
          <duration>1.44585E-4</duration>
          <className>These are sample RSpec tests</className>
          <testName>These are sample RSpec tests This is test #85</testName>
          <skipped>false</skipped>
          <failedSince>0</failedSince>
        </case>
        <case>
          <duration>1.34766E-4</duration>
          <className>These are sample RSpec tests</className>
          <testName>These are sample RSpec tests This is test #86</testName>
          <skipped>false</skipped>
          <failedSince>0</failedSince>
        </case>
        <case>
          <duration>1.76495E-4</duration>
          <className>These are sample RSpec tests</className>
          <testName>These are sample RSpec tests This is test #87</testName>
          <skipped>false</skipped>
          <failedSince>0</failedSince>
        </case>
        <case>
          <duration>1.20463E-4</duration>
          <className>These are sample RSpec tests</className>
          <testName>These are sample RSpec tests This is test #88</testName>
          <skipped>false</skipped>
          <failedSince>0</failedSince>
        </case>
        <case>
          <duration>1.20653E-4</duration>
          <className>These are sample RSpec tests</className>
          <testName>These are sample RSpec tests This is test #89</testName>
          <skipped>false</skipped>
          <failedSince>0</failedSince>
        </case>
        <case>
          <duration>1.17828E-4</duration>
          <className>These are sample RSpec tests</className>
          <testName>These are sample RSpec tests This is test #90</testName>
          <skipped>false</skipped>
          <failedSince>0</failedSince>
        </case>
        <case>
          <duration>1.20945E-4</duration>
          <className>These are sample RSpec tests</className>
          <testName>These are sample RSpec tests This is test #91</testName>
          <skipped>false</skipped>
          <failedSince>0</failedSince>
        </case>
        <case>
          <duration>1.55276E-4</duration>
          <className>These are sample RSpec tests</className>
          <testName>These are sample RSpec tests This is test #92</testName>
          <skipped>false</skipped>
          <failedSince>0</failedSince>
        </case>
        <case>
          <duration>1.29541E-4</duration>
          <className>These are sample RSpec tests</className>
          <testName>These are sample RSpec tests This is test #93</testName>
          <skipped>false</skipped>
          <failedSince>0</failedSince>
        </case>
        <case>
          <duration>1.56301E-4</duration>
          <className>These are sample RSpec tests</className>
          <testName>These are sample RSpec tests This is test #94</testName>
          <skipped>false</skipped>
          <failedSince>0</failedSince>
        </case>
        <case>
          <duration>1.32344E-4</duration>
          <className>These are sample RSpec tests</className>
          <testName>These are sample RSpec tests This is test #95</testName>
          <skipped>false</skipped>
          <failedSince>0</failedSince>
        </case>
        <case>
          <duration>1.15331E-4</duration>
          <className>These are sample RSpec tests</className>
          <testName>These are sample RSpec tests This is test #96</testName>
          <skipped>false</skipped>
          <failedSince>0</failedSince>
        </case>
        <case>
          <duration>1.51898E-4</duration>
          <className>These are sample RSpec tests</className>
          <testName>These are sample RSpec tests This is test #97</testName>
          <skipped>false</skipped>
          <failedSince>0</failedSince>
        </case>
        <case>
          <duration>1.18566E-4</duration>
          <className>These are sample RSpec tests</className>
          <testName>These are sample RSpec tests This is test #98</testName>
          <skipped>false</skipped>
          <failedSince>0</failedSince>
        </case>
        <case>
          <duration>1.52852E-4</duration>
          <className>These are sample RSpec tests</className>
          <testName>These are sample RSpec tests This is test #99</testName>
          <skipped>false</skipped>
          <failedSince>0</failedSince>
        </case>
        <case>
          <duration>1.29249E-4</duration>
          <className>These are sample RSpec tests</className>
          <testName>These are sample RSpec tests This is test #100</testName>
          <skipped>false</skipped>
          <failedSince>0</failedSince>
        </case>
      </cases>
    </suite>
  </suites>
  <duration>0.1893863</duration>
  <keepLongStdio>false</keepLongStdio>
</result>