<?xml version='1.0' encoding='UTF-8'?>
<result plugin="junit@1.20">
  <suites>
    <suite>
      <file>/var/jenkins_home/workspace/Docker_matrix_job/OS/centos/spec/reports/SPEC-These-are-sample-RSpec-tests.0.xml</file>
      <name>These are sample RSpec tests</name>
      <duration>8.12141E-4</duration>
      <timestamp>2017-02-27T05:36:57+00:00</timestamp>
      <time>0.000812141</time>
      <cases>
        <case>
          <duration>2.50067E-4</duration>
          <className>These are sample RSpec tests</className>
          <testName>These are sample RSpec tests This is test #1</testName>
          <skipped>false</skipped>
          <failedSince>0</failedSince>
        </case>
        <case>
          <duration>1.82151E-4</duration>
          <className>These are sample RSpec tests</className>
          <testName>These are sample RSpec tests This is test #101</testName>
          <skipped>false</skipped>
          <failedSince>0</failedSince>
        </case>
        <case>
          <duration>2.10692E-4</duration>
          <className>These are sample RSpec tests</className>
          <testName>These are sample RSpec tests This is test #102</testName>
          <skipped>false</skipped>
          <failedSince>0</failedSince>
        </case>
        <case>
          <duration>3.23964E-4</duration>
          <className>These are sample RSpec tests</className>
          <testName>These are sample RSpec tests This is test #103</testName>
          <skipped>false</skipped>
          <failedSince>0</failedSince>
        </case>
        <case>
          <duration>2.93195E-4</duration>
          <className>These are sample RSpec tests</className>
          <testName>These are sample RSpec tests This is test #104</testName>
          <skipped>false</skipped>
          <failedSince>0</failedSince>
        </case>
        <case>
          <duration>2.48667E-4</duration>
          <className>These are sample RSpec tests</className>
          <testName>These are sample RSpec tests This is test #105</testName>
          <skipped>false</skipped>
          <failedSince>0</failedSince>
        </case>
        <case>
          <duration>1.78141E-4</duration>
          <className>These are sample RSpec tests</className>
          <testName>These are sample RSpec tests This is test #106</testName>
          <skipped>false</skipped>
          <failedSince>0</failedSince>
        </case>
        <case>
          <duration>1.74487E-4</duration>
          <className>These are sample RSpec tests</className>
          <testName>These are sample RSpec tests This is test #107</testName>
          <skipped>false</skipped>
          <failedSince>0</failedSince>
        </case>
        <case>
          <duration>2.15182E-4</duration>
          <className>These are sample RSpec tests</className>
          <testName>These are sample RSpec tests This is test #108</testName>
          <skipped>false</skipped>
          <failedSince>0</failedSince>
        </case>
        <case>
          <duration>1.93008E-4</duration>
          <className>These are sample RSpec tests</className>
          <testName>These are sample RSpec tests This is test #109</testName>
          <skipped>false</skipped>
          <failedSince>0</failedSince>
        </case>
        <case>
          <duration>1.72903E-4</duration>
          <className>These are sample RSpec tests</className>
          <testName>These are sample RSpec tests This is test #110</testName>
          <skipped>false</skipped>
          <failedSince>0</failedSince>
        </case>
        <case>
          <duration>3.31828E-4</duration>
          <className>These are sample RSpec tests</className>
          <testName>These are sample RSpec tests This is test #111</testName>
          <skipped>false</skipped>
          <failedSince>0</failedSince>
        </case>
        <case>
          <duration>2.07403E-4</duration>
          <className>These are sample RSpec tests</className>
          <testName>These are sample RSpec tests This is test #112</testName>
          <skipped>false</skipped>
          <failedSince>0</failedSince>
        </case>
        <case>
          <duration>1.7094E-4</duration>
          <className>These are sample RSpec tests</className>
          <testName>These are sample RSpec tests This is test #113</testName>
          <skipped>false</skipped>
          <failedSince>0</failedSince>
        </case>
        <case>
          <duration>1.74018E-4</duration>
          <className>These are sample RSpec tests</className>
          <testName>These are sample RSpec tests This is test #114</testName>
          <skipped>false</skipped>
          <failedSince>0</failedSince>
        </case>
        <case>
          <duration>3.33313E-4</duration>
          <className>These are sample RSpec tests</className>
          <testName>These are sample RSpec tests This is test #115</testName>
          <skipped>false</skipped>
          <failedSince>0</failedSince>
        </case>
        <case>
          <duration>2.52858E-4</duration>
          <className>These are sample RSpec tests</className>
          <testName>These are sample RSpec tests This is test #116</testName>
          <skipped>false</skipped>
          <failedSince>0</failedSince>
        </case>
        <case>
          <duration>1.94969E-4</duration>
          <className>These are sample RSpec tests</className>
          <testName>These are sample RSpec tests This is test #117</testName>
          <skipped>false</skipped>
          <failedSince>0</failedSince>
        </case>
        <case>
          <duration>1.76286E-4</duration>
          <className>These are sample RSpec tests</className>
          <testName>These are sample RSpec tests This is test #118</testName>
          <skipped>false</skipped>
          <failedSince>0</failedSince>
        </case>
        <case>
          <duration>1.73716E-4</duration>
          <className>These are sample RSpec tests</className>
          <testName>These are sample RSpec tests This is test #119</testName>
          <skipped>false</skipped>
          <failedSince>0</failedSince>
        </case>
        <case>
          <duration>1.71202E-4</duration>
          <className>These are sample RSpec tests</className>
          <testName>These are sample RSpec tests This is test #120</testName>
          <skipped>false</skipped>
          <failedSince>0</failedSince>
        </case>
        <case>
          <duration>2.04645E-4</duration>
          <className>These are sample RSpec tests</className>
          <testName>These are sample RSpec tests This is test #121</testName>
          <skipped>false</skipped>
          <failedSince>0</failedSince>
        </case>
        <case>
          <duration>4.05987E-4</duration>
          <className>These are sample RSpec tests</className>
          <testName>These are sample RSpec tests This is test #122</testName>
          <skipped>false</skipped>
          <failedSince>0</failedSince>
        </case>
        <case>
          <duration>3.50277E-4</duration>
          <className>These are sample RSpec tests</className>
          <testName>These are sample RSpec tests This is test #123</testName>
          <skipped>false</skipped>
          <failedSince>0</failedSince>
        </case>
        <case>
          <duration>3.51961E-4</duration>
          <className>These are sample RSpec tests</className>
          <testName>These are sample RSpec tests This is test #124</testName>
          <skipped>false</skipped>
          <failedSince>0</failedSince>
        </case>
        <case>
          <duration>2.81441E-4</duration>
          <className>These are sample RSpec tests</className>
          <testName>These are sample RSpec tests This is test #125</testName>
          <skipped>false</skipped>
          <failedSince>0</failedSince>
        </case>
        <case>
          <duration>3.45106E-4</duration>
          <className>These are sample RSpec tests</className>
          <testName>These are sample RSpec tests This is test #126</testName>
          <skipped>false</skipped>
          <failedSince>0</failedSince>
        </case>
        <case>
          <duration>3.23021E-4</duration>
          <className>These are sample RSpec tests</className>
          <testName>These are sample RSpec tests This is test #127</testName>
          <skipped>false</skipped>
          <failedSince>0</failedSince>
        </case>
        <case>
          <duration>2.23031E-4</duration>
          <className>These are sample RSpec tests</className>
          <testName>These are sample RSpec tests This is test #128</testName>
          <skipped>false</skipped>
          <failedSince>0</failedSince>
        </case>
        <case>
          <duration>1.67428E-4</duration>
          <className>These are sample RSpec tests</className>
          <testName>These are sample RSpec tests This is test #129</testName>
          <skipped>false</skipped>
          <failedSince>0</failedSince>
        </case>
        <case>
          <duration>1.76855E-4</duration>
          <className>These are sample RSpec tests</className>
          <testName>These are sample RSpec tests This is test #130</testName>
          <skipped>false</skipped>
          <failedSince>0</failedSince>
        </case>
        <case>
          <duration>2.85031E-4</duration>
          <className>These are sample RSpec tests</className>
          <testName>These are sample RSpec tests This is test #131</testName>
          <skipped>false</skipped>
          <failedSince>0</failedSince>
        </case>
        <case>
          <duration>1.88671E-4</duration>
          <className>These are sample RSpec tests</className>
          <testName>These are sample RSpec tests This is test #132</testName>
          <skipped>false</skipped>
          <failedSince>0</failedSince>
        </case>
        <case>
          <duration>2.0682E-4</duration>
          <className>These are sample RSpec tests</className>
          <testName>These are sample RSpec tests This is test #133</testName>
          <skipped>false</skipped>
          <failedSince>0</failedSince>
        </case>
        <case>
          <duration>1.79574E-4</duration>
          <className>These are sample RSpec tests</className>
          <testName>These are sample RSpec tests This is test #134</testName>
          <skipped>false</skipped>
          <failedSince>0</failedSince>
        </case>
        <case>
          <duration>2.03324E-4</duration>
          <className>These are sample RSpec tests</className>
          <testName>These are sample RSpec tests This is test #135</testName>
          <skipped>false</skipped>
          <failedSince>0</failedSince>
        </case>
        <case>
          <duration>2.87487E-4</duration>
          <className>These are sample RSpec tests</className>
          <testName>These are sample RSpec tests This is test #136</testName>
          <skipped>false</skipped>
          <failedSince>0</failedSince>
        </case>
        <case>
          <duration>2.31252E-4</duration>
          <className>These are sample RSpec tests</className>
          <testName>These are sample RSpec tests This is test #137</testName>
          <skipped>false</skipped>
          <failedSince>0</failedSince>
        </case>
        <case>
          <duration>2.37867E-4</duration>
          <className>These are sample RSpec tests</className>
          <testName>These are sample RSpec tests This is test #138</testName>
          <skipped>false</skipped>
          <failedSince>0</failedSince>
        </case>
        <case>
          <duration>2.03719E-4</duration>
          <className>These are sample RSpec tests</className>
          <testName>These are sample RSpec tests This is test #139</testName>
          <skipped>false</skipped>
          <failedSince>0</failedSince>
        </case>
        <case>
          <duration>3.23382E-4</duration>
          <className>These are sample RSpec tests</className>
          <testName>These are sample RSpec tests This is test #140</testName>
          <skipped>false</skipped>
          <failedSince>0</failedSince>
        </case>
        <case>
          <duration>2.18779E-4</duration>
          <className>These are sample RSpec tests</className>
          <testName>These are sample RSpec tests This is test #141</testName>
          <skipped>false</skipped>
          <failedSince>0</failedSince>
        </case>
        <case>
          <duration>2.4508E-4</duration>
          <className>These are sample RSpec tests</className>
          <testName>These are sample RSpec tests This is test #142</testName>
          <skipped>false</skipped>
          <failedSince>0</failedSince>
        </case>
        <case>
          <duration>2.59836E-4</duration>
          <className>These are sample RSpec tests</className>
          <testName>These are sample RSpec tests This is test #143</testName>
          <skipped>false</skipped>
          <failedSince>0</failedSince>
        </case>
        <case>
          <duration>1.80044E-4</duration>
          <className>These are sample RSpec tests</className>
          <testName>These are sample RSpec tests This is test #144</testName>
          <skipped>false</skipped>
          <failedSince>0</failedSince>
        </case>
        <case>
          <duration>2.19306E-4</duration>
          <className>These are sample RSpec tests</className>
          <testName>These are sample RSpec tests This is test #145</testName>
          <skipped>false</skipped>
          <failedSince>0</failedSince>
        </case>
        <case>
          <duration>2.00177E-4</duration>
          <className>These are sample RSpec tests</className>
          <testName>These are sample RSpec tests This is test #146</testName>
          <skipped>false</skipped>
          <failedSince>0</failedSince>
        </case>
        <case>
          <duration>1.87699E-4</duration>
          <className>These are sample RSpec tests</className>
          <testName>These are sample RSpec tests This is test #147</testName>
          <skipped>false</skipped>
          <failedSince>0</failedSince>
        </case>
        <case>
          <duration>1.65561E-4</duration>
          <className>These are sample RSpec tests</className>
          <testName>These are sample RSpec tests This is test #148</testName>
          <skipped>false</skipped>
          <failedSince>0</failedSince>
        </case>
        <case>
          <duration>3.07864E-4</duration>
          <className>These are sample RSpec tests</className>
          <testName>These are sample RSpec tests This is test #149</testName>
          <skipped>false</skipped>
          <failedSince>0</failedSince>
        </case>
        <case>
          <duration>2.30988E-4</duration>
          <className>These are sample RSpec tests</className>
          <testName>These are sample RSpec tests This is test #150</testName>
          <skipped>false</skipped>
          <failedSince>0</failedSince>
        </case>
        <case>
          <duration>1.89785E-4</duration>
          <className>These are sample RSpec tests</className>
          <testName>These are sample RSpec tests This is test #151</testName>
          <skipped>false</skipped>
          <failedSince>0</failedSince>
        </case>
        <case>
          <duration>2.2943E-4</duration>
          <className>These are sample RSpec tests</className>
          <testName>These are sample RSpec tests This is test #152</testName>
          <skipped>false</skipped>
          <failedSince>0</failedSince>
        </case>
        <case>
          <duration>1.94791E-4</duration>
          <className>These are sample RSpec tests</className>
          <testName>These are sample RSpec tests This is test #153</testName>
          <skipped>false</skipped>
          <failedSince>0</failedSince>
        </case>
        <case>
          <duration>1.9143E-4</duration>
          <className>These are sample RSpec tests</className>
          <testName>These are sample RSpec tests This is test #154</testName>
          <skipped>false</skipped>
          <failedSince>0</failedSince>
        </case>
        <case>
          <duration>2.43333E-4</duration>
          <className>These are sample RSpec tests</className>
          <testName>These are sample RSpec tests This is test #155</testName>
          <skipped>false</skipped>
          <failedSince>0</failedSince>
        </case>
        <case>
          <duration>2.2196E-4</duration>
          <className>These are sample RSpec tests</className>
          <testName>These are sample RSpec tests This is test #156</testName>
          <skipped>false</skipped>
          <failedSince>0</failedSince>
        </case>
        <case>
          <duration>2.19772E-4</duration>
          <className>These are sample RSpec tests</className>
          <testName>These are sample RSpec tests This is test #157</testName>
          <skipped>false</skipped>
          <failedSince>0</failedSince>
        </case>
        <case>
          <duration>2.86318E-4</duration>
          <className>These are sample RSpec tests</className>
          <testName>These are sample RSpec tests This is test #158</testName>
          <skipped>false</skipped>
          <failedSince>0</failedSince>
        </case>
        <case>
          <duration>2.3968E-4</duration>
          <className>These are sample RSpec tests</className>
          <testName>These are sample RSpec tests This is test #159</testName>
          <skipped>false</skipped>
          <failedSince>0</failedSince>
        </case>
        <case>
          <duration>2.20438E-4</duration>
          <className>These are sample RSpec tests</className>
          <testName>These are sample RSpec tests This is test #160</testName>
          <skipped>false</skipped>
          <failedSince>0</failedSince>
        </case>
        <case>
          <duration>2.24293E-4</duration>
          <className>These are sample RSpec tests</className>
          <testName>These are sample RSpec tests This is test #161</testName>
          <skipped>false</skipped>
          <failedSince>0</failedSince>
        </case>
        <case>
          <duration>2.52212E-4</duration>
          <className>These are sample RSpec tests</className>
          <testName>These are sample RSpec tests This is test #162</testName>
          <skipped>false</skipped>
          <failedSince>0</failedSince>
        </case>
        <case>
          <duration>2.65675E-4</duration>
          <className>These are sample RSpec tests</className>
          <testName>These are sample RSpec tests This is test #163</testName>
          <skipped>false</skipped>
          <failedSince>0</failedSince>
        </case>
        <case>
          <duration>2.30795E-4</duration>
          <className>These are sample RSpec tests</className>
          <testName>These are sample RSpec tests This is test #164</testName>
          <skipped>false</skipped>
          <failedSince>0</failedSince>
        </case>
        <case>
          <duration>3.50352E-4</duration>
          <className>These are sample RSpec tests</className>
          <testName>These are sample RSpec tests This is test #165</testName>
          <skipped>false</skipped>
          <failedSince>0</failedSince>
        </case>
        <case>
          <duration>2.70034E-4</duration>
          <className>These are sample RSpec tests</className>
          <testName>These are sample RSpec tests This is test #166</testName>
          <skipped>false</skipped>
          <failedSince>0</failedSince>
        </case>
        <case>
          <duration>2.35604E-4</duration>
          <className>These are sample RSpec tests</className>
          <testName>These are sample RSpec tests This is test #167</testName>
          <skipped>false</skipped>
          <failedSince>0</failedSince>
        </case>
        <case>
          <duration>2.68987E-4</duration>
          <className>These are sample RSpec tests</className>
          <testName>These are sample RSpec tests This is test #168</testName>
          <skipped>false</skipped>
          <failedSince>0</failedSince>
        </case>
        <case>
          <duration>2.50658E-4</duration>
          <className>These are sample RSpec tests</className>
          <testName>These are sample RSpec tests This is test #169</testName>
          <skipped>false</skipped>
          <failedSince>0</failedSince>
        </case>
        <case>
          <duration>3.81922E-4</duration>
          <className>These are sample RSpec tests</className>
          <testName>These are sample RSpec tests This is test #170</testName>
          <skipped>false</skipped>
          <failedSince>0</failedSince>
        </case>
        <case>
          <duration>3.2789E-4</duration>
          <className>These are sample RSpec tests</className>
          <testName>These are sample RSpec tests This is test #171</testName>
          <skipped>false</skipped>
          <failedSince>0</failedSince>
        </case>
        <case>
          <duration>2.27568E-4</duration>
          <className>These are sample RSpec tests</className>
          <testName>These are sample RSpec tests This is test #172</testName>
          <skipped>false</skipped>
          <failedSince>0</failedSince>
        </case>
        <case>
          <duration>3.42333E-4</duration>
          <className>These are sample RSpec tests</className>
          <testName>These are sample RSpec tests This is test #173</testName>
          <skipped>false</skipped>
          <failedSince>0</failedSince>
        </case>
        <case>
          <duration>4.38622E-4</duration>
          <className>These are sample RSpec tests</className>
          <testName>These are sample RSpec tests This is test #174</testName>
          <skipped>false</skipped>
          <failedSince>0</failedSince>
        </case>
        <case>
          <duration>3.28612E-4</duration>
          <className>These are sample RSpec tests</className>
          <testName>These are sample RSpec tests This is test #175</testName>
          <skipped>false</skipped>
          <failedSince>0</failedSince>
        </case>
        <case>
          <duration>2.53517E-4</duration>
          <className>These are sample RSpec tests</className>
          <testName>These are sample RSpec tests This is test #176</testName>
          <skipped>false</skipped>
          <failedSince>0</failedSince>
        </case>
        <case>
          <duration>3.31962E-4</duration>
          <className>These are sample RSpec tests</className>
          <testName>These are sample RSpec tests This is test #177</testName>
          <skipped>false</skipped>
          <failedSince>0</failedSince>
        </case>
        <case>
          <duration>2.44552E-4</duration>
          <className>These are sample RSpec tests</className>
          <testName>These are sample RSpec tests This is test #178</testName>
          <skipped>false</skipped>
          <failedSince>0</failedSince>
        </case>
        <case>
          <duration>3.819E-4</duration>
          <className>These are sample RSpec tests</className>
          <testName>These are sample RSpec tests This is test #179</testName>
          <skipped>false</skipped>
          <failedSince>0</failedSince>
        </case>
        <case>
          <duration>2.51025E-4</duration>
          <className>These are sample RSpec tests</className>
          <testName>These are sample RSpec tests This is test #180</testName>
          <skipped>false</skipped>
          <failedSince>0</failedSince>
        </case>
        <case>
          <duration>3.71584E-4</duration>
          <className>These are sample RSpec tests</className>
          <testName>These are sample RSpec tests This is test #181</testName>
          <skipped>false</skipped>
          <failedSince>0</failedSince>
        </case>
        <case>
          <duration>3.65055E-4</duration>
          <className>These are sample RSpec tests</className>
          <testName>These are sample RSpec tests This is test #182</testName>
          <skipped>false</skipped>
          <failedSince>0</failedSince>
        </case>
        <case>
          <duration>3.76071E-4</duration>
          <className>These are sample RSpec tests</className>
          <testName>These are sample RSpec tests This is test #183</testName>
          <skipped>false</skipped>
          <failedSince>0</failedSince>
        </case>
        <case>
          <duration>2.46682E-4</duration>
          <className>These are sample RSpec tests</className>
          <testName>These are sample RSpec tests This is test #184</testName>
          <skipped>false</skipped>
          <failedSince>0</failedSince>
        </case>
        <case>
          <duration>2.93345E-4</duration>
          <className>These are sample RSpec tests</className>
          <testName>These are sample RSpec tests This is test #185</testName>
          <skipped>false</skipped>
          <failedSince>0</failedSince>
        </case>
        <case>
          <duration>2.54704E-4</duration>
          <className>These are sample RSpec tests</className>
          <testName>These are sample RSpec tests This is test #186</testName>
          <skipped>false</skipped>
          <failedSince>0</failedSince>
        </case>
        <case>
          <duration>2.82654E-4</duration>
          <className>These are sample RSpec tests</className>
          <testName>These are sample RSpec tests This is test #187</testName>
          <skipped>false</skipped>
          <failedSince>0</failedSince>
        </case>
        <case>
          <duration>3.46049E-4</duration>
          <className>These are sample RSpec tests</className>
          <testName>These are sample RSpec tests This is test #188</testName>
          <skipped>false</skipped>
          <failedSince>0</failedSince>
        </case>
        <case>
          <duration>3.7677E-4</duration>
          <className>These are sample RSpec tests</className>
          <testName>These are sample RSpec tests This is test #189</testName>
          <skipped>false</skipped>
          <failedSince>0</failedSince>
        </case>
        <case>
          <duration>2.50994E-4</duration>
          <className>These are sample RSpec tests</className>
          <testName>These are sample RSpec tests This is test #190</testName>
          <skipped>false</skipped>
          <failedSince>0</failedSince>
        </case>
        <case>
          <duration>3.79348E-4</duration>
          <className>These are sample RSpec tests</className>
          <testName>These are sample RSpec tests This is test #191</testName>
          <skipped>false</skipped>
          <failedSince>0</failedSince>
        </case>
        <case>
          <duration>3.53226E-4</duration>
          <className>These are sample RSpec tests</className>
          <testName>These are sample RSpec tests This is test #192</testName>
          <skipped>false</skipped>
          <failedSince>0</failedSince>
        </case>
        <case>
          <duration>3.33665E-4</duration>
          <className>These are sample RSpec tests</className>
          <testName>These are sample RSpec tests This is test #193</testName>
          <skipped>false</skipped>
          <failedSince>0</failedSince>
        </case>
        <case>
          <duration>3.2217E-4</duration>
          <className>These are sample RSpec tests</className>
          <testName>These are sample RSpec tests This is test #194</testName>
          <skipped>false</skipped>
          <failedSince>0</failedSince>
        </case>
        <case>
          <duration>4.55897E-4</duration>
          <className>These are sample RSpec tests</className>
          <testName>These are sample RSpec tests This is test #195</testName>
          <skipped>false</skipped>
          <failedSince>0</failedSince>
        </case>
        <case>
          <duration>3.62656E-4</duration>
          <className>These are sample RSpec tests</className>
          <testName>These are sample RSpec tests This is test #196</testName>
          <skipped>false</skipped>
          <failedSince>0</failedSince>
        </case>
        <case>
          <duration>3.76478E-4</duration>
          <className>These are sample RSpec tests</className>
          <testName>These are sample RSpec tests This is test #197</testName>
          <skipped>false</skipped>
          <failedSince>0</failedSince>
        </case>
        <case>
          <duration>2.59274E-4</duration>
          <className>These are sample RSpec tests</className>
          <testName>These are sample RSpec tests This is test #198</testName>
          <skipped>false</skipped>
          <failedSince>0</failedSince>
        </case>
        <case>
          <duration>4.75163E-4</duration>
          <className>These are sample RSpec tests</className>
          <testName>These are sample RSpec tests This is test #199</testName>
          <skipped>false</skipped>
          <failedSince>0</failedSince>
        </case>
        <case>
          <duration>4.34244E-4</duration>
          <className>These are sample RSpec tests</className>
          <testName>These are sample RSpec tests This is test #200</testName>
          <skipped>false</skipped>
          <failedSince>0</failedSince>
        </case>
        <case>
          <duration>3.66964E-4</duration>
          <className>These are sample RSpec tests</className>
          <testName>These are sample RSpec tests This is test #201</testName>
          <skipped>false</skipped>
          <failedSince>0</failedSince>
        </case>
        <case>
          <duration>2.83614E-4</duration>
          <className>These are sample RSpec tests</className>
          <testName>These are sample RSpec tests This is test #202</testName>
          <skipped>false</skipped>
          <failedSince>0</failedSince>
        </case>
        <case>
          <duration>3.86825E-4</duration>
          <className>These are sample RSpec tests</className>
          <testName>These are sample RSpec tests This is test #203</testName>
          <skipped>false</skipped>
          <failedSince>0</failedSince>
        </case>
        <case>
          <duration>2.45915E-4</duration>
          <className>These are sample RSpec tests</className>
          <testName>These are sample RSpec tests This is test #204</testName>
          <skipped>false</skipped>
          <failedSince>0</failedSince>
        </case>
        <case>
          <duration>4.29784E-4</duration>
          <className>These are sample RSpec tests</className>
          <testName>These are sample RSpec tests This is test #205</testName>
          <skipped>false</skipped>
          <failedSince>0</failedSince>
        </case>
        <case>
          <duration>4.77107E-4</duration>
          <className>These are sample RSpec tests</className>
          <testName>These are sample RSpec tests This is test #206</testName>
          <skipped>false</skipped>
          <failedSince>0</failedSince>
        </case>
        <case>
          <duration>3.63481E-4</duration>
          <className>These are sample RSpec tests</className>
          <testName>These are sample RSpec tests This is test #207</testName>
          <skipped>false</skipped>
          <failedSince>0</failedSince>
        </case>
        <case>
          <duration>4.39233E-4</duration>
          <className>These are sample RSpec tests</className>
          <testName>These are sample RSpec tests This is test #208</testName>
          <skipped>false</skipped>
          <failedSince>0</failedSince>
        </case>
        <case>
          <duration>3.58414E-4</duration>
          <className>These are sample RSpec tests</className>
          <testName>These are sample RSpec tests This is test #209</testName>
          <skipped>false</skipped>
          <failedSince>0</failedSince>
        </case>
        <case>
          <duration>3.55966E-4</duration>
          <className>These are sample RSpec tests</className>
          <testName>These are sample RSpec tests This is test #210</testName>
          <skipped>false</skipped>
          <failedSince>0</failedSince>
        </case>
        <case>
          <duration>3.45991E-4</duration>
          <className>These are sample RSpec tests</className>
          <testName>These are sample RSpec tests This is test #211</testName>
          <skipped>false</skipped>
          <failedSince>0</failedSince>
        </case>
        <case>
          <duration>3.19598E-4</duration>
          <className>These are sample RSpec tests</className>
          <testName>These are sample RSpec tests This is test #212</testName>
          <skipped>false</skipped>
          <failedSince>0</failedSince>
        </case>
        <case>
          <duration>2.62329E-4</duration>
          <className>These are sample RSpec tests</className>
          <testName>These are sample RSpec tests This is test #213</testName>
          <skipped>false</skipped>
          <failedSince>0</failedSince>
        </case>
        <case>
          <duration>3.70926E-4</duration>
          <className>These are sample RSpec tests</className>
          <testName>These are sample RSpec tests This is test #214</testName>
          <skipped>false</skipped>
          <failedSince>0</failedSince>
        </case>
        <case>
          <duration>4.43924E-4</duration>
          <className>These are sample RSpec tests</className>
          <testName>These are sample RSpec tests This is test #215</testName>
          <skipped>false</skipped>
          <failedSince>0</failedSince>
        </case>
        <case>
          <duration>3.08036E-4</duration>
          <className>These are sample RSpec tests</className>
          <testName>These are sample RSpec tests This is test #216</testName>
          <skipped>false</skipped>
          <failedSince>0</failedSince>
        </case>
        <case>
          <duration>2.81881E-4</duration>
          <className>These are sample RSpec tests</className>
          <testName>These are sample RSpec tests This is test #217</testName>
          <skipped>false</skipped>
          <failedSince>0</failedSince>
        </case>
        <case>
          <duration>2.5825E-4</duration>
          <className>These are sample RSpec tests</className>
          <testName>These are sample RSpec tests This is test #218</testName>
          <skipped>false</skipped>
          <failedSince>0</failedSince>
        </case>
        <case>
          <duration>2.69166E-4</duration>
          <className>These are sample RSpec tests</className>
          <testName>These are sample RSpec tests This is test #219</testName>
          <skipped>false</skipped>
          <failedSince>0</failedSince>
        </case>
        <case>
          <duration>2.6218E-4</duration>
          <className>These are sample RSpec tests</className>
          <testName>These are sample RSpec tests This is test #220</testName>
          <skipped>false</skipped>
          <failedSince>0</failedSince>
        </case>
        <case>
          <duration>2.44184E-4</duration>
          <className>These are sample RSpec tests</className>
          <testName>These are sample RSpec tests This is test #221</testName>
          <skipped>false</skipped>
          <failedSince>0</failedSince>
        </case>
        <case>
          <duration>3.75274E-4</duration>
          <className>These are sample RSpec tests</className>
          <testName>These are sample RSpec tests This is test #222</testName>
          <skipped>false</skipped>
          <failedSince>0</failedSince>
        </case>
        <case>
          <duration>3.82138E-4</duration>
          <className>These are sample RSpec tests</className>
          <testName>These are sample RSpec tests This is test #223</testName>
          <skipped>false</skipped>
          <failedSince>0</failedSince>
        </case>
        <case>
          <duration>3.81869E-4</duration>
          <className>These are sample RSpec tests</className>
          <testName>These are sample RSpec tests This is test #224</testName>
          <skipped>false</skipped>
          <failedSince>0</failedSince>
        </case>
        <case>
          <duration>2.81283E-4</duration>
          <className>These are sample RSpec tests</className>
          <testName>These are sample RSpec tests This is test #225</testName>
          <skipped>false</skipped>
          <failedSince>0</failedSince>
        </case>
        <case>
          <duration>3.38738E-4</duration>
          <className>These are sample RSpec tests</className>
          <testName>These are sample RSpec tests This is test #226</testName>
          <skipped>false</skipped>
          <failedSince>0</failedSince>
        </case>
        <case>
          <duration>2.3027E-4</duration>
          <className>These are sample RSpec tests</className>
          <testName>These are sample RSpec tests This is test #227</testName>
          <skipped>false</skipped>
          <failedSince>0</failedSince>
        </case>
        <case>
          <duration>2.47149E-4</duration>
          <className>These are sample RSpec tests</className>
          <testName>These are sample RSpec tests This is test #228</testName>
          <skipped>false</skipped>
          <failedSince>0</failedSince>
        </case>
        <case>
          <duration>3.84655E-4</duration>
          <className>These are sample RSpec tests</className>
          <testName>These are sample RSpec tests This is test #229</testName>
          <skipped>false</skipped>
          <failedSince>0</failedSince>
        </case>
        <case>
          <duration>3.59834E-4</duration>
          <className>These are sample RSpec tests</className>
          <testName>These are sample RSpec tests This is test #230</testName>
          <skipped>false</skipped>
          <failedSince>0</failedSince>
        </case>
        <case>
          <duration>2.50384E-4</duration>
          <className>These are sample RSpec tests</className>
          <testName>These are sample RSpec tests This is test #231</testName>
          <skipped>false</skipped>
          <failedSince>0</failedSince>
        </case>
        <case>
          <duration>3.75893E-4</duration>
          <className>These are sample RSpec tests</className>
          <testName>These are sample RSpec tests This is test #232</testName>
          <skipped>false</skipped>
          <failedSince>0</failedSince>
        </case>
        <case>
          <duration>4.40257E-4</duration>
          <className>These are sample RSpec tests</className>
          <testName>These are sample RSpec tests This is test #233</testName>
          <skipped>false</skipped>
          <failedSince>0</failedSince>
        </case>
        <case>
          <duration>3.31469E-4</duration>
          <className>These are sample RSpec tests</className>
          <testName>These are sample RSpec tests This is test #234</testName>
          <skipped>false</skipped>
          <failedSince>0</failedSince>
        </case>
        <case>
          <duration>2.39617E-4</duration>
          <className>These are sample RSpec tests</className>
          <testName>These are sample RSpec tests This is test #235</testName>
          <skipped>false</skipped>
          <failedSince>0</failedSince>
        </case>
        <case>
          <duration>2.54275E-4</duration>
          <className>These are sample RSpec tests</className>
          <testName>These are sample RSpec tests This is test #236</testName>
          <skipped>false</skipped>
          <failedSince>0</failedSince>
        </case>
        <case>
          <duration>3.512E-4</duration>
          <className>These are sample RSpec tests</className>
          <testName>These are sample RSpec tests This is test #237</testName>
          <skipped>false</skipped>
          <failedSince>0</failedSince>
        </case>
        <case>
          <duration>4.0153E-4</duration>
          <className>These are sample RSpec tests</className>
          <testName>These are sample RSpec tests This is test #238</testName>
          <skipped>false</skipped>
          <failedSince>0</failedSince>
        </case>
        <case>
          <duration>3.48691E-4</duration>
          <className>These are sample RSpec tests</className>
          <testName>These are sample RSpec tests This is test #239</testName>
          <skipped>false</skipped>
          <failedSince>0</failedSince>
        </case>
        <case>
          <duration>3.00515E-4</duration>
          <className>These are sample RSpec tests</className>
          <testName>These are sample RSpec tests This is test #240</testName>
          <skipped>false</skipped>
          <failedSince>0</failedSince>
        </case>
        <case>
          <duration>4.69281E-4</duration>
          <className>These are sample RSpec tests</className>
          <testName>These are sample RSpec tests This is test #25</testName>
          <skipped>false</skipped>
          <failedSince>0</failedSince>
        </case>
        <case>
          <duration>2.37757E-4</duration>
          <className>These are sample RSpec tests</className>
          <testName>These are sample RSpec tests This is test #241</testName>
          <skipped>false</skipped>
          <failedSince>0</failedSince>
        </case>
        <case>
          <duration>2.41478E-4</duration>
          <className>These are sample RSpec tests</className>
          <testName>These are sample RSpec tests This is test #242</testName>
          <skipped>false</skipped>
          <failedSince>0</failedSince>
        </case>
        <case>
          <duration>2.31459E-4</duration>
          <className>These are sample RSpec tests</className>
          <testName>These are sample RSpec tests This is test #243</testName>
          <skipped>false</skipped>
          <failedSince>0</failedSince>
        </case>
        <case>
          <duration>2.59476E-4</duration>
          <className>These are sample RSpec tests</className>
          <testName>These are sample RSpec tests This is test #244</testName>
          <skipped>false</skipped>
          <failedSince>0</failedSince>
        </case>
        <case>
          <duration>3.72727E-4</duration>
          <className>These are sample RSpec tests</className>
          <testName>These are sample RSpec tests This is test #245</testName>
          <skipped>false</skipped>
          <failedSince>0</failedSince>
        </case>
        <case>
          <duration>4.06991E-4</duration>
          <className>These are sample RSpec tests</className>
          <testName>These are sample RSpec tests This is test #246</testName>
          <skipped>false</skipped>
          <failedSince>0</failedSince>
        </case>
        <case>
          <duration>2.89158E-4</duration>
          <className>These are sample RSpec tests</className>
          <testName>These are sample RSpec tests This is test #247</testName>
          <skipped>false</skipped>
          <failedSince>0</failedSince>
        </case>
        <case>
          <duration>2.47315E-4</duration>
          <className>These are sample RSpec tests</className>
          <testName>These are sample RSpec tests This is test #248</testName>
          <skipped>false</skipped>
          <failedSince>0</failedSince>
        </case>
        <case>
          <duration>3.73574E-4</duration>
          <className>These are sample RSpec tests</className>
          <testName>These are sample RSpec tests This is test #249</testName>
          <skipped>false</skipped>
          <failedSince>0</failedSince>
        </case>
        <case>
          <duration>3.48407E-4</duration>
          <className>These are sample RSpec tests</className>
          <testName>These are sample RSpec tests This is test #250</testName>
          <skipped>false</skipped>
          <failedSince>0</failedSince>
        </case>
        <case>
          <duration>4.03999E-4</duration>
          <className>These are sample RSpec tests</className>
          <testName>These are sample RSpec tests This is test #26</testName>
          <skipped>false</skipped>
          <failedSince>0</failedSince>
        </case>
        <case>
          <duration>2.4526E-4</duration>
          <className>These are sample RSpec tests</className>
          <testName>These are sample RSpec tests This is test #251</testName>
          <skipped>false</skipped>
          <failedSince>0</failedSince>
        </case>
        <case>
          <duration>2.46018E-4</duration>
          <className>These are sample RSpec tests</className>
          <testName>These are sample RSpec tests This is test #252</testName>
          <skipped>false</skipped>
          <failedSince>0</failedSince>
        </case>
        <case>
          <duration>4.25312E-4</duration>
          <className>These are sample RSpec tests</className>
          <testName>These are sample RSpec tests This is test #253</testName>
          <skipped>false</skipped>
          <failedSince>0</failedSince>
        </case>
        <case>
          <duration>2.4632E-4</duration>
          <className>These are sample RSpec tests</className>
          <testName>These are sample RSpec tests This is test #254</testName>
          <skipped>false</skipped>
          <failedSince>0</failedSince>
        </case>
        <case>
          <duration>2.54747E-4</duration>
          <className>These are sample RSpec tests</className>
          <testName>These are sample RSpec tests This is test #255</testName>
          <skipped>false</skipped>
          <failedSince>0</failedSince>
        </case>
        <case>
          <duration>2.50602E-4</duration>
          <className>These are sample RSpec tests</className>
          <testName>These are sample RSpec tests This is test #256</testName>
          <skipped>false</skipped>
          <failedSince>0</failedSince>
        </case>
        <case>
          <duration>3.54477E-4</duration>
          <className>These are sample RSpec tests</className>
          <testName>These are sample RSpec tests This is test #257</testName>
          <skipped>false</skipped>
          <failedSince>0</failedSince>
        </case>
        <case>
          <duration>3.69678E-4</duration>
          <className>These are sample RSpec tests</className>
          <testName>These are sample RSpec tests This is test #258</testName>
          <skipped>false</skipped>
          <failedSince>0</failedSince>
        </case>
        <case>
          <duration>3.12861E-4</duration>
          <className>These are sample RSpec tests</className>
          <testName>These are sample RSpec tests This is test #259</testName>
          <skipped>false</skipped>
          <failedSince>0</failedSince>
        </case>
        <case>
          <duration>2.47795E-4</duration>
          <className>These are sample RSpec tests</className>
          <testName>These are sample RSpec tests This is test #260</testName>
          <skipped>false</skipped>
          <failedSince>0</failedSince>
        </case>
        <case>
          <duration>4.91676E-4</duration>
          <className>These are sample RSpec tests</className>
          <testName>These are sample RSpec tests This is test #27</testName>
          <skipped>false</skipped>
          <failedSince>0</failedSince>
        </case>
        <case>
          <duration>3.9473E-4</duration>
          <className>These are sample RSpec tests</className>
          <testName>These are sample RSpec tests This is test #261</testName>
          <skipped>false</skipped>
          <failedSince>0</failedSince>
        </case>
        <case>
          <duration>2.80379E-4</duration>
          <className>These are sample RSpec tests</className>
          <testName>These are sample RSpec tests This is test #262</testName>
          <skipped>false</skipped>
          <failedSince>0</failedSince>
        </case>
        <case>
          <duration>3.22354E-4</duration>
          <className>These are sample RSpec tests</className>
          <testName>These are sample RSpec tests This is test #263</testName>
          <skipped>false</skipped>
          <failedSince>0</failedSince>
        </case>
        <case>
          <duration>2.40252E-4</duration>
          <className>These are sample RSpec tests</className>
          <testName>These are sample RSpec tests This is test #264</testName>
          <skipped>false</skipped>
          <failedSince>0</failedSince>
        </case>
        <case>
          <duration>2.33437E-4</duration>
          <className>These are sample RSpec tests</className>
          <testName>These are sample RSpec tests This is test #265</testName>
          <skipped>false</skipped>
          <failedSince>0</failedSince>
        </case>
        <case>
          <duration>3.57603E-4</duration>
          <className>These are sample RSpec tests</className>
          <testName>These are sample RSpec tests This is test #266</testName>
          <skipped>false</skipped>
          <failedSince>0</failedSince>
        </case>
        <case>
          <duration>3.84504E-4</duration>
          <className>These are sample RSpec tests</className>
          <testName>These are sample RSpec tests This is test #267</testName>
          <skipped>false</skipped>
          <failedSince>0</failedSince>
        </case>
        <case>
          <duration>3.33035E-4</duration>
          <className>These are sample RSpec tests</className>
          <testName>These are sample RSpec tests This is test #268</testName>
          <skipped>false</skipped>
          <failedSince>0</failedSince>
        </case>
        <case>
          <duration>2.89278E-4</duration>
          <className>These are sample RSpec tests</className>
          <testName>These are sample RSpec tests This is test #269</testName>
          <skipped>false</skipped>
          <failedSince>0</failedSince>
        </case>
        <case>
          <duration>3.45397E-4</duration>
          <className>These are sample RSpec tests</className>
          <testName>These are sample RSpec tests This is test #270</testName>
          <skipped>false</skipped>
          <failedSince>0</failedSince>
        </case>
        <case>
          <duration>3.88556E-4</duration>
          <className>These are sample RSpec tests</className>
          <testName>These are sample RSpec tests This is test #28</testName>
          <skipped>false</skipped>
          <failedSince>0</failedSince>
        </case>
        <case>
          <duration>3.58894E-4</duration>
          <className>These are sample RSpec tests</className>
          <testName>These are sample RSpec tests This is test #271</testName>
          <skipped>false</skipped>
          <failedSince>0</failedSince>
        </case>
        <case>
          <duration>3.67566E-4</duration>
          <className>These are sample RSpec tests</className>
          <testName>These are sample RSpec tests This is test #272</testName>
          <skipped>false</skipped>
          <failedSince>0</failedSince>
        </case>
        <case>
          <duration>4.00447E-4</duration>
          <className>These are sample RSpec tests</className>
          <testName>These are sample RSpec tests This is test #273</testName>
          <skipped>false</skipped>
          <failedSince>0</failedSince>
        </case>
        <case>
          <duration>3.70898E-4</duration>
          <className>These are sample RSpec tests</className>
          <testName>These are sample RSpec tests This is test #274</testName>
          <skipped>false</skipped>
          <failedSince>0</failedSince>
        </case>
        <case>
          <duration>4.09508E-4</duration>
          <className>These are sample RSpec tests</className>
          <testName>These are sample RSpec tests This is test #275</testName>
          <skipped>false</skipped>
          <failedSince>0</failedSince>
        </case>
        <case>
          <duration>3.69263E-4</duration>
          <className>These are sample RSpec tests</className>
          <testName>These are sample RSpec tests This is test #276</testName>
          <skipped>false</skipped>
          <failedSince>0</failedSince>
        </case>
        <case>
          <duration>2.54038E-4</duration>
          <className>These are sample RSpec tests</className>
          <testName>These are sample RSpec tests This is test #277</testName>
          <skipped>false</skipped>
          <failedSince>0</failedSince>
        </case>
        <case>
          <duration>3.61756E-4</duration>
          <className>These are sample RSpec tests</className>
          <testName>These are sample RSpec tests This is test #278</testName>
          <skipped>false</skipped>
          <failedSince>0</failedSince>
        </case>
        <case>
          <duration>3.72212E-4</duration>
          <className>These are sample RSpec tests</className>
          <testName>These are sample RSpec tests This is test #279</testName>
          <skipped>false</skipped>
          <failedSince>0</failedSince>
        </case>
        <case>
          <duration>3.85547E-4</duration>
          <className>These are sample RSpec tests</className>
          <testName>These are sample RSpec tests This is test #280</testName>
          <skipped>false</skipped>
          <failedSince>0</failedSince>
        </case>
        <case>
          <duration>2.64982E-4</duration>
          <className>These are sample RSpec tests</className>
          <testName>These are sample RSpec tests This is test #29</testName>
          <skipped>false</skipped>
          <failedSince>0</failedSince>
        </case>
        <case>
          <duration>3.59879E-4</duration>
          <className>These are sample RSpec tests</className>
          <testName>These are sample RSpec tests This is test #281</testName>
          <skipped>false</skipped>
          <failedSince>0</failedSince>
        </case>
        <case>
          <duration>2.61263E-4</duration>
          <className>These are sample RSpec tests</className>
          <testName>These are sample RSpec tests This is test #282</testName>
          <skipped>false</skipped>
          <failedSince>0</failedSince>
        </case>
        <case>
          <duration>2.48832E-4</duration>
          <className>These are sample RSpec tests</className>
          <testName>These are sample RSpec tests This is test #283</testName>
          <skipped>false</skipped>
          <failedSince>0</failedSince>
        </case>
        <case>
          <duration>3.87373E-4</duration>
          <className>These are sample RSpec tests</className>
          <testName>These are sample RSpec tests This is test #284</testName>
          <skipped>false</skipped>
          <failedSince>0</failedSince>
        </case>
        <case>
          <duration>3.57529E-4</duration>
          <className>These are sample RSpec tests</className>
          <testName>These are sample RSpec tests This is test #285</testName>
          <skipped>false</skipped>
          <failedSince>0</failedSince>
        </case>
        <case>
          <duration>2.97983E-4</duration>
          <className>These are sample RSpec tests</className>
          <testName>These are sample RSpec tests This is test #286</testName>
          <skipped>false</skipped>
          <failedSince>0</failedSince>
        </case>
        <case>
          <duration>2.31654E-4</duration>
          <className>These are sample RSpec tests</className>
          <testName>These are sample RSpec tests This is test #287</testName>
          <skipped>false</skipped>
          <failedSince>0</failedSince>
        </case>
        <case>
          <duration>3.76879E-4</duration>
          <className>These are sample RSpec tests</className>
          <testName>These are sample RSpec tests This is test #288</testName>
          <skipped>false</skipped>
          <failedSince>0</failedSince>
        </case>
        <case>
          <duration>2.46153E-4</duration>
          <className>These are sample RSpec tests</className>
          <testName>These are sample RSpec tests This is test #289</testName>
          <skipped>false</skipped>
          <failedSince>0</failedSince>
        </case>
        <case>
          <duration>3.85732E-4</duration>
          <className>These are sample RSpec tests</className>
          <testName>These are sample RSpec tests This is test #290</testName>
          <skipped>false</skipped>
          <failedSince>0</failedSince>
        </case>
        <case>
          <duration>2.28264E-4</duration>
          <className>These are sample RSpec tests</className>
          <testName>These are sample RSpec tests This is test #30</testName>
          <skipped>false</skipped>
          <failedSince>0</failedSince>
        </case>
        <case>
          <duration>4.62378E-4</duration>
          <className>These are sample RSpec tests</className>
          <testName>These are sample RSpec tests This is test #291</testName>
          <skipped>false</skipped>
          <failedSince>0</failedSince>
        </case>
        <case>
          <duration>2.61606E-4</duration>
          <className>These are sample RSpec tests</className>
          <testName>These are sample RSpec tests This is test #292</testName>
          <skipped>false</skipped>
          <failedSince>0</failedSince>
        </case>
        <case>
          <duration>2.51735E-4</duration>
          <className>These are sample RSpec tests</className>
          <testName>These are sample RSpec tests This is test #293</testName>
          <skipped>false</skipped>
          <failedSince>0</failedSince>
        </case>
        <case>
          <duration>3.71361E-4</duration>
          <className>These are sample RSpec tests</className>
          <testName>These are sample RSpec tests This is test #294</testName>
          <skipped>false</skipped>
          <failedSince>0</failedSince>
        </case>
        <case>
          <duration>2.63286E-4</duration>
          <className>These are sample RSpec tests</className>
          <testName>These are sample RSpec tests This is test #295</testName>
          <skipped>false</skipped>
          <failedSince>0</failedSince>
        </case>
        <case>
          <duration>3.30239E-4</duration>
          <className>These are sample RSpec tests</className>
          <testName>These are sample RSpec tests This is test #296</testName>
          <skipped>false</skipped>
          <failedSince>0</failedSince>
        </case>
        <case>
          <duration>4.29153E-4</duration>
          <className>These are sample RSpec tests</className>
          <testName>These are sample RSpec tests This is test #297</testName>
          <skipped>false</skipped>
          <failedSince>0</failedSince>
        </case>
        <case>
          <duration>2.97619E-4</duration>
          <className>These are sample RSpec tests</className>
          <testName>These are sample RSpec tests This is test #298</testName>
          <skipped>false</skipped>
          <failedSince>0</failedSince>
        </case>
        <case>
          <duration>2.45579E-4</duration>
          <className>These are sample RSpec tests</className>
          <testName>These are sample RSpec tests This is test #299</testName>
          <skipped>false</skipped>
          <failedSince>0</failedSince>
        </case>
        <case>
          <duration>2.61512E-4</duration>
          <className>These are sample RSpec tests</className>
          <testName>These are sample RSpec tests This is test #300</testName>
          <skipped>false</skipped>
          <failedSince>0</failedSince>
        </case>
        <case>
          <duration>2.14635E-4</duration>
          <className>These are sample RSpec tests</className>
          <testName>These are sample RSpec tests This is test #31</testName>
          <skipped>false</skipped>
          <failedSince>0</failedSince>
        </case>
        <case>
          <duration>2.39049E-4</duration>
          <className>These are sample RSpec tests</className>
          <testName>These are sample RSpec tests This is test #301</testName>
          <skipped>false</skipped>
          <failedSince>0</failedSince>
        </case>
        <case>
          <duration>4.1806E-4</duration>
          <className>These are sample RSpec tests</className>
          <testName>These are sample RSpec tests This is test #302</testName>
          <skipped>false</skipped>
          <failedSince>0</failedSince>
        </case>
        <case>
          <duration>4.13742E-4</duration>
          <className>These are sample RSpec tests</className>
          <testName>These are sample RSpec tests This is test #303</testName>
          <skipped>false</skipped>
          <failedSince>0</failedSince>
        </case>
        <case>
          <duration>2.59202E-4</duration>
          <className>These are sample RSpec tests</className>
          <testName>These are sample RSpec tests This is test #304</testName>
          <skipped>false</skipped>
          <failedSince>0</failedSince>
        </case>
        <case>
          <duration>2.53692E-4</duration>
          <className>These are sample RSpec tests</className>
          <testName>These are sample RSpec tests This is test #305</testName>
          <skipped>false</skipped>
          <failedSince>0</failedSince>
        </case>
        <case>
          <duration>2.4852E-4</duration>
          <className>These are sample RSpec tests</className>
          <testName>These are sample RSpec tests This is test #306</testName>
          <skipped>false</skipped>
          <failedSince>0</failedSince>
        </case>
        <case>
          <duration>2.51414E-4</duration>
          <className>These are sample RSpec tests</className>
          <testName>These are sample RSpec tests This is test #307</testName>
          <skipped>false</skipped>
          <failedSince>0</failedSince>
        </case>
        <case>
          <duration>4.40774E-4</duration>
          <className>These are sample RSpec tests</className>
          <testName>These are sample RSpec tests This is test #308</testName>
          <skipped>false</skipped>
          <failedSince>0</failedSince>
        </case>
        <case>
          <duration>3.01576E-4</duration>
          <className>These are sample RSpec tests</className>
          <testName>These are sample RSpec tests This is test #309</testName>
          <skipped>false</skipped>
          <failedSince>0</failedSince>
        </case>
        <case>
          <duration>3.79858E-4</duration>
          <className>These are sample RSpec tests</className>
          <testName>These are sample RSpec tests This is test #310</testName>
          <skipped>false</skipped>
          <failedSince>0</failedSince>
        </case>
        <case>
          <duration>2.03026E-4</duration>
          <className>These are sample RSpec tests</className>
          <testName>These are sample RSpec tests This is test #32</testName>
          <skipped>false</skipped>
          <failedSince>0</failedSince>
        </case>
        <case>
          <duration>3.52689E-4</duration>
          <className>These are sample RSpec tests</className>
          <testName>These are sample RSpec tests This is test #311</testName>
          <skipped>false</skipped>
          <failedSince>0</failedSince>
        </case>
        <case>
          <duration>3.69786E-4</duration>
          <className>These are sample RSpec tests</className>
          <testName>These are sample RSpec tests This is test #312</testName>
          <skipped>false</skipped>
          <failedSince>0</failedSince>
        </case>
        <case>
          <duration>3.86743E-4</duration>
          <className>These are sample RSpec tests</className>
          <testName>These are sample RSpec tests This is test #313</testName>
          <skipped>false</skipped>
          <failedSince>0</failedSince>
        </case>
        <case>
          <duration>3.16467E-4</duration>
          <className>These are sample RSpec tests</className>
          <testName>These are sample RSpec tests This is test #314</testName>
          <skipped>false</skipped>
          <failedSince>0</failedSince>
        </case>
        <case>
          <duration>2.59812E-4</duration>
          <className>These are sample RSpec tests</className>
          <testName>These are sample RSpec tests This is test #315</testName>
          <skipped>false</skipped>
          <failedSince>0</failedSince>
        </case>
        <case>
          <duration>2.6505E-4</duration>
          <className>These are sample RSpec tests</className>
          <testName>These are sample RSpec tests This is test #316</testName>
          <skipped>false</skipped>
          <failedSince>0</failedSince>
        </case>
        <case>
          <duration>3.9246E-4</duration>
          <className>These are sample RSpec tests</className>
          <testName>These are sample RSpec tests This is test #317</testName>
          <skipped>false</skipped>
          <failedSince>0</failedSince>
        </case>
        <case>
          <duration>3.32506E-4</duration>
          <className>These are sample RSpec tests</className>
          <testName>These are sample RSpec tests This is test #318</testName>
          <skipped>false</skipped>
          <failedSince>0</failedSince>
        </case>
        <case>
          <duration>2.62607E-4</duration>
          <className>These are sample RSpec tests</className>
          <testName>These are sample RSpec tests This is test #319</testName>
          <skipped>false</skipped>
          <failedSince>0</failedSince>
        </case>
        <case>
          <duration>2.65718E-4</duration>
          <className>These are sample RSpec tests</className>
          <testName>These are sample RSpec tests This is test #320</testName>
          <skipped>false</skipped>
          <failedSince>0</failedSince>
        </case>
        <case>
          <duration>2.56122E-4</duration>
          <className>These are sample RSpec tests</className>
          <testName>These are sample RSpec tests This is test #33</testName>
          <skipped>false</skipped>
          <failedSince>0</failedSince>
        </case>
        <case>
          <duration>2.80683E-4</duration>
          <className>These are sample RSpec tests</className>
          <testName>These are sample RSpec tests This is test #321</testName>
          <skipped>false</skipped>
          <failedSince>0</failedSince>
        </case>
        <case>
          <duration>2.42763E-4</duration>
          <className>These are sample RSpec tests</className>
          <testName>These are sample RSpec tests This is test #322</testName>
          <skipped>false</skipped>
          <failedSince>0</failedSince>
        </case>
        <case>
          <duration>3.71396E-4</duration>
          <className>These are sample RSpec tests</className>
          <testName>These are sample RSpec tests This is test #323</testName>
          <skipped>false</skipped>
          <failedSince>0</failedSince>
        </case>
        <case>
          <duration>3.83914E-4</duration>
          <className>These are sample RSpec tests</className>
          <testName>These are sample RSpec tests This is test #324</testName>
          <skipped>false</skipped>
          <failedSince>0</failedSince>
        </case>
        <case>
          <duration>2.54935E-4</duration>
          <className>These are sample RSpec tests</className>
          <testName>These are sample RSpec tests This is test #325</testName>
          <skipped>false</skipped>
          <failedSince>0</failedSince>
        </case>
        <case>
          <duration>3.90648E-4</duration>
          <className>These are sample RSpec tests</className>
          <testName>These are sample RSpec tests This is test #326</testName>
          <skipped>false</skipped>
          <failedSince>0</failedSince>
        </case>
        <case>
          <duration>3.90718E-4</duration>
          <className>These are sample RSpec tests</className>
          <testName>These are sample RSpec tests This is test #327</testName>
          <skipped>false</skipped>
          <failedSince>0</failedSince>
        </case>
        <case>
          <duration>2.57369E-4</duration>
          <className>These are sample RSpec tests</className>
          <testName>These are sample RSpec tests This is test #328</testName>
          <skipped>false</skipped>
          <failedSince>0</failedSince>
        </case>
        <case>
          <duration>3.84816E-4</duration>
          <className>These are sample RSpec tests</className>
          <testName>These are sample RSpec tests This is test #329</testName>
          <skipped>false</skipped>
          <failedSince>0</failedSince>
        </case>
        <case>
          <duration>2.66042E-4</duration>
          <className>These are sample RSpec tests</className>
          <testName>These are sample RSpec tests This is test #330</testName>
          <skipped>false</skipped>
          <failedSince>0</failedSince>
        </case>
        <case>
          <duration>2.11242E-4</duration>
          <className>These are sample RSpec tests</className>
          <testName>These are sample RSpec tests This is test #34</testName>
          <skipped>false</skipped>
          <failedSince>0</failedSince>
        </case>
        <case>
          <duration>2.67311E-4</duration>
          <className>These are sample RSpec tests</className>
          <testName>These are sample RSpec tests This is test #331</testName>
          <skipped>false</skipped>
          <failedSince>0</failedSince>
        </case>
        <case>
          <duration>3.01795E-4</duration>
          <className>These are sample RSpec tests</className>
          <testName>These are sample RSpec tests This is test #332</testName>
          <skipped>false</skipped>
          <failedSince>0</failedSince>
        </case>
        <case>
          <duration>3.86959E-4</duration>
          <className>These are sample RSpec tests</className>
          <testName>These are sample RSpec tests This is test #333</testName>
          <skipped>false</skipped>
          <failedSince>0</failedSince>
        </case>
        <case>
          <duration>3.89546E-4</duration>
          <className>These are sample RSpec tests</className>
          <testName>These are sample RSpec tests This is test #334</testName>
          <skipped>false</skipped>
          <failedSince>0</failedSince>
        </case>
        <case>
          <duration>0.06421236</duration>
          <className>These are sample RSpec tests</className>
          <testName>These are sample RSpec tests This is test #335</testName>
          <skipped>false</skipped>
          <failedSince>0</failedSince>
        </case>
        <case>
          <duration>3.21808E-4</duration>
          <className>These are sample RSpec tests</className>
          <testName>These are sample RSpec tests This is test #336</testName>
          <skipped>false</skipped>
          <failedSince>0</failedSince>
        </case>
        <case>
          <duration>2.56259E-4</duration>
          <className>These are sample RSpec tests</className>
          <testName>These are sample RSpec tests This is test #337</testName>
          <skipped>false</skipped>
          <failedSince>0</failedSince>
        </case>
        <case>
          <duration>3.32333E-4</duration>
          <className>These are sample RSpec tests</className>
          <testName>These are sample RSpec tests This is test #338</testName>
          <skipped>false</skipped>
          <failedSince>0</failedSince>
        </case>
        <case>
          <duration>3.14994E-4</duration>
          <className>These are sample RSpec tests</className>
          <testName>These are sample RSpec tests This is test #339</testName>
          <skipped>false</skipped>
          <failedSince>0</failedSince>
        </case>
        <case>
          <duration>4.00517E-4</duration>
          <className>These are sample RSpec tests</className>
          <testName>These are sample RSpec tests This is test #340</testName>
          <skipped>false</skipped>
          <failedSince>0</failedSince>
        </case>
        <case>
          <duration>3.76007E-4</duration>
          <className>These are sample RSpec tests</className>
          <testName>These are sample RSpec tests This is test #35</testName>
          <skipped>false</skipped>
          <failedSince>0</failedSince>
        </case>
        <case>
          <duration>2.91773E-4</duration>
          <className>These are sample RSpec tests</className>
          <testName>These are sample RSpec tests This is test #341</testName>
          <skipped>false</skipped>
          <failedSince>0</failedSince>
        </case>
        <case>
          <duration>2.5976E-4</duration>
          <className>These are sample RSpec tests</className>
          <testName>These are sample RSpec tests This is test #342</testName>
          <skipped>false</skipped>
          <failedSince>0</failedSince>
        </case>
        <case>
          <duration>3.39766E-4</duration>
          <className>These are sample RSpec tests</className>
          <testName>These are sample RSpec tests This is test #343</testName>
          <skipped>false</skipped>
          <failedSince>0</failedSince>
        </case>
        <case>
          <duration>2.50917E-4</duration>
          <className>These are sample RSpec tests</className>
          <testName>These are sample RSpec tests This is test #344</testName>
          <skipped>false</skipped>
          <failedSince>0</failedSince>
        </case>
        <case>
          <duration>2.47426E-4</duration>
          <className>These are sample RSpec tests</className>
          <testName>These are sample RSpec tests This is test #345</testName>
          <skipped>false</skipped>
          <failedSince>0</failedSince>
        </case>
        <case>
          <duration>2.53938E-4</duration>
          <className>These are sample RSpec tests</className>
          <testName>These are sample RSpec tests This is test #346</testName>
          <skipped>false</skipped>
          <failedSince>0</failedSince>
        </case>
        <case>
          <duration>2.65316E-4</duration>
          <className>These are sample RSpec tests</className>
          <testName>These are sample RSpec tests This is test #347</testName>
          <skipped>false</skipped>
          <failedSince>0</failedSince>
        </case>
        <case>
          <duration>2.70679E-4</duration>
          <className>These are sample RSpec tests</className>
          <testName>These are sample RSpec tests This is test #348</testName>
          <skipped>false</skipped>
          <failedSince>0</failedSince>
        </case>
        <case>
          <duration>2.40768E-4</duration>
          <className>These are sample RSpec tests</className>
          <testName>These are sample RSpec tests This is test #349</testName>
          <skipped>false</skipped>
          <failedSince>0</failedSince>
        </case>
        <case>
          <duration>3.77692E-4</duration>
          <className>These are sample RSpec tests</className>
          <testName>These are sample RSpec tests This is test #350</testName>
          <skipped>false</skipped>
          <failedSince>0</failedSince>
        </case>
        <case>
          <duration>3.43192E-4</duration>
          <className>These are sample RSpec tests</className>
          <testName>These are sample RSpec tests This is test #36</testName>
          <skipped>false</skipped>
          <failedSince>0</failedSince>
        </case>
        <case>
          <duration>3.70631E-4</duration>
          <className>These are sample RSpec tests</className>
          <testName>These are sample RSpec tests This is test #351</testName>
          <skipped>false</skipped>
          <failedSince>0</failedSince>
        </case>
        <case>
          <duration>4.02464E-4</duration>
          <className>These are sample RSpec tests</className>
          <testName>These are sample RSpec tests This is test #352</testName>
          <skipped>false</skipped>
          <failedSince>0</failedSince>
        </case>
        <case>
          <duration>3.66437E-4</duration>
          <className>These are sample RSpec tests</className>
          <testName>These are sample RSpec tests This is test #353</testName>
          <skipped>false</skipped>
          <failedSince>0</failedSince>
        </case>
        <case>
          <duration>3.72386E-4</duration>
          <className>These are sample RSpec tests</className>
          <testName>These are sample RSpec tests This is test #354</testName>
          <skipped>false</skipped>
          <failedSince>0</failedSince>
        </case>
        <case>
          <duration>3.75047E-4</duration>
          <className>These are sample RSpec tests</className>
          <testName>These are sample RSpec tests This is test #355</testName>
          <skipped>false</skipped>
          <failedSince>0</failedSince>
        </case>
        <case>
          <duration>3.57134E-4</duration>
          <className>These are sample RSpec tests</className>
          <testName>These are sample RSpec tests This is test #356</testName>
          <skipped>false</skipped>
          <failedSince>0</failedSince>
        </case>
        <case>
          <duration>3.73534E-4</duration>
          <className>These are sample RSpec tests</className>
          <testName>These are sample RSpec tests This is test #357</testName>
          <skipped>false</skipped>
          <failedSince>0</failedSince>
        </case>
        <case>
          <duration>4.0014E-4</duration>
          <className>These are sample RSpec tests</className>
          <testName>These are sample RSpec tests This is test #358</testName>
          <skipped>false</skipped>
          <failedSince>0</failedSince>
        </case>
        <case>
          <duration>3.71329E-4</duration>
          <className>These are sample RSpec tests</className>
          <testName>These are sample RSpec tests This is test #359</testName>
          <skipped>false</skipped>
          <failedSince>0</failedSince>
        </case>
        <case>
          <duration>4.11218E-4</duration>
          <className>These are sample RSpec tests</className>
          <testName>These are sample RSpec tests This is test #360</testName>
          <skipped>false</skipped>
          <failedSince>0</failedSince>
        </case>
        <case>
          <duration>3.69274E-4</duration>
          <className>These are sample RSpec tests</className>
          <testName>These are sample RSpec tests This is test #37</testName>
          <skipped>false</skipped>
          <failedSince>0</failedSince>
        </case>
        <case>
          <duration>3.69872E-4</duration>
          <className>These are sample RSpec tests</className>
          <testName>These are sample RSpec tests This is test #361</testName>
          <skipped>false</skipped>
          <failedSince>0</failedSince>
        </case>
        <case>
          <duration>3.65621E-4</duration>
          <className>These are sample RSpec tests</className>
          <testName>These are sample RSpec tests This is test #362</testName>
          <skipped>false</skipped>
          <failedSince>0</failedSince>
        </case>
        <case>
          <duration>3.58007E-4</duration>
          <className>These are sample RSpec tests</className>
          <testName>These are sample RSpec tests This is test #363</testName>
          <skipped>false</skipped>
          <failedSince>0</failedSince>
        </case>
        <case>
          <duration>2.63153E-4</duration>
          <className>These are sample RSpec tests</className>
          <testName>These are sample RSpec tests This is test #364</testName>
          <skipped>false</skipped>
          <failedSince>0</failedSince>
        </case>
        <case>
          <duration>3.56412E-4</duration>
          <className>These are sample RSpec tests</className>
          <testName>These are sample RSpec tests This is test #365</testName>
          <skipped>false</skipped>
          <failedSince>0</failedSince>
        </case>
        <case>
          <duration>3.80148E-4</duration>
          <className>These are sample RSpec tests</className>
          <testName>These are sample RSpec tests This is test #366</testName>
          <skipped>false</skipped>
          <failedSince>0</failedSince>
        </case>
        <case>
          <duration>3.99226E-4</duration>
          <className>These are sample RSpec tests</className>
          <testName>These are sample RSpec tests This is test #367</testName>
          <skipped>false</skipped>
          <failedSince>0</failedSince>
        </case>
        <case>
          <duration>3.53097E-4</duration>
          <className>These are sample RSpec tests</className>
          <testName>These are sample RSpec tests This is test #368</testName>
          <skipped>false</skipped>
          <failedSince>0</failedSince>
        </case>
        <case>
          <duration>3.7083E-4</duration>
          <className>These are sample RSpec tests</className>
          <testName>These are sample RSpec tests This is test #369</testName>
          <skipped>false</skipped>
          <failedSince>0</failedSince>
        </case>
        <case>
          <duration>2.58685E-4</duration>
          <className>These are sample RSpec tests</className>
          <testName>These are sample RSpec tests This is test #370</testName>
          <skipped>false</skipped>
          <failedSince>0</failedSince>
        </case>
        <case>
          <duration>3.64561E-4</duration>
          <className>These are sample RSpec tests</className>
          <testName>These are sample RSpec tests This is test #38</testName>
          <skipped>false</skipped>
          <failedSince>0</failedSince>
        </case>
        <case>
          <duration>2.78793E-4</duration>
          <className>These are sample RSpec tests</className>
          <testName>These are sample RSpec tests This is test #371</testName>
          <skipped>false</skipped>
          <failedSince>0</failedSince>
        </case>
        <case>
          <duration>3.72635E-4</duration>
          <className>These are sample RSpec tests</className>
          <testName>These are sample RSpec tests This is test #372</testName>
          <skipped>false</skipped>
          <failedSince>0</failedSince>
        </case>
        <case>
          <duration>3.83008E-4</duration>
          <className>These are sample RSpec tests</className>
          <testName>These are sample RSpec tests This is test #373</testName>
          <skipped>false</skipped>
          <failedSince>0</failedSince>
        </case>
        <case>
          <duration>4.3065E-4</duration>
          <className>These are sample RSpec tests</className>
          <testName>These are sample RSpec tests This is test #374</testName>
          <skipped>false</skipped>
          <failedSince>0</failedSince>
        </case>
        <case>
          <duration>4.00698E-4</duration>
          <className>These are sample RSpec tests</className>
          <testName>These are sample RSpec tests This is test #375</testName>
          <skipped>false</skipped>
          <failedSince>0</failedSince>
        </case>
        <case>
          <duration>3.76942E-4</duration>
          <className>These are sample RSpec tests</className>
          <testName>These are sample RSpec tests This is test #376</testName>
          <skipped>false</skipped>
          <failedSince>0</failedSince>
        </case>
        <case>
          <duration>3.61879E-4</duration>
          <className>These are sample RSpec tests</className>
          <testName>These are sample RSpec tests This is test #377</testName>
          <skipped>false</skipped>
          <failedSince>0</failedSince>
        </case>
        <case>
          <duration>3.70203E-4</duration>
          <className>These are sample RSpec tests</className>
          <testName>These are sample RSpec tests This is test #378</testName>
          <skipped>false</skipped>
          <failedSince>0</failedSince>
        </case>
        <case>
          <duration>3.54993E-4</duration>
          <className>These are sample RSpec tests</className>
          <testName>These are sample RSpec tests This is test #379</testName>
          <skipped>false</skipped>
          <failedSince>0</failedSince>
        </case>
        <case>
          <duration>3.62383E-4</duration>
          <className>These are sample RSpec tests</className>
          <testName>These are sample RSpec tests This is test #380</testName>
          <skipped>false</skipped>
          <failedSince>0</failedSince>
        </case>
        <case>
          <duration>2.10105E-4</duration>
          <className>These are sample RSpec tests</className>
          <testName>These are sample RSpec tests This is test #39</testName>
          <skipped>false</skipped>
          <failedSince>0</failedSince>
        </case>
        <case>
          <duration>3.92635E-4</duration>
          <className>These are sample RSpec tests</className>
          <testName>These are sample RSpec tests This is test #381</testName>
          <skipped>false</skipped>
          <failedSince>0</failedSince>
        </case>
        <case>
          <duration>4.66418E-4</duration>
          <className>These are sample RSpec tests</className>
          <testName>These are sample RSpec tests This is test #382</testName>
          <skipped>false</skipped>
          <failedSince>0</failedSince>
        </case>
        <case>
          <duration>4.08399E-4</duration>
          <className>These are sample RSpec tests</className>
          <testName>These are sample RSpec tests This is test #383</testName>
          <skipped>false</skipped>
          <failedSince>0</failedSince>
        </case>
        <case>
          <duration>3.94919E-4</duration>
          <className>These are sample RSpec tests</className>
          <testName>These are sample RSpec tests This is test #384</testName>
          <skipped>false</skipped>
          <failedSince>0</failedSince>
        </case>
        <case>
          <duration>2.4907E-4</duration>
          <className>These are sample RSpec tests</className>
          <testName>These are sample RSpec tests This is test #385</testName>
          <skipped>false</skipped>
          <failedSince>0</failedSince>
        </case>
        <case>
          <duration>2.99772E-4</duration>
          <className>These are sample RSpec tests</className>
          <testName>These are sample RSpec tests This is test #386</testName>
          <skipped>false</skipped>
          <failedSince>0</failedSince>
        </case>
        <case>
          <duration>3.83031E-4</duration>
          <className>These are sample RSpec tests</className>
          <testName>These are sample RSpec tests This is test #387</testName>
          <skipped>false</skipped>
          <failedSince>0</failedSince>
        </case>
        <case>
          <duration>4.42181E-4</duration>
          <className>These are sample RSpec tests</className>
          <testName>These are sample RSpec tests This is test #388</testName>
          <skipped>false</skipped>
          <failedSince>0</failedSince>
        </case>
        <case>
          <duration>3.55384E-4</duration>
          <className>These are sample RSpec tests</className>
          <testName>These are sample RSpec tests This is test #389</testName>
          <skipped>false</skipped>
          <failedSince>0</failedSince>
        </case>
        <case>
          <duration>2.53984E-4</duration>
          <className>These are sample RSpec tests</className>
          <testName>These are sample RSpec tests This is test #390</testName>
          <skipped>false</skipped>
          <failedSince>0</failedSince>
        </case>
        <case>
          <duration>1.71412E-4</duration>
          <className>These are sample RSpec tests</className>
          <testName>These are sample RSpec tests This is test #40</testName>
          <skipped>false</skipped>
          <failedSince>0</failedSince>
        </case>
        <case>
          <duration>3.55643E-4</duration>
          <className>These are sample RSpec tests</className>
          <testName>These are sample RSpec tests This is test #391</testName>
          <skipped>false</skipped>
          <failedSince>0</failedSince>
        </case>
        <case>
          <duration>3.0778E-4</duration>
          <className>These are sample RSpec tests</className>
          <testName>These are sample RSpec tests This is test #392</testName>
          <skipped>false</skipped>
          <failedSince>0</failedSince>
        </case>
        <case>
          <duration>2.51324E-4</duration>
          <className>These are sample RSpec tests</className>
          <testName>These are sample RSpec tests This is test #393</testName>
          <skipped>false</skipped>
          <failedSince>0</failedSince>
        </case>
        <case>
          <duration>3.58137E-4</duration>
          <className>These are sample RSpec tests</className>
          <testName>These are sample RSpec tests This is test #394</testName>
          <skipped>false</skipped>
          <failedSince>0</failedSince>
        </case>
        <case>
          <duration>3.60193E-4</duration>
          <className>These are sample RSpec tests</className>
          <testName>These are sample RSpec tests This is test #395</testName>
          <skipped>false</skipped>
          <failedSince>0</failedSince>
        </case>
        <case>
          <duration>3.47562E-4</duration>
          <className>These are sample RSpec tests</className>
          <testName>These are sample RSpec tests This is test #396</testName>
          <skipped>false</skipped>
          <failedSince>0</failedSince>
        </case>
        <case>
          <duration>4.02164E-4</duration>
          <className>These are sample RSpec tests</className>
          <testName>These are sample RSpec tests This is test #397</testName>
          <skipped>false</skipped>
          <failedSince>0</failedSince>
        </case>
        <case>
          <duration>3.63111E-4</duration>
          <className>These are sample RSpec tests</className>
          <testName>These are sample RSpec tests This is test #398</testName>
          <skipped>false</skipped>
          <failedSince>0</failedSince>
        </case>
        <case>
          <duration>3.5847E-4</duration>
          <className>These are sample RSpec tests</className>
          <testName>These are sample RSpec tests This is test #399</testName>
          <skipped>false</skipped>
          <failedSince>0</failedSince>
        </case>
        <case>
          <duration>2.67456E-4</duration>
          <className>These are sample RSpec tests</className>
          <testName>These are sample RSpec tests This is test #400</testName>
          <skipped>false</skipped>
          <failedSince>0</failedSince>
        </case>
        <case>
          <duration>2.11556E-4</duration>
          <className>These are sample RSpec tests</className>
          <testName>These are sample RSpec tests This is test #41</testName>
          <skipped>false</skipped>
          <failedSince>0</failedSince>
        </case>
        <case>
          <duration>2.40571E-4</duration>
          <className>These are sample RSpec tests</className>
          <testName>These are sample RSpec tests This is test #401</testName>
          <skipped>false</skipped>
          <failedSince>0</failedSince>
        </case>
        <case>
          <duration>4.65272E-4</duration>
          <className>These are sample RSpec tests</className>
          <testName>These are sample RSpec tests This is test #402</testName>
          <skipped>false</skipped>
          <failedSince>0</failedSince>
        </case>
        <case>
          <duration>3.70011E-4</duration>
          <className>These are sample RSpec tests</className>
          <testName>These are sample RSpec tests This is test #403</testName>
          <skipped>false</skipped>
          <failedSince>0</failedSince>
        </case>
        <case>
          <duration>2.79751E-4</duration>
          <className>These are sample RSpec tests</className>
          <testName>These are sample RSpec tests This is test #404</testName>
          <skipped>false</skipped>
          <failedSince>0</failedSince>
        </case>
        <case>
          <duration>3.89077E-4</duration>
          <className>These are sample RSpec tests</className>
          <testName>These are sample RSpec tests This is test #405</testName>
          <skipped>false</skipped>
          <failedSince>0</failedSince>
        </case>
        <case>
          <duration>3.53192E-4</duration>
          <className>These are sample RSpec tests</className>
          <testName>These are sample RSpec tests This is test #406</testName>
          <skipped>false</skipped>
          <failedSince>0</failedSince>
        </case>
        <case>
          <duration>4.52249E-4</duration>
          <className>These are sample RSpec tests</className>
          <testName>These are sample RSpec tests This is test #407</testName>
          <skipped>false</skipped>
          <failedSince>0</failedSince>
        </case>
        <case>
          <duration>2.62463E-4</duration>
          <className>These are sample RSpec tests</className>
          <testName>These are sample RSpec tests This is test #408</testName>
          <skipped>false</skipped>
          <failedSince>0</failedSince>
        </case>
        <case>
          <duration>2.80295E-4</duration>
          <className>These are sample RSpec tests</className>
          <testName>These are sample RSpec tests This is test #409</testName>
          <skipped>false</skipped>
          <failedSince>0</failedSince>
        </case>
        <case>
          <duration>2.48287E-4</duration>
          <className>These are sample RSpec tests</className>
          <testName>These are sample RSpec tests This is test #410</testName>
          <skipped>false</skipped>
          <failedSince>0</failedSince>
        </case>
        <case>
          <duration>2.1406E-4</duration>
          <className>These are sample RSpec tests</className>
          <testName>These are sample RSpec tests This is test #42</testName>
          <skipped>false</skipped>
          <failedSince>0</failedSince>
        </case>
        <case>
          <duration>2.41802E-4</duration>
          <className>These are sample RSpec tests</className>
          <testName>These are sample RSpec tests This is test #411</testName>
          <skipped>false</skipped>
          <failedSince>0</failedSince>
        </case>
        <case>
          <duration>2.40357E-4</duration>
          <className>These are sample RSpec tests</className>
          <testName>These are sample RSpec tests This is test #412</testName>
          <skipped>false</skipped>
          <failedSince>0</failedSince>
        </case>
        <case>
          <duration>3.62336E-4</duration>
          <className>These are sample RSpec tests</className>
          <testName>These are sample RSpec tests This is test #413</testName>
          <skipped>false</skipped>
          <failedSince>0</failedSince>
        </case>
        <case>
          <duration>3.696E-4</duration>
          <className>These are sample RSpec tests</className>
          <testName>These are sample RSpec tests This is test #414</testName>
          <skipped>false</skipped>
          <failedSince>0</failedSince>
        </case>
        <case>
          <duration>2.56176E-4</duration>
          <className>These are sample RSpec tests</className>
          <testName>These are sample RSpec tests This is test #415</testName>
          <skipped>false</skipped>
          <failedSince>0</failedSince>
        </case>
        <case>
          <duration>3.46986E-4</duration>
          <className>These are sample RSpec tests</className>
          <testName>These are sample RSpec tests This is test #416</testName>
          <skipped>false</skipped>
          <failedSince>0</failedSince>
        </case>
        <case>
          <duration>3.70453E-4</duration>
          <className>These are sample RSpec tests</className>
          <testName>These are sample RSpec tests This is test #417</testName>
          <skipped>false</skipped>
          <failedSince>0</failedSince>
        </case>
        <case>
          <duration>3.57254E-4</duration>
          <className>These are sample RSpec tests</className>
          <testName>These are sample RSpec tests This is test #418</testName>
          <skipped>false</skipped>
          <failedSince>0</failedSince>
        </case>
        <case>
          <duration>2.79054E-4</duration>
          <className>These are sample RSpec tests</className>
          <testName>These are sample RSpec tests This is test #419</testName>
          <skipped>false</skipped>
          <failedSince>0</failedSince>
        </case>
        <case>
          <duration>3.34522E-4</duration>
          <className>These are sample RSpec tests</className>
          <testName>These are sample RSpec tests This is test #420</testName>
          <skipped>false</skipped>
          <failedSince>0</failedSince>
        </case>
        <case>
          <duration>2.9497E-4</duration>
          <className>These are sample RSpec tests</className>
          <testName>These are sample RSpec tests This is test #43</testName>
          <skipped>false</skipped>
          <failedSince>0</failedSince>
        </case>
        <case>
          <duration>4.07013E-4</duration>
          <className>These are sample RSpec tests</className>
          <testName>These are sample RSpec tests This is test #421</testName>
          <skipped>false</skipped>
          <failedSince>0</failedSince>
        </case>
        <case>
          <duration>3.45826E-4</duration>
          <className>These are sample RSpec tests</className>
          <testName>These are sample RSpec tests This is test #422</testName>
          <skipped>false</skipped>
          <failedSince>0</failedSince>
        </case>
        <case>
          <duration>2.52068E-4</duration>
          <className>These are sample RSpec tests</className>
          <testName>These are sample RSpec tests This is test #423</testName>
          <skipped>false</skipped>
          <failedSince>0</failedSince>
        </case>
        <case>
          <duration>4.68516E-4</duration>
          <className>These are sample RSpec tests</className>
          <testName>These are sample RSpec tests This is test #424</testName>
          <skipped>false</skipped>
          <failedSince>0</failedSince>
        </case>
        <case>
          <duration>2.77031E-4</duration>
          <className>These are sample RSpec tests</className>
          <testName>These are sample RSpec tests This is test #425</testName>
          <skipped>false</skipped>
          <failedSince>0</failedSince>
        </case>
        <case>
          <duration>2.76874E-4</duration>
          <className>These are sample RSpec tests</className>
          <testName>These are sample RSpec tests This is test #426</testName>
          <skipped>false</skipped>
          <failedSince>0</failedSince>
        </case>
        <case>
          <duration>2.62798E-4</duration>
          <className>These are sample RSpec tests</className>
          <testName>These are sample RSpec tests This is test #427</testName>
          <skipped>false</skipped>
          <failedSince>0</failedSince>
        </case>
        <case>
          <duration>0.024363076</duration>
          <className>These are sample RSpec tests</className>
          <testName>These are sample RSpec tests This is test #428</testName>
          <skipped>false</skipped>
          <failedSince>0</failedSince>
        </case>
        <case>
          <duration>3.69057E-4</duration>
          <className>These are sample RSpec tests</className>
          <testName>These are sample RSpec tests This is test #429</testName>
          <skipped>false</skipped>
          <failedSince>0</failedSince>
        </case>
        <case>
          <duration>3.74873E-4</duration>
          <className>These are sample RSpec tests</className>
          <testName>These are sample RSpec tests This is test #430</testName>
          <skipped>false</skipped>
          <failedSince>0</failedSince>
        </case>
        <case>
          <duration>1.79793E-4</duration>
          <className>These are sample RSpec tests</className>
          <testName>These are sample RSpec tests This is test #44</testName>
          <skipped>false</skipped>
          <failedSince>0</failedSince>
        </case>
        <case>
          <duration>3.69407E-4</duration>
          <className>These are sample RSpec tests</className>
          <testName>These are sample RSpec tests This is test #431</testName>
          <skipped>false</skipped>
          <failedSince>0</failedSince>
        </case>
        <case>
          <duration>4.25571E-4</duration>
          <className>These are sample RSpec tests</className>
          <testName>These are sample RSpec tests This is test #432</testName>
          <skipped>false</skipped>
          <failedSince>0</failedSince>
        </case>
        <case>
          <duration>3.93524E-4</duration>
          <className>These are sample RSpec tests</className>
          <testName>These are sample RSpec tests This is test #433</testName>
          <skipped>false</skipped>
          <failedSince>0</failedSince>
        </case>
        <case>
          <duration>0.052357577</duration>
          <className>These are sample RSpec tests</className>
          <testName>These are sample RSpec tests This is test #434</testName>
          <skipped>false</skipped>
          <failedSince>0</failedSince>
        </case>
        <case>
          <duration>4.54371E-4</duration>
          <className>These are sample RSpec tests</className>
          <testName>These are sample RSpec tests This is test #435</testName>
          <skipped>false</skipped>
          <failedSince>0</failedSince>
        </case>
        <case>
          <duration>3.92997E-4</duration>
          <className>These are sample RSpec tests</className>
          <testName>These are sample RSpec tests This is test #436</testName>
          <skipped>false</skipped>
          <failedSince>0</failedSince>
        </case>
        <case>
          <duration>2.63685E-4</duration>
          <className>These are sample RSpec tests</className>
          <testName>These are sample RSpec tests This is test #437</testName>
          <skipped>false</skipped>
          <failedSince>0</failedSince>
        </case>
        <case>
          <duration>3.3015E-4</duration>
          <className>These are sample RSpec tests</className>
          <testName>These are sample RSpec tests This is test #438</testName>
          <skipped>false</skipped>
          <failedSince>0</failedSince>
        </case>
        <case>
          <duration>2.79028E-4</duration>
          <className>These are sample RSpec tests</className>
          <testName>These are sample RSpec tests This is test #439</testName>
          <skipped>false</skipped>
          <failedSince>0</failedSince>
        </case>
        <case>
          <duration>2.61559E-4</duration>
          <className>These are sample RSpec tests</className>
          <testName>These are sample RSpec tests This is test #440</testName>
          <skipped>false</skipped>
          <failedSince>0</failedSince>
        </case>
        <case>
          <duration>1.84276E-4</duration>
          <className>These are sample RSpec tests</className>
          <testName>These are sample RSpec tests This is test #45</testName>
          <skipped>false</skipped>
          <failedSince>0</failedSince>
        </case>
        <case>
          <duration>2.50643E-4</duration>
          <className>These are sample RSpec tests</className>
          <testName>These are sample RSpec tests This is test #441</testName>
          <skipped>false</skipped>
          <failedSince>0</failedSince>
        </case>
        <case>
          <duration>2.49156E-4</duration>
          <className>These are sample RSpec tests</className>
          <testName>These are sample RSpec tests This is test #442</testName>
          <skipped>false</skipped>
          <failedSince>0</failedSince>
        </case>
        <case>
          <duration>3.74717E-4</duration>
          <className>These are sample RSpec tests</className>
          <testName>These are sample RSpec tests This is test #443</testName>
          <skipped>false</skipped>
          <failedSince>0</failedSince>
        </case>
        <case>
          <duration>3.6669E-4</duration>
          <className>These are sample RSpec tests</className>
          <testName>These are sample RSpec tests This is test #444</testName>
          <skipped>false</skipped>
          <failedSince>0</failedSince>
        </case>
        <case>
          <duration>3.66135E-4</duration>
          <className>These are sample RSpec tests</className>
          <testName>These are sample RSpec tests This is test #445</testName>
          <skipped>false</skipped>
          <failedSince>0</failedSince>
        </case>
        <case>
          <duration>2.54145E-4</duration>
          <className>These are sample RSpec tests</className>
          <testName>These are sample RSpec tests This is test #446</testName>
          <skipped>false</skipped>
          <failedSince>0</failedSince>
        </case>
        <case>
          <duration>2.68016E-4</duration>
          <className>These are sample RSpec tests</className>
          <testName>These are sample RSpec tests This is test #447</testName>
          <skipped>false</skipped>
          <failedSince>0</failedSince>
        </case>
        <case>
          <duration>3.96128E-4</duration>
          <className>These are sample RSpec tests</className>
          <testName>These are sample RSpec tests This is test #448</testName>
          <skipped>false</skipped>
          <failedSince>0</failedSince>
        </case>
        <case>
          <duration>2.60451E-4</duration>
          <className>These are sample RSpec tests</className>
          <testName>These are sample RSpec tests This is test #449</testName>
          <skipped>false</skipped>
          <failedSince>0</failedSince>
        </case>
        <case>
          <duration>3.23434E-4</duration>
          <className>These are sample RSpec tests</className>
          <testName>These are sample RSpec tests This is test #450</testName>
          <skipped>false</skipped>
          <failedSince>0</failedSince>
        </case>
        <case>
          <duration>2.56489E-4</duration>
          <className>These are sample RSpec tests</className>
          <testName>These are sample RSpec tests This is test #46</testName>
          <skipped>false</skipped>
          <failedSince>0</failedSince>
        </case>
        <case>
          <duration>2.83245E-4</duration>
          <className>These are sample RSpec tests</className>
          <testName>These are sample RSpec tests This is test #451</testName>
          <skipped>false</skipped>
          <failedSince>0</failedSince>
        </case>
        <case>
          <duration>3.84898E-4</duration>
          <className>These are sample RSpec tests</className>
          <testName>These are sample RSpec tests This is test #452</testName>
          <skipped>false</skipped>
          <failedSince>0</failedSince>
        </case>
        <case>
          <duration>3.7756E-4</duration>
          <className>These are sample RSpec tests</className>
          <testName>These are sample RSpec tests This is test #453</testName>
          <skipped>false</skipped>
          <failedSince>0</failedSince>
        </case>
        <case>
          <duration>3.68994E-4</duration>
          <className>These are sample RSpec tests</className>
          <testName>These are sample RSpec tests This is test #454</testName>
          <skipped>false</skipped>
          <failedSince>0</failedSince>
        </case>
        <case>
          <duration>3.5899E-4</duration>
          <className>These are sample RSpec tests</className>
          <testName>These are sample RSpec tests This is test #455</testName>
          <skipped>false</skipped>
          <failedSince>0</failedSince>
        </case>
        <case>
          <duration>3.79841E-4</duration>
          <className>These are sample RSpec tests</className>
          <testName>These are sample RSpec tests This is test #456</testName>
          <skipped>false</skipped>
          <failedSince>0</failedSince>
        </case>
        <case>
          <duration>4.00165E-4</duration>
          <className>These are sample RSpec tests</className>
          <testName>These are sample RSpec tests This is test #457</testName>
          <skipped>false</skipped>
          <failedSince>0</failedSince>
        </case>
        <case>
          <duration>3.65438E-4</duration>
          <className>These are sample RSpec tests</className>
          <testName>These are sample RSpec tests This is test #458</testName>
          <skipped>false</skipped>
          <failedSince>0</failedSince>
        </case>
        <case>
          <duration>3.79627E-4</duration>
          <className>These are sample RSpec tests</className>
          <testName>These are sample RSpec tests This is test #459</testName>
          <skipped>false</skipped>
          <failedSince>0</failedSince>
        </case>
        <case>
          <duration>3.65123E-4</duration>
          <className>These are sample RSpec tests</className>
          <testName>These are sample RSpec tests This is test #460</testName>
          <skipped>false</skipped>
          <failedSince>0</failedSince>
        </case>
        <case>
          <duration>1.71484E-4</duration>
          <className>These are sample RSpec tests</className>
          <testName>These are sample RSpec tests This is test #47</testName>
          <skipped>false</skipped>
          <failedSince>0</failedSince>
        </case>
        <case>
          <duration>5.5492E-4</duration>
          <className>These are sample RSpec tests</className>
          <testName>These are sample RSpec tests This is test #461</testName>
          <skipped>false</skipped>
          <failedSince>0</failedSince>
        </case>
        <case>
          <duration>3.82388E-4</duration>
          <className>These are sample RSpec tests</className>
          <testName>These are sample RSpec tests This is test #462</testName>
          <skipped>false</skipped>
          <failedSince>0</failedSince>
        </case>
        <case>
          <duration>6.03427E-4</duration>
          <className>These are sample RSpec tests</className>
          <testName>These are sample RSpec tests This is test #463</testName>
          <skipped>false</skipped>
          <failedSince>0</failedSince>
        </case>
        <case>
          <duration>3.78204E-4</duration>
          <className>These are sample RSpec tests</className>
          <testName>These are sample RSpec tests This is test #464</testName>
          <skipped>false</skipped>
          <failedSince>0</failedSince>
        </case>
        <case>
          <duration>3.05115E-4</duration>
          <className>These are sample RSpec tests</className>
          <testName>These are sample RSpec tests This is test #465</testName>
          <skipped>false</skipped>
          <failedSince>0</failedSince>
        </case>
        <case>
          <duration>3.52013E-4</duration>
          <className>These are sample RSpec tests</className>
          <testName>These are sample RSpec tests This is test #466</testName>
          <skipped>false</skipped>
          <failedSince>0</failedSince>
        </case>
        <case>
          <duration>3.49625E-4</duration>
          <className>These are sample RSpec tests</className>
          <testName>These are sample RSpec tests This is test #467</testName>
          <skipped>false</skipped>
          <failedSince>0</failedSince>
        </case>
        <case>
          <duration>2.52809E-4</duration>
          <className>These are sample RSpec tests</className>
          <testName>These are sample RSpec tests This is test #468</testName>
          <skipped>false</skipped>
          <failedSince>0</failedSince>
        </case>
        <case>
          <duration>2.51116E-4</duration>
          <className>These are sample RSpec tests</className>
          <testName>These are sample RSpec tests This is test #469</testName>
          <skipped>false</skipped>
          <failedSince>0</failedSince>
        </case>
        <case>
          <duration>2.55933E-4</duration>
          <className>These are sample RSpec tests</className>
          <testName>These are sample RSpec tests This is test #470</testName>
          <skipped>false</skipped>
          <failedSince>0</failedSince>
        </case>
        <case>
          <duration>2.09741E-4</duration>
          <className>These are sample RSpec tests</className>
          <testName>These are sample RSpec tests This is test #48</testName>
          <skipped>false</skipped>
          <failedSince>0</failedSince>
        </case>
        <case>
          <duration>5.75997E-4</duration>
          <className>These are sample RSpec tests</className>
          <testName>These are sample RSpec tests This is test #471</testName>
          <skipped>false</skipped>
          <failedSince>0</failedSince>
        </case>
        <case>
          <duration>3.67796E-4</duration>
          <className>These are sample RSpec tests</className>
          <testName>These are sample RSpec tests This is test #472</testName>
          <skipped>false</skipped>
          <failedSince>0</failedSince>
        </case>
        <case>
          <duration>3.73436E-4</duration>
          <className>These are sample RSpec tests</className>
          <testName>These are sample RSpec tests This is test #473</testName>
          <skipped>false</skipped>
          <failedSince>0</failedSince>
        </case>
        <case>
          <duration>3.71606E-4</duration>
          <className>These are sample RSpec tests</className>
          <testName>These are sample RSpec tests This is test #474</testName>
          <skipped>false</skipped>
          <failedSince>0</failedSince>
        </case>
        <case>
          <duration>3.91386E-4</duration>
          <className>These are sample RSpec tests</className>
          <testName>These are sample RSpec tests This is test #475</testName>
          <skipped>false</skipped>
          <failedSince>0</failedSince>
        </case>
        <case>
          <duration>3.94507E-4</duration>
          <className>These are sample RSpec tests</className>
          <testName>These are sample RSpec tests This is test #476</testName>
          <skipped>false</skipped>
          <failedSince>0</failedSince>
        </case>
        <case>
          <duration>3.82106E-4</duration>
          <className>These are sample RSpec tests</className>
          <testName>These are sample RSpec tests This is test #477</testName>
          <skipped>false</skipped>
          <failedSince>0</failedSince>
        </case>
        <case>
          <duration>3.89261E-4</duration>
          <className>These are sample RSpec tests</className>
          <testName>These are sample RSpec tests This is test #478</testName>
          <skipped>false</skipped>
          <failedSince>0</failedSince>
        </case>
        <case>
          <duration>3.98667E-4</duration>
          <className>These are sample RSpec tests</className>
          <testName>These are sample RSpec tests This is test #479</testName>
          <skipped>false</skipped>
          <failedSince>0</failedSince>
        </case>
        <case>
          <duration>3.84447E-4</duration>
          <className>These are sample RSpec tests</className>
          <testName>These are sample RSpec tests This is test #480</testName>
          <skipped>false</skipped>
          <failedSince>0</failedSince>
        </case>
        <case>
          <duration>2.15674E-4</duration>
          <className>These are sample RSpec tests</className>
          <testName>These are sample RSpec tests This is test #49</testName>
          <skipped>false</skipped>
          <failedSince>0</failedSince>
        </case>
        <case>
          <duration>3.99914E-4</duration>
          <className>These are sample RSpec tests</className>
          <testName>These are sample RSpec tests This is test #481</testName>
          <skipped>false</skipped>
          <failedSince>0</failedSince>
        </case>
        <case>
          <duration>3.74627E-4</duration>
          <className>These are sample RSpec tests</className>
          <testName>These are sample RSpec tests This is test #482</testName>
          <skipped>false</skipped>
          <failedSince>0</failedSince>
        </case>
        <case>
          <duration>3.78501E-4</duration>
          <className>These are sample RSpec tests</className>
          <testName>These are sample RSpec tests This is test #483</testName>
          <skipped>false</skipped>
          <failedSince>0</failedSince>
        </case>
        <case>
          <duration>3.91234E-4</duration>
          <className>These are sample RSpec tests</className>
          <testName>These are sample RSpec tests This is test #484</testName>
          <skipped>false</skipped>
          <failedSince>0</failedSince>
        </case>
        <case>
          <duration>3.85023E-4</duration>
          <className>These are sample RSpec tests</className>
          <testName>These are sample RSpec tests This is test #485</testName>
          <skipped>false</skipped>
          <failedSince>0</failedSince>
        </case>
        <case>
          <duration>3.91316E-4</duration>
          <className>These are sample RSpec tests</className>
          <testName>These are sample RSpec tests This is test #486</testName>
          <skipped>false</skipped>
          <failedSince>0</failedSince>
        </case>
        <case>
          <duration>3.93823E-4</duration>
          <className>These are sample RSpec tests</className>
          <testName>These are sample RSpec tests This is test #487</testName>
          <skipped>false</skipped>
          <failedSince>0</failedSince>
        </case>
        <case>
          <duration>3.42367E-4</duration>
          <className>These are sample RSpec tests</className>
          <testName>These are sample RSpec tests This is test #488</testName>
          <skipped>false</skipped>
          <failedSince>0</failedSince>
        </case>
        <case>
          <duration>3.85436E-4</duration>
          <className>These are sample RSpec tests</className>
          <testName>These are sample RSpec tests This is test #489</testName>
          <skipped>false</skipped>
          <failedSince>0</failedSince>
        </case>
        <case>
          <duration>3.94089E-4</duration>
          <className>These are sample RSpec tests</className>
          <testName>These are sample RSpec tests This is test #490</testName>
          <skipped>false</skipped>
          <failedSince>0</failedSince>
        </case>
        <case>
          <duration>3.59982E-4</duration>
          <className>These are sample RSpec tests</className>
          <testName>These are sample RSpec tests This is test #50</testName>
          <skipped>false</skipped>
          <failedSince>0</failedSince>
        </case>
        <case>
          <duration>4.02825E-4</duration>
          <className>These are sample RSpec tests</className>
          <testName>These are sample RSpec tests This is test #491</testName>
          <skipped>false</skipped>
          <failedSince>0</failedSince>
        </case>
        <case>
          <duration>3.63971E-4</duration>
          <className>These are sample RSpec tests</className>
          <testName>These are sample RSpec tests This is test #492</testName>
          <skipped>false</skipped>
          <failedSince>0</failedSince>
        </case>
        <case>
          <duration>3.82196E-4</duration>
          <className>These are sample RSpec tests</className>
          <testName>These are sample RSpec tests This is test #493</testName>
          <skipped>false</skipped>
          <failedSince>0</failedSince>
        </case>
        <case>
          <duration>3.54293E-4</duration>
          <className>These are sample RSpec tests</className>
          <testName>These are sample RSpec tests This is test #494</testName>
          <skipped>false</skipped>
          <failedSince>0</failedSince>
        </case>
        <case>
          <duration>4.40188E-4</duration>
          <className>These are sample RSpec tests</className>
          <testName>These are sample RSpec tests This is test #495</testName>
          <skipped>false</skipped>
          <failedSince>0</failedSince>
        </case>
        <case>
          <duration>4.10222E-4</duration>
          <className>These are sample RSpec tests</className>
          <testName>These are sample RSpec tests This is test #496</testName>
          <skipped>false</skipped>
          <failedSince>0</failedSince>
        </case>
        <case>
          <duration>4.00326E-4</duration>
          <className>These are sample RSpec tests</className>
          <testName>These are sample RSpec tests This is test #497</testName>
          <skipped>false</skipped>
          <failedSince>0</failedSince>
        </case>
        <case>
          <duration>3.51942E-4</duration>
          <className>These are sample RSpec tests</className>
          <testName>These are sample RSpec tests This is test #498</testName>
          <skipped>false</skipped>
          <failedSince>0</failedSince>
        </case>
        <case>
          <duration>3.42185E-4</duration>
          <className>These are sample RSpec tests</className>
          <testName>These are sample RSpec tests This is test #499</testName>
          <skipped>false</skipped>
          <failedSince>0</failedSince>
        </case>
        <case>
          <duration>3.52124E-4</duration>
          <className>These are sample RSpec tests</className>
          <testName>These are sample RSpec tests This is test #500</testName>
          <skipped>false</skipped>
          <failedSince>0</failedSince>
        </case>
        <case>
          <duration>2.44564E-4</duration>
          <className>These are sample RSpec tests</className>
          <testName>These are sample RSpec tests This is test #51</testName>
          <skipped>false</skipped>
          <failedSince>0</failedSince>
        </case>
        <case>
          <duration>1.91491E-4</duration>
          <className>These are sample RSpec tests</className>
          <testName>These are sample RSpec tests This is test #52</testName>
          <skipped>false</skipped>
          <failedSince>0</failedSince>
        </case>
        <case>
          <duration>1.72068E-4</duration>
          <className>These are sample RSpec tests</className>
          <testName>These are sample RSpec tests This is test #53</testName>
          <skipped>false</skipped>
          <failedSince>0</failedSince>
        </case>
        <case>
          <duration>2.48393E-4</duration>
          <className>These are sample RSpec tests</className>
          <testName>These are sample RSpec tests This is test #54</testName>
          <skipped>false</skipped>
          <failedSince>0</failedSince>
        </case>
        <case>
          <duration>1.97113E-4</duration>
          <className>These are sample RSpec tests</className>
          <testName>These are sample RSpec tests This is test #55</testName>
          <skipped>false</skipped>
          <failedSince>0</failedSince>
        </case>
        <case>
          <duration>1.70134E-4</duration>
          <className>These are sample RSpec tests</className>
          <testName>These are sample RSpec tests This is test #56</testName>
          <skipped>false</skipped>
          <failedSince>0</failedSince>
        </case>
        <case>
          <duration>1.77575E-4</duration>
          <className>These are sample RSpec tests</className>
          <testName>These are sample RSpec tests This is test #57</testName>
          <skipped>false</skipped>
          <failedSince>0</failedSince>
        </case>
        <case>
          <duration>2.24571E-4</duration>
          <className>These are sample RSpec tests</className>
          <testName>These are sample RSpec tests This is test #58</testName>
          <skipped>false</skipped>
          <failedSince>0</failedSince>
        </case>
        <case>
          <duration>2.75698E-4</duration>
          <className>These are sample RSpec tests</className>
          <testName>These are sample RSpec tests This is test #59</testName>
          <skipped>false</skipped>
          <failedSince>0</failedSince>
        </case>
        <case>
          <duration>3.01945E-4</duration>
          <className>These are sample RSpec tests</className>
          <testName>These are sample RSpec tests This is test #60</testName>
          <skipped>false</skipped>
          <failedSince>0</failedSince>
        </case>
        <case>
          <duration>2.59086E-4</duration>
          <className>These are sample RSpec tests</className>
          <testName>These are sample RSpec tests This is test #61</testName>
          <skipped>false</skipped>
          <failedSince>0</failedSince>
        </case>
        <case>
          <duration>1.85906E-4</duration>
          <className>These are sample RSpec tests</className>
          <testName>These are sample RSpec tests This is test #62</testName>
          <skipped>false</skipped>
          <failedSince>0</failedSince>
        </case>
        <case>
          <duration>1.81809E-4</duration>
          <className>These are sample RSpec tests</className>
          <testName>These are sample RSpec tests This is test #63</testName>
          <skipped>false</skipped>
          <failedSince>0</failedSince>
        </case>
        <case>
          <duration>2.22E-4</duration>
          <className>These are sample RSpec tests</className>
          <testName>These are sample RSpec tests This is test #64</testName>
          <skipped>false</skipped>
          <failedSince>0</failedSince>
        </case>
        <case>
          <duration>1.64556E-4</duration>
          <className>These are sample RSpec tests</className>
          <testName>These are sample RSpec tests This is test #65</testName>
          <skipped>false</skipped>
          <failedSince>0</failedSince>
        </case>
        <case>
          <duration>1.72593E-4</duration>
          <className>These are sample RSpec tests</className>
          <testName>These are sample RSpec tests This is test #66</testName>
          <skipped>false</skipped>
          <failedSince>0</failedSince>
        </case>
        <case>
          <duration>1.95259E-4</duration>
          <className>These are sample RSpec tests</className>
          <testName>These are sample RSpec tests This is test #67</testName>
          <skipped>false</skipped>
          <failedSince>0</failedSince>
        </case>
        <case>
          <duration>1.86247E-4</duration>
          <className>These are sample RSpec tests</className>
          <testName>These are sample RSpec tests This is test #68</testName>
          <skipped>false</skipped>
          <failedSince>0</failedSince>
        </case>
        <case>
          <duration>2.02958E-4</duration>
          <className>These are sample RSpec tests</className>
          <testName>These are sample RSpec tests This is test #69</testName>
          <skipped>false</skipped>
          <failedSince>0</failedSince>
        </case>
        <case>
          <duration>2.80379E-4</duration>
          <className>These are sample RSpec tests</className>
          <testName>These are sample RSpec tests This is test #70</testName>
          <skipped>false</skipped>
          <failedSince>0</failedSince>
        </case>
        <case>
          <duration>2.91862E-4</duration>
          <className>These are sample RSpec tests</className>
          <testName>These are sample RSpec tests This is test #71</testName>
          <skipped>false</skipped>
          <failedSince>0</failedSince>
        </case>
        <case>
          <duration>1.91571E-4</duration>
          <className>These are sample RSpec tests</className>
          <testName>These are sample RSpec tests This is test #72</testName>
          <skipped>false</skipped>
          <failedSince>0</failedSince>
        </case>
        <case>
          <duration>1.77612E-4</duration>
          <className>These are sample RSpec tests</className>
          <testName>These are sample RSpec tests This is test #73</testName>
          <skipped>false</skipped>
          <failedSince>0</failedSince>
        </case>
        <case>
          <duration>1.84679E-4</duration>
          <className>These are sample RSpec tests</className>
          <testName>These are sample RSpec tests This is test #74</testName>
          <skipped>false</skipped>
          <failedSince>0</failedSince>
        </case>
        <case>
          <duration>1.69393E-4</duration>
          <className>These are sample RSpec tests</className>
          <testName>These are sample RSpec tests This is test #75</testName>
          <skipped>false</skipped>
          <failedSince>0</failedSince>
        </case>
        <case>
          <duration>2.10462E-4</duration>
          <className>These are sample RSpec tests</className>
          <testName>These are sample RSpec tests This is test #76</testName>
          <skipped>false</skipped>
          <failedSince>0</failedSince>
        </case>
        <case>
          <duration>2.27006E-4</duration>
          <className>These are sample RSpec tests</className>
          <testName>These are sample RSpec tests This is test #77</testName>
          <skipped>false</skipped>
          <failedSince>0</failedSince>
        </case>
        <case>
          <duration>1.78655E-4</duration>
          <className>These are sample RSpec tests</className>
          <testName>These are sample RSpec tests This is test #78</testName>
          <skipped>false</skipped>
          <failedSince>0</failedSince>
        </case>
        <case>
          <duration>1.66284E-4</duration>
          <className>These are sample RSpec tests</className>
          <testName>These are sample RSpec tests This is test #79</testName>
          <skipped>false</skipped>
          <failedSince>0</failedSince>
        </case>
        <case>
          <duration>1.79522E-4</duration>
          <className>These are sample RSpec tests</className>
          <testName>These are sample RSpec tests This is test #80</testName>
          <skipped>false</skipped>
          <failedSince>0</failedSince>
        </case>
        <case>
          <duration>2.36877E-4</duration>
          <className>These are sample RSpec tests</className>
          <testName>These are sample RSpec tests This is test #81</testName>
          <skipped>false</skipped>
          <failedSince>0</failedSince>
        </case>
        <case>
          <duration>1.66605E-4</duration>
          <className>These are sample RSpec tests</className>
          <testName>These are sample RSpec tests This is test #82</testName>
          <skipped>false</skipped>
          <failedSince>0</failedSince>
        </case>
        <case>
          <duration>2.95582E-4</duration>
          <className>These are sample RSpec tests</className>
          <testName>These are sample RSpec tests This is test #83</testName>
          <skipped>false</skipped>
          <failedSince>0</failedSince>
        </case>
        <case>
          <duration>2.83642E-4</duration>
          <className>These are sample RSpec tests</className>
          <testName>These are sample RSpec tests This is test #84</testName>
          <skipped>false</skipped>
          <failedSince>0</failedSince>
        </case>
        <case>
          <duration>2.40982E-4</duration>
          <className>These are sample RSpec tests</className>
          <testName>These are sample RSpec tests This is test #85</testName>
          <skipped>false</skipped>
          <failedSince>0</failedSince>
        </case>
        <case>
          <duration>2.14142E-4</duration>
          <className>These are sample RSpec tests</className>
          <testName>These are sample RSpec tests This is test #86</testName>
          <skipped>false</skipped>
          <failedSince>0</failedSince>
        </case>
        <case>
          <duration>2.22559E-4</duration>
          <className>These are sample RSpec tests</className>
          <testName>These are sample RSpec tests This is test #87</testName>
          <skipped>false</skipped>
          <failedSince>0</failedSince>
        </case>
        <case>
          <duration>2.39421E-4</duration>
          <className>These are sample RSpec tests</className>
          <testName>These are sample RSpec tests This is test #88</testName>
          <skipped>false</skipped>
          <failedSince>0</failedSince>
        </case>
        <case>
          <duration>2.20565E-4</duration>
          <className>These are sample RSpec tests</className>
          <testName>These are sample RSpec tests This is test #89</testName>
          <skipped>false</skipped>
          <failedSince>0</failedSince>
        </case>
        <case>
          <duration>2.13958E-4</duration>
          <className>These are sample RSpec tests</className>
          <testName>These are sample RSpec tests This is test #90</testName>
          <skipped>false</skipped>
          <failedSince>0</failedSince>
        </case>
        <case>
          <duration>2.43441E-4</duration>
          <className>These are sample RSpec tests</className>
          <testName>These are sample RSpec tests This is test #91</testName>
          <skipped>false</skipped>
          <failedSince>0</failedSince>
        </case>
        <case>
          <duration>3.54391E-4</duration>
          <className>These are sample RSpec tests</className>
          <testName>These are sample RSpec tests This is test #92</testName>
          <skipped>false</skipped>
          <failedSince>0</failedSince>
        </case>
        <case>
          <duration>2.58167E-4</duration>
          <className>These are sample RSpec tests</className>
          <testName>These are sample RSpec tests This is test #93</testName>
          <skipped>false</skipped>
          <failedSince>0</failedSince>
        </case>
        <case>
          <duration>3.06925E-4</duration>
          <className>These are sample RSpec tests</className>
          <testName>These are sample RSpec tests This is test #94</testName>
          <skipped>false</skipped>
          <failedSince>0</failedSince>
        </case>
        <case>
          <duration>2.45562E-4</duration>
          <className>These are sample RSpec tests</className>
          <testName>These are sample RSpec tests This is test #95</testName>
          <skipped>false</skipped>
          <failedSince>0</failedSince>
        </case>
        <case>
          <duration>2.65847E-4</duration>
          <className>These are sample RSpec tests</className>
          <testName>These are sample RSpec tests This is test #96</testName>
          <skipped>false</skipped>
          <failedSince>0</failedSince>
        </case>
        <case>
          <duration>2.46494E-4</duration>
          <className>These are sample RSpec tests</className>
          <testName>These are sample RSpec tests This is test #97</testName>
          <skipped>false</skipped>
          <failedSince>0</failedSince>
        </case>
        <case>
          <duration>2.58613E-4</duration>
          <className>These are sample RSpec tests</className>
          <testName>These are sample RSpec tests This is test #98</testName>
          <skipped>false</skipped>
          <failedSince>0</failedSince>
        </case>
        <case>
          <duration>2.45229E-4</duration>
          <className>These are sample RSpec tests</className>
          <testName>These are sample RSpec tests This is test #99</testName>
          <skipped>false</skipped>
          <failedSince>0</failedSince>
        </case>
        <case>
          <duration>1.83798E-4</duration>
          <className>These are sample RSpec tests</className>
          <testName>These are sample RSpec tests This is test #100</testName>
          <skipped>false</skipped>
          <failedSince>0</failedSince>
        </case>
      </cases>
    </suite>
  </suites>
  <duration>0.5840781</duration>
  <keepLongStdio>false</keepLongStdio>
</result>